Linux 4.15.0-96-generic (team25-hw6) 	04/26/20 	_x86_64_	(48 CPU)

# Time        UID       PID    %usr %system  %guest   %wait    %CPU   CPU  minflt/s  majflt/s     VSZ     RSS   %MEM   kB_rd/s   kB_wr/s kB_ccwr/s iodelay  Command
05:36:23    64055     27237    0.00    1.00  100.00    0.00    4.94    25   3462.00      0.00 13684444 8436188   4.29      0.00      0.00      0.00       0  qemu-system-x86

# Time        UID       PID    %usr %system  %guest   %wait    %CPU   CPU  minflt/s  majflt/s     VSZ     RSS   %MEM   kB_rd/s   kB_wr/s kB_ccwr/s iodelay  Command
05:36:24    64055     27237    0.00   17.00   48.00    0.00    1.31    32   1481.00      0.00 13684444 8436188   4.29      0.00      8.00      0.00       0  qemu-system-x86

# Time        UID       PID    %usr %system  %guest   %wait    %CPU   CPU  minflt/s  majflt/s     VSZ     RSS   %MEM   kB_rd/s   kB_wr/s kB_ccwr/s iodelay  Command
05:36:25    64055     27237    1.00   14.00   28.00    0.00    0.90    32   1831.00      0.00 13684444 8436188   4.29      0.00      4.00      0.00       0  qemu-system-x86

# Time        UID       PID    %usr %system  %guest   %wait    %CPU   CPU  minflt/s  majflt/s     VSZ     RSS   %MEM   kB_rd/s   kB_wr/s kB_ccwr/s iodelay  Command
05:36:26    64055     27237   10.00  100.00  100.00    0.00    7.49    32 112179.00      0.00 13684444 8436188   4.29      0.00    136.00      0.00       0  qemu-system-x86

# Time        UID       PID    %usr %system  %guest   %wait    %CPU   CPU  minflt/s  majflt/s     VSZ     RSS   %MEM   kB_rd/s   kB_wr/s kB_ccwr/s iodelay  Command
05:36:27    64055     27237   12.00  100.00  100.00    0.00    6.62    34  92301.00      0.00 13741816 8436260   4.29      0.00 131820.00      0.00       0  qemu-system-x86

# Time        UID       PID    %usr %system  %guest   %wait    %CPU   CPU  minflt/s  majflt/s     VSZ     RSS   %MEM   kB_rd/s   kB_wr/s kB_ccwr/s iodelay  Command
05:36:28    64055     27237    5.00  100.00  100.00    0.00    8.04    15  88562.00      0.00 13750012 8436260   4.29      0.00 217316.00      0.00       0  qemu-system-x86

# Time        UID       PID    %usr %system  %guest   %wait    %CPU   CPU  minflt/s  majflt/s     VSZ     RSS   %MEM   kB_rd/s   kB_wr/s kB_ccwr/s iodelay  Command
05:36:29    64055     27237   15.00  100.00  100.00    0.00    6.57    10  54942.00      0.00 13750012 8436260   4.29      0.00 179552.00      0.00       0  qemu-system-x86

# Time        UID       PID    %usr %system  %guest   %wait    %CPU   CPU  minflt/s  majflt/s     VSZ     RSS   %MEM   kB_rd/s   kB_wr/s kB_ccwr/s iodelay  Command
05:36:30    64055     27237    2.00   17.00   74.00    0.00    1.94    10   4798.00      0.00 13750012 8436260   4.29      0.00     40.00      0.00       0  qemu-system-x86

# Time        UID       PID    %usr %system  %guest   %wait    %CPU   CPU  minflt/s  majflt/s     VSZ     RSS   %MEM   kB_rd/s   kB_wr/s kB_ccwr/s iodelay  Command
05:36:31    64055     27237    3.00    5.00  100.00    0.00    5.01    10   2916.00      0.00 13750012 8436260   4.29      0.00      0.00      0.00       0  qemu-system-x86

# Time        UID       PID    %usr %system  %guest   %wait    %CPU   CPU  minflt/s  majflt/s     VSZ     RSS   %MEM   kB_rd/s   kB_wr/s kB_ccwr/s iodelay  Command
05:36:32    64055     27237    0.00    5.00  100.00    0.00    4.90    27   4168.00      0.00 13750012 8436260   4.29      0.00    184.00      0.00       0  qemu-system-x86

# Time        UID       PID    %usr %system  %guest   %wait    %CPU   CPU  minflt/s  majflt/s     VSZ     RSS   %MEM   kB_rd/s   kB_wr/s kB_ccwr/s iodelay  Command
05:36:33    64055     27237    0.00  100.00  100.00    0.00    5.56     8  27468.00      0.00 13807384 8436292   4.29      0.00 197732.00      0.00       0  qemu-system-x86

# Time        UID       PID    %usr %system  %guest   %wait    %CPU   CPU  minflt/s  majflt/s     VSZ     RSS   %MEM   kB_rd/s   kB_wr/s kB_ccwr/s iodelay  Command
05:36:34    64055     27237    4.00  100.00   95.00    0.00    5.70     1  23356.00      0.00 13807384 8436292   4.29      0.00 348148.00      0.00       0  qemu-system-x86

# Time        UID       PID    %usr %system  %guest   %wait    %CPU   CPU  minflt/s  majflt/s     VSZ     RSS   %MEM   kB_rd/s   kB_wr/s kB_ccwr/s iodelay  Command
05:36:35    64055     27237    3.00   19.00   14.00    0.00    0.75     1    196.00      0.00 13807384 8436292   4.29      0.00  21172.00      0.00       0  qemu-system-x86

# Time        UID       PID    %usr %system  %guest   %wait    %CPU   CPU  minflt/s  majflt/s     VSZ     RSS   %MEM   kB_rd/s   kB_wr/s kB_ccwr/s iodelay  Command
05:36:36    64055     27237    0.00   34.00  100.00    0.00    4.57    47   3445.00      0.00 13807384 8436292   4.29      0.00     20.00      0.00       0  qemu-system-x86

# Time        UID       PID    %usr %system  %guest   %wait    %CPU   CPU  minflt/s  majflt/s     VSZ     RSS   %MEM   kB_rd/s   kB_wr/s kB_ccwr/s iodelay  Command
05:36:37    64055     27237    2.00   14.00  100.00    0.00    3.73    22   4081.00      0.00 13807384 8436292   4.29      0.00    448.00      0.00       0  qemu-system-x86

# Time        UID       PID    %usr %system  %guest   %wait    %CPU   CPU  minflt/s  majflt/s     VSZ     RSS   %MEM   kB_rd/s   kB_wr/s kB_ccwr/s iodelay  Command
05:36:38    64055     27237    3.00   11.00   96.00    0.00    2.30    22  12716.00      0.00 13807384 8436292   4.29      0.00      0.00      0.00       0  qemu-system-x86

# Time        UID       PID    %usr %system  %guest   %wait    %CPU   CPU  minflt/s  majflt/s     VSZ     RSS   %MEM   kB_rd/s   kB_wr/s kB_ccwr/s iodelay  Command
05:36:39    64055     27237    1.00   34.00  100.00    0.00    3.19    22   5991.00      0.00 13807384 8436292   4.29      0.00 126236.00      0.00       0  qemu-system-x86

# Time        UID       PID    %usr %system  %guest   %wait    %CPU   CPU  minflt/s  majflt/s     VSZ     RSS   %MEM   kB_rd/s   kB_wr/s kB_ccwr/s iodelay  Command
05:36:40    64055     27237    3.00   42.00  100.00    0.00    4.80    41   7122.00      0.00 13807384 8436292   4.29      0.00 131688.00      0.00       0  qemu-system-x86

# Time        UID       PID    %usr %system  %guest   %wait    %CPU   CPU  minflt/s  majflt/s     VSZ     RSS   %MEM   kB_rd/s   kB_wr/s kB_ccwr/s iodelay  Command
05:36:41    64055     27237    1.00    3.00  100.00    0.00    5.55    41   1737.00      0.00 13807384 8436292   4.29      0.00      0.00      0.00       0  qemu-system-x86

# Time        UID       PID    %usr %system  %guest   %wait    %CPU   CPU  minflt/s  majflt/s     VSZ     RSS   %MEM   kB_rd/s   kB_wr/s kB_ccwr/s iodelay  Command
05:36:42    64055     27237    0.00   13.00  100.00    0.00    4.80    41   1520.00      0.00 13807384 8436292   4.29      0.00    316.00      0.00       0  qemu-system-x86

# Time        UID       PID    %usr %system  %guest   %wait    %CPU   CPU  minflt/s  majflt/s     VSZ     RSS   %MEM   kB_rd/s   kB_wr/s kB_ccwr/s iodelay  Command
05:36:43    64055     27237    3.00    3.00  100.00    0.00    3.82    41   4231.00      0.00 13807384 8436292   4.29      0.00      0.00      0.00       0  qemu-system-x86

# Time        UID       PID    %usr %system  %guest   %wait    %CPU   CPU  minflt/s  majflt/s     VSZ     RSS   %MEM   kB_rd/s   kB_wr/s kB_ccwr/s iodelay  Command
05:36:44    64055     27237    0.00    8.00  100.00    0.00    2.61    41   4925.00      0.00 13807384 8436292   4.29      0.00      0.00      0.00       0  qemu-system-x86

# Time        UID       PID    %usr %system  %guest   %wait    %CPU   CPU  minflt/s  majflt/s     VSZ     RSS   %MEM   kB_rd/s   kB_wr/s kB_ccwr/s iodelay  Command
05:36:45    64055     27237    0.00  100.00  100.00    0.00    7.92    22    665.00      0.00 13840168 8436292   4.29      0.00 344520.00      0.00       0  qemu-system-x86

# Time        UID       PID    %usr %system  %guest   %wait    %CPU   CPU  minflt/s  majflt/s     VSZ     RSS   %MEM   kB_rd/s   kB_wr/s kB_ccwr/s iodelay  Command
05:36:46    64055     27237    1.00    3.00  100.00    0.00    4.42    22    435.00      0.00 13840168 8436292   4.29      0.00      0.00      0.00       0  qemu-system-x86

# Time        UID       PID    %usr %system  %guest   %wait    %CPU   CPU  minflt/s  majflt/s     VSZ     RSS   %MEM   kB_rd/s   kB_wr/s kB_ccwr/s iodelay  Command
05:36:47    64055     27237    0.00    9.00   71.00    0.00    1.61    22   1915.00      0.00 13840168 8436292   4.29      0.00    228.00      0.00       0  qemu-system-x86

# Time        UID       PID    %usr %system  %guest   %wait    %CPU   CPU  minflt/s  majflt/s     VSZ     RSS   %MEM   kB_rd/s   kB_wr/s kB_ccwr/s iodelay  Command
05:36:48    64055     27237    1.00    7.00    9.00    0.00    0.35    22     85.00      0.00 13840168 8436292   4.29      0.00      4.00      0.00       0  qemu-system-x86

# Time        UID       PID    %usr %system  %guest   %wait    %CPU   CPU  minflt/s  majflt/s     VSZ     RSS   %MEM   kB_rd/s   kB_wr/s kB_ccwr/s iodelay  Command
05:36:49    64055     27237    1.00    4.00    8.00    0.00    0.27    22    173.00      0.00 13840168 8436292   4.29      0.00      0.00      0.00       0  qemu-system-x86

# Time        UID       PID    %usr %system  %guest   %wait    %CPU   CPU  minflt/s  majflt/s     VSZ     RSS   %MEM   kB_rd/s   kB_wr/s kB_ccwr/s iodelay  Command
05:36:50    64055     27237    0.00    3.00    8.00    0.00    0.23    22   1488.00      0.00 13840168 8436292   4.29      0.00      0.00      0.00       0  qemu-system-x86

# Time        UID       PID    %usr %system  %guest   %wait    %CPU   CPU  minflt/s  majflt/s     VSZ     RSS   %MEM   kB_rd/s   kB_wr/s kB_ccwr/s iodelay  Command
05:36:51    64055     27237    1.00    2.00    8.00    0.00    0.23    22     53.00      0.00 13840168 8436292   4.29      0.00      0.00      0.00       0  qemu-system-x86

# Time        UID       PID    %usr %system  %guest   %wait    %CPU   CPU  minflt/s  majflt/s     VSZ     RSS   %MEM   kB_rd/s   kB_wr/s kB_ccwr/s iodelay  Command
05:36:52    64055     27237    2.00    1.00    8.00    0.00    0.23    22    110.00      0.00 13840168 8436292   4.29      0.00      0.00      0.00       0  qemu-system-x86

# Time        UID       PID    %usr %system  %guest   %wait    %CPU   CPU  minflt/s  majflt/s     VSZ     RSS   %MEM   kB_rd/s   kB_wr/s kB_ccwr/s iodelay  Command
05:36:53    64055     27237    1.00    2.00    8.00    0.00    0.23     7    953.00      0.00 13840168 8436292   4.29      0.00     12.00      0.00       0  qemu-system-x86

# Time        UID       PID    %usr %system  %guest   %wait    %CPU   CPU  minflt/s  majflt/s     VSZ     RSS   %MEM   kB_rd/s   kB_wr/s kB_ccwr/s iodelay  Command
05:36:54    64055     27237    0.00    1.00    8.00    0.00    0.19     7     51.00      0.00 13840168 8436292   4.29      0.00      0.00      0.00       0  qemu-system-x86

# Time        UID       PID    %usr %system  %guest   %wait    %CPU   CPU  minflt/s  majflt/s     VSZ     RSS   %MEM   kB_rd/s   kB_wr/s kB_ccwr/s iodelay  Command
05:36:55    64055     27237    1.00    3.00    8.00    0.00    0.25     7    143.00      0.00 13717228 8436204   4.29      0.00      0.00      0.00       0  qemu-system-x86

# Time        UID       PID    %usr %system  %guest   %wait    %CPU   CPU  minflt/s  majflt/s     VSZ     RSS   %MEM   kB_rd/s   kB_wr/s kB_ccwr/s iodelay  Command
05:36:56    64055     27237    1.00    3.00    7.00    0.00    0.23     7    862.00      0.00 13717228 8436204   4.29      0.00      0.00      0.00       0  qemu-system-x86

# Time        UID       PID    %usr %system  %guest   %wait    %CPU   CPU  minflt/s  majflt/s     VSZ     RSS   %MEM   kB_rd/s   kB_wr/s kB_ccwr/s iodelay  Command
05:36:57    64055     27237    0.00    1.00    9.00    0.00    0.21     7     57.00      0.00 13709032 8436192   4.29      0.00      0.00      0.00       0  qemu-system-x86

# Time        UID       PID    %usr %system  %guest   %wait    %CPU   CPU  minflt/s  majflt/s     VSZ     RSS   %MEM   kB_rd/s   kB_wr/s kB_ccwr/s iodelay  Command
05:36:58    64055     27237    0.00    3.00   20.00    0.00    0.48     7    364.00      0.00 13700836 8436180   4.29      0.00     12.00      0.00       0  qemu-system-x86

# Time        UID       PID    %usr %system  %guest   %wait    %CPU   CPU  minflt/s  majflt/s     VSZ     RSS   %MEM   kB_rd/s   kB_wr/s kB_ccwr/s iodelay  Command
05:36:59    64055     27237    2.00    2.00    6.00    0.00    0.21     7    808.00      0.00 13700836 8436180   4.29      0.00      0.00      0.00       0  qemu-system-x86

# Time        UID       PID    %usr %system  %guest   %wait    %CPU   CPU  minflt/s  majflt/s     VSZ     RSS   %MEM   kB_rd/s   kB_wr/s kB_ccwr/s iodelay  Command
05:37:00    64055     27237    0.00    1.00   11.00    0.00    0.23     7     47.00      0.00 13700836 8436180   4.29      0.00      0.00      0.00       0  qemu-system-x86

# Time        UID       PID    %usr %system  %guest   %wait    %CPU   CPU  minflt/s  majflt/s     VSZ     RSS   %MEM   kB_rd/s   kB_wr/s kB_ccwr/s iodelay  Command
05:37:01    64055     27237    2.00    2.00    7.00    0.00    0.23     7    186.00      0.00 13700836 8436180   4.29      0.00      0.00      0.00       0  qemu-system-x86

# Time        UID       PID    %usr %system  %guest   %wait    %CPU   CPU  minflt/s  majflt/s     VSZ     RSS   %MEM   kB_rd/s   kB_wr/s kB_ccwr/s iodelay  Command
05:37:02    64055     27237    0.00    5.00    6.00    0.00    0.23     7   1183.00      0.00 13700836 8436180   4.29      0.00      0.00      0.00       0  qemu-system-x86

# Time        UID       PID    %usr %system  %guest   %wait    %CPU   CPU  minflt/s  majflt/s     VSZ     RSS   %MEM   kB_rd/s   kB_wr/s kB_ccwr/s iodelay  Command
05:37:03    64055     27237    1.00    4.00    7.00    0.00    0.25    40    561.00      0.00 13700836 8436180   4.29      0.00     12.00      0.00       0  qemu-system-x86

# Time        UID       PID    %usr %system  %guest   %wait    %CPU   CPU  minflt/s  majflt/s     VSZ     RSS   %MEM   kB_rd/s   kB_wr/s kB_ccwr/s iodelay  Command
05:37:04    64055     27237    0.00    2.00   36.00    0.00    0.73    40    593.00      0.00 13700836 8436180   4.29      0.00      0.00      0.00       0  qemu-system-x86

# Time        UID       PID    %usr %system  %guest   %wait    %CPU   CPU  minflt/s  majflt/s     VSZ     RSS   %MEM   kB_rd/s   kB_wr/s kB_ccwr/s iodelay  Command
05:37:05    64055     27237    2.00    3.00    6.00    0.00    0.23    40    862.00      0.00 13700836 8436180   4.29      0.00      0.00      0.00       0  qemu-system-x86

# Time        UID       PID    %usr %system  %guest   %wait    %CPU   CPU  minflt/s  majflt/s     VSZ     RSS   %MEM   kB_rd/s   kB_wr/s kB_ccwr/s iodelay  Command
05:37:06    64055     27237    2.00    5.00    9.00    0.00    0.33    40    932.00      0.00 13700836 8436180   4.29      0.00      0.00      0.00       0  qemu-system-x86

# Time        UID       PID    %usr %system  %guest   %wait    %CPU   CPU  minflt/s  majflt/s     VSZ     RSS   %MEM   kB_rd/s   kB_wr/s kB_ccwr/s iodelay  Command
05:37:07    64055     27237    1.00    2.00    7.00    0.00    0.21    40    838.00      0.00 13700836 8436180   4.29      0.00      0.00      0.00       0  qemu-system-x86

# Time        UID       PID    %usr %system  %guest   %wait    %CPU   CPU  minflt/s  majflt/s     VSZ     RSS   %MEM   kB_rd/s   kB_wr/s kB_ccwr/s iodelay  Command
05:37:08    64055     27237    0.00    2.00   12.00    0.00    0.27    40   1192.00      0.00 13684444 8436160   4.29      0.00     16.00      0.00       0  qemu-system-x86

# Time        UID       PID    %usr %system  %guest   %wait    %CPU   CPU  minflt/s  majflt/s     VSZ     RSS   %MEM   kB_rd/s   kB_wr/s kB_ccwr/s iodelay  Command
05:37:09    64055     27237    1.00    3.00   14.00    0.00    0.38    40   4279.00      0.00 13684444 8436160   4.29      0.00      0.00      0.00       0  qemu-system-x86

# Time        UID       PID    %usr %system  %guest   %wait    %CPU   CPU  minflt/s  majflt/s     VSZ     RSS   %MEM   kB_rd/s   kB_wr/s kB_ccwr/s iodelay  Command
05:37:10    64055     27237    2.00    3.00    6.00    0.00    0.23    40    365.00      0.00 13684444 8436160   4.29      0.00      0.00      0.00       0  qemu-system-x86

# Time        UID       PID    %usr %system  %guest   %wait    %CPU   CPU  minflt/s  majflt/s     VSZ     RSS   %MEM   kB_rd/s   kB_wr/s kB_ccwr/s iodelay  Command
05:37:11    64055     27237    1.00    5.00    9.00    0.00    0.31    40   1299.00      0.00 13684444 8436160   4.29      0.00   1524.00      0.00       0  qemu-system-x86

# Time        UID       PID    %usr %system  %guest   %wait    %CPU   CPU  minflt/s  majflt/s     VSZ     RSS   %MEM   kB_rd/s   kB_wr/s kB_ccwr/s iodelay  Command
05:37:12    64055     27237    1.00    3.00   64.00    0.00    1.42    40   4253.00      0.00 13684444 8436160   4.29      0.00      0.00      0.00       0  qemu-system-x86

# Time        UID       PID    %usr %system  %guest   %wait    %CPU   CPU  minflt/s  majflt/s     VSZ     RSS   %MEM   kB_rd/s   kB_wr/s kB_ccwr/s iodelay  Command
05:37:13    64055     27237    0.00    3.00  100.00    0.00    5.90    40   5002.00      0.00 13684444 8436160   4.29      0.00     96.00      0.00       0  qemu-system-x86

# Time        UID       PID    %usr %system  %guest   %wait    %CPU   CPU  minflt/s  majflt/s     VSZ     RSS   %MEM   kB_rd/s   kB_wr/s kB_ccwr/s iodelay  Command
05:37:14    64055     27237    2.00   12.00  100.00    0.00    5.57    40   6374.00      0.00 13684444 8436160   4.29      0.00      0.00      0.00       0  qemu-system-x86

# Time        UID       PID    %usr %system  %guest   %wait    %CPU   CPU  minflt/s  majflt/s     VSZ     RSS   %MEM   kB_rd/s   kB_wr/s kB_ccwr/s iodelay  Command
05:37:15    64055     27237    2.00    8.00  100.00    0.00    4.05    40  12421.00      0.00 13684444 8436160   4.29      0.00      0.00      0.00       0  qemu-system-x86

# Time        UID       PID    %usr %system  %guest   %wait    %CPU   CPU  minflt/s  majflt/s     VSZ     RSS   %MEM   kB_rd/s   kB_wr/s kB_ccwr/s iodelay  Command
05:37:16    64055     27237    0.00   11.00  100.00    0.00    3.11    40  11551.00      0.00 13709032 8436160   4.29      0.00    520.00      0.00       0  qemu-system-x86

# Time        UID       PID    %usr %system  %guest   %wait    %CPU   CPU  minflt/s  majflt/s     VSZ     RSS   %MEM   kB_rd/s   kB_wr/s kB_ccwr/s iodelay  Command
05:37:17    64055     27237    0.00   16.00  100.00    0.00    3.38    40  22283.00      0.00 13709032 8436160   4.29      0.00      0.00      0.00       0  qemu-system-x86

# Time        UID       PID    %usr %system  %guest   %wait    %CPU   CPU  minflt/s  majflt/s     VSZ     RSS   %MEM   kB_rd/s   kB_wr/s kB_ccwr/s iodelay  Command
05:37:18    64055     27237    1.00    7.00  100.00    0.00    3.38     7  11876.00      0.00 13709032 8436160   4.29      0.00     80.00      0.00       0  qemu-system-x86

# Time        UID       PID    %usr %system  %guest   %wait    %CPU   CPU  minflt/s  majflt/s     VSZ     RSS   %MEM   kB_rd/s   kB_wr/s kB_ccwr/s iodelay  Command
05:37:19    64055     27237    6.00    7.00  100.00    0.00    3.19     7   9168.00      0.00 13709032 8436160   4.29      0.00      0.00      0.00       0  qemu-system-x86

# Time        UID       PID    %usr %system  %guest   %wait    %CPU   CPU  minflt/s  majflt/s     VSZ     RSS   %MEM   kB_rd/s   kB_wr/s kB_ccwr/s iodelay  Command
05:37:20    64055     27237    3.00    6.00  100.00    0.00    3.44     7   7703.00      0.00 13709032 8436160   4.29      0.00      4.00      0.00       0  qemu-system-x86

# Time        UID       PID    %usr %system  %guest   %wait    %CPU   CPU  minflt/s  majflt/s     VSZ     RSS   %MEM   kB_rd/s   kB_wr/s kB_ccwr/s iodelay  Command
05:37:21    64055     27237    2.00    6.00  100.00    0.00    4.15     7   7533.00      0.00 13709032 8436160   4.29      0.00      0.00      0.00       0  qemu-system-x86

# Time        UID       PID    %usr %system  %guest   %wait    %CPU   CPU  minflt/s  majflt/s     VSZ     RSS   %MEM   kB_rd/s   kB_wr/s kB_ccwr/s iodelay  Command
05:37:22    64055     27237    2.00    6.00  100.00    0.00    2.82     7   6110.00      0.00 13709032 8436160   4.29      0.00      0.00      0.00       0  qemu-system-x86

# Time        UID       PID    %usr %system  %guest   %wait    %CPU   CPU  minflt/s  majflt/s     VSZ     RSS   %MEM   kB_rd/s   kB_wr/s kB_ccwr/s iodelay  Command
05:37:23    64055     27237    4.00   15.00  100.00    0.00    2.92     7  12398.00      0.00 13709032 8436160   4.29      0.00      0.00      0.00       0  qemu-system-x86

# Time        UID       PID    %usr %system  %guest   %wait    %CPU   CPU  minflt/s  majflt/s     VSZ     RSS   %MEM   kB_rd/s   kB_wr/s kB_ccwr/s iodelay  Command
05:37:24    64055     27237    0.00    5.00  100.00    0.00    2.71    44   7444.00      0.00 13709032 8436160   4.29      0.00    248.00      0.00       0  qemu-system-x86

# Time        UID       PID    %usr %system  %guest   %wait    %CPU   CPU  minflt/s  majflt/s     VSZ     RSS   %MEM   kB_rd/s   kB_wr/s kB_ccwr/s iodelay  Command
05:37:25    64055     27237    1.00    6.00  100.00    0.00    3.11    44   7381.00      0.00 13709032 8436160   4.29      0.00      0.00      0.00       0  qemu-system-x86

# Time        UID       PID    %usr %system  %guest   %wait    %CPU   CPU  minflt/s  majflt/s     VSZ     RSS   %MEM   kB_rd/s   kB_wr/s kB_ccwr/s iodelay  Command
05:37:26    64055     27237    5.00    4.00  100.00    0.00    2.86    44   5357.00      0.00 13709032 8436160   4.29      0.00      0.00      0.00       0  qemu-system-x86

# Time        UID       PID    %usr %system  %guest   %wait    %CPU   CPU  minflt/s  majflt/s     VSZ     RSS   %MEM   kB_rd/s   kB_wr/s kB_ccwr/s iodelay  Command
05:37:27    64055     27237    0.00    8.00  100.00    0.00    2.61    44   5698.00      0.00 13709032 8436160   4.29      0.00      0.00      0.00       0  qemu-system-x86

# Time        UID       PID    %usr %system  %guest   %wait    %CPU   CPU  minflt/s  majflt/s     VSZ     RSS   %MEM   kB_rd/s   kB_wr/s kB_ccwr/s iodelay  Command
05:37:28    64055     27237    3.00   36.00  100.00    0.00    3.34     9   6202.00      0.00 13709032 8436160   4.29      0.00 149156.00      0.00       0  qemu-system-x86

# Time        UID       PID    %usr %system  %guest   %wait    %CPU   CPU  minflt/s  majflt/s     VSZ     RSS   %MEM   kB_rd/s   kB_wr/s kB_ccwr/s iodelay  Command
05:37:29    64055     27237    3.00   10.00  100.00    0.00    3.07    32   6241.00      0.00 13709032 8436160   4.29      0.00    324.00      0.00       0  qemu-system-x86

# Time        UID       PID    %usr %system  %guest   %wait    %CPU   CPU  minflt/s  majflt/s     VSZ     RSS   %MEM   kB_rd/s   kB_wr/s kB_ccwr/s iodelay  Command
05:37:30    64055     27237    0.00    4.00  100.00    0.00    3.08    32   8904.00      0.00 13709032 8436160   4.29      0.00      0.00      0.00       0  qemu-system-x86

# Time        UID       PID    %usr %system  %guest   %wait    %CPU   CPU  minflt/s  majflt/s     VSZ     RSS   %MEM   kB_rd/s   kB_wr/s kB_ccwr/s iodelay  Command
05:37:31    64055     27237    3.00   48.00  100.00    1.00    3.65    32   5195.00      0.00 13709032 8436160   4.29      0.00 185668.00      0.00       0  qemu-system-x86

# Time        UID       PID    %usr %system  %guest   %wait    %CPU   CPU  minflt/s  majflt/s     VSZ     RSS   %MEM   kB_rd/s   kB_wr/s kB_ccwr/s iodelay  Command
05:37:32    64055     27237    4.00    3.00  100.00    0.00    2.67    32   2351.00      0.00 13709032 8436160   4.29      0.00      0.00      0.00       0  qemu-system-x86

# Time        UID       PID    %usr %system  %guest   %wait    %CPU   CPU  minflt/s  majflt/s     VSZ     RSS   %MEM   kB_rd/s   kB_wr/s kB_ccwr/s iodelay  Command
05:37:33    64055     27237    0.00    8.00  100.00    0.00    3.51    17   1955.00      0.00 13709032 8436160   4.29      0.00   1884.00      0.00       0  qemu-system-x86

# Time        UID       PID    %usr %system  %guest   %wait    %CPU   CPU  minflt/s  majflt/s     VSZ     RSS   %MEM   kB_rd/s   kB_wr/s kB_ccwr/s iodelay  Command
05:37:34    64055     27237    2.00    2.00  100.00    0.00    5.80    32    225.00      0.00 13709032 8436160   4.29      0.00    324.00      0.00       0  qemu-system-x86

# Time        UID       PID    %usr %system  %guest   %wait    %CPU   CPU  minflt/s  majflt/s     VSZ     RSS   %MEM   kB_rd/s   kB_wr/s kB_ccwr/s iodelay  Command
05:37:35    64055     27237    0.00    5.00  100.00    0.00    2.48    32   2919.00      0.00 13709032 8436200   4.29      0.00      0.00      0.00       0  qemu-system-x86

# Time        UID       PID    %usr %system  %guest   %wait    %CPU   CPU  minflt/s  majflt/s     VSZ     RSS   %MEM   kB_rd/s   kB_wr/s kB_ccwr/s iodelay  Command
05:37:36    64055     27237    0.00   17.00  100.00    0.00    7.49    32  19369.00      0.00 13709032 8436200   4.29      0.00      4.00      0.00       0  qemu-system-x86

# Time        UID       PID    %usr %system  %guest   %wait    %CPU   CPU  minflt/s  majflt/s     VSZ     RSS   %MEM   kB_rd/s   kB_wr/s kB_ccwr/s iodelay  Command
05:37:37    64055     27237    0.00   27.00  100.00    0.00    4.75    17   7434.00      0.00 13709032 8436200   4.29      0.00      8.00      0.00       0  qemu-system-x86

# Time        UID       PID    %usr %system  %guest   %wait    %CPU   CPU  minflt/s  majflt/s     VSZ     RSS   %MEM   kB_rd/s   kB_wr/s kB_ccwr/s iodelay  Command
05:37:38    64055     27237    2.00    3.00  100.00    0.00    2.82    17   1555.00      0.00 13709032 8436200   4.29      0.00      0.00      0.00       0  qemu-system-x86

# Time        UID       PID    %usr %system  %guest   %wait    %CPU   CPU  minflt/s  majflt/s     VSZ     RSS   %MEM   kB_rd/s   kB_wr/s kB_ccwr/s iodelay  Command
05:37:39    64055     27237    0.00   60.00  100.00    0.00    7.42    34   4298.00      0.00 13709032 8436228   4.29      0.00 186240.00      0.00       0  qemu-system-x86

# Time        UID       PID    %usr %system  %guest   %wait    %CPU   CPU  minflt/s  majflt/s     VSZ     RSS   %MEM   kB_rd/s   kB_wr/s kB_ccwr/s iodelay  Command
05:37:40    64055     27237    2.00    8.00  100.00    0.00    3.48    38    514.00      0.00 13709032 8436228   4.29      0.00      8.00      0.00       0  qemu-system-x86

# Time        UID       PID    %usr %system  %guest   %wait    %CPU   CPU  minflt/s  majflt/s     VSZ     RSS   %MEM   kB_rd/s   kB_wr/s kB_ccwr/s iodelay  Command
05:37:41    64055     27237    1.00    8.00  100.00    0.00    2.58    38   5968.00      0.00 13709032 8436228   4.29      0.00      0.00      0.00       0  qemu-system-x86

# Time        UID       PID    %usr %system  %guest   %wait    %CPU   CPU  minflt/s  majflt/s     VSZ     RSS   %MEM   kB_rd/s   kB_wr/s kB_ccwr/s iodelay  Command
05:37:42    64055     27237    1.00   21.00  100.00    0.00    5.17    38  10731.00      0.00 13709032 8436228   4.29      0.00      8.00      0.00       0  qemu-system-x86

# Time        UID       PID    %usr %system  %guest   %wait    %CPU   CPU  minflt/s  majflt/s     VSZ     RSS   %MEM   kB_rd/s   kB_wr/s kB_ccwr/s iodelay  Command
05:37:43    64055     27237    1.00    7.00  100.00    0.00    2.84    38   4666.00      0.00 13709032 8436228   4.29      0.00      0.00      0.00       0  qemu-system-x86

# Time        UID       PID    %usr %system  %guest   %wait    %CPU   CPU  minflt/s  majflt/s     VSZ     RSS   %MEM   kB_rd/s   kB_wr/s kB_ccwr/s iodelay  Command
05:37:44    64055     27237    4.00   71.00  100.00    0.00    5.32    38  18108.00      0.00 13782796 8436280   4.29      0.00 165692.00      0.00       0  qemu-system-x86

# Time        UID       PID    %usr %system  %guest   %wait    %CPU   CPU  minflt/s  majflt/s     VSZ     RSS   %MEM   kB_rd/s   kB_wr/s kB_ccwr/s iodelay  Command
05:37:45    64055     27237    0.00   15.00  100.00    0.00    3.34    38   1757.00      0.00 13782796 8436280   4.29      0.00      0.00      0.00       0  qemu-system-x86

# Time        UID       PID    %usr %system  %guest   %wait    %CPU   CPU  minflt/s  majflt/s     VSZ     RSS   %MEM   kB_rd/s   kB_wr/s kB_ccwr/s iodelay  Command
05:37:46    64055     27237    2.00   14.00  100.00    0.00    2.75    38   3357.00      0.00 13782796 8436280   4.29      0.00      4.00      0.00       0  qemu-system-x86

# Time        UID       PID    %usr %system  %guest   %wait    %CPU   CPU  minflt/s  majflt/s     VSZ     RSS   %MEM   kB_rd/s   kB_wr/s kB_ccwr/s iodelay  Command
05:37:47    64055     27237    1.00    8.00  100.00    0.00    2.71    38   5256.00      0.00 13782796 8436280   4.29      0.00      0.00      0.00       0  qemu-system-x86

# Time        UID       PID    %usr %system  %guest   %wait    %CPU   CPU  minflt/s  majflt/s     VSZ     RSS   %MEM   kB_rd/s   kB_wr/s kB_ccwr/s iodelay  Command
05:37:48    64055     27237    0.00   12.00  100.00    0.00    5.94    38  19609.00      0.00 13782796 8436280   4.29      0.00      0.00      0.00       0  qemu-system-x86

# Time        UID       PID    %usr %system  %guest   %wait    %CPU   CPU  minflt/s  majflt/s     VSZ     RSS   %MEM   kB_rd/s   kB_wr/s kB_ccwr/s iodelay  Command
05:37:49    64055     27237    0.00   14.00  100.00    0.00    2.92    38   7295.00      0.00 13782796 8436280   4.29      0.00     92.00      0.00       0  qemu-system-x86

# Time        UID       PID    %usr %system  %guest   %wait    %CPU   CPU  minflt/s  majflt/s     VSZ     RSS   %MEM   kB_rd/s   kB_wr/s kB_ccwr/s iodelay  Command
05:37:50    64055     27237    2.00   50.00  100.00    0.00    6.11    35  16344.00      0.00 13782796 8436292   4.29      0.00 131828.00      0.00       0  qemu-system-x86

# Time        UID       PID    %usr %system  %guest   %wait    %CPU   CPU  minflt/s  majflt/s     VSZ     RSS   %MEM   kB_rd/s   kB_wr/s kB_ccwr/s iodelay  Command
05:37:51    64055     27237    0.00   21.00  100.00    0.00    3.67     8  10362.00      0.00 13782796 8436292   4.29      0.00      8.00      0.00       0  qemu-system-x86

# Time        UID       PID    %usr %system  %guest   %wait    %CPU   CPU  minflt/s  majflt/s     VSZ     RSS   %MEM   kB_rd/s   kB_wr/s kB_ccwr/s iodelay  Command
05:37:52    64055     27237    2.00    8.00  100.00    0.00    4.67     8   4328.00      0.00 13782796 8436292   4.29      0.00      0.00      0.00       0  qemu-system-x86

# Time        UID       PID    %usr %system  %guest   %wait    %CPU   CPU  minflt/s  majflt/s     VSZ     RSS   %MEM   kB_rd/s   kB_wr/s kB_ccwr/s iodelay  Command
05:37:53    64055     27237    1.00   13.00  100.00    0.00    4.34     8  12216.00      0.00 13782796 8436292   4.29      0.00      0.00      0.00       0  qemu-system-x86

# Time        UID       PID    %usr %system  %guest   %wait    %CPU   CPU  minflt/s  majflt/s     VSZ     RSS   %MEM   kB_rd/s   kB_wr/s kB_ccwr/s iodelay  Command
05:37:54    64055     27237    0.00   10.00  100.00    0.00    3.40     8   9195.00      0.00 13782796 8436292   4.29      0.00      8.00      0.00       0  qemu-system-x86

# Time        UID       PID    %usr %system  %guest   %wait    %CPU   CPU  minflt/s  majflt/s     VSZ     RSS   %MEM   kB_rd/s   kB_wr/s kB_ccwr/s iodelay  Command
05:37:55    64055     27237    0.00  100.00  100.00    0.00    6.51    38  22208.00      0.00 13782796 8436324   4.29      0.00 198760.00      0.00       0  qemu-system-x86

# Time        UID       PID    %usr %system  %guest   %wait    %CPU   CPU  minflt/s  majflt/s     VSZ     RSS   %MEM   kB_rd/s   kB_wr/s kB_ccwr/s iodelay  Command
05:37:56    64055     27237    2.00    3.00  100.00    0.00    3.88    11   3985.00      0.00 13782796 8436324   4.29      0.00      4.00      0.00       0  qemu-system-x86

# Time        UID       PID    %usr %system  %guest   %wait    %CPU   CPU  minflt/s  majflt/s     VSZ     RSS   %MEM   kB_rd/s   kB_wr/s kB_ccwr/s iodelay  Command
05:37:57    64055     27237    0.00   29.00  100.00    0.00    4.19    11   5594.00      0.00 13782796 8436324   4.29      0.00      4.00      0.00       0  qemu-system-x86

# Time        UID       PID    %usr %system  %guest   %wait    %CPU   CPU  minflt/s  majflt/s     VSZ     RSS   %MEM   kB_rd/s   kB_wr/s kB_ccwr/s iodelay  Command
05:37:58    64055     27237    1.00    2.00  100.00    0.00    2.54    11   2380.00      0.00 13782796 8436324   4.29      0.00      0.00      0.00       0  qemu-system-x86

# Time        UID       PID    %usr %system  %guest   %wait    %CPU   CPU  minflt/s  majflt/s     VSZ     RSS   %MEM   kB_rd/s   kB_wr/s kB_ccwr/s iodelay  Command
05:37:59    64055     27237    0.00   32.00  100.00    0.00    6.45    11   8187.00      0.00 13782796 8436324   4.29      0.00      4.00      0.00       0  qemu-system-x86

# Time        UID       PID    %usr %system  %guest   %wait    %CPU   CPU  minflt/s  majflt/s     VSZ     RSS   %MEM   kB_rd/s   kB_wr/s kB_ccwr/s iodelay  Command
05:38:00    64055     27237    1.00    4.00  100.00    0.00    2.75    11   6432.00      0.00 13782796 8436324   4.29      0.00     60.00      0.00       0  qemu-system-x86

# Time        UID       PID    %usr %system  %guest   %wait    %CPU   CPU  minflt/s  majflt/s     VSZ     RSS   %MEM   kB_rd/s   kB_wr/s kB_ccwr/s iodelay  Command
05:38:01    64055     27237    1.00   12.00  100.00    0.00    3.84    14   7765.00      0.00 13782796 8436324   4.29      0.00      8.00      0.00       0  qemu-system-x86

# Time        UID       PID    %usr %system  %guest   %wait    %CPU   CPU  minflt/s  majflt/s     VSZ     RSS   %MEM   kB_rd/s   kB_wr/s kB_ccwr/s iodelay  Command
05:38:02    64055     27237    0.00  100.00  100.00    0.00    9.69    38   7033.00      0.00 13831972 8436324   4.29      0.00 309856.00      0.00       0  qemu-system-x86

# Time        UID       PID    %usr %system  %guest   %wait    %CPU   CPU  minflt/s  majflt/s     VSZ     RSS   %MEM   kB_rd/s   kB_wr/s kB_ccwr/s iodelay  Command
05:38:03    64055     27237    1.00    2.00  100.00    0.00    2.59    38   4865.00      0.00 13831972 8436324   4.29      0.00      0.00      0.00       0  qemu-system-x86

# Time        UID       PID    %usr %system  %guest   %wait    %CPU   CPU  minflt/s  majflt/s     VSZ     RSS   %MEM   kB_rd/s   kB_wr/s kB_ccwr/s iodelay  Command
05:38:04    64055     27237    3.00   13.00   59.00    0.00    1.57    35   1239.00      0.00 13831972 8436324   4.29      0.00      8.00      0.00       0  qemu-system-x86

# Time        UID       PID    %usr %system  %guest   %wait    %CPU   CPU  minflt/s  majflt/s     VSZ     RSS   %MEM   kB_rd/s   kB_wr/s kB_ccwr/s iodelay  Command
05:38:05    64055     27237    2.00   30.00  100.00    0.00    4.19    35   8989.00      0.00 13831972 8436324   4.29      0.00      0.00      0.00       0  qemu-system-x86

# Time        UID       PID    %usr %system  %guest   %wait    %CPU   CPU  minflt/s  majflt/s     VSZ     RSS   %MEM   kB_rd/s   kB_wr/s kB_ccwr/s iodelay  Command
05:38:06    64055     27237    0.00   15.00  100.00    0.00    3.44     2   7505.00      0.00 13831972 8436324   4.29      0.00     96.00      0.00       0  qemu-system-x86

# Time        UID       PID    %usr %system  %guest   %wait    %CPU   CPU  minflt/s  majflt/s     VSZ     RSS   %MEM   kB_rd/s   kB_wr/s kB_ccwr/s iodelay  Command
05:38:07    64055     27237    0.00   15.00  100.00    0.00    5.44     4   9181.00      0.00 13831972 8436324   4.29      0.00    516.00      0.00       0  qemu-system-x86

# Time        UID       PID    %usr %system  %guest   %wait    %CPU   CPU  minflt/s  majflt/s     VSZ     RSS   %MEM   kB_rd/s   kB_wr/s kB_ccwr/s iodelay  Command
05:38:08    64055     27237    0.00    2.00  100.00    0.00    2.63     4   3143.00      0.00 13831972 8436324   4.29      0.00      0.00      0.00       0  qemu-system-x86

# Time        UID       PID    %usr %system  %guest   %wait    %CPU   CPU  minflt/s  majflt/s     VSZ     RSS   %MEM   kB_rd/s   kB_wr/s kB_ccwr/s iodelay  Command
05:38:09    64055     27237    3.00   37.00  100.00    0.00    5.09    12   9738.00      0.00 13831972 8436324   4.29      0.00     28.00      0.00       0  qemu-system-x86

# Time        UID       PID    %usr %system  %guest   %wait    %CPU   CPU  minflt/s  majflt/s     VSZ     RSS   %MEM   kB_rd/s   kB_wr/s kB_ccwr/s iodelay  Command
05:38:10    64055     27237    0.00   10.00   85.00    0.00    1.96    39   6273.00      0.00 13831972 8436324   4.29      0.00      4.00      0.00       0  qemu-system-x86

# Time        UID       PID    %usr %system  %guest   %wait    %CPU   CPU  minflt/s  majflt/s     VSZ     RSS   %MEM   kB_rd/s   kB_wr/s kB_ccwr/s iodelay  Command
05:38:11    64055     27237    3.96   12.87  100.00    0.00    4.83     4   7540.59      0.00 13831972 8436324   4.29      0.00      0.00      0.00       0  qemu-system-x86

# Time        UID       PID    %usr %system  %guest   %wait    %CPU   CPU  minflt/s  majflt/s     VSZ     RSS   %MEM   kB_rd/s   kB_wr/s kB_ccwr/s iodelay  Command
05:38:12    64055     27237    1.00   11.00  100.00    0.00    3.84    39  20534.00      0.00 13831972 8436324   4.29      0.00    240.00      0.00       0  qemu-system-x86

# Time        UID       PID    %usr %system  %guest   %wait    %CPU   CPU  minflt/s  majflt/s     VSZ     RSS   %MEM   kB_rd/s   kB_wr/s kB_ccwr/s iodelay  Command
05:38:13    64055     27237    1.00  100.00  100.00    0.00    5.32    19  26988.00      0.00 13831972 8436372   4.29      0.00 276628.00      0.00       0  qemu-system-x86

# Time        UID       PID    %usr %system  %guest   %wait    %CPU   CPU  minflt/s  majflt/s     VSZ     RSS   %MEM   kB_rd/s   kB_wr/s kB_ccwr/s iodelay  Command
05:38:14    64055     27237    0.00  100.00  100.00    0.00    9.88    31  15103.00      0.00 13905736 8436372   4.29      0.00 425644.00      0.00       0  qemu-system-x86

# Time        UID       PID    %usr %system  %guest   %wait    %CPU   CPU  minflt/s  majflt/s     VSZ     RSS   %MEM   kB_rd/s   kB_wr/s kB_ccwr/s iodelay  Command
05:38:15    64055     27237    2.00   40.00   74.00    0.00    2.42    31   2666.00      0.00 13905736 8436372   4.29      0.00  31748.00      0.00       0  qemu-system-x86

# Time        UID       PID    %usr %system  %guest   %wait    %CPU   CPU  minflt/s  majflt/s     VSZ     RSS   %MEM   kB_rd/s   kB_wr/s kB_ccwr/s iodelay  Command
05:38:16    64055     27237    0.00   67.00  100.00    0.00    3.50    34    406.00      0.00 13905736 8436372   4.29      0.00 131072.00      0.00       0  qemu-system-x86

# Time        UID       PID    %usr %system  %guest   %wait    %CPU   CPU  minflt/s  majflt/s     VSZ     RSS   %MEM   kB_rd/s   kB_wr/s kB_ccwr/s iodelay  Command
05:38:17    64055     27237    0.00   55.00  100.00    0.00    3.31    46   1394.00      0.00 13905736 8436372   4.29      0.00 131204.00      0.00       0  qemu-system-x86

# Time        UID       PID    %usr %system  %guest   %wait    %CPU   CPU  minflt/s  majflt/s     VSZ     RSS   %MEM   kB_rd/s   kB_wr/s kB_ccwr/s iodelay  Command
05:38:18    64055     27237    0.00   20.00  100.00    0.00    2.61    12   1872.00      0.00 13905736 8436372   4.29      0.00  37368.00      0.00       0  qemu-system-x86

# Time        UID       PID    %usr %system  %guest   %wait    %CPU   CPU  minflt/s  majflt/s     VSZ     RSS   %MEM   kB_rd/s   kB_wr/s kB_ccwr/s iodelay  Command
05:38:19    64055     27237    0.00  100.00  100.00    0.00    5.82    13   4480.00      0.00 13905736 8436372   4.29      0.00 278784.00      0.00       0  qemu-system-x86

# Time        UID       PID    %usr %system  %guest   %wait    %CPU   CPU  minflt/s  majflt/s     VSZ     RSS   %MEM   kB_rd/s   kB_wr/s kB_ccwr/s iodelay  Command
05:38:20    64055     27237    4.00  100.00  100.00    0.00    6.77    13   4121.00      0.00 13905736 8436408   4.29      0.00 261532.00      0.00       0  qemu-system-x86

# Time        UID       PID    %usr %system  %guest   %wait    %CPU   CPU  minflt/s  majflt/s     VSZ     RSS   %MEM   kB_rd/s   kB_wr/s kB_ccwr/s iodelay  Command
05:38:21    64055     27237    0.00    3.00  100.00    0.00    2.23    13   7674.00      0.00 13905736 8436408   4.29      0.00      0.00      0.00       0  qemu-system-x86

# Time        UID       PID    %usr %system  %guest   %wait    %CPU   CPU  minflt/s  majflt/s     VSZ     RSS   %MEM   kB_rd/s   kB_wr/s kB_ccwr/s iodelay  Command
05:38:22    64055     27237    0.00   58.00  100.00    0.00    3.33    39   7141.00      0.00 13905736 8436420   4.29      0.00 108588.00      0.00       0  qemu-system-x86

# Time        UID       PID    %usr %system  %guest   %wait    %CPU   CPU  minflt/s  majflt/s     VSZ     RSS   %MEM   kB_rd/s   kB_wr/s kB_ccwr/s iodelay  Command
05:38:23    64055     27237    0.00  100.00   58.00    0.00   10.27     2   3070.00      0.00 13987696 8436460   4.29      0.00 399708.00      0.00       0  qemu-system-x86

# Time        UID       PID    %usr %system  %guest   %wait    %CPU   CPU  minflt/s  majflt/s     VSZ     RSS   %MEM   kB_rd/s   kB_wr/s kB_ccwr/s iodelay  Command
05:38:24    64055     27237   14.00  100.00  100.00    0.00    7.25    38   1480.00      0.00 13987696 8436460   4.29      0.00  71004.00      0.00       0  qemu-system-x86

# Time        UID       PID    %usr %system  %guest   %wait    %CPU   CPU  minflt/s  majflt/s     VSZ     RSS   %MEM   kB_rd/s   kB_wr/s kB_ccwr/s iodelay  Command
05:38:25    64055     27237    6.00    4.00  100.00    0.00    4.89    38   2679.00      0.00 13987696 8436460   4.29      0.00      0.00      0.00       0  qemu-system-x86

# Time        UID       PID    %usr %system  %guest   %wait    %CPU   CPU  minflt/s  majflt/s     VSZ     RSS   %MEM   kB_rd/s   kB_wr/s kB_ccwr/s iodelay  Command
05:38:26    64055     27237    1.00   12.00   61.00    0.00    1.54    38    533.00      0.00 13987696 8436460   4.29      0.00      4.00      0.00       0  qemu-system-x86

# Time        UID       PID    %usr %system  %guest   %wait    %CPU   CPU  minflt/s  majflt/s     VSZ     RSS   %MEM   kB_rd/s   kB_wr/s kB_ccwr/s iodelay  Command
05:38:27    64055     27237    3.00    9.00   60.00    0.00    1.50     3    717.00      0.00 13987696 8436460   4.29      0.00    164.00      0.00       0  qemu-system-x86

# Time        UID       PID    %usr %system  %guest   %wait    %CPU   CPU  minflt/s  majflt/s     VSZ     RSS   %MEM   kB_rd/s   kB_wr/s kB_ccwr/s iodelay  Command
05:38:28    64055     27237    1.00    5.00  100.00    0.00    5.11     3   4412.00      0.00 13987696 8436460   4.29      0.00    216.00      0.00       0  qemu-system-x86

# Time        UID       PID    %usr %system  %guest   %wait    %CPU   CPU  minflt/s  majflt/s     VSZ     RSS   %MEM   kB_rd/s   kB_wr/s kB_ccwr/s iodelay  Command
05:38:29    64055     27237    1.00    3.00   39.00    0.00    0.90     3    732.00      0.00 13987696 8436460   4.29      0.00     36.00      0.00       0  qemu-system-x86

# Time        UID       PID    %usr %system  %guest   %wait    %CPU   CPU  minflt/s  majflt/s     VSZ     RSS   %MEM   kB_rd/s   kB_wr/s kB_ccwr/s iodelay  Command
05:38:30    64055     27237    1.00    2.00    5.00    0.00    0.17     3     10.00      0.00 13987696 8436460   4.29      0.00      0.00      0.00       0  qemu-system-x86

# Time        UID       PID    %usr %system  %guest   %wait    %CPU   CPU  minflt/s  majflt/s     VSZ     RSS   %MEM   kB_rd/s   kB_wr/s kB_ccwr/s iodelay  Command
05:38:31    64055     27237    1.00    1.00   16.00    0.00    0.38     3    329.00      0.00 13987696 8436460   4.29      0.00      0.00      0.00       0  qemu-system-x86

# Time        UID       PID    %usr %system  %guest   %wait    %CPU   CPU  minflt/s  majflt/s     VSZ     RSS   %MEM   kB_rd/s   kB_wr/s kB_ccwr/s iodelay  Command
05:38:32    64055     27237    0.00    1.00    8.00    0.00    0.17     3     28.00      0.00 13987696 8436460   4.29      0.00      0.00      0.00       0  qemu-system-x86

# Time        UID       PID    %usr %system  %guest   %wait    %CPU   CPU  minflt/s  majflt/s     VSZ     RSS   %MEM   kB_rd/s   kB_wr/s kB_ccwr/s iodelay  Command
05:38:33    64055     27237    2.00    0.00    7.00    0.00    0.19     3     32.00      0.00 13987696 8436460   4.29      0.00    232.00      0.00       0  qemu-system-x86

# Time        UID       PID    %usr %system  %guest   %wait    %CPU   CPU  minflt/s  majflt/s     VSZ     RSS   %MEM   kB_rd/s   kB_wr/s kB_ccwr/s iodelay  Command
05:38:34    64055     27237    1.00    0.00    4.00    0.00    0.10     3     45.00      0.00 13881148 8436380   4.29      0.00      0.00      0.00       0  qemu-system-x86

# Time        UID       PID    %usr %system  %guest   %wait    %CPU   CPU  minflt/s  majflt/s     VSZ     RSS   %MEM   kB_rd/s   kB_wr/s kB_ccwr/s iodelay  Command
05:38:35    64055     27237    0.00    1.00   12.00    0.00    0.19     3     44.00      0.00 13881148 8436380   4.29      0.00      0.00      0.00       0  qemu-system-x86

# Time        UID       PID    %usr %system  %guest   %wait    %CPU   CPU  minflt/s  majflt/s     VSZ     RSS   %MEM   kB_rd/s   kB_wr/s kB_ccwr/s iodelay  Command
05:38:36    64055     27237    2.00    1.00    5.00    0.00    0.17     3     11.00      0.00 13872952 8436372   4.29      0.00      0.00      0.00       0  qemu-system-x86

# Time        UID       PID    %usr %system  %guest   %wait    %CPU   CPU  minflt/s  majflt/s     VSZ     RSS   %MEM   kB_rd/s   kB_wr/s kB_ccwr/s iodelay  Command
05:38:37    64055     27237    1.00    2.00    2.00    0.00    0.10     3     12.00      0.00 13823776 8436304   4.29      0.00      0.00      0.00       0  qemu-system-x86

# Time        UID       PID    %usr %system  %guest   %wait    %CPU   CPU  minflt/s  majflt/s     VSZ     RSS   %MEM   kB_rd/s   kB_wr/s kB_ccwr/s iodelay  Command
05:38:38    64055     27237    0.00    2.00    9.00    0.00    0.19     3     21.00      0.00 13709032 8436192   4.29      0.00      0.00      0.00       0  qemu-system-x86

# Time        UID       PID    %usr %system  %guest   %wait    %CPU   CPU  minflt/s  majflt/s     VSZ     RSS   %MEM   kB_rd/s   kB_wr/s kB_ccwr/s iodelay  Command
05:38:39    64055     27237    1.00    1.00    6.00    0.00    0.17     3      6.00      0.00 13684444 8436164   4.29      0.00      0.00      0.00       0  qemu-system-x86

# Time        UID       PID    %usr %system  %guest   %wait    %CPU   CPU  minflt/s  majflt/s     VSZ     RSS   %MEM   kB_rd/s   kB_wr/s kB_ccwr/s iodelay  Command
05:38:40    64055     27237    1.00    1.00    3.00    0.00    0.10     3     17.00      0.00 13684444 8436164   4.29      0.00      0.00      0.00       0  qemu-system-x86

# Time        UID       PID    %usr %system  %guest   %wait    %CPU   CPU  minflt/s  majflt/s     VSZ     RSS   %MEM   kB_rd/s   kB_wr/s kB_ccwr/s iodelay  Command
05:38:41    64055     27237    1.00    2.00    6.00    0.00    0.19     3     42.00      0.00 13684444 8436164   4.29      0.00      0.00      0.00       0  qemu-system-x86

# Time        UID       PID    %usr %system  %guest   %wait    %CPU   CPU  minflt/s  majflt/s     VSZ     RSS   %MEM   kB_rd/s   kB_wr/s kB_ccwr/s iodelay  Command
05:38:42    64055     27237    0.00    1.00    8.00    0.00    0.15     3    315.00      0.00 13684444 8436164   4.29      0.00      0.00      0.00       0  qemu-system-x86

# Time        UID       PID    %usr %system  %guest   %wait    %CPU   CPU  minflt/s  majflt/s     VSZ     RSS   %MEM   kB_rd/s   kB_wr/s kB_ccwr/s iodelay  Command
05:38:43    64055     27237    2.00    1.00    3.00    0.00    0.13     3     12.00      0.00 13651660 8436160   4.29      0.00      0.00      0.00       0  qemu-system-x86

# Time        UID       PID    %usr %system  %guest   %wait    %CPU   CPU  minflt/s  majflt/s     VSZ     RSS   %MEM   kB_rd/s   kB_wr/s kB_ccwr/s iodelay  Command
05:38:44    64055     27237    0.00    1.00    8.00    0.00    0.17     3     10.00      0.00 13651660 8436160   4.29      0.00      0.00      0.00       0  qemu-system-x86

# Time        UID       PID    %usr %system  %guest   %wait    %CPU   CPU  minflt/s  majflt/s     VSZ     RSS   %MEM   kB_rd/s   kB_wr/s kB_ccwr/s iodelay  Command
05:38:45    64055     27237    0.00    1.00    4.00    0.00    0.10     3      6.00      0.00 13651660 8436160   4.29      0.00      0.00      0.00       0  qemu-system-x86

# Time        UID       PID    %usr %system  %guest   %wait    %CPU   CPU  minflt/s  majflt/s     VSZ     RSS   %MEM   kB_rd/s   kB_wr/s kB_ccwr/s iodelay  Command
05:38:46    64055     27237    0.00    1.00    8.00    0.00    0.19     3     12.00      0.00 13651660 8436160   4.29      0.00      0.00      0.00       0  qemu-system-x86

# Time        UID       PID    %usr %system  %guest   %wait    %CPU   CPU  minflt/s  majflt/s     VSZ     RSS   %MEM   kB_rd/s   kB_wr/s kB_ccwr/s iodelay  Command
05:38:47    64055     27237    0.00    2.00    7.00    0.00    0.19     3     13.00      0.00 13651660 8436160   4.29      0.00      0.00      0.00       0  qemu-system-x86

