Linux 4.15.0-96-generic (team25-hw6) 	04/24/20 	_x86_64_	(48 CPU)

# Time        UID       PID    %usr %system  %guest   %wait    %CPU   CPU  minflt/s  majflt/s     VSZ     RSS   %MEM   kB_rd/s   kB_wr/s kB_ccwr/s iodelay  Command
06:14:33    64055      4870    0.00   15.00  100.00    0.00    7.04     4   1067.00      0.00 59676980 33594560  17.09      0.00      0.00      0.00       0  qemu-system-x86

# Time        UID       PID    %usr %system  %guest   %wait    %CPU   CPU  minflt/s  majflt/s     VSZ     RSS   %MEM   kB_rd/s   kB_wr/s kB_ccwr/s iodelay  Command
06:14:34    64055      4870    0.00    7.00  100.00    0.00    5.71     8   1831.00      0.00 59676980 33594560  17.09      0.00      8.00      0.00       0  qemu-system-x86

# Time        UID       PID    %usr %system  %guest   %wait    %CPU   CPU  minflt/s  majflt/s     VSZ     RSS   %MEM   kB_rd/s   kB_wr/s kB_ccwr/s iodelay  Command
06:14:35    64055      4870    1.00    3.00  100.00    0.00    2.75    10   7032.00      0.00 59676980 33594560  17.09      0.00      0.00      0.00       0  qemu-system-x86

# Time        UID       PID    %usr %system  %guest   %wait    %CPU   CPU  minflt/s  majflt/s     VSZ     RSS   %MEM   kB_rd/s   kB_wr/s kB_ccwr/s iodelay  Command
06:14:36    64055      4870    0.00   66.00   86.00    0.00    3.12    43   3381.00      0.00 59676980 33594560  17.09      0.00 237216.00      0.00       0  qemu-system-x86

# Time        UID       PID    %usr %system  %guest   %wait    %CPU   CPU  minflt/s  majflt/s     VSZ     RSS   %MEM   kB_rd/s   kB_wr/s kB_ccwr/s iodelay  Command
06:14:37    64055      4870    1.00   88.00  100.00    0.00    8.48     1   3830.00      0.00 59676980 33594560  17.09      0.00    136.00      0.00       0  qemu-system-x86

# Time        UID       PID    %usr %system  %guest   %wait    %CPU   CPU  minflt/s  majflt/s     VSZ     RSS   %MEM   kB_rd/s   kB_wr/s kB_ccwr/s iodelay  Command
06:14:38    64055      4870    6.00   11.00  100.00    0.00    3.93    31    704.00      0.00 59676980 33594560  17.09      0.00    296.00      0.00       0  qemu-system-x86

# Time        UID       PID    %usr %system  %guest   %wait    %CPU   CPU  minflt/s  majflt/s     VSZ     RSS   %MEM   kB_rd/s   kB_wr/s kB_ccwr/s iodelay  Command
06:14:39    64055      4870    2.00    8.00  100.00    0.00    2.67    31   4383.00      0.00 59676980 33594560  17.09      0.00      0.00      0.00       0  qemu-system-x86

# Time        UID       PID    %usr %system  %guest   %wait    %CPU   CPU  minflt/s  majflt/s     VSZ     RSS   %MEM   kB_rd/s   kB_wr/s kB_ccwr/s iodelay  Command
06:14:40    64055      4870    0.00    8.00  100.00    0.00    2.79    31   3332.00      0.00 59676980 33594560  17.09      0.00      0.00      0.00       0  qemu-system-x86

# Time        UID       PID    %usr %system  %guest   %wait    %CPU   CPU  minflt/s  majflt/s     VSZ     RSS   %MEM   kB_rd/s   kB_wr/s kB_ccwr/s iodelay  Command
06:14:41    64055      4870    8.00   12.00  100.00    0.00    5.18    31   1268.00      0.00 59676980 33594560  17.09      0.00      0.00      0.00       0  qemu-system-x86

# Time        UID       PID    %usr %system  %guest   %wait    %CPU   CPU  minflt/s  majflt/s     VSZ     RSS   %MEM   kB_rd/s   kB_wr/s kB_ccwr/s iodelay  Command
06:14:42    64055      4870    8.00   16.00  100.00    0.00    8.38     1    680.00      0.00 59676980 33594560  17.09      0.00    320.00      0.00       0  qemu-system-x86

# Time        UID       PID    %usr %system  %guest   %wait    %CPU   CPU  minflt/s  majflt/s     VSZ     RSS   %MEM   kB_rd/s   kB_wr/s kB_ccwr/s iodelay  Command
06:14:43    64055      4870    0.00   14.00  100.00    0.00    6.15     1    226.00      0.00 59676980 33594560  17.09      0.00      0.00      0.00       0  qemu-system-x86

# Time        UID       PID    %usr %system  %guest   %wait    %CPU   CPU  minflt/s  majflt/s     VSZ     RSS   %MEM   kB_rd/s   kB_wr/s kB_ccwr/s iodelay  Command
06:14:44    64055      4870    5.00   11.00  100.00    0.00    6.43     1    582.00      0.00 59676980 33594560  17.09      0.00      0.00      0.00       0  qemu-system-x86

# Time        UID       PID    %usr %system  %guest   %wait    %CPU   CPU  minflt/s  majflt/s     VSZ     RSS   %MEM   kB_rd/s   kB_wr/s kB_ccwr/s iodelay  Command
06:14:45    64055      4870    0.00   16.00  100.00    0.00    4.50     1    682.00      0.00 59676980 33594560  17.09      0.00      0.00      0.00       0  qemu-system-x86

# Time        UID       PID    %usr %system  %guest   %wait    %CPU   CPU  minflt/s  majflt/s     VSZ     RSS   %MEM   kB_rd/s   kB_wr/s kB_ccwr/s iodelay  Command
06:14:46    64055      4870    7.00   15.00  100.00    0.00    7.52     1   1071.00      0.00 59676980 33594560  17.09      0.00      0.00      0.00       0  qemu-system-x86

# Time        UID       PID    %usr %system  %guest   %wait    %CPU   CPU  minflt/s  majflt/s     VSZ     RSS   %MEM   kB_rd/s   kB_wr/s kB_ccwr/s iodelay  Command
06:14:47    64055      4870   10.00   10.00  100.00    0.00    5.96     1    549.00      0.00 59676980 33594560  17.09      0.00    124.00      0.00       0  qemu-system-x86

# Time        UID       PID    %usr %system  %guest   %wait    %CPU   CPU  minflt/s  majflt/s     VSZ     RSS   %MEM   kB_rd/s   kB_wr/s kB_ccwr/s iodelay  Command
06:14:48    64055      4870    1.00    5.00   58.00    0.00    1.33     1    133.00      0.00 59545844 33594420  17.09      0.00      0.00      0.00       0  qemu-system-x86

# Time        UID       PID    %usr %system  %guest   %wait    %CPU   CPU  minflt/s  majflt/s     VSZ     RSS   %MEM   kB_rd/s   kB_wr/s kB_ccwr/s iodelay  Command
06:14:49    64055      4870    1.00    2.00   15.00    0.00    0.38     1     64.00      0.00 59545844 33594420  17.09      0.00      0.00      0.00       0  qemu-system-x86

# Time        UID       PID    %usr %system  %guest   %wait    %CPU   CPU  minflt/s  majflt/s     VSZ     RSS   %MEM   kB_rd/s   kB_wr/s kB_ccwr/s iodelay  Command
06:14:50    64055      4870    0.00    1.00   22.00    0.00    0.46     1    221.00      0.00 59545844 33594420  17.09      0.00      0.00      0.00       0  qemu-system-x86

# Time        UID       PID    %usr %system  %guest   %wait    %CPU   CPU  minflt/s  majflt/s     VSZ     RSS   %MEM   kB_rd/s   kB_wr/s kB_ccwr/s iodelay  Command
06:14:51    64055      4870    5.00    5.00    9.00    0.00    0.40     1   2876.00      0.00 59545844 33594420  17.09      0.00   1152.00      0.00       0  qemu-system-x86

# Time        UID       PID    %usr %system  %guest   %wait    %CPU   CPU  minflt/s  majflt/s     VSZ     RSS   %MEM   kB_rd/s   kB_wr/s kB_ccwr/s iodelay  Command
06:14:52    64055      4870    3.00    2.00   11.00    0.00    0.33     3     11.00      0.00 59545844 33594420  17.09      0.00      0.00      0.00       0  qemu-system-x86

# Time        UID       PID    %usr %system  %guest   %wait    %CPU   CPU  minflt/s  majflt/s     VSZ     RSS   %MEM   kB_rd/s   kB_wr/s kB_ccwr/s iodelay  Command
06:14:53    64055      4870    0.00    2.00   17.00    0.00    0.38     3     48.00      0.00 59545844 33594420  17.09      0.00      0.00      0.00       0  qemu-system-x86

# Time        UID       PID    %usr %system  %guest   %wait    %CPU   CPU  minflt/s  majflt/s     VSZ     RSS   %MEM   kB_rd/s   kB_wr/s kB_ccwr/s iodelay  Command
06:14:54    64055      4870    0.00    3.00   12.00    0.00    0.25     3     36.00      0.00 59545844 33594420  17.09      0.00      0.00      0.00       0  qemu-system-x86

# Time        UID       PID    %usr %system  %guest   %wait    %CPU   CPU  minflt/s  majflt/s     VSZ     RSS   %MEM   kB_rd/s   kB_wr/s kB_ccwr/s iodelay  Command
06:14:55    64055      4870    1.00    2.00   13.00    0.00    0.33     3     15.00      0.00 59545844 33594420  17.09      0.00      0.00      0.00       0  qemu-system-x86

# Time        UID       PID    %usr %system  %guest   %wait    %CPU   CPU  minflt/s  majflt/s     VSZ     RSS   %MEM   kB_rd/s   kB_wr/s kB_ccwr/s iodelay  Command
06:14:56    64055      4870    2.00    3.00   11.00    0.00    0.33     3     21.00      0.00 59545844 33594420  17.09      0.00     48.00      0.00       0  qemu-system-x86

# Time        UID       PID    %usr %system  %guest   %wait    %CPU   CPU  minflt/s  majflt/s     VSZ     RSS   %MEM   kB_rd/s   kB_wr/s kB_ccwr/s iodelay  Command
06:14:57    64055      4870    1.00  100.00   49.00    1.00   21.60    43   7230.00      0.00 59799920 33594692  17.09      0.00 1155568.00      0.00       0  qemu-system-x86

# Time        UID       PID    %usr %system  %guest   %wait    %CPU   CPU  minflt/s  majflt/s     VSZ     RSS   %MEM   kB_rd/s   kB_wr/s kB_ccwr/s iodelay  Command
06:14:58    64055      4870    0.00  100.00   25.00    0.00    6.81     9   1612.00      0.00 59799920 33594692  17.09      0.00 298260.00      0.00       0  qemu-system-x86

# Time        UID       PID    %usr %system  %guest   %wait    %CPU   CPU  minflt/s  majflt/s     VSZ     RSS   %MEM   kB_rd/s   kB_wr/s kB_ccwr/s iodelay  Command
06:14:59    64055      4870    3.00    1.00   13.00    0.00    0.35     9     18.00      0.00 59799920 33594692  17.09      0.00      0.00      0.00       0  qemu-system-x86

# Time        UID       PID    %usr %system  %guest   %wait    %CPU   CPU  minflt/s  majflt/s     VSZ     RSS   %MEM   kB_rd/s   kB_wr/s kB_ccwr/s iodelay  Command
06:15:00    64055      4870    0.00    4.00   15.00    0.00    0.38     9    278.00      0.00 59799920 33594692  17.09      0.00      0.00      0.00       0  qemu-system-x86

# Time        UID       PID    %usr %system  %guest   %wait    %CPU   CPU  minflt/s  majflt/s     VSZ     RSS   %MEM   kB_rd/s   kB_wr/s kB_ccwr/s iodelay  Command
06:15:01    64055      4870    0.00   10.00   40.00    0.00    1.02     9    160.00      0.00 59799920 33594692  17.09      0.00    124.00      0.00       0  qemu-system-x86

# Time        UID       PID    %usr %system  %guest   %wait    %CPU   CPU  minflt/s  majflt/s     VSZ     RSS   %MEM   kB_rd/s   kB_wr/s kB_ccwr/s iodelay  Command
06:15:02    64055      4870    0.00   13.00   16.00    0.00    0.58     9     26.00      0.00 59799920 33594692  17.09      0.00      0.00      0.00       0  qemu-system-x86

# Time        UID       PID    %usr %system  %guest   %wait    %CPU   CPU  minflt/s  majflt/s     VSZ     RSS   %MEM   kB_rd/s   kB_wr/s kB_ccwr/s iodelay  Command
06:15:03    64055      4870    0.00   40.00   20.00    0.00    1.25     9    233.00      0.00 59799920 33594692  17.09      0.00  59392.00      0.00       0  qemu-system-x86

# Time        UID       PID    %usr %system  %guest   %wait    %CPU   CPU  minflt/s  majflt/s     VSZ     RSS   %MEM   kB_rd/s   kB_wr/s kB_ccwr/s iodelay  Command
06:15:04    64055      4870    0.00   18.00   12.00    0.00    0.63     9     19.00      0.00 59799920 33594692  17.09      0.00      0.00      0.00       0  qemu-system-x86

# Time        UID       PID    %usr %system  %guest   %wait    %CPU   CPU  minflt/s  majflt/s     VSZ     RSS   %MEM   kB_rd/s   kB_wr/s kB_ccwr/s iodelay  Command
06:15:05    64055      4870    0.00  100.00   22.00    0.00    4.09     1    852.00      0.00 59799920 33594692  17.09      0.00 244800.00      0.00       0  qemu-system-x86

# Time        UID       PID    %usr %system  %guest   %wait    %CPU   CPU  minflt/s  majflt/s     VSZ     RSS   %MEM   kB_rd/s   kB_wr/s kB_ccwr/s iodelay  Command
06:15:06    64055      4870    1.00    4.00   12.00    0.00    0.35     1    270.00      0.00 59799920 33594692  17.09      0.00      0.00      0.00       0  qemu-system-x86

# Time        UID       PID    %usr %system  %guest   %wait    %CPU   CPU  minflt/s  majflt/s     VSZ     RSS   %MEM   kB_rd/s   kB_wr/s kB_ccwr/s iodelay  Command
06:15:07    64055      4870    3.00    7.00   13.00    0.00    0.48     1     25.00      0.00 59799920 33594692  17.09      0.00     88.00      0.00       0  qemu-system-x86

# Time        UID       PID    %usr %system  %guest   %wait    %CPU   CPU  minflt/s  majflt/s     VSZ     RSS   %MEM   kB_rd/s   kB_wr/s kB_ccwr/s iodelay  Command
06:15:08    64055      4870    0.00    1.00   12.00    0.00    0.23    14     19.00      0.00 59799920 33594692  17.09      0.00      4.00      0.00       0  qemu-system-x86

# Time        UID       PID    %usr %system  %guest   %wait    %CPU   CPU  minflt/s  majflt/s     VSZ     RSS   %MEM   kB_rd/s   kB_wr/s kB_ccwr/s iodelay  Command
06:15:09    64055      4870    0.00    9.00   15.00    0.00    0.48    14     49.00      0.00 59799920 33594692  17.09      0.00      0.00      0.00       0  qemu-system-x86

# Time        UID       PID    %usr %system  %guest   %wait    %CPU   CPU  minflt/s  majflt/s     VSZ     RSS   %MEM   kB_rd/s   kB_wr/s kB_ccwr/s iodelay  Command
06:15:10    64055      4870    3.00  100.00   40.00    0.00    9.91    14   2331.00      0.00 59799920 33594692  17.09      0.00 477320.00      0.00       0  qemu-system-x86

# Time        UID       PID    %usr %system  %guest   %wait    %CPU   CPU  minflt/s  majflt/s     VSZ     RSS   %MEM   kB_rd/s   kB_wr/s kB_ccwr/s iodelay  Command
06:15:11    64055      4870    0.00   12.00   10.00    0.00    0.44    14    149.00      0.00 59799920 33594692  17.09      0.00      0.00      0.00       0  qemu-system-x86

# Time        UID       PID    %usr %system  %guest   %wait    %CPU   CPU  minflt/s  majflt/s     VSZ     RSS   %MEM   kB_rd/s   kB_wr/s kB_ccwr/s iodelay  Command
06:15:12    64055      4870    4.00    3.00   17.00    0.00    0.50    14    397.00      0.00 59799920 33594692  17.09      0.00      0.00      0.00       0  qemu-system-x86

# Time        UID       PID    %usr %system  %guest   %wait    %CPU   CPU  minflt/s  majflt/s     VSZ     RSS   %MEM   kB_rd/s   kB_wr/s kB_ccwr/s iodelay  Command
06:15:13    64055      4870    0.00    4.00   62.00    0.00    1.31    21    531.00      0.00 59799920 33594692  17.09      0.00    148.00      0.00       0  qemu-system-x86

# Time        UID       PID    %usr %system  %guest   %wait    %CPU   CPU  minflt/s  majflt/s     VSZ     RSS   %MEM   kB_rd/s   kB_wr/s kB_ccwr/s iodelay  Command
06:15:14    64055      4870    3.00   14.00  100.00    0.00    8.90    21   2269.00      0.00 59799920 33594692  17.09      0.00      0.00      0.00       0  qemu-system-x86

# Time        UID       PID    %usr %system  %guest   %wait    %CPU   CPU  minflt/s  majflt/s     VSZ     RSS   %MEM   kB_rd/s   kB_wr/s kB_ccwr/s iodelay  Command
06:15:15    64055      4870    4.00   12.00  100.00    0.00    8.61    21   2176.00      0.00 59799920 33594692  17.09      0.00      0.00      0.00       0  qemu-system-x86

# Time        UID       PID    %usr %system  %guest   %wait    %CPU   CPU  minflt/s  majflt/s     VSZ     RSS   %MEM   kB_rd/s   kB_wr/s kB_ccwr/s iodelay  Command
06:15:16    64055      4870   14.00   16.00  100.00    0.00    5.63    21   4153.00      0.00 59799920 33594692  17.09      0.00    332.00      0.00       0  qemu-system-x86

# Time        UID       PID    %usr %system  %guest   %wait    %CPU   CPU  minflt/s  majflt/s     VSZ     RSS   %MEM   kB_rd/s   kB_wr/s kB_ccwr/s iodelay  Command
06:15:17    64055      4870    0.00    9.00  100.00    0.00    3.71    21   4858.00      0.00 59799920 33594692  17.09      0.00      0.00      0.00       0  qemu-system-x86

# Time        UID       PID    %usr %system  %guest   %wait    %CPU   CPU  minflt/s  majflt/s     VSZ     RSS   %MEM   kB_rd/s   kB_wr/s kB_ccwr/s iodelay  Command
06:15:18    64055      4870    8.00   12.00  100.00    0.00    5.17     6   4929.00      0.00 59799920 33594692  17.09      0.00    108.00      0.00       0  qemu-system-x86

# Time        UID       PID    %usr %system  %guest   %wait    %CPU   CPU  minflt/s  majflt/s     VSZ     RSS   %MEM   kB_rd/s   kB_wr/s kB_ccwr/s iodelay  Command
06:15:19    64055      4870    6.00    6.00  100.00    0.00    3.57     6   2870.00      0.00 59799920 33594692  17.09      0.00      0.00      0.00       0  qemu-system-x86

# Time        UID       PID    %usr %system  %guest   %wait    %CPU   CPU  minflt/s  majflt/s     VSZ     RSS   %MEM   kB_rd/s   kB_wr/s kB_ccwr/s iodelay  Command
06:15:20    64055      4870    2.00   12.00  100.00    0.00    3.44     6   2745.00      0.00 59578628 33594460  17.09      0.00      0.00      0.00       0  qemu-system-x86

# Time        UID       PID    %usr %system  %guest   %wait    %CPU   CPU  minflt/s  majflt/s     VSZ     RSS   %MEM   kB_rd/s   kB_wr/s kB_ccwr/s iodelay  Command
06:15:21    64055      4870    7.00   10.00  100.00    0.00    4.07     6   3067.00      0.00 59578628 33594460  17.09      0.00     12.00      0.00       0  qemu-system-x86

# Time        UID       PID    %usr %system  %guest   %wait    %CPU   CPU  minflt/s  majflt/s     VSZ     RSS   %MEM   kB_rd/s   kB_wr/s kB_ccwr/s iodelay  Command
06:15:22    64055      4870    7.00    9.00  100.00    0.00    3.51     6   2817.00      0.00 59578628 33594460  17.09      0.00      0.00      0.00       0  qemu-system-x86

# Time        UID       PID    %usr %system  %guest   %wait    %CPU   CPU  minflt/s  majflt/s     VSZ     RSS   %MEM   kB_rd/s   kB_wr/s kB_ccwr/s iodelay  Command
06:15:23    64055      4870    7.00    8.00  100.00    0.00    3.09    39   2842.00      0.00 59554040 33594436  17.09      0.00     44.00      0.00       0  qemu-system-x86

# Time        UID       PID    %usr %system  %guest   %wait    %CPU   CPU  minflt/s  majflt/s     VSZ     RSS   %MEM   kB_rd/s   kB_wr/s kB_ccwr/s iodelay  Command
06:15:24    64055      4870    3.00    4.00  100.00    0.00    3.55    39   3167.00      0.00 59554040 33594436  17.09      0.00      0.00      0.00       0  qemu-system-x86

# Time        UID       PID    %usr %system  %guest   %wait    %CPU   CPU  minflt/s  majflt/s     VSZ     RSS   %MEM   kB_rd/s   kB_wr/s kB_ccwr/s iodelay  Command
06:15:25    64055      4870    4.00   10.00  100.00    0.00    4.28    39   2329.00      0.00 59554040 33594436  17.09      0.00      0.00      0.00       0  qemu-system-x86

# Time        UID       PID    %usr %system  %guest   %wait    %CPU   CPU  minflt/s  majflt/s     VSZ     RSS   %MEM   kB_rd/s   kB_wr/s kB_ccwr/s iodelay  Command
06:15:26    64055      4870    3.00    8.00  100.00    0.00    3.38    39   4528.00      0.00 59554040 33594436  17.09      0.00      0.00      0.00       0  qemu-system-x86

# Time        UID       PID    %usr %system  %guest   %wait    %CPU   CPU  minflt/s  majflt/s     VSZ     RSS   %MEM   kB_rd/s   kB_wr/s kB_ccwr/s iodelay  Command
06:15:27    64055      4870    0.00   10.00  100.00    0.00    4.11    39   2545.00      0.00 59554040 33594436  17.09      0.00      0.00      0.00       0  qemu-system-x86

# Time        UID       PID    %usr %system  %guest   %wait    %CPU   CPU  minflt/s  majflt/s     VSZ     RSS   %MEM   kB_rd/s   kB_wr/s kB_ccwr/s iodelay  Command
06:15:28    64055      4870    5.00    5.00  100.00    0.00    3.17    39   2223.00      0.00 59521256 33594400  17.09      0.00      0.00      0.00       0  qemu-system-x86

# Time        UID       PID    %usr %system  %guest   %wait    %CPU   CPU  minflt/s  majflt/s     VSZ     RSS   %MEM   kB_rd/s   kB_wr/s kB_ccwr/s iodelay  Command
06:15:29    64055      4870    1.00    8.00  100.00    0.00    3.00    39   2488.00      0.00 59521256 33594400  17.09      0.00     36.00      0.00       0  qemu-system-x86

# Time        UID       PID    %usr %system  %guest   %wait    %CPU   CPU  minflt/s  majflt/s     VSZ     RSS   %MEM   kB_rd/s   kB_wr/s kB_ccwr/s iodelay  Command
06:15:30    64055      4870   10.00   10.00  100.00    0.00    3.51    39   2392.00      0.00 59521256 33594400  17.09      0.00      0.00      0.00       0  qemu-system-x86

# Time        UID       PID    %usr %system  %guest   %wait    %CPU   CPU  minflt/s  majflt/s     VSZ     RSS   %MEM   kB_rd/s   kB_wr/s kB_ccwr/s iodelay  Command
06:15:31    64055      4870    1.00    7.00  100.00    0.00    2.96    39   2469.00      0.00 59521256 33594400  17.09      0.00     96.00      0.00       0  qemu-system-x86

# Time        UID       PID    %usr %system  %guest   %wait    %CPU   CPU  minflt/s  majflt/s     VSZ     RSS   %MEM   kB_rd/s   kB_wr/s kB_ccwr/s iodelay  Command
06:15:32    64055      4870    2.00   12.00  100.00    0.00    3.38    39   4324.00      0.00 59521256 33594400  17.09      0.00      0.00      0.00       0  qemu-system-x86

# Time        UID       PID    %usr %system  %guest   %wait    %CPU   CPU  minflt/s  majflt/s     VSZ     RSS   %MEM   kB_rd/s   kB_wr/s kB_ccwr/s iodelay  Command
06:15:33    64055      4870    4.00    7.00  100.00    0.00    3.42    39   2840.00      0.00 59521256 33594400  17.09      0.00      0.00      0.00       0  qemu-system-x86

# Time        UID       PID    %usr %system  %guest   %wait    %CPU   CPU  minflt/s  majflt/s     VSZ     RSS   %MEM   kB_rd/s   kB_wr/s kB_ccwr/s iodelay  Command
06:15:34    64055      4870    2.00   16.00  100.00    0.00    3.24    39   5392.00      0.00 59521256 33594400  17.09      0.00     48.00      0.00       0  qemu-system-x86

# Time        UID       PID    %usr %system  %guest   %wait    %CPU   CPU  minflt/s  majflt/s     VSZ     RSS   %MEM   kB_rd/s   kB_wr/s kB_ccwr/s iodelay  Command
06:15:35    64055      4870    4.00   11.00  100.00    0.00    6.04    39   3448.00      0.00 59521256 33594400  17.09      0.00      4.00      0.00       0  qemu-system-x86

# Time        UID       PID    %usr %system  %guest   %wait    %CPU   CPU  minflt/s  majflt/s     VSZ     RSS   %MEM   kB_rd/s   kB_wr/s kB_ccwr/s iodelay  Command
06:15:36    64055      4870    4.00   13.00  100.00    0.00    4.01    39   4287.00      0.00 59521256 33594400  17.09      0.00    504.00      0.00       0  qemu-system-x86

# Time        UID       PID    %usr %system  %guest   %wait    %CPU   CPU  minflt/s  majflt/s     VSZ     RSS   %MEM   kB_rd/s   kB_wr/s kB_ccwr/s iodelay  Command
06:15:37    64055      4870    3.00    2.00  100.00    0.00    2.96    39   2602.00      0.00 59521256 33594400  17.09      0.00      0.00      0.00       0  qemu-system-x86

# Time        UID       PID    %usr %system  %guest   %wait    %CPU   CPU  minflt/s  majflt/s     VSZ     RSS   %MEM   kB_rd/s   kB_wr/s kB_ccwr/s iodelay  Command
06:15:38    64055      4870    2.00    9.00  100.00    0.00    3.07    39   2481.00      0.00 59521256 33594400  17.09      0.00      0.00      0.00       0  qemu-system-x86

# Time        UID       PID    %usr %system  %guest   %wait    %CPU   CPU  minflt/s  majflt/s     VSZ     RSS   %MEM   kB_rd/s   kB_wr/s kB_ccwr/s iodelay  Command
06:15:39    64055      4870    3.00    6.00  100.00    0.00    3.21    39   2070.00      0.00 59521256 33594400  17.09      0.00    368.00      0.00       0  qemu-system-x86

# Time        UID       PID    %usr %system  %guest   %wait    %CPU   CPU  minflt/s  majflt/s     VSZ     RSS   %MEM   kB_rd/s   kB_wr/s kB_ccwr/s iodelay  Command
06:15:40    64055      4870    3.00    6.00  100.00    0.00    2.82    39   1796.00      0.00 59521256 33594400  17.09      0.00      0.00      0.00       0  qemu-system-x86

# Time        UID       PID    %usr %system  %guest   %wait    %CPU   CPU  minflt/s  majflt/s     VSZ     RSS   %MEM   kB_rd/s   kB_wr/s kB_ccwr/s iodelay  Command
06:15:41    64055      4870    4.00    6.00  100.00    0.00    3.07    39   2055.00      0.00 59521256 33594400  17.09      0.00      0.00      0.00       0  qemu-system-x86

# Time        UID       PID    %usr %system  %guest   %wait    %CPU   CPU  minflt/s  majflt/s     VSZ     RSS   %MEM   kB_rd/s   kB_wr/s kB_ccwr/s iodelay  Command
06:15:42    64055      4870    2.00   10.00  100.00    0.00    3.13    39   3638.00      0.00 59521256 33594400  17.09      0.00      0.00      0.00       0  qemu-system-x86

# Time        UID       PID    %usr %system  %guest   %wait    %CPU   CPU  minflt/s  majflt/s     VSZ     RSS   %MEM   kB_rd/s   kB_wr/s kB_ccwr/s iodelay  Command
06:15:43    64055      4870    6.00    6.00  100.00    0.00    2.75    39   2814.00      0.00 59521256 33594400  17.09      0.00      0.00      0.00       0  qemu-system-x86

# Time        UID       PID    %usr %system  %guest   %wait    %CPU   CPU  minflt/s  majflt/s     VSZ     RSS   %MEM   kB_rd/s   kB_wr/s kB_ccwr/s iodelay  Command
06:15:44    64055      4870    1.00    5.00  100.00    0.00    2.86    39   2540.00      0.00 59521256 33594400  17.09      0.00    332.00      0.00       0  qemu-system-x86

# Time        UID       PID    %usr %system  %guest   %wait    %CPU   CPU  minflt/s  majflt/s     VSZ     RSS   %MEM   kB_rd/s   kB_wr/s kB_ccwr/s iodelay  Command
06:15:45    64055      4870    7.00    8.00  100.00    0.00    2.90    39   2424.00      0.00 59521256 33594400  17.09      0.00      0.00      0.00       0  qemu-system-x86

# Time        UID       PID    %usr %system  %guest   %wait    %CPU   CPU  minflt/s  majflt/s     VSZ     RSS   %MEM   kB_rd/s   kB_wr/s kB_ccwr/s iodelay  Command
06:15:46    64055      4870    2.00   37.00  100.00    0.00    3.50    39   2523.00      0.00 59521256 33594400  17.09      0.00 149556.00      0.00       0  qemu-system-x86

# Time        UID       PID    %usr %system  %guest   %wait    %CPU   CPU  minflt/s  majflt/s     VSZ     RSS   %MEM   kB_rd/s   kB_wr/s kB_ccwr/s iodelay  Command
06:15:47    64055      4870    3.00    4.00  100.00    0.00    2.90    39   2331.00      0.00 59521256 33594400  17.09      0.00      0.00      0.00       0  qemu-system-x86

# Time        UID       PID    %usr %system  %guest   %wait    %CPU   CPU  minflt/s  majflt/s     VSZ     RSS   %MEM   kB_rd/s   kB_wr/s kB_ccwr/s iodelay  Command
06:15:48    64055      4870    1.00    8.00  100.00    0.00    3.19    39   2442.00      0.00 59521256 33594400  17.09      0.00      0.00      0.00       0  qemu-system-x86

# Time        UID       PID    %usr %system  %guest   %wait    %CPU   CPU  minflt/s  majflt/s     VSZ     RSS   %MEM   kB_rd/s   kB_wr/s kB_ccwr/s iodelay  Command
06:15:49    64055      4870    4.00    3.00  100.00    0.00    2.69    39   2312.00      0.00 59521256 33594400  17.09      0.00    372.00      0.00       0  qemu-system-x86

# Time        UID       PID    %usr %system  %guest   %wait    %CPU   CPU  minflt/s  majflt/s     VSZ     RSS   %MEM   kB_rd/s   kB_wr/s kB_ccwr/s iodelay  Command
06:15:50    64055      4870    0.00    6.00  100.00    0.00    3.11    39   2387.00      0.00 59521256 33594400  17.09      0.00      0.00      0.00       0  qemu-system-x86

# Time        UID       PID    %usr %system  %guest   %wait    %CPU   CPU  minflt/s  majflt/s     VSZ     RSS   %MEM   kB_rd/s   kB_wr/s kB_ccwr/s iodelay  Command
06:15:51    64055      4870    0.00    9.00  100.00    0.00    2.92    39   4984.00      0.00 59521256 33594400  17.09      0.00   1468.00      0.00       0  qemu-system-x86

# Time        UID       PID    %usr %system  %guest   %wait    %CPU   CPU  minflt/s  majflt/s     VSZ     RSS   %MEM   kB_rd/s   kB_wr/s kB_ccwr/s iodelay  Command
06:15:52    64055      4870    4.00  100.00  100.00    0.00    5.30    39   2585.00      0.00 59578628 33594408  17.09      0.00 298056.00      0.00       0  qemu-system-x86

# Time        UID       PID    %usr %system  %guest   %wait    %CPU   CPU  minflt/s  majflt/s     VSZ     RSS   %MEM   kB_rd/s   kB_wr/s kB_ccwr/s iodelay  Command
06:15:53    64055      4870    0.00    5.00  100.00    0.00    2.92    39   2241.00      0.00 59578628 33594408  17.09      0.00      0.00      0.00       0  qemu-system-x86

# Time        UID       PID    %usr %system  %guest   %wait    %CPU   CPU  minflt/s  majflt/s     VSZ     RSS   %MEM   kB_rd/s   kB_wr/s kB_ccwr/s iodelay  Command
06:15:54    64055      4870    1.00    3.00  100.00    0.00    2.71    39   2504.00      0.00 59578628 33594408  17.09      0.00      0.00      0.00       0  qemu-system-x86

# Time        UID       PID    %usr %system  %guest   %wait    %CPU   CPU  minflt/s  majflt/s     VSZ     RSS   %MEM   kB_rd/s   kB_wr/s kB_ccwr/s iodelay  Command
06:15:55    64055      4870    1.98    6.93  100.00    0.00    2.90    39   2428.71      0.00 59578628 33594408  17.09      0.00      0.00      0.00       0  qemu-system-x86

# Time        UID       PID    %usr %system  %guest   %wait    %CPU   CPU  minflt/s  majflt/s     VSZ     RSS   %MEM   kB_rd/s   kB_wr/s kB_ccwr/s iodelay  Command
06:15:56    64055      4870    3.00   16.00  100.00    0.00    3.03    39   3527.00      0.00 59578628 33594408  17.09      0.00    384.00      0.00       0  qemu-system-x86

# Time        UID       PID    %usr %system  %guest   %wait    %CPU   CPU  minflt/s  majflt/s     VSZ     RSS   %MEM   kB_rd/s   kB_wr/s kB_ccwr/s iodelay  Command
06:15:57    64055      4870    0.00    6.00  100.00    0.00    2.77    39   3293.00      0.00 59578628 33594408  17.09      0.00      0.00      0.00       0  qemu-system-x86

# Time        UID       PID    %usr %system  %guest   %wait    %CPU   CPU  minflt/s  majflt/s     VSZ     RSS   %MEM   kB_rd/s   kB_wr/s kB_ccwr/s iodelay  Command
06:15:58    64055      4870    2.00    5.00  100.00    0.00    2.84    39   2858.00      0.00 59578628 33594408  17.09      0.00      0.00      0.00       0  qemu-system-x86

# Time        UID       PID    %usr %system  %guest   %wait    %CPU   CPU  minflt/s  majflt/s     VSZ     RSS   %MEM   kB_rd/s   kB_wr/s kB_ccwr/s iodelay  Command
06:15:59    64055      4870    6.00    3.00  100.00    0.00    3.07    39   2528.00      0.00 59578628 33594408  17.09      0.00      0.00      0.00       0  qemu-system-x86

# Time        UID       PID    %usr %system  %guest   %wait    %CPU   CPU  minflt/s  majflt/s     VSZ     RSS   %MEM   kB_rd/s   kB_wr/s kB_ccwr/s iodelay  Command
06:16:00    64055      4870    3.00    9.00  100.00    0.00    3.28    39   2616.00      0.00 59578628 33594408  17.09      0.00      0.00      0.00       0  qemu-system-x86

# Time        UID       PID    %usr %system  %guest   %wait    %CPU   CPU  minflt/s  majflt/s     VSZ     RSS   %MEM   kB_rd/s   kB_wr/s kB_ccwr/s iodelay  Command
06:16:01    64055      4870    6.00    5.00  100.00    0.00    2.84    39   2492.00      0.00 59578628 33594408  17.09      0.00    344.00      0.00       0  qemu-system-x86

# Time        UID       PID    %usr %system  %guest   %wait    %CPU   CPU  minflt/s  majflt/s     VSZ     RSS   %MEM   kB_rd/s   kB_wr/s kB_ccwr/s iodelay  Command
06:16:02    64055      4870    1.00    4.00  100.00    0.00    2.90    39   2259.00      0.00 59545844 33594376  17.09      0.00      0.00      0.00       0  qemu-system-x86

# Time        UID       PID    %usr %system  %guest   %wait    %CPU   CPU  minflt/s  majflt/s     VSZ     RSS   %MEM   kB_rd/s   kB_wr/s kB_ccwr/s iodelay  Command
06:16:03    64055      4870    1.00    5.00  100.00    0.00    2.75    39   2437.00      0.00 59545844 33594376  17.09      0.00      0.00      0.00       0  qemu-system-x86

# Time        UID       PID    %usr %system  %guest   %wait    %CPU   CPU  minflt/s  majflt/s     VSZ     RSS   %MEM   kB_rd/s   kB_wr/s kB_ccwr/s iodelay  Command
06:16:04    64055      4870    3.00    2.00  100.00    0.00    3.00    39   2425.00      0.00 59545844 33594376  17.09      0.00      0.00      0.00       0  qemu-system-x86

# Time        UID       PID    %usr %system  %guest   %wait    %CPU   CPU  minflt/s  majflt/s     VSZ     RSS   %MEM   kB_rd/s   kB_wr/s kB_ccwr/s iodelay  Command
06:16:05    64055      4870    0.00    5.00  100.00    0.00    3.11    39   2323.00      0.00 59545844 33594376  17.09      0.00      0.00      0.00       0  qemu-system-x86

# Time        UID       PID    %usr %system  %guest   %wait    %CPU   CPU  minflt/s  majflt/s     VSZ     RSS   %MEM   kB_rd/s   kB_wr/s kB_ccwr/s iodelay  Command
06:16:06    64055      4870    6.00    5.00  100.00    0.00    2.76    39   2371.00      0.00 59545844 33594376  17.09      0.00    340.00      0.00       0  qemu-system-x86

# Time        UID       PID    %usr %system  %guest   %wait    %CPU   CPU  minflt/s  majflt/s     VSZ     RSS   %MEM   kB_rd/s   kB_wr/s kB_ccwr/s iodelay  Command
06:16:07    64055      4870    5.00    6.00  100.00    0.00    2.82    39   2253.00      0.00 59545844 33594376  17.09      0.00      0.00      0.00       0  qemu-system-x86

# Time        UID       PID    %usr %system  %guest   %wait    %CPU   CPU  minflt/s  majflt/s     VSZ     RSS   %MEM   kB_rd/s   kB_wr/s kB_ccwr/s iodelay  Command
06:16:08    64055      4870    0.00    4.00  100.00    0.00    2.94    39   2271.00      0.00 59545844 33594376  17.09      0.00      0.00      0.00       0  qemu-system-x86

# Time        UID       PID    %usr %system  %guest   %wait    %CPU   CPU  minflt/s  majflt/s     VSZ     RSS   %MEM   kB_rd/s   kB_wr/s kB_ccwr/s iodelay  Command
06:16:09    64055      4870    0.00    3.00  100.00    0.00    2.79    39   2525.00      0.00 59545844 33594376  17.09      0.00      0.00      0.00       0  qemu-system-x86

# Time        UID       PID    %usr %system  %guest   %wait    %CPU   CPU  minflt/s  majflt/s     VSZ     RSS   %MEM   kB_rd/s   kB_wr/s kB_ccwr/s iodelay  Command
06:16:10    64055      4870    4.00    5.00  100.00    0.00    2.94    39   2344.00      0.00 59545844 33594376  17.09      0.00      0.00      0.00       0  qemu-system-x86

# Time        UID       PID    %usr %system  %guest   %wait    %CPU   CPU  minflt/s  majflt/s     VSZ     RSS   %MEM   kB_rd/s   kB_wr/s kB_ccwr/s iodelay  Command
06:16:11    64055      4870    0.00    7.00  100.00    0.00    2.88    39   2447.00      0.00 59545844 33594376  17.09      0.00    340.00      0.00       0  qemu-system-x86

# Time        UID       PID    %usr %system  %guest   %wait    %CPU   CPU  minflt/s  majflt/s     VSZ     RSS   %MEM   kB_rd/s   kB_wr/s kB_ccwr/s iodelay  Command
06:16:12    64055      4870    2.00    5.00  100.00    0.00    3.26    39   2581.00      0.00 59545844 33594376  17.09      0.00      0.00      0.00       0  qemu-system-x86

# Time        UID       PID    %usr %system  %guest   %wait    %CPU   CPU  minflt/s  majflt/s     VSZ     RSS   %MEM   kB_rd/s   kB_wr/s kB_ccwr/s iodelay  Command
06:16:13    64055      4870    2.00    4.00  100.00    0.00    3.17    39   2238.00      0.00 59545844 33594376  17.09      0.00      0.00      0.00       0  qemu-system-x86

# Time        UID       PID    %usr %system  %guest   %wait    %CPU   CPU  minflt/s  majflt/s     VSZ     RSS   %MEM   kB_rd/s   kB_wr/s kB_ccwr/s iodelay  Command
06:16:14    64055      4870    0.00    5.00  100.00    0.00    2.71    39   2390.00      0.00 59545844 33594376  17.09      0.00      0.00      0.00       0  qemu-system-x86

# Time        UID       PID    %usr %system  %guest   %wait    %CPU   CPU  minflt/s  majflt/s     VSZ     RSS   %MEM   kB_rd/s   kB_wr/s kB_ccwr/s iodelay  Command
06:16:15    64055      4870    2.00    4.00  100.00    0.00    2.81    39   2746.00      0.00 59545844 33594376  17.09      0.00      0.00      0.00       0  qemu-system-x86

# Time        UID       PID    %usr %system  %guest   %wait    %CPU   CPU  minflt/s  majflt/s     VSZ     RSS   %MEM   kB_rd/s   kB_wr/s kB_ccwr/s iodelay  Command
06:16:16    64055      4870    0.00    7.00  100.00    0.00    2.86    39   1965.00      0.00 59545844 33594376  17.09      0.00    348.00      0.00       0  qemu-system-x86

# Time        UID       PID    %usr %system  %guest   %wait    %CPU   CPU  minflt/s  majflt/s     VSZ     RSS   %MEM   kB_rd/s   kB_wr/s kB_ccwr/s iodelay  Command
06:16:17    64055      4870    0.00   10.00  100.00    0.00    2.86    39   2232.00      0.00 59545844 33594376  17.09      0.00  35956.00      0.00       0  qemu-system-x86

# Time        UID       PID    %usr %system  %guest   %wait    %CPU   CPU  minflt/s  majflt/s     VSZ     RSS   %MEM   kB_rd/s   kB_wr/s kB_ccwr/s iodelay  Command
06:16:18    64055      4870    2.00   20.00  100.00    0.00    3.17    39   3221.00      0.00 59545844 33594376  17.09      0.00  38752.00      0.00       0  qemu-system-x86

# Time        UID       PID    %usr %system  %guest   %wait    %CPU   CPU  minflt/s  majflt/s     VSZ     RSS   %MEM   kB_rd/s   kB_wr/s kB_ccwr/s iodelay  Command
06:16:19    64055      4870    0.00    7.00  100.00    0.00    2.86    39   3605.00      0.00 59545844 33594376  17.09      0.00      0.00      0.00       0  qemu-system-x86

# Time        UID       PID    %usr %system  %guest   %wait    %CPU   CPU  minflt/s  majflt/s     VSZ     RSS   %MEM   kB_rd/s   kB_wr/s kB_ccwr/s iodelay  Command
06:16:20    64055      4870    2.00    3.00  100.00    0.00    2.75    39   2555.00      0.00 59545844 33594376  17.09      0.00      0.00      0.00       0  qemu-system-x86

# Time        UID       PID    %usr %system  %guest   %wait    %CPU   CPU  minflt/s  majflt/s     VSZ     RSS   %MEM   kB_rd/s   kB_wr/s kB_ccwr/s iodelay  Command
06:16:21    64055      4870    0.00    9.00  100.00    0.00    2.90    39   2293.00      0.00 59545844 33594376  17.09      0.00    396.00      0.00       0  qemu-system-x86

# Time        UID       PID    %usr %system  %guest   %wait    %CPU   CPU  minflt/s  majflt/s     VSZ     RSS   %MEM   kB_rd/s   kB_wr/s kB_ccwr/s iodelay  Command
06:16:22    64055      4870    2.00    4.00  100.00    0.00    3.11    39   2444.00      0.00 59545844 33594376  17.09      0.00      0.00      0.00       0  qemu-system-x86

# Time        UID       PID    %usr %system  %guest   %wait    %CPU   CPU  minflt/s  majflt/s     VSZ     RSS   %MEM   kB_rd/s   kB_wr/s kB_ccwr/s iodelay  Command
06:16:23    64055      4870    7.00   61.00  100.00    0.00    4.11    39   3215.00      0.00 59545844 33594376  17.09      0.00 223448.00      0.00       0  qemu-system-x86

# Time        UID       PID    %usr %system  %guest   %wait    %CPU   CPU  minflt/s  majflt/s     VSZ     RSS   %MEM   kB_rd/s   kB_wr/s kB_ccwr/s iodelay  Command
06:16:24    64055      4870    0.00    7.00  100.00    0.00    2.88    27   3131.00      0.00 59545844 33594376  17.09   1200.00      0.00      0.00       0  qemu-system-x86

# Time        UID       PID    %usr %system  %guest   %wait    %CPU   CPU  minflt/s  majflt/s     VSZ     RSS   %MEM   kB_rd/s   kB_wr/s kB_ccwr/s iodelay  Command
06:16:25    64055      4870    4.00    8.00  100.00    0.00   10.28    27   2866.00      0.00 59545844 33594376  17.09      0.00   1884.00      0.00       0  qemu-system-x86

# Time        UID       PID    %usr %system  %guest   %wait    %CPU   CPU  minflt/s  majflt/s     VSZ     RSS   %MEM   kB_rd/s   kB_wr/s kB_ccwr/s iodelay  Command
06:16:26    64055      4870    2.00    2.00  100.00    0.00    3.17    27     28.00      0.00 59545844 33594376  17.09      0.00    428.00      0.00       0  qemu-system-x86

# Time        UID       PID    %usr %system  %guest   %wait    %CPU   CPU  minflt/s  majflt/s     VSZ     RSS   %MEM   kB_rd/s   kB_wr/s kB_ccwr/s iodelay  Command
06:16:27    64055      4870    6.00   29.00  100.00    0.00    7.71    27  19458.00      0.00 59545844 33594376  17.09      0.00      8.00      0.00       0  qemu-system-x86

# Time        UID       PID    %usr %system  %guest   %wait    %CPU   CPU  minflt/s  majflt/s     VSZ     RSS   %MEM   kB_rd/s   kB_wr/s kB_ccwr/s iodelay  Command
06:16:28    64055      4870    2.00   96.00  100.00    0.00    4.72    21   2148.00      0.00 59652392 33594376  17.09      0.00 261156.00      0.00       0  qemu-system-x86

# Time        UID       PID    %usr %system  %guest   %wait    %CPU   CPU  minflt/s  majflt/s     VSZ     RSS   %MEM   kB_rd/s   kB_wr/s kB_ccwr/s iodelay  Command
06:16:29    64055      4870    0.00   20.00  100.00    0.00   16.40    21  28268.00      0.00 59652392 33594376  17.09      0.00      4.00      0.00       0  qemu-system-x86

# Time        UID       PID    %usr %system  %guest   %wait    %CPU   CPU  minflt/s  majflt/s     VSZ     RSS   %MEM   kB_rd/s   kB_wr/s kB_ccwr/s iodelay  Command
06:16:30    64055      4870    3.00   24.00  100.00    0.00    3.16    43   8341.00      0.00 59652392 33594376  17.09      0.00     12.00      0.00       0  qemu-system-x86

# Time        UID       PID    %usr %system  %guest   %wait    %CPU   CPU  minflt/s  majflt/s     VSZ     RSS   %MEM   kB_rd/s   kB_wr/s kB_ccwr/s iodelay  Command
06:16:31    64055      4870    1.00    2.00  100.00    0.00    2.38    43    212.00      0.00 59652392 33594376  17.09      0.00      0.00      0.00       0  qemu-system-x86

# Time        UID       PID    %usr %system  %guest   %wait    %CPU   CPU  minflt/s  majflt/s     VSZ     RSS   %MEM   kB_rd/s   kB_wr/s kB_ccwr/s iodelay  Command
06:16:32    64055      4870    6.00   17.00  100.00    0.00    6.98    43   7327.00      0.00 59652392 33594376  17.09      0.00     92.00      0.00       0  qemu-system-x86

# Time        UID       PID    %usr %system  %guest   %wait    %CPU   CPU  minflt/s  majflt/s     VSZ     RSS   %MEM   kB_rd/s   kB_wr/s kB_ccwr/s iodelay  Command
06:16:33    64055      4870    0.00   92.00  100.00    0.00    6.02     9   2662.00      0.00 59660588 33594376  17.09      0.00 149772.00      0.00       0  qemu-system-x86

# Time        UID       PID    %usr %system  %guest   %wait    %CPU   CPU  minflt/s  majflt/s     VSZ     RSS   %MEM   kB_rd/s   kB_wr/s kB_ccwr/s iodelay  Command
06:16:34    64055      4870    5.00  100.00  100.00    0.00    7.42     9   8583.00      0.00 59676980 33594388  17.09      0.00  73816.00      0.00       0  qemu-system-x86

# Time        UID       PID    %usr %system  %guest   %wait    %CPU   CPU  minflt/s  majflt/s     VSZ     RSS   %MEM   kB_rd/s   kB_wr/s kB_ccwr/s iodelay  Command
06:16:35    64055      4870    3.00    6.00  100.00    0.00    3.92     9   2599.00      0.00 59676980 33594388  17.09      0.00      4.00      0.00       0  qemu-system-x86

# Time        UID       PID    %usr %system  %guest   %wait    %CPU   CPU  minflt/s  majflt/s     VSZ     RSS   %MEM   kB_rd/s   kB_wr/s kB_ccwr/s iodelay  Command
06:16:36    64055      4870    5.00   24.00  100.00    0.00    3.95     9   7197.00      0.00 59676980 33594388  17.09      0.00      4.00      0.00       0  qemu-system-x86

# Time        UID       PID    %usr %system  %guest   %wait    %CPU   CPU  minflt/s  majflt/s     VSZ     RSS   %MEM   kB_rd/s   kB_wr/s kB_ccwr/s iodelay  Command
06:16:37    64055      4870    3.00    3.00  100.00    0.00    4.17     9    479.00      0.00 59676980 33594388  17.09      0.00     84.00      0.00       0  qemu-system-x86

# Time        UID       PID    %usr %system  %guest   %wait    %CPU   CPU  minflt/s  majflt/s     VSZ     RSS   %MEM   kB_rd/s   kB_wr/s kB_ccwr/s iodelay  Command
06:16:38    64055      4870    4.00   19.00  100.00    0.00    6.29     6   8671.00      0.00 59676980 33594388  17.09      0.00      8.00      0.00       0  qemu-system-x86

# Time        UID       PID    %usr %system  %guest   %wait    %CPU   CPU  minflt/s  majflt/s     VSZ     RSS   %MEM   kB_rd/s   kB_wr/s kB_ccwr/s iodelay  Command
06:16:39    64055      4870    0.00  100.00  100.00    0.00    5.94     3   3339.00      0.00 59676980 33594508  17.09      0.00 260836.00      0.00       0  qemu-system-x86

# Time        UID       PID    %usr %system  %guest   %wait    %CPU   CPU  minflt/s  majflt/s     VSZ     RSS   %MEM   kB_rd/s   kB_wr/s kB_ccwr/s iodelay  Command
06:16:40    64055      4870    2.00   22.00  100.00    0.00    4.97     3  10971.00      0.00 59676980 33594508  17.09      0.00      0.00      0.00       0  qemu-system-x86

# Time        UID       PID    %usr %system  %guest   %wait    %CPU   CPU  minflt/s  majflt/s     VSZ     RSS   %MEM   kB_rd/s   kB_wr/s kB_ccwr/s iodelay  Command
06:16:41    64055      4870    2.00    2.00  100.00    0.00    3.44     3    254.00      0.00 59676980 33594508  17.09      0.00      0.00      0.00       0  qemu-system-x86

# Time        UID       PID    %usr %system  %guest   %wait    %CPU   CPU  minflt/s  majflt/s     VSZ     RSS   %MEM   kB_rd/s   kB_wr/s kB_ccwr/s iodelay  Command
06:16:42    64055      4870    5.00   23.00  100.00    0.00   16.88    32  26606.00      0.00 59676980 33594508  17.09      0.00      8.00      0.00       0  qemu-system-x86

# Time        UID       PID    %usr %system  %guest   %wait    %CPU   CPU  minflt/s  majflt/s     VSZ     RSS   %MEM   kB_rd/s   kB_wr/s kB_ccwr/s iodelay  Command
06:16:43    64055      4870    2.00    6.00  100.00    0.00    4.57     7   3077.00      0.00 59676980 33594508  17.09      0.00     84.00      0.00       0  qemu-system-x86

# Time        UID       PID    %usr %system  %guest   %wait    %CPU   CPU  minflt/s  majflt/s     VSZ     RSS   %MEM   kB_rd/s   kB_wr/s kB_ccwr/s iodelay  Command
06:16:44    64055      4870    0.00  100.00  100.00    0.00    6.86    11   4454.00      0.00 59676980 33594520  17.09      0.00 260848.00      0.00       0  qemu-system-x86

# Time        UID       PID    %usr %system  %guest   %wait    %CPU   CPU  minflt/s  majflt/s     VSZ     RSS   %MEM   kB_rd/s   kB_wr/s kB_ccwr/s iodelay  Command
06:16:45    64055      4870    4.00   22.00  100.00    0.00    3.47    11   6256.00      0.00 59676980 33594520  17.09      0.00      0.00      0.00       0  qemu-system-x86

# Time        UID       PID    %usr %system  %guest   %wait    %CPU   CPU  minflt/s  majflt/s     VSZ     RSS   %MEM   kB_rd/s   kB_wr/s kB_ccwr/s iodelay  Command
06:16:46    64055      4870    0.00    3.00  100.00    0.00    2.92    11    483.00      0.00 59676980 33594520  17.09      0.00      0.00      0.00       0  qemu-system-x86

# Time        UID       PID    %usr %system  %guest   %wait    %CPU   CPU  minflt/s  majflt/s     VSZ     RSS   %MEM   kB_rd/s   kB_wr/s kB_ccwr/s iodelay  Command
06:16:47    64055      4870    2.00   17.00  100.00    0.00    7.68    11   6955.00      0.00 59676980 33594520  17.09      0.00      8.00      0.00       0  qemu-system-x86

# Time        UID       PID    %usr %system  %guest   %wait    %CPU   CPU  minflt/s  majflt/s     VSZ     RSS   %MEM   kB_rd/s   kB_wr/s kB_ccwr/s iodelay  Command
06:16:48    64055      4870    5.00    9.00  100.00    0.00    4.78    11   3243.00      0.00 59676980 33594520  17.09      0.00     88.00      0.00       0  qemu-system-x86

# Time        UID       PID    %usr %system  %guest   %wait    %CPU   CPU  minflt/s  majflt/s     VSZ     RSS   %MEM   kB_rd/s   kB_wr/s kB_ccwr/s iodelay  Command
06:16:49    64055      4870    0.00   12.00  100.00    0.00    3.39    29    325.00      0.00 59676980 33594520  17.09      0.00  42388.00      0.00       0  qemu-system-x86

# Time        UID       PID    %usr %system  %guest   %wait    %CPU   CPU  minflt/s  majflt/s     VSZ     RSS   %MEM   kB_rd/s   kB_wr/s kB_ccwr/s iodelay  Command
06:16:50    64055      4870    4.00   78.00  100.00    0.00    5.14    29   6860.00      0.00 59676980 33594520  17.09      0.00 181356.00      0.00       0  qemu-system-x86

# Time        UID       PID    %usr %system  %guest   %wait    %CPU   CPU  minflt/s  majflt/s     VSZ     RSS   %MEM   kB_rd/s   kB_wr/s kB_ccwr/s iodelay  Command
06:16:51    64055      4870    0.00   14.00  100.00    0.00    5.15    21   6006.00      0.00 59676980 33594520  17.09      0.00   1228.00      0.00       0  qemu-system-x86

# Time        UID       PID    %usr %system  %guest   %wait    %CPU   CPU  minflt/s  majflt/s     VSZ     RSS   %MEM   kB_rd/s   kB_wr/s kB_ccwr/s iodelay  Command
06:16:52    64055      4870    0.00    3.00  100.00    0.00    4.21    21   3380.00      0.00 59676980 33594520  17.09      0.00      0.00      0.00       0  qemu-system-x86

# Time        UID       PID    %usr %system  %guest   %wait    %CPU   CPU  minflt/s  majflt/s     VSZ     RSS   %MEM   kB_rd/s   kB_wr/s kB_ccwr/s iodelay  Command
06:16:53    64055      4870    0.00   22.00  100.00    0.00   13.69     0   7093.00      0.00 59676980 33594520  17.09      0.00      4.00      0.00       0  qemu-system-x86

# Time        UID       PID    %usr %system  %guest   %wait    %CPU   CPU  minflt/s  majflt/s     VSZ     RSS   %MEM   kB_rd/s   kB_wr/s kB_ccwr/s iodelay  Command
06:16:54    64055      4870    0.00    8.00  100.00    0.00    3.69     0   1331.00      0.00 59676980 33594520  17.09      0.00      0.00      0.00       0  qemu-system-x86

# Time        UID       PID    %usr %system  %guest   %wait    %CPU   CPU  minflt/s  majflt/s     VSZ     RSS   %MEM   kB_rd/s   kB_wr/s kB_ccwr/s iodelay  Command
06:16:55    64055      4870    4.00  100.00  100.00    0.00    8.53     0   9547.00      0.00 59676980 33594520  17.09      0.00 246252.00      0.00       0  qemu-system-x86

# Time        UID       PID    %usr %system  %guest   %wait    %CPU   CPU  minflt/s  majflt/s     VSZ     RSS   %MEM   kB_rd/s   kB_wr/s kB_ccwr/s iodelay  Command
06:16:56    64055      4870    2.00   18.00  100.00    0.00    4.80     0   4364.00      0.00 59676980 33594520  17.09      0.00    100.00      0.00       0  qemu-system-x86

# Time        UID       PID    %usr %system  %guest   %wait    %CPU   CPU  minflt/s  majflt/s     VSZ     RSS   %MEM   kB_rd/s   kB_wr/s kB_ccwr/s iodelay  Command
06:16:57    64055      4870    6.00   14.00  100.00    0.00    5.22     0   8433.00      0.00 59676980 33594520  17.09      0.00     12.00      0.00       0  qemu-system-x86

# Time        UID       PID    %usr %system  %guest   %wait    %CPU   CPU  minflt/s  majflt/s     VSZ     RSS   %MEM   kB_rd/s   kB_wr/s kB_ccwr/s iodelay  Command
06:16:58    64055      4870    7.00   20.00  100.00    0.00    5.06    39  14391.00      0.00 59676980 33594520  17.09      0.00      8.00      0.00       0  qemu-system-x86

# Time        UID       PID    %usr %system  %guest   %wait    %CPU   CPU  minflt/s  majflt/s     VSZ     RSS   %MEM   kB_rd/s   kB_wr/s kB_ccwr/s iodelay  Command
06:16:59    64055      4870    3.00    8.00  100.00    0.00   13.59    39  16028.00      0.00 59676980 33594520  17.09      0.00      0.00      0.00       0  qemu-system-x86

# Time        UID       PID    %usr %system  %guest   %wait    %CPU   CPU  minflt/s  majflt/s     VSZ     RSS   %MEM   kB_rd/s   kB_wr/s kB_ccwr/s iodelay  Command
06:17:00    64055      4870    0.00   50.00  100.00    0.00    4.42    10   4191.00      0.00 59676980 33594520  17.09      0.00 132104.00      0.00       0  qemu-system-x86

# Time        UID       PID    %usr %system  %guest   %wait    %CPU   CPU  minflt/s  majflt/s     VSZ     RSS   %MEM   kB_rd/s   kB_wr/s kB_ccwr/s iodelay  Command
06:17:01    64055      4870    3.00   17.00  100.00    0.00    4.69    47   5848.00      0.00 59676980 33594520  17.09      0.00     84.00      0.00       0  qemu-system-x86

# Time        UID       PID    %usr %system  %guest   %wait    %CPU   CPU  minflt/s  majflt/s     VSZ     RSS   %MEM   kB_rd/s   kB_wr/s kB_ccwr/s iodelay  Command
06:17:02    64055      4870    2.00    4.00  100.00    0.00    3.82    47    696.00      0.00 59676980 33594520  17.09      0.00      0.00      0.00       0  qemu-system-x86

# Time        UID       PID    %usr %system  %guest   %wait    %CPU   CPU  minflt/s  majflt/s     VSZ     RSS   %MEM   kB_rd/s   kB_wr/s kB_ccwr/s iodelay  Command
06:17:03    64055      4870    3.00   20.00  100.00    0.00    7.49    47   9455.00      0.00 59676980 33594520  17.09      0.00      4.00      0.00       0  qemu-system-x86

# Time        UID       PID    %usr %system  %guest   %wait    %CPU   CPU  minflt/s  majflt/s     VSZ     RSS   %MEM   kB_rd/s   kB_wr/s kB_ccwr/s iodelay  Command
06:17:04    64055      4870    1.00    5.00  100.00    0.00    4.05    47   1509.00      0.00 59676980 33594520  17.09      0.00      0.00      0.00       0  qemu-system-x86

# Time        UID       PID    %usr %system  %guest   %wait    %CPU   CPU  minflt/s  majflt/s     VSZ     RSS   %MEM   kB_rd/s   kB_wr/s kB_ccwr/s iodelay  Command
06:17:05    64055      4870    0.00   13.00  100.00    0.00   15.30    47   5964.00      0.00 59676980 33594520  17.09      0.00      8.00      0.00       0  qemu-system-x86

# Time        UID       PID    %usr %system  %guest   %wait    %CPU   CPU  minflt/s  majflt/s     VSZ     RSS   %MEM   kB_rd/s   kB_wr/s kB_ccwr/s iodelay  Command
06:17:06    64055      4870    0.00   70.00  100.00    0.00    5.28    33   2705.00      0.00 59734352 33594520  17.09      0.00 132292.00      0.00       0  qemu-system-x86

# Time        UID       PID    %usr %system  %guest   %wait    %CPU   CPU  minflt/s  majflt/s     VSZ     RSS   %MEM   kB_rd/s   kB_wr/s kB_ccwr/s iodelay  Command
06:17:07    64055      4870    1.00   29.00  100.00    0.00    5.49    36   8992.00      0.00 59734352 33594520  17.09      0.00     92.00      0.00       0  qemu-system-x86

# Time        UID       PID    %usr %system  %guest   %wait    %CPU   CPU  minflt/s  majflt/s     VSZ     RSS   %MEM   kB_rd/s   kB_wr/s kB_ccwr/s iodelay  Command
06:17:08    64055      4870    5.00    4.00  100.00    0.00    5.14    36    192.00      0.00 59734352 33594520  17.09      0.00      0.00      0.00       0  qemu-system-x86

# Time        UID       PID    %usr %system  %guest   %wait    %CPU   CPU  minflt/s  majflt/s     VSZ     RSS   %MEM   kB_rd/s   kB_wr/s kB_ccwr/s iodelay  Command
06:17:09    64055      4870   10.00   16.00  100.00    0.00    6.21    23   8889.00      0.00 59734352 33594520  17.09      0.00      8.00      0.00       0  qemu-system-x86

# Time        UID       PID    %usr %system  %guest   %wait    %CPU   CPU  minflt/s  majflt/s     VSZ     RSS   %MEM   kB_rd/s   kB_wr/s kB_ccwr/s iodelay  Command
06:17:10    64055      4870    0.00    4.00  100.00    0.00    3.96    23   1358.00      0.00 59734352 33594520  17.09      0.00      0.00      0.00       0  qemu-system-x86

# Time        UID       PID    %usr %system  %guest   %wait    %CPU   CPU  minflt/s  majflt/s     VSZ     RSS   %MEM   kB_rd/s   kB_wr/s kB_ccwr/s iodelay  Command
06:17:11    64055      4870    6.00   89.00  100.00    0.00    7.31    23   7858.00      0.00 59734352 33594520  17.09      0.00 198164.00      0.00       0  qemu-system-x86

# Time        UID       PID    %usr %system  %guest   %wait    %CPU   CPU  minflt/s  majflt/s     VSZ     RSS   %MEM   kB_rd/s   kB_wr/s kB_ccwr/s iodelay  Command
06:17:12    64055      4870    3.00   14.00  100.00    0.00    6.35    23  13580.00      0.00 59734352 33594520  17.09      0.00     72.00      0.00       0  qemu-system-x86

# Time        UID       PID    %usr %system  %guest   %wait    %CPU   CPU  minflt/s  majflt/s     VSZ     RSS   %MEM   kB_rd/s   kB_wr/s kB_ccwr/s iodelay  Command
06:17:13    64055      4870    0.00   30.00  100.00    0.00   11.77    43  11109.00      0.00 59734352 33594520  17.09      0.00      8.00      0.00       0  qemu-system-x86

# Time        UID       PID    %usr %system  %guest   %wait    %CPU   CPU  minflt/s  majflt/s     VSZ     RSS   %MEM   kB_rd/s   kB_wr/s kB_ccwr/s iodelay  Command
06:17:14    64055      4870    7.00    2.00  100.00    0.00    3.03    43    238.00      0.00 59734352 33594520  17.09      0.00      0.00      0.00       0  qemu-system-x86

# Time        UID       PID    %usr %system  %guest   %wait    %CPU   CPU  minflt/s  majflt/s     VSZ     RSS   %MEM   kB_rd/s   kB_wr/s kB_ccwr/s iodelay  Command
06:17:15    64055      4870    3.00   19.00  100.00    0.00    6.81    43  10125.00      0.00 59734352 33594520  17.09      0.00      4.00      0.00       0  qemu-system-x86

# Time        UID       PID    %usr %system  %guest   %wait    %CPU   CPU  minflt/s  majflt/s     VSZ     RSS   %MEM   kB_rd/s   kB_wr/s kB_ccwr/s iodelay  Command
06:17:16    64055      4870    3.00   47.00  100.00    0.00    4.15    43   4405.00      0.00 59734352 33594532  17.09      0.00 132104.00      0.00       0  qemu-system-x86

# Time        UID       PID    %usr %system  %guest   %wait    %CPU   CPU  minflt/s  majflt/s     VSZ     RSS   %MEM   kB_rd/s   kB_wr/s kB_ccwr/s iodelay  Command
06:17:17    64055      4870    2.00   20.00  100.00    0.00    5.39    43   5979.00      0.00 59734352 33594532  17.09      0.00     72.00      0.00       0  qemu-system-x86

# Time        UID       PID    %usr %system  %guest   %wait    %CPU   CPU  minflt/s  majflt/s     VSZ     RSS   %MEM   kB_rd/s   kB_wr/s kB_ccwr/s iodelay  Command
06:17:18    64055      4870    2.00   12.00  100.00    0.00    4.28    43   3987.00      0.00 59734352 33594532  17.09      0.00      0.00      0.00       0  qemu-system-x86

# Time        UID       PID    %usr %system  %guest   %wait    %CPU   CPU  minflt/s  majflt/s     VSZ     RSS   %MEM   kB_rd/s   kB_wr/s kB_ccwr/s iodelay  Command
06:17:19    64055      4870    0.00   11.00  100.00    0.00    5.46    39   4592.00      0.00 59734352 33594532  17.09      0.00      8.00      0.00       0  qemu-system-x86

# Time        UID       PID    %usr %system  %guest   %wait    %CPU   CPU  minflt/s  majflt/s     VSZ     RSS   %MEM   kB_rd/s   kB_wr/s kB_ccwr/s iodelay  Command
06:17:20    64055      4870    1.00    4.00  100.00    0.00    7.07    39   1350.00      0.00 59734352 33594532  17.09      0.00      0.00      0.00       0  qemu-system-x86

# Time        UID       PID    %usr %system  %guest   %wait    %CPU   CPU  minflt/s  majflt/s     VSZ     RSS   %MEM   kB_rd/s   kB_wr/s kB_ccwr/s iodelay  Command
06:17:21    64055      4870    4.00   33.00  100.00    0.00   13.82    11   9509.00      0.00 59734352 33594532  17.09      0.00  44824.00      0.00       0  qemu-system-x86

# Time        UID       PID    %usr %system  %guest   %wait    %CPU   CPU  minflt/s  majflt/s     VSZ     RSS   %MEM   kB_rd/s   kB_wr/s kB_ccwr/s iodelay  Command
06:17:22    64055      4870    3.00   77.00  100.00    0.00    6.26    11    959.00      0.00 59734352 33594544  17.09      0.00 153504.00      0.00       0  qemu-system-x86

# Time        UID       PID    %usr %system  %guest   %wait    %CPU   CPU  minflt/s  majflt/s     VSZ     RSS   %MEM   kB_rd/s   kB_wr/s kB_ccwr/s iodelay  Command
06:17:23    64055      4870    4.00   22.00   99.00    0.00    2.61    28   5057.00      0.00 59734352 33594544  17.09      0.00    108.00      0.00       0  qemu-system-x86

# Time        UID       PID    %usr %system  %guest   %wait    %CPU   CPU  minflt/s  majflt/s     VSZ     RSS   %MEM   kB_rd/s   kB_wr/s kB_ccwr/s iodelay  Command
06:17:24    64055      4870    2.00    9.00  100.00    0.00    5.11     7   5107.00      0.00 59734352 33594544  17.09      0.00      4.00      0.00       0  qemu-system-x86

# Time        UID       PID    %usr %system  %guest   %wait    %CPU   CPU  minflt/s  majflt/s     VSZ     RSS   %MEM   kB_rd/s   kB_wr/s kB_ccwr/s iodelay  Command
06:17:25    64055      4870    4.00   17.00  100.00    0.00    5.78     7   7457.00      0.00 59734352 33594544  17.09      0.00      8.00      0.00       0  qemu-system-x86

# Time        UID       PID    %usr %system  %guest   %wait    %CPU   CPU  minflt/s  majflt/s     VSZ     RSS   %MEM   kB_rd/s   kB_wr/s kB_ccwr/s iodelay  Command
06:17:26    64055      4870    3.00    0.00  100.00    0.00    3.09     7    216.00      0.00 59734352 33594544  17.09      0.00      0.00      0.00       0  qemu-system-x86

# Time        UID       PID    %usr %system  %guest   %wait    %CPU   CPU  minflt/s  majflt/s     VSZ     RSS   %MEM   kB_rd/s   kB_wr/s kB_ccwr/s iodelay  Command
06:17:27    64055      4870    0.00  100.00  100.00    0.00    6.30    17  10247.00      0.00 59734352 33594592  17.09      0.00 198164.00      0.00       0  qemu-system-x86

# Time        UID       PID    %usr %system  %guest   %wait    %CPU   CPU  minflt/s  majflt/s     VSZ     RSS   %MEM   kB_rd/s   kB_wr/s kB_ccwr/s iodelay  Command
06:17:28    64055      4870    8.00    6.00  100.00    0.00    4.72     9   1514.00      0.00 59734352 33594592  17.09      0.00     80.00      0.00       0  qemu-system-x86

# Time        UID       PID    %usr %system  %guest   %wait    %CPU   CPU  minflt/s  majflt/s     VSZ     RSS   %MEM   kB_rd/s   kB_wr/s kB_ccwr/s iodelay  Command
06:17:29    64055      4870    2.00    8.00  100.00    0.00   11.86     9   7121.00      0.00 59734352 33594592  17.09      0.00      0.00      0.00       0  qemu-system-x86

# Time        UID       PID    %usr %system  %guest   %wait    %CPU   CPU  minflt/s  majflt/s     VSZ     RSS   %MEM   kB_rd/s   kB_wr/s kB_ccwr/s iodelay  Command
06:17:30    64055      4870   10.00   15.00  100.00    0.00    6.56    38   8281.00      0.00 59734352 33594592  17.09      0.00      8.00      0.00       0  qemu-system-x86

# Time        UID       PID    %usr %system  %guest   %wait    %CPU   CPU  minflt/s  majflt/s     VSZ     RSS   %MEM   kB_rd/s   kB_wr/s kB_ccwr/s iodelay  Command
06:17:31    64055      4870    0.00    8.00  100.00    0.00    2.84    38   2478.00      0.00 59734352 33594592  17.09      0.00      0.00      0.00       0  qemu-system-x86

# Time        UID       PID    %usr %system  %guest   %wait    %CPU   CPU  minflt/s  majflt/s     VSZ     RSS   %MEM   kB_rd/s   kB_wr/s kB_ccwr/s iodelay  Command
06:17:32    64055      4870    8.00   85.00  100.00    1.00    8.88    47  10620.00      0.00 59734352 33594592  17.09      0.00 132304.00      0.00       0  qemu-system-x86

# Time        UID       PID    %usr %system  %guest   %wait    %CPU   CPU  minflt/s  majflt/s     VSZ     RSS   %MEM   kB_rd/s   kB_wr/s kB_ccwr/s iodelay  Command
06:17:33    64055      4870    0.00   19.00  100.00    0.00    6.20    14   4168.00      0.00 59734352 33594592  17.09      0.00      8.00      0.00       0  qemu-system-x86

# Time        UID       PID    %usr %system  %guest   %wait    %CPU   CPU  minflt/s  majflt/s     VSZ     RSS   %MEM   kB_rd/s   kB_wr/s kB_ccwr/s iodelay  Command
06:17:34    64055      4870    2.00   12.00  100.00    0.00    4.49    47   4356.00      0.00 59734352 33594592  17.09      0.00     64.00      0.00       0  qemu-system-x86

# Time        UID       PID    %usr %system  %guest   %wait    %CPU   CPU  minflt/s  majflt/s     VSZ     RSS   %MEM   kB_rd/s   kB_wr/s kB_ccwr/s iodelay  Command
06:17:35    64055      4870    4.00   15.00  100.00    0.00    4.53    47   7498.00      0.00 59734352 33594592  17.09      0.00      8.00      0.00       0  qemu-system-x86

# Time        UID       PID    %usr %system  %guest   %wait    %CPU   CPU  minflt/s  majflt/s     VSZ     RSS   %MEM   kB_rd/s   kB_wr/s kB_ccwr/s iodelay  Command
06:17:36    64055      4870    3.00    7.00  100.00    0.00    5.32    47   3981.00      0.00 59734352 33594592  17.09      0.00      0.00      0.00       0  qemu-system-x86

# Time        UID       PID    %usr %system  %guest   %wait    %CPU   CPU  minflt/s  majflt/s     VSZ     RSS   %MEM   kB_rd/s   kB_wr/s kB_ccwr/s iodelay  Command
06:17:37    64055      4870    1.00  100.00  100.00    0.00    8.50     3  15333.00      0.00 59734352 33594592  17.09      0.00 183136.00      0.00       0  qemu-system-x86

# Time        UID       PID    %usr %system  %guest   %wait    %CPU   CPU  minflt/s  majflt/s     VSZ     RSS   %MEM   kB_rd/s   kB_wr/s kB_ccwr/s iodelay  Command
06:17:38    64055      4870    1.00   10.00  100.00    0.00    3.13     3   2821.00      0.00 59734352 33594592  17.09      0.00  15120.00      0.00       0  qemu-system-x86

# Time        UID       PID    %usr %system  %guest   %wait    %CPU   CPU  minflt/s  majflt/s     VSZ     RSS   %MEM   kB_rd/s   kB_wr/s kB_ccwr/s iodelay  Command
06:17:39    64055      4870    1.00   17.00  100.00    0.00   11.83     3  15272.00      0.00 59734352 33594592  17.09      0.00     72.00      0.00       0  qemu-system-x86

# Time        UID       PID    %usr %system  %guest   %wait    %CPU   CPU  minflt/s  majflt/s     VSZ     RSS   %MEM   kB_rd/s   kB_wr/s kB_ccwr/s iodelay  Command
06:17:40    64055      4870    0.00   10.00  100.00    0.00    3.00     3   2711.00      0.00 59734352 33594592  17.09      0.00      4.00      0.00       0  qemu-system-x86

# Time        UID       PID    %usr %system  %guest   %wait    %CPU   CPU  minflt/s  majflt/s     VSZ     RSS   %MEM   kB_rd/s   kB_wr/s kB_ccwr/s iodelay  Command
06:17:41    64055      4870    5.00   18.00  100.00    0.00    5.93    39   8213.00      0.00 59734352 33594592  17.09      0.00      8.00      0.00       0  qemu-system-x86

# Time        UID       PID    %usr %system  %guest   %wait    %CPU   CPU  minflt/s  majflt/s     VSZ     RSS   %MEM   kB_rd/s   kB_wr/s kB_ccwr/s iodelay  Command
06:17:42    64055      4870    2.00    1.00  100.00    0.00    4.13    39   1322.00      0.00 59734352 33594592  17.09      0.00      0.00      0.00       0  qemu-system-x86

# Time        UID       PID    %usr %system  %guest   %wait    %CPU   CPU  minflt/s  majflt/s     VSZ     RSS   %MEM   kB_rd/s   kB_wr/s kB_ccwr/s iodelay  Command
06:17:43    64055      4870    1.00   58.00  100.00    0.00    5.74    47  11041.00      0.00 59734352 33594592  17.09      0.00 132112.00      0.00       0  qemu-system-x86

# Time        UID       PID    %usr %system  %guest   %wait    %CPU   CPU  minflt/s  majflt/s     VSZ     RSS   %MEM   kB_rd/s   kB_wr/s kB_ccwr/s iodelay  Command
06:17:44    64055      4870    0.00    5.00  100.00    0.00    3.27    47   1265.00      0.00 59734352 33594592  17.09      0.00      0.00      0.00       0  qemu-system-x86

# Time        UID       PID    %usr %system  %guest   %wait    %CPU   CPU  minflt/s  majflt/s     VSZ     RSS   %MEM   kB_rd/s   kB_wr/s kB_ccwr/s iodelay  Command
06:17:45    64055      4870    4.00   12.00  100.00    0.00    6.35    47   7928.00      0.00 59734352 33594592  17.09      0.00     72.00      0.00       0  qemu-system-x86

# Time        UID       PID    %usr %system  %guest   %wait    %CPU   CPU  minflt/s  majflt/s     VSZ     RSS   %MEM   kB_rd/s   kB_wr/s kB_ccwr/s iodelay  Command
06:17:46    64055      4870    0.00    6.00  100.00    0.00    3.36    47    929.00      0.00 59734352 33594592  17.09      0.00      0.00      0.00       0  qemu-system-x86

# Time        UID       PID    %usr %system  %guest   %wait    %CPU   CPU  minflt/s  majflt/s     VSZ     RSS   %MEM   kB_rd/s   kB_wr/s kB_ccwr/s iodelay  Command
06:17:47    64055      4870    3.00   14.00  100.00    0.00    6.45    47   4302.00      0.00 59734352 33594592  17.09      0.00      8.00      0.00       0  qemu-system-x86

# Time        UID       PID    %usr %system  %guest   %wait    %CPU   CPU  minflt/s  majflt/s     VSZ     RSS   %MEM   kB_rd/s   kB_wr/s kB_ccwr/s iodelay  Command
06:17:48    64055      4870    0.00   72.00  100.00    0.00    5.75    33   1567.00      0.00 59734352 33594592  17.09      0.00 198156.00      0.00       0  qemu-system-x86

# Time        UID       PID    %usr %system  %guest   %wait    %CPU   CPU  minflt/s  majflt/s     VSZ     RSS   %MEM   kB_rd/s   kB_wr/s kB_ccwr/s iodelay  Command
06:17:49    64055      4870    0.00   11.00  100.00    0.00   18.71    33   3810.00      0.00 59734352 33594592  17.09      0.00      0.00      0.00       0  qemu-system-x86

# Time        UID       PID    %usr %system  %guest   %wait    %CPU   CPU  minflt/s  majflt/s     VSZ     RSS   %MEM   kB_rd/s   kB_wr/s kB_ccwr/s iodelay  Command
06:17:50    64055      4870    3.00   13.00  100.00    0.00    3.15    13   3941.00      0.00 59734352 33594592  17.09      0.00     84.00      0.00       0  qemu-system-x86

# Time        UID       PID    %usr %system  %guest   %wait    %CPU   CPU  minflt/s  majflt/s     VSZ     RSS   %MEM   kB_rd/s   kB_wr/s kB_ccwr/s iodelay  Command
06:17:51    64055      4870    6.00   12.00  100.00    0.00    4.18    15   5327.00      0.00 59734352 33594592  17.09      0.00   1164.00      0.00       0  qemu-system-x86

# Time        UID       PID    %usr %system  %guest   %wait    %CPU   CPU  minflt/s  majflt/s     VSZ     RSS   %MEM   kB_rd/s   kB_wr/s kB_ccwr/s iodelay  Command
06:17:52    64055      4870    4.00   11.00  100.00    0.00    6.73    15   9395.00      0.00 59734352 33594592  17.09      0.00      4.00      0.00       0  qemu-system-x86

# Time        UID       PID    %usr %system  %guest   %wait    %CPU   CPU  minflt/s  majflt/s     VSZ     RSS   %MEM   kB_rd/s   kB_wr/s kB_ccwr/s iodelay  Command
06:17:53    64055      4870    7.00   13.00  100.00    0.00    4.70    31   3892.00      0.00 59734352 33594592  17.09      0.00  48432.00      0.00       0  qemu-system-x86

# Time        UID       PID    %usr %system  %guest   %wait    %CPU   CPU  minflt/s  majflt/s     VSZ     RSS   %MEM   kB_rd/s   kB_wr/s kB_ccwr/s iodelay  Command
06:17:54    64055      4870    6.00   45.00  100.00    0.00    5.91    24   7318.00      0.00 59734352 33594592  17.09      0.00  83848.00      0.00       0  qemu-system-x86

# Time        UID       PID    %usr %system  %guest   %wait    %CPU   CPU  minflt/s  majflt/s     VSZ     RSS   %MEM   kB_rd/s   kB_wr/s kB_ccwr/s iodelay  Command
06:17:55    64055      4870    4.00    6.00  100.00    0.00    4.17    24   2863.00      0.00 59734352 33594592  17.09      0.00      0.00      0.00       0  qemu-system-x86

# Time        UID       PID    %usr %system  %guest   %wait    %CPU   CPU  minflt/s  majflt/s     VSZ     RSS   %MEM   kB_rd/s   kB_wr/s kB_ccwr/s iodelay  Command
06:17:56    64055      4870    0.00   14.00  100.00    0.00    5.86    19   8913.00      0.00 59734352 33594592  17.09      0.00    144.00      0.00       0  qemu-system-x86

# Time        UID       PID    %usr %system  %guest   %wait    %CPU   CPU  minflt/s  majflt/s     VSZ     RSS   %MEM   kB_rd/s   kB_wr/s kB_ccwr/s iodelay  Command
06:17:57    64055      4870    1.00    6.00  100.00    0.00    2.82    19   3526.00      0.00 59734352 33594592  17.09      0.00      0.00      0.00       0  qemu-system-x86

# Time        UID       PID    %usr %system  %guest   %wait    %CPU   CPU  minflt/s  majflt/s     VSZ     RSS   %MEM   kB_rd/s   kB_wr/s kB_ccwr/s iodelay  Command
06:17:58    64055      4870    2.00   27.00  100.00    0.00    7.70    19  13899.00      0.00 59734352 33594592  17.09      0.00      8.00      0.00       0  qemu-system-x86

# Time        UID       PID    %usr %system  %guest   %wait    %CPU   CPU  minflt/s  majflt/s     VSZ     RSS   %MEM   kB_rd/s   kB_wr/s kB_ccwr/s iodelay  Command
06:17:59    64055      4870    2.00   77.00  100.00    0.00    5.95    19   6403.00      0.00 59734352 33594592  17.09      0.00 198164.00      0.00       0  qemu-system-x86

# Time        UID       PID    %usr %system  %guest   %wait    %CPU   CPU  minflt/s  majflt/s     VSZ     RSS   %MEM   kB_rd/s   kB_wr/s kB_ccwr/s iodelay  Command
06:18:00    64055      4870    8.00   23.00  100.00    0.00   12.11     6  17784.00      0.00 59734352 33594592  17.09      0.00      8.00      0.00       0  qemu-system-x86

# Time        UID       PID    %usr %system  %guest   %wait    %CPU   CPU  minflt/s  majflt/s     VSZ     RSS   %MEM   kB_rd/s   kB_wr/s kB_ccwr/s iodelay  Command
06:18:01    64055      4870    6.00   11.00  100.00    0.00    5.61    27   3917.00      0.00 59734352 33594592  17.09      0.00     80.00      0.00       0  qemu-system-x86

# Time        UID       PID    %usr %system  %guest   %wait    %CPU   CPU  minflt/s  majflt/s     VSZ     RSS   %MEM   kB_rd/s   kB_wr/s kB_ccwr/s iodelay  Command
06:18:02    64055      4870    2.00   23.00  100.00    0.00    5.24    27  10674.00      0.00 59734352 33594592  17.09      0.00      4.00      0.00       0  qemu-system-x86

# Time        UID       PID    %usr %system  %guest   %wait    %CPU   CPU  minflt/s  majflt/s     VSZ     RSS   %MEM   kB_rd/s   kB_wr/s kB_ccwr/s iodelay  Command
06:18:03    64055      4870    0.00    3.00  100.00    0.00    4.48    27   1646.00      0.00 59734352 33594592  17.09      0.00      0.00      0.00       0  qemu-system-x86

# Time        UID       PID    %usr %system  %guest   %wait    %CPU   CPU  minflt/s  majflt/s     VSZ     RSS   %MEM   kB_rd/s   kB_wr/s kB_ccwr/s iodelay  Command
06:18:04    64055      4870    3.00   89.00  100.00    0.00    6.91    17  11601.00      0.00 59734352 33594592  17.09      0.00 198160.00      0.00       0  qemu-system-x86

# Time        UID       PID    %usr %system  %guest   %wait    %CPU   CPU  minflt/s  majflt/s     VSZ     RSS   %MEM   kB_rd/s   kB_wr/s kB_ccwr/s iodelay  Command
06:18:05    64055      4870    2.00   19.00  100.00    0.00    3.99    17   4798.00      0.00 59734352 33594592  17.09      0.00      4.00      0.00       0  qemu-system-x86

# Time        UID       PID    %usr %system  %guest   %wait    %CPU   CPU  minflt/s  majflt/s     VSZ     RSS   %MEM   kB_rd/s   kB_wr/s kB_ccwr/s iodelay  Command
06:18:06    64055      4870    5.00    5.00  100.00    0.00    3.65    17   2051.00      0.00 59734352 33594592  17.09      0.00     72.00      0.00       0  qemu-system-x86

# Time        UID       PID    %usr %system  %guest   %wait    %CPU   CPU  minflt/s  majflt/s     VSZ     RSS   %MEM   kB_rd/s   kB_wr/s kB_ccwr/s iodelay  Command
06:18:07    64055      4870    0.00   20.00  100.00    0.00    7.56    36  11572.00      0.00 59734352 33594592  17.09      0.00      8.00      0.00       0  qemu-system-x86

# Time        UID       PID    %usr %system  %guest   %wait    %CPU   CPU  minflt/s  majflt/s     VSZ     RSS   %MEM   kB_rd/s   kB_wr/s kB_ccwr/s iodelay  Command
06:18:08    64055      4870    3.96   15.84  100.00    0.00    5.15    36   9433.66      0.00 59734352 33594592  17.09      0.00      7.92      0.00       0  qemu-system-x86

# Time        UID       PID    %usr %system  %guest   %wait    %CPU   CPU  minflt/s  majflt/s     VSZ     RSS   %MEM   kB_rd/s   kB_wr/s kB_ccwr/s iodelay  Command
06:18:09    64055      4870    0.00    2.00  100.00    0.00    3.00    36    873.00      0.00 59734352 33594592  17.09      0.00      0.00      0.00       0  qemu-system-x86

# Time        UID       PID    %usr %system  %guest   %wait    %CPU   CPU  minflt/s  majflt/s     VSZ     RSS   %MEM   kB_rd/s   kB_wr/s kB_ccwr/s iodelay  Command
06:18:10    64055      4870    0.00   91.00  100.00    0.00    5.86    33  11338.00      0.00 59734352 33594592  17.09      0.00 198280.00      0.00       0  qemu-system-x86

# Time        UID       PID    %usr %system  %guest   %wait    %CPU   CPU  minflt/s  majflt/s     VSZ     RSS   %MEM   kB_rd/s   kB_wr/s kB_ccwr/s iodelay  Command
06:18:11    64055      4870    2.00    4.00  100.00    0.00   13.14    31   3974.00      0.00 59734352 33594592  17.09      0.00     80.00      0.00       0  qemu-system-x86

# Time        UID       PID    %usr %system  %guest   %wait    %CPU   CPU  minflt/s  majflt/s     VSZ     RSS   %MEM   kB_rd/s   kB_wr/s kB_ccwr/s iodelay  Command
06:18:12    64055      4870    1.00    7.00  100.00    0.00    3.73    31   3893.00      0.00 59734352 33594592  17.09      0.00      0.00      0.00       0  qemu-system-x86

# Time        UID       PID    %usr %system  %guest   %wait    %CPU   CPU  minflt/s  majflt/s     VSZ     RSS   %MEM   kB_rd/s   kB_wr/s kB_ccwr/s iodelay  Command
06:18:13    64055      4870    1.00   14.00  100.00    0.00    6.30    31   6777.00      0.00 59734352 33594592  17.09      0.00      8.00      0.00       0  qemu-system-x86

# Time        UID       PID    %usr %system  %guest   %wait    %CPU   CPU  minflt/s  majflt/s     VSZ     RSS   %MEM   kB_rd/s   kB_wr/s kB_ccwr/s iodelay  Command
06:18:14    64055      4870    3.00   20.00  100.00    0.00    6.43    31   8704.00      0.00 59734352 33594592  17.09      0.00      0.00      0.00       0  qemu-system-x86

# Time        UID       PID    %usr %system  %guest   %wait    %CPU   CPU  minflt/s  majflt/s     VSZ     RSS   %MEM   kB_rd/s   kB_wr/s kB_ccwr/s iodelay  Command
06:18:15    64055      4870    6.00   44.00  100.00    0.00    4.72    46   2667.00      0.00 59734352 33594592  17.09      0.00 132104.00      0.00       0  qemu-system-x86

# Time        UID       PID    %usr %system  %guest   %wait    %CPU   CPU  minflt/s  majflt/s     VSZ     RSS   %MEM   kB_rd/s   kB_wr/s kB_ccwr/s iodelay  Command
06:18:16    64055      4870    4.00   22.00  100.00    0.00    5.08    46   8900.00      0.00 59734352 33594592  17.09      0.00      8.00      0.00       0  qemu-system-x86

# Time        UID       PID    %usr %system  %guest   %wait    %CPU   CPU  minflt/s  majflt/s     VSZ     RSS   %MEM   kB_rd/s   kB_wr/s kB_ccwr/s iodelay  Command
06:18:17    64055      4870    1.00    2.00  100.00    0.00    5.00    46    783.00      0.00 59734352 33594592  17.09      0.00     60.00      0.00       0  qemu-system-x86

# Time        UID       PID    %usr %system  %guest   %wait    %CPU   CPU  minflt/s  majflt/s     VSZ     RSS   %MEM   kB_rd/s   kB_wr/s kB_ccwr/s iodelay  Command
06:18:18    64055      4870    4.00   23.00  100.00    0.00    5.93    41  11671.00      0.00 59734352 33594592  17.09      0.00      8.00      0.00       0  qemu-system-x86

# Time        UID       PID    %usr %system  %guest   %wait    %CPU   CPU  minflt/s  majflt/s     VSZ     RSS   %MEM   kB_rd/s   kB_wr/s kB_ccwr/s iodelay  Command
06:18:19    64055      4870    1.00    0.00  100.00    0.00    4.51    41    756.00      0.00 59734352 33594592  17.09      0.00      0.00      0.00       0  qemu-system-x86

# Time        UID       PID    %usr %system  %guest   %wait    %CPU   CPU  minflt/s  majflt/s     VSZ     RSS   %MEM   kB_rd/s   kB_wr/s kB_ccwr/s iodelay  Command
06:18:20    64055      4870    4.00   74.00  100.00    0.00    7.08    37  12590.00      0.00 59734352 33594592  17.09      0.00 118676.00      0.00       0  qemu-system-x86

# Time        UID       PID    %usr %system  %guest   %wait    %CPU   CPU  minflt/s  majflt/s     VSZ     RSS   %MEM   kB_rd/s   kB_wr/s kB_ccwr/s iodelay  Command
06:18:21    64055      4870    5.00   42.00  100.00    0.00    3.32    37    990.00      0.00 59734352 33594592  17.09      0.00  79488.00      0.00       0  qemu-system-x86

# Time        UID       PID    %usr %system  %guest   %wait    %CPU   CPU  minflt/s  majflt/s     VSZ     RSS   %MEM   kB_rd/s   kB_wr/s kB_ccwr/s iodelay  Command
06:18:22    64055      4870    0.00   25.00  100.00    0.00    8.96    37  25102.00      0.00 59734352 33594592  17.09      0.00      4.00      0.00       0  qemu-system-x86

# Time        UID       PID    %usr %system  %guest   %wait    %CPU   CPU  minflt/s  majflt/s     VSZ     RSS   %MEM   kB_rd/s   kB_wr/s kB_ccwr/s iodelay  Command
06:18:23    64055      4870    2.00    7.00  100.00    0.00    9.18    37   3958.00      0.00 59734352 33594592  17.09      0.00     64.00      0.00       0  qemu-system-x86

# Time        UID       PID    %usr %system  %guest   %wait    %CPU   CPU  minflt/s  majflt/s     VSZ     RSS   %MEM   kB_rd/s   kB_wr/s kB_ccwr/s iodelay  Command
06:18:24    64055      4870    3.00   15.00  100.00    0.00    4.93    37   6616.00      0.00 59734352 33594592  17.09      0.00      4.00      0.00       0  qemu-system-x86

# Time        UID       PID    %usr %system  %guest   %wait    %CPU   CPU  minflt/s  majflt/s     VSZ     RSS   %MEM   kB_rd/s   kB_wr/s kB_ccwr/s iodelay  Command
06:18:25    64055      4870    1.00   13.00  100.00    0.00    5.67    37   5821.00      0.00 59734352 33594592  17.09      0.00      0.00      0.00       0  qemu-system-x86

# Time        UID       PID    %usr %system  %guest   %wait    %CPU   CPU  minflt/s  majflt/s     VSZ     RSS   %MEM   kB_rd/s   kB_wr/s kB_ccwr/s iodelay  Command
06:18:26    64055      4870    2.00   82.00   90.00    0.00    3.63     4   3778.00      0.00 59734352 33594592  17.09      0.00 198308.00      0.00       0  qemu-system-x86

# Time        UID       PID    %usr %system  %guest   %wait    %CPU   CPU  minflt/s  majflt/s     VSZ     RSS   %MEM   kB_rd/s   kB_wr/s kB_ccwr/s iodelay  Command
06:18:27    64055      4870    5.00   11.00  100.00    0.00    7.19     4  10580.00      0.00 59734352 33594592  17.09      0.00      0.00      0.00       0  qemu-system-x86

# Time        UID       PID    %usr %system  %guest   %wait    %CPU   CPU  minflt/s  majflt/s     VSZ     RSS   %MEM   kB_rd/s   kB_wr/s kB_ccwr/s iodelay  Command
06:18:28    64055      4870    1.00    3.00  100.00    0.00    3.73    23    650.00      0.00 59734352 33594592  17.09      0.00    112.00      0.00       0  qemu-system-x86

# Time        UID       PID    %usr %system  %guest   %wait    %CPU   CPU  minflt/s  majflt/s     VSZ     RSS   %MEM   kB_rd/s   kB_wr/s kB_ccwr/s iodelay  Command
06:18:29    64055      4870    3.00   27.00  100.00    0.00    9.00    35  15780.00      0.00 59734352 33594592  17.09      0.00     36.00      0.00       0  qemu-system-x86

# Time        UID       PID    %usr %system  %guest   %wait    %CPU   CPU  minflt/s  majflt/s     VSZ     RSS   %MEM   kB_rd/s   kB_wr/s kB_ccwr/s iodelay  Command
06:18:30    64055      4870   14.00   35.00  100.00    0.00    8.89    35   8945.00      0.00 59734352 33594592  17.09      0.00      4.00      0.00       0  qemu-system-x86
