Linux 4.15.0-96-generic (team25-hw6) 	04/24/20 	_x86_64_	(48 CPU)

# Time        UID       PID    %usr %system  %guest   %wait    %CPU   CPU  minflt/s  majflt/s     VSZ     RSS   %MEM   kB_rd/s   kB_wr/s kB_ccwr/s iodelay  Command
06:11:44    64055      4870   17.00   13.00  100.00    0.00    7.20    46    405.00      0.00 59578628 33594360  17.09      0.00      0.00      0.00       0  qemu-system-x86

# Time        UID       PID    %usr %system  %guest   %wait    %CPU   CPU  minflt/s  majflt/s     VSZ     RSS   %MEM   kB_rd/s   kB_wr/s kB_ccwr/s iodelay  Command
06:11:45    64055      4870    5.00    9.00  100.00    0.00    4.97    31    288.00      0.00 59578628 33594360  17.09      0.00    184.00      0.00       0  qemu-system-x86

# Time        UID       PID    %usr %system  %guest   %wait    %CPU   CPU  minflt/s  majflt/s     VSZ     RSS   %MEM   kB_rd/s   kB_wr/s kB_ccwr/s iodelay  Command
06:11:46    64055      4870    0.00    4.00  100.00    0.00    2.67    31   1250.00      0.00 59578628 33594360  17.09      0.00      0.00      0.00       0  qemu-system-x86

# Time        UID       PID    %usr %system  %guest   %wait    %CPU   CPU  minflt/s  majflt/s     VSZ     RSS   %MEM   kB_rd/s   kB_wr/s kB_ccwr/s iodelay  Command
06:11:47    64055      4870    5.00   64.00   96.00    0.00    3.44    27    837.00      0.00 59578628 33594360  17.09      0.00 237216.00      0.00       0  qemu-system-x86

# Time        UID       PID    %usr %system  %guest   %wait    %CPU   CPU  minflt/s  majflt/s     VSZ     RSS   %MEM   kB_rd/s   kB_wr/s kB_ccwr/s iodelay  Command
06:11:48    64055      4870    2.00  100.00   77.00    0.00    6.26    31    971.00      0.00 59636000 33594360  17.09      0.00 322476.00      0.00       0  qemu-system-x86

# Time        UID       PID    %usr %system  %guest   %wait    %CPU   CPU  minflt/s  majflt/s     VSZ     RSS   %MEM   kB_rd/s   kB_wr/s kB_ccwr/s iodelay  Command
06:11:49    64055      4870    1.00  100.00   92.00    0.00    8.22     9   1479.00      0.00 59676980 33594640  17.09      0.00 346764.00      0.00       0  qemu-system-x86

# Time        UID       PID    %usr %system  %guest   %wait    %CPU   CPU  minflt/s  majflt/s     VSZ     RSS   %MEM   kB_rd/s   kB_wr/s kB_ccwr/s iodelay  Command
06:11:50    64055      4870    0.00  100.00  100.00    0.00    5.63    17   3845.00      0.00 59676980 33594640  17.09      0.00 184664.00      0.00       0  qemu-system-x86

# Time        UID       PID    %usr %system  %guest   %wait    %CPU   CPU  minflt/s  majflt/s     VSZ     RSS   %MEM   kB_rd/s   kB_wr/s kB_ccwr/s iodelay  Command
06:11:51    64055      4870   13.00   41.00  100.00    0.00    5.69     2   4668.00      0.00 59676980 33594640  17.09   4420.00    312.00      0.00       0  qemu-system-x86

# Time        UID       PID    %usr %system  %guest   %wait    %CPU   CPU  minflt/s  majflt/s     VSZ     RSS   %MEM   kB_rd/s   kB_wr/s kB_ccwr/s iodelay  Command
06:11:52    64055      4870    1.00   10.00   86.00    0.00    2.02    23  12979.00      0.00 59676980 33594640  17.09     12.00      0.00      0.00       0  qemu-system-x86

# Time        UID       PID    %usr %system  %guest   %wait    %CPU   CPU  minflt/s  majflt/s     VSZ     RSS   %MEM   kB_rd/s   kB_wr/s kB_ccwr/s iodelay  Command
06:11:53    64055      4870    3.00    4.00  100.00    0.00    2.67    23   1786.00      0.00 59676980 33594640  17.09      0.00      0.00      0.00       0  qemu-system-x86

# Time        UID       PID    %usr %system  %guest   %wait    %CPU   CPU  minflt/s  majflt/s     VSZ     RSS   %MEM   kB_rd/s   kB_wr/s kB_ccwr/s iodelay  Command
06:11:54    64055      4870    1.00   14.00  100.00    0.00    4.57    23   3659.00      0.00 59676980 33594640  17.09    284.00      0.00      0.00       0  qemu-system-x86

# Time        UID       PID    %usr %system  %guest   %wait    %CPU   CPU  minflt/s  majflt/s     VSZ     RSS   %MEM   kB_rd/s   kB_wr/s kB_ccwr/s iodelay  Command
06:11:55    64055      4870    5.00   16.00  100.00    0.00    7.19    25   1789.00      0.00 59676980 33594640  17.09      0.00    216.00      0.00       0  qemu-system-x86

# Time        UID       PID    %usr %system  %guest   %wait    %CPU   CPU  minflt/s  majflt/s     VSZ     RSS   %MEM   kB_rd/s   kB_wr/s kB_ccwr/s iodelay  Command
06:11:56    64055      4870    9.00   11.00  100.00    0.00    6.48    46    416.00      0.00 59676980 33594640  17.09   3068.00    244.00      0.00       0  qemu-system-x86

# Time        UID       PID    %usr %system  %guest   %wait    %CPU   CPU  minflt/s  majflt/s     VSZ     RSS   %MEM   kB_rd/s   kB_wr/s kB_ccwr/s iodelay  Command
06:11:57    64055      4870    0.00   16.00  100.00    0.00    6.98    12   1407.00      0.00 59676980 33594640  17.09   1540.00      0.00      0.00       0  qemu-system-x86

# Time        UID       PID    %usr %system  %guest   %wait    %CPU   CPU  minflt/s  majflt/s     VSZ     RSS   %MEM   kB_rd/s   kB_wr/s kB_ccwr/s iodelay  Command
06:11:58    64055      4870    7.00   15.00  100.00    0.00    4.87    29   3790.00      0.00 59676980 33594640  17.09    208.00      0.00      0.00       0  qemu-system-x86

# Time        UID       PID    %usr %system  %guest   %wait    %CPU   CPU  minflt/s  majflt/s     VSZ     RSS   %MEM   kB_rd/s   kB_wr/s kB_ccwr/s iodelay  Command
06:11:59    64055      4870   14.00   22.00  100.00    0.00    6.61    29   7745.00      0.00 59676980 33594640  17.09      0.00      0.00      0.00       0  qemu-system-x86

# Time        UID       PID    %usr %system  %guest   %wait    %CPU   CPU  minflt/s  majflt/s     VSZ     RSS   %MEM   kB_rd/s   kB_wr/s kB_ccwr/s iodelay  Command
06:12:00    64055      4870    0.00   13.00  100.00    0.00    6.53    29   2209.00      0.00 59676980 33594640  17.09    232.00      0.00      0.00       0  qemu-system-x86

# Time        UID       PID    %usr %system  %guest   %wait    %CPU   CPU  minflt/s  majflt/s     VSZ     RSS   %MEM   kB_rd/s   kB_wr/s kB_ccwr/s iodelay  Command
06:12:01    64055      4870    7.00    8.00  100.00    0.00    2.84     2   1490.00      0.00 59676980 33594640  17.09      0.00    124.00      0.00       0  qemu-system-x86

# Time        UID       PID    %usr %system  %guest   %wait    %CPU   CPU  minflt/s  majflt/s     VSZ     RSS   %MEM   kB_rd/s   kB_wr/s kB_ccwr/s iodelay  Command
06:12:02    64055      4870    1.00    2.00    9.00    0.00    0.25     2     24.00      0.00 59676980 33594640  17.09      0.00      0.00      0.00       0  qemu-system-x86

# Time        UID       PID    %usr %system  %guest   %wait    %CPU   CPU  minflt/s  majflt/s     VSZ     RSS   %MEM   kB_rd/s   kB_wr/s kB_ccwr/s iodelay  Command
06:12:03    64055      4870    2.00    1.00   13.00    0.00    0.33     2    238.00      0.00 59676980 33594640  17.09      0.00      0.00      0.00       0  qemu-system-x86

# Time        UID       PID    %usr %system  %guest   %wait    %CPU   CPU  minflt/s  majflt/s     VSZ     RSS   %MEM   kB_rd/s   kB_wr/s kB_ccwr/s iodelay  Command
06:12:04    64055      4870    1.00    4.00   16.00    0.00    0.44     2    327.00      0.00 59676980 33594640  17.09      0.00      0.00      0.00       0  qemu-system-x86

# Time        UID       PID    %usr %system  %guest   %wait    %CPU   CPU  minflt/s  majflt/s     VSZ     RSS   %MEM   kB_rd/s   kB_wr/s kB_ccwr/s iodelay  Command
06:12:05    64055      4870    1.00    2.00   12.00    0.00    0.31     2    592.00      0.00 59676980 33594640  17.09      0.00      0.00      0.00       0  qemu-system-x86

# Time        UID       PID    %usr %system  %guest   %wait    %CPU   CPU  minflt/s  majflt/s     VSZ     RSS   %MEM   kB_rd/s   kB_wr/s kB_ccwr/s iodelay  Command
06:12:06    64055      4870    2.00    2.00   12.00    0.00    0.33    37     40.00      0.00 59676980 33594640  17.09      0.00     20.00      0.00       0  qemu-system-x86

# Time        UID       PID    %usr %system  %guest   %wait    %CPU   CPU  minflt/s  majflt/s     VSZ     RSS   %MEM   kB_rd/s   kB_wr/s kB_ccwr/s iodelay  Command
06:12:07    64055      4870    1.00    3.00   13.00    0.00    0.35    37    290.00      0.00 59676980 33594640  17.09      0.00      0.00      0.00       0  qemu-system-x86

# Time        UID       PID    %usr %system  %guest   %wait    %CPU   CPU  minflt/s  majflt/s     VSZ     RSS   %MEM   kB_rd/s   kB_wr/s kB_ccwr/s iodelay  Command
06:12:08    64055      4870    0.00    1.00   12.00    0.00    0.25    37     32.00      0.00 59627804 33594588  17.09      0.00      0.00      0.00       0  qemu-system-x86

# Time        UID       PID    %usr %system  %guest   %wait    %CPU   CPU  minflt/s  majflt/s     VSZ     RSS   %MEM   kB_rd/s   kB_wr/s kB_ccwr/s iodelay  Command
06:12:09    64055      4870    1.00    2.00   14.00    0.00    0.35    37     32.00      0.00 59627804 33594588  17.09      0.00      0.00      0.00       0  qemu-system-x86

# Time        UID       PID    %usr %system  %guest   %wait    %CPU   CPU  minflt/s  majflt/s     VSZ     RSS   %MEM   kB_rd/s   kB_wr/s kB_ccwr/s iodelay  Command
06:12:10    64055      4870    1.00    2.00   15.00    0.00    0.38    37    356.00      0.00 59545844 33594492  17.09      0.00      0.00      0.00       0  qemu-system-x86

# Time        UID       PID    %usr %system  %guest   %wait    %CPU   CPU  minflt/s  majflt/s     VSZ     RSS   %MEM   kB_rd/s   kB_wr/s kB_ccwr/s iodelay  Command
06:12:11    64055      4870    1.00    1.00    9.00    0.00    0.23    37     19.00      0.00 59513060 33594460  17.09      0.00      0.00      0.00       0  qemu-system-x86

# Time        UID       PID    %usr %system  %guest   %wait    %CPU   CPU  minflt/s  majflt/s     VSZ     RSS   %MEM   kB_rd/s   kB_wr/s kB_ccwr/s iodelay  Command
06:12:12    64055      4870    1.00    3.00   12.00    0.00    0.33    37     27.00      0.00 59513060 33594460  17.09      0.00     12.00      0.00       0  qemu-system-x86

# Time        UID       PID    %usr %system  %guest   %wait    %CPU   CPU  minflt/s  majflt/s     VSZ     RSS   %MEM   kB_rd/s   kB_wr/s kB_ccwr/s iodelay  Command
06:12:13    64055      4870    0.00    4.00   12.00    0.00    0.29    37     48.00      0.00 59513060 33594460  17.09      0.00      0.00      0.00       0  qemu-system-x86

# Time        UID       PID    %usr %system  %guest   %wait    %CPU   CPU  minflt/s  majflt/s     VSZ     RSS   %MEM   kB_rd/s   kB_wr/s kB_ccwr/s iodelay  Command
06:12:14    64055      4870    3.00    2.00   21.00    0.00    0.54    37     83.00      0.00 59513060 33594460  17.09    108.00      0.00      0.00       0  qemu-system-x86

# Time        UID       PID    %usr %system  %guest   %wait    %CPU   CPU  minflt/s  majflt/s     VSZ     RSS   %MEM   kB_rd/s   kB_wr/s kB_ccwr/s iodelay  Command
06:12:15    64055      4870    1.00    4.00   37.00    0.00    0.88    37    299.00      0.00 59513060 33594460  17.09      0.00      0.00      0.00       0  qemu-system-x86

# Time        UID       PID    %usr %system  %guest   %wait    %CPU   CPU  minflt/s  majflt/s     VSZ     RSS   %MEM   kB_rd/s   kB_wr/s kB_ccwr/s iodelay  Command
06:12:16    64055      4870    0.00    5.00    7.00    0.00    0.23     0     66.00      0.00 59554040 33594460  17.09      0.00    732.00      0.00       0  qemu-system-x86

# Time        UID       PID    %usr %system  %guest   %wait    %CPU   CPU  minflt/s  majflt/s     VSZ     RSS   %MEM   kB_rd/s   kB_wr/s kB_ccwr/s iodelay  Command
06:12:17    64055      4870    2.00    1.00   19.00    0.00    0.46     0     51.00      0.00 59554040 33594460  17.09      0.00      0.00      0.00       0  qemu-system-x86

# Time        UID       PID    %usr %system  %guest   %wait    %CPU   CPU  minflt/s  majflt/s     VSZ     RSS   %MEM   kB_rd/s   kB_wr/s kB_ccwr/s iodelay  Command
06:12:18    64055      4870    0.00    3.00   16.00    0.00    0.33     5    312.00      0.00 59554040 33594460  17.09      0.00     40.00      0.00       0  qemu-system-x86

# Time        UID       PID    %usr %system  %guest   %wait    %CPU   CPU  minflt/s  majflt/s     VSZ     RSS   %MEM   kB_rd/s   kB_wr/s kB_ccwr/s iodelay  Command
06:12:19    64055      4870    2.00    1.00    7.00    0.00    0.21     5     47.00      0.00 59554040 33594460  17.09      0.00      0.00      0.00       0  qemu-system-x86

# Time        UID       PID    %usr %system  %guest   %wait    %CPU   CPU  minflt/s  majflt/s     VSZ     RSS   %MEM   kB_rd/s   kB_wr/s kB_ccwr/s iodelay  Command
06:12:20    64055      4870    2.00    3.00   15.00    0.00    0.42     5     31.00      0.00 59554040 33594460  17.09      0.00      0.00      0.00       0  qemu-system-x86

# Time        UID       PID    %usr %system  %guest   %wait    %CPU   CPU  minflt/s  majflt/s     VSZ     RSS   %MEM   kB_rd/s   kB_wr/s kB_ccwr/s iodelay  Command
06:12:21    64055      4870    3.00   92.00   25.00    0.00    2.50    23    627.00      0.00 59554040 33594460  17.09      0.00 239088.00      0.00       0  qemu-system-x86

# Time        UID       PID    %usr %system  %guest   %wait    %CPU   CPU  minflt/s  majflt/s     VSZ     RSS   %MEM   kB_rd/s   kB_wr/s kB_ccwr/s iodelay  Command
06:12:22    64055      4870    2.00    5.00    6.00    0.00    0.27    23    150.00      0.00 59554040 33594460  17.09      0.00      0.00      0.00       0  qemu-system-x86

# Time        UID       PID    %usr %system  %guest   %wait    %CPU   CPU  minflt/s  majflt/s     VSZ     RSS   %MEM   kB_rd/s   kB_wr/s kB_ccwr/s iodelay  Command
06:12:23    64055      4870    0.00    2.00   18.00    0.00    0.42    23     86.00      0.00 59554040 33594460  17.09      0.00      0.00      0.00       0  qemu-system-x86

# Time        UID       PID    %usr %system  %guest   %wait    %CPU   CPU  minflt/s  majflt/s     VSZ     RSS   %MEM   kB_rd/s   kB_wr/s kB_ccwr/s iodelay  Command
06:12:24    64055      4870    2.00    3.00   13.00    0.00    0.38    10     56.00      0.00 59554040 33594460  17.09      0.00     48.00      0.00       0  qemu-system-x86

# Time        UID       PID    %usr %system  %guest   %wait    %CPU   CPU  minflt/s  majflt/s     VSZ     RSS   %MEM   kB_rd/s   kB_wr/s kB_ccwr/s iodelay  Command
06:12:25    64055      4870    1.00    1.00    9.00    0.00    0.23    10     93.00      0.00 59554040 33594460  17.09      0.00      0.00      0.00       0  qemu-system-x86

# Time        UID       PID    %usr %system  %guest   %wait    %CPU   CPU  minflt/s  majflt/s     VSZ     RSS   %MEM   kB_rd/s   kB_wr/s kB_ccwr/s iodelay  Command
06:12:26    64055      4870    6.00  100.00   26.00    0.00    4.28    37   1085.00      0.00 59668784 33594516  17.09      0.00 238408.00      0.00       0  qemu-system-x86

# Time        UID       PID    %usr %system  %guest   %wait    %CPU   CPU  minflt/s  majflt/s     VSZ     RSS   %MEM   kB_rd/s   kB_wr/s kB_ccwr/s iodelay  Command
06:12:27    64055      4870    7.00   12.00  100.00    0.00    7.35    37   2293.00      0.00 59668784 33594516  17.09     28.00      0.00      0.00       0  qemu-system-x86

# Time        UID       PID    %usr %system  %guest   %wait    %CPU   CPU  minflt/s  majflt/s     VSZ     RSS   %MEM   kB_rd/s   kB_wr/s kB_ccwr/s iodelay  Command
06:12:28    64055      4870    1.00   14.00  100.00    0.00    9.44    37   5364.00      0.00 59668784 33594516  17.09      8.00      0.00      0.00       0  qemu-system-x86

# Time        UID       PID    %usr %system  %guest   %wait    %CPU   CPU  minflt/s  majflt/s     VSZ     RSS   %MEM   kB_rd/s   kB_wr/s kB_ccwr/s iodelay  Command
06:12:29    64055      4870    0.00   14.00  100.00    0.00    5.11    37   6822.00      0.00 59668784 33594516  17.09     40.00      0.00      0.00       0  qemu-system-x86

# Time        UID       PID    %usr %system  %guest   %wait    %CPU   CPU  minflt/s  majflt/s     VSZ     RSS   %MEM   kB_rd/s   kB_wr/s kB_ccwr/s iodelay  Command
06:12:30    64055      4870    1.00   13.00  100.00    0.00    4.07    37  16473.00      0.00 59668784 33594516  17.09      0.00    364.00      0.00       0  qemu-system-x86

# Time        UID       PID    %usr %system  %guest   %wait    %CPU   CPU  minflt/s  majflt/s     VSZ     RSS   %MEM   kB_rd/s   kB_wr/s kB_ccwr/s iodelay  Command
06:12:31    64055      4870    5.00   15.00  100.00    0.00    4.39    37   5805.00      0.00 59668784 33594516  17.09      0.00    168.00      0.00       0  qemu-system-x86

# Time        UID       PID    %usr %system  %guest   %wait    %CPU   CPU  minflt/s  majflt/s     VSZ     RSS   %MEM   kB_rd/s   kB_wr/s kB_ccwr/s iodelay  Command
06:12:32    64055      4870    1.00    6.00  100.00    0.00    4.03    37   2272.00      0.00 59668784 33594516  17.09      0.00      0.00      0.00       0  qemu-system-x86

# Time        UID       PID    %usr %system  %guest   %wait    %CPU   CPU  minflt/s  majflt/s     VSZ     RSS   %MEM   kB_rd/s   kB_wr/s kB_ccwr/s iodelay  Command
06:12:33    64055      4870    4.00    5.00  100.00    0.00    3.82    37   2523.00      0.00 59668784 33594516  17.09      0.00      0.00      0.00       0  qemu-system-x86

# Time        UID       PID    %usr %system  %guest   %wait    %CPU   CPU  minflt/s  majflt/s     VSZ     RSS   %MEM   kB_rd/s   kB_wr/s kB_ccwr/s iodelay  Command
06:12:34    64055      4870    5.00    9.00  100.00    0.00    3.15    37   2481.00      0.00 59668784 33594516  17.09      0.00      0.00      0.00       0  qemu-system-x86

# Time        UID       PID    %usr %system  %guest   %wait    %CPU   CPU  minflt/s  majflt/s     VSZ     RSS   %MEM   kB_rd/s   kB_wr/s kB_ccwr/s iodelay  Command
06:12:35    64055      4870    3.00    7.00  100.00    0.00    6.37    37   2638.00      0.00 59668784 33594516  17.09      0.00      4.00      0.00       0  qemu-system-x86

# Time        UID       PID    %usr %system  %guest   %wait    %CPU   CPU  minflt/s  majflt/s     VSZ     RSS   %MEM   kB_rd/s   kB_wr/s kB_ccwr/s iodelay  Command
06:12:36    64055      4870    0.00   15.00  100.00    0.00    3.30    38   5289.00      0.00 59668784 33594516  17.09     96.00    164.00      0.00       0  qemu-system-x86

# Time        UID       PID    %usr %system  %guest   %wait    %CPU   CPU  minflt/s  majflt/s     VSZ     RSS   %MEM   kB_rd/s   kB_wr/s kB_ccwr/s iodelay  Command
06:12:37    64055      4870    3.00    8.00  100.00    0.00    2.88    38   3868.00      0.00 59668784 33594516  17.09      0.00      0.00      0.00       0  qemu-system-x86

# Time        UID       PID    %usr %system  %guest   %wait    %CPU   CPU  minflt/s  majflt/s     VSZ     RSS   %MEM   kB_rd/s   kB_wr/s kB_ccwr/s iodelay  Command
06:12:38    64055      4870    2.00    4.00  100.00    0.00    2.98    38   3519.00      0.00 59668784 33594516  17.09      0.00      0.00      0.00       0  qemu-system-x86

# Time        UID       PID    %usr %system  %guest   %wait    %CPU   CPU  minflt/s  majflt/s     VSZ     RSS   %MEM   kB_rd/s   kB_wr/s kB_ccwr/s iodelay  Command
06:12:39    64055      4870    1.00    7.00  100.00    0.00    2.90    38   3215.00      0.00 59652392 33594520  17.09      0.00      0.00      0.00       0  qemu-system-x86

# Time        UID       PID    %usr %system  %guest   %wait    %CPU   CPU  minflt/s  majflt/s     VSZ     RSS   %MEM   kB_rd/s   kB_wr/s kB_ccwr/s iodelay  Command
06:12:40    64055      4870    3.00    5.00  100.00    0.00    3.01    38   3821.00      0.00 59644196 33594508  17.09      0.00      0.00      0.00       0  qemu-system-x86

# Time        UID       PID    %usr %system  %guest   %wait    %CPU   CPU  minflt/s  majflt/s     VSZ     RSS   %MEM   kB_rd/s   kB_wr/s kB_ccwr/s iodelay  Command
06:12:41    64055      4870    0.00    4.00  100.00    0.00    3.17    23   6708.00      0.00 59578628 33594480  17.09      0.00    292.00      0.00       0  qemu-system-x86

# Time        UID       PID    %usr %system  %guest   %wait    %CPU   CPU  minflt/s  majflt/s     VSZ     RSS   %MEM   kB_rd/s   kB_wr/s kB_ccwr/s iodelay  Command
06:12:42    64055      4870    7.00    6.00  100.00    0.00    2.76    23   3635.00      0.00 59578628 33594480  17.09      0.00      0.00      0.00       0  qemu-system-x86

# Time        UID       PID    %usr %system  %guest   %wait    %CPU   CPU  minflt/s  majflt/s     VSZ     RSS   %MEM   kB_rd/s   kB_wr/s kB_ccwr/s iodelay  Command
06:12:43    64055      4870    2.00    7.00  100.00    0.00    3.07    23   4689.00      0.00 59578628 33594480  17.09      0.00      0.00      0.00       0  qemu-system-x86

# Time        UID       PID    %usr %system  %guest   %wait    %CPU   CPU  minflt/s  majflt/s     VSZ     RSS   %MEM   kB_rd/s   kB_wr/s kB_ccwr/s iodelay  Command
06:12:44    64055      4870    9.00    5.00  100.00    0.00    2.95    23   3279.00      0.00 59578628 33594480  17.09      0.00      0.00      0.00       0  qemu-system-x86

# Time        UID       PID    %usr %system  %guest   %wait    %CPU   CPU  minflt/s  majflt/s     VSZ     RSS   %MEM   kB_rd/s   kB_wr/s kB_ccwr/s iodelay  Command
06:12:45    64055      4870    2.00    6.00  100.00    0.00    3.11    23   3541.00      0.00 59562236 33594460  17.09      0.00      0.00      0.00       0  qemu-system-x86

# Time        UID       PID    %usr %system  %guest   %wait    %CPU   CPU  minflt/s  majflt/s     VSZ     RSS   %MEM   kB_rd/s   kB_wr/s kB_ccwr/s iodelay  Command
06:12:46    64055      4870    1.00    5.00  100.00    0.00    2.88    13   3604.00      0.00 59529452 33594428  17.09      0.00    276.00      0.00       0  qemu-system-x86

# Time        UID       PID    %usr %system  %guest   %wait    %CPU   CPU  minflt/s  majflt/s     VSZ     RSS   %MEM   kB_rd/s   kB_wr/s kB_ccwr/s iodelay  Command
06:12:47    64055      4870   11.00    6.00  100.00    0.00   10.36    13   3222.00      0.00 59529452 33594428  17.09    112.00   2008.00      0.00       0  qemu-system-x86

# Time        UID       PID    %usr %system  %guest   %wait    %CPU   CPU  minflt/s  majflt/s     VSZ     RSS   %MEM   kB_rd/s   kB_wr/s kB_ccwr/s iodelay  Command
06:12:48    64055      4870    3.00    2.00  100.00    0.00    3.24    13     36.00      0.00 59529452 33594428  17.09      0.00      0.00      0.00       0  qemu-system-x86

# Time        UID       PID    %usr %system  %guest   %wait    %CPU   CPU  minflt/s  majflt/s     VSZ     RSS   %MEM   kB_rd/s   kB_wr/s kB_ccwr/s iodelay  Command
06:12:49    64055      4870    0.00   17.00  100.00    0.00   17.81    13  20920.00      0.00 59529452 33594428  17.09      0.00      8.00      0.00       0  qemu-system-x86

# Time        UID       PID    %usr %system  %guest   %wait    %CPU   CPU  minflt/s  majflt/s     VSZ     RSS   %MEM   kB_rd/s   kB_wr/s kB_ccwr/s iodelay  Command
06:12:50    64055      4870    3.00   22.00  100.00    0.00    7.83    13   6236.00      0.00 59529452 33594428  17.09      0.00   1356.00      0.00       0  qemu-system-x86

# Time        UID       PID    %usr %system  %guest   %wait    %CPU   CPU  minflt/s  majflt/s     VSZ     RSS   %MEM   kB_rd/s   kB_wr/s kB_ccwr/s iodelay  Command
06:12:51    64055      4870    1.00    4.00  100.00    0.00    2.75    13    474.00      0.00 59529452 33594428  17.09      0.00      0.00      0.00       0  qemu-system-x86

# Time        UID       PID    %usr %system  %guest   %wait    %CPU   CPU  minflt/s  majflt/s     VSZ     RSS   %MEM   kB_rd/s   kB_wr/s kB_ccwr/s iodelay  Command
06:12:52    64055      4870    5.00   17.00  100.00    0.00    6.38    13   8801.00      0.00 59570432 33594428  17.09      0.00    684.00      0.00       0  qemu-system-x86

# Time        UID       PID    %usr %system  %guest   %wait    %CPU   CPU  minflt/s  majflt/s     VSZ     RSS   %MEM   kB_rd/s   kB_wr/s kB_ccwr/s iodelay  Command
06:12:53    64055      4870    1.00    3.00  100.00    0.00    2.88    13     63.00      0.00 59570432 33594428  17.09      0.00      0.00      0.00       0  qemu-system-x86

# Time        UID       PID    %usr %system  %guest   %wait    %CPU   CPU  minflt/s  majflt/s     VSZ     RSS   %MEM   kB_rd/s   kB_wr/s kB_ccwr/s iodelay  Command
06:12:54    64055      4870    8.00   27.00  100.00    0.00    7.59    13   9134.00      0.00 59570432 33594428  17.09      0.00      4.00      0.00       0  qemu-system-x86

# Time        UID       PID    %usr %system  %guest   %wait    %CPU   CPU  minflt/s  majflt/s     VSZ     RSS   %MEM   kB_rd/s   kB_wr/s kB_ccwr/s iodelay  Command
06:12:55    64055      4870    1.00    2.00  100.00    0.00    3.25    13    110.00      0.00 59570432 33594428  17.09      0.00      0.00      0.00       0  qemu-system-x86

# Time        UID       PID    %usr %system  %guest   %wait    %CPU   CPU  minflt/s  majflt/s     VSZ     RSS   %MEM   kB_rd/s   kB_wr/s kB_ccwr/s iodelay  Command
06:12:56    64055      4870    0.00   39.00  100.00    0.00    6.84    13   5680.00      0.00 59570432 33594428  17.09      0.00     84.00      0.00       0  qemu-system-x86

# Time        UID       PID    %usr %system  %guest   %wait    %CPU   CPU  minflt/s  majflt/s     VSZ     RSS   %MEM   kB_rd/s   kB_wr/s kB_ccwr/s iodelay  Command
06:12:57    64055      4870    4.00   68.00  100.00    0.00    6.80    13   2390.00      0.00 59570432 33594428  17.09      0.00 148980.00      0.00       0  qemu-system-x86

# Time        UID       PID    %usr %system  %guest   %wait    %CPU   CPU  minflt/s  majflt/s     VSZ     RSS   %MEM   kB_rd/s   kB_wr/s kB_ccwr/s iodelay  Command
06:12:58    64055      4870    1.00   14.00  100.00    0.00    3.57    13   1917.00      0.00 59570432 33594428  17.09      0.00      8.00      0.00       0  qemu-system-x86

# Time        UID       PID    %usr %system  %guest   %wait    %CPU   CPU  minflt/s  majflt/s     VSZ     RSS   %MEM   kB_rd/s   kB_wr/s kB_ccwr/s iodelay  Command
06:12:59    64055      4870    0.00    4.00  100.00    0.00    2.56    13    557.00      0.00 59570432 33594428  17.09      0.00      0.00      0.00       0  qemu-system-x86

# Time        UID       PID    %usr %system  %guest   %wait    %CPU   CPU  minflt/s  majflt/s     VSZ     RSS   %MEM   kB_rd/s   kB_wr/s kB_ccwr/s iodelay  Command
06:13:00    64055      4870    7.00   28.00  100.00    0.00   18.93    13  15463.00      0.00 59570432 33594428  17.09      0.00      0.00      0.00       0  qemu-system-x86

# Time        UID       PID    %usr %system  %guest   %wait    %CPU   CPU  minflt/s  majflt/s     VSZ     RSS   %MEM   kB_rd/s   kB_wr/s kB_ccwr/s iodelay  Command
06:13:01    64055      4870    0.00   14.00  100.00    0.00    5.30    13   3071.00      0.00 59570432 33594428  17.09      0.00    108.00      0.00       0  qemu-system-x86

# Time        UID       PID    %usr %system  %guest   %wait    %CPU   CPU  minflt/s  majflt/s     VSZ     RSS   %MEM   kB_rd/s   kB_wr/s kB_ccwr/s iodelay  Command
06:13:02    64055      4870    4.00   94.00  100.00    0.00    7.77    13   5135.00      0.00 59570432 33594512  17.09      4.00 251124.00      0.00       0  qemu-system-x86

# Time        UID       PID    %usr %system  %guest   %wait    %CPU   CPU  minflt/s  majflt/s     VSZ     RSS   %MEM   kB_rd/s   kB_wr/s kB_ccwr/s iodelay  Command
06:13:03    64055      4870    0.00  100.00  100.00    0.00   12.58    13   2488.00      0.00 59693372 33594512  17.09      0.00 484108.00      0.00       0  qemu-system-x86

# Time        UID       PID    %usr %system  %guest   %wait    %CPU   CPU  minflt/s  majflt/s     VSZ     RSS   %MEM   kB_rd/s   kB_wr/s kB_ccwr/s iodelay  Command
06:13:04    64055      4870    6.00   13.00  100.00    0.00    5.98    13   3391.00      0.00 59693372 33594512  17.09      0.00      0.00      0.00       0  qemu-system-x86

# Time        UID       PID    %usr %system  %guest   %wait    %CPU   CPU  minflt/s  majflt/s     VSZ     RSS   %MEM   kB_rd/s   kB_wr/s kB_ccwr/s iodelay  Command
06:13:05    64055      4870    4.00    5.00  100.00    0.00    3.09    13    758.00      0.00 59693372 33594512  17.09      0.00      4.00      0.00       0  qemu-system-x86

# Time        UID       PID    %usr %system  %guest   %wait    %CPU   CPU  minflt/s  majflt/s     VSZ     RSS   %MEM   kB_rd/s   kB_wr/s kB_ccwr/s iodelay  Command
06:13:06    64055      4870    0.00   18.00  100.00    0.00    2.86     6   5699.00      0.00 59693372 33594512  17.09      0.00    128.00      0.00       0  qemu-system-x86

# Time        UID       PID    %usr %system  %guest   %wait    %CPU   CPU  minflt/s  majflt/s     VSZ     RSS   %MEM   kB_rd/s   kB_wr/s kB_ccwr/s iodelay  Command
06:13:07    64055      4870    3.00   14.00  100.00    0.00   11.20     6   2556.00      0.00 59693372 33594512  17.09      0.00      0.00      0.00       0  qemu-system-x86

# Time        UID       PID    %usr %system  %guest   %wait    %CPU   CPU  minflt/s  majflt/s     VSZ     RSS   %MEM   kB_rd/s   kB_wr/s kB_ccwr/s iodelay  Command
06:13:08    64055      4870    0.00    3.00  100.00    0.00    3.94     6    157.00      0.00 59693372 33594512  17.09      0.00      0.00      0.00       0  qemu-system-x86

# Time        UID       PID    %usr %system  %guest   %wait    %CPU   CPU  minflt/s  majflt/s     VSZ     RSS   %MEM   kB_rd/s   kB_wr/s kB_ccwr/s iodelay  Command
06:13:09    64055      4870    0.00   21.00  100.00    0.00    8.39     6   4526.00      0.00 59693372 33594512  17.09      0.00      8.00      0.00       0  qemu-system-x86

# Time        UID       PID    %usr %system  %guest   %wait    %CPU   CPU  minflt/s  majflt/s     VSZ     RSS   %MEM   kB_rd/s   kB_wr/s kB_ccwr/s iodelay  Command
06:13:10    64055      4870    7.00   12.00  100.00    0.00    4.43     6   3195.00      0.00 59693372 33594512  17.09      0.00      8.00      0.00       0  qemu-system-x86

# Time        UID       PID    %usr %system  %guest   %wait    %CPU   CPU  minflt/s  majflt/s     VSZ     RSS   %MEM   kB_rd/s   kB_wr/s kB_ccwr/s iodelay  Command
06:13:11    64055      4870    2.00   11.00  100.00    0.00    6.03     6   2658.00      0.00 59693372 33594512  17.09      0.00     48.00      0.00       0  qemu-system-x86

# Time        UID       PID    %usr %system  %guest   %wait    %CPU   CPU  minflt/s  majflt/s     VSZ     RSS   %MEM   kB_rd/s   kB_wr/s kB_ccwr/s iodelay  Command
06:13:12    64055      4870    2.97    6.93  100.00    0.00    4.65     6   1491.09      0.00 59693372 33594512  17.09      0.00      0.00      0.00       0  qemu-system-x86

# Time        UID       PID    %usr %system  %guest   %wait    %CPU   CPU  minflt/s  majflt/s     VSZ     RSS   %MEM   kB_rd/s   kB_wr/s kB_ccwr/s iodelay  Command
06:13:13    64055      4870    0.00   16.00  100.00    0.00   15.65     6   7133.00      0.00 59644196 33594460  17.09      0.00      4.00      0.00       0  qemu-system-x86

# Time        UID       PID    %usr %system  %guest   %wait    %CPU   CPU  minflt/s  majflt/s     VSZ     RSS   %MEM   kB_rd/s   kB_wr/s kB_ccwr/s iodelay  Command
06:13:14    64055      4870    3.00    3.00  100.00    0.00    4.67     6    563.00      0.00 59644196 33594460  17.09      0.00      0.00      0.00       0  qemu-system-x86

# Time        UID       PID    %usr %system  %guest   %wait    %CPU   CPU  minflt/s  majflt/s     VSZ     RSS   %MEM   kB_rd/s   kB_wr/s kB_ccwr/s iodelay  Command
06:13:15    64055      4870    3.00   16.00  100.00    0.00    5.85     9   4074.00      0.00 59644196 33594460  17.09      0.00      4.00      0.00       0  qemu-system-x86

# Time        UID       PID    %usr %system  %guest   %wait    %CPU   CPU  minflt/s  majflt/s     VSZ     RSS   %MEM   kB_rd/s   kB_wr/s kB_ccwr/s iodelay  Command
06:13:16    64055      4870    3.00    1.00  100.00    0.00    3.02     9    252.00      0.00 59611412 33594424  17.09      0.00      0.00      0.00       0  qemu-system-x86

# Time        UID       PID    %usr %system  %guest   %wait    %CPU   CPU  minflt/s  majflt/s     VSZ     RSS   %MEM   kB_rd/s   kB_wr/s kB_ccwr/s iodelay  Command
06:13:17    64055      4870    1.00   14.00  100.00    0.00    7.06     9   2919.00      0.00 59611412 33594424  17.09      0.00     56.00      0.00       0  qemu-system-x86

# Time        UID       PID    %usr %system  %guest   %wait    %CPU   CPU  minflt/s  majflt/s     VSZ     RSS   %MEM   kB_rd/s   kB_wr/s kB_ccwr/s iodelay  Command
06:13:18    64055      4870    0.00    6.00  100.00    0.00    2.77     9    622.00      0.00 59611412 33594424  17.09      0.00      0.00      0.00       0  qemu-system-x86

# Time        UID       PID    %usr %system  %guest   %wait    %CPU   CPU  minflt/s  majflt/s     VSZ     RSS   %MEM   kB_rd/s   kB_wr/s kB_ccwr/s iodelay  Command
06:13:19    64055      4870    2.00   22.00  100.00    0.00   18.52     9   3444.00      0.00 59611412 33594424  17.09      0.00      4.00      0.00       0  qemu-system-x86

# Time        UID       PID    %usr %system  %guest   %wait    %CPU   CPU  minflt/s  majflt/s     VSZ     RSS   %MEM   kB_rd/s   kB_wr/s kB_ccwr/s iodelay  Command
06:13:20    64055      4870   11.00   11.00  100.00    0.00    3.26     9   3006.00      0.00 59611412 33594424  17.09     12.00     24.00      0.00       0  qemu-system-x86

# Time        UID       PID    %usr %system  %guest   %wait    %CPU   CPU  minflt/s  majflt/s     VSZ     RSS   %MEM   kB_rd/s   kB_wr/s kB_ccwr/s iodelay  Command
06:13:21    64055      4870    1.00   23.00  100.00    0.00    6.91     9   2197.00      0.00 59611412 33594424  17.09      0.00      0.00      0.00       0  qemu-system-x86

# Time        UID       PID    %usr %system  %guest   %wait    %CPU   CPU  minflt/s  majflt/s     VSZ     RSS   %MEM   kB_rd/s   kB_wr/s kB_ccwr/s iodelay  Command
06:13:22    64055      4870    2.00   14.00  100.00    0.00    4.44     9   3954.00      0.00 59611412 33594424  17.09      0.00      0.00      0.00       0  qemu-system-x86

