Linux 4.15.0-96-generic (team25-hw6) 	04/24/20 	_x86_64_	(48 CPU)

# Time        UID       PID    %usr %system  %guest   %wait    %CPU   CPU  minflt/s  majflt/s     VSZ     RSS   %MEM   kB_rd/s   kB_wr/s kB_ccwr/s iodelay  Command
08:43:13    64055      4870   11.00   65.00  100.00    0.00    8.34    23   1285.00      0.00 59545844 33594432  17.09      0.00 131708.00      0.00       0  qemu-system-x86

# Time        UID       PID    %usr %system  %guest   %wait    %CPU   CPU  minflt/s  majflt/s     VSZ     RSS   %MEM   kB_rd/s   kB_wr/s kB_ccwr/s iodelay  Command
08:43:14    64055      4870    3.00   12.00  100.00    0.00    4.99    23    783.00      0.00 59545844 33594432  17.09      0.00    272.00      0.00       0  qemu-system-x86

# Time        UID       PID    %usr %system  %guest   %wait    %CPU   CPU  minflt/s  majflt/s     VSZ     RSS   %MEM   kB_rd/s   kB_wr/s kB_ccwr/s iodelay  Command
08:43:15    64055      4870    6.00    9.00  100.00    0.00    5.05    23   1971.00      0.00 59545844 33594432  17.09      0.00     92.00      0.00       0  qemu-system-x86

# Time        UID       PID    %usr %system  %guest   %wait    %CPU   CPU  minflt/s  majflt/s     VSZ     RSS   %MEM   kB_rd/s   kB_wr/s kB_ccwr/s iodelay  Command
08:43:16    64055      4870    6.00   18.00  100.00    0.00    6.35    23   3254.00      0.00 59545844 33594432  17.09      0.00      0.00      0.00       0  qemu-system-x86

# Time        UID       PID    %usr %system  %guest   %wait    %CPU   CPU  minflt/s  majflt/s     VSZ     RSS   %MEM   kB_rd/s   kB_wr/s kB_ccwr/s iodelay  Command
08:43:17    64055      4870   12.00   11.00  100.00    0.00    6.51    23    397.00      0.00 59545844 33594432  17.09      0.00      0.00      0.00       0  qemu-system-x86

# Time        UID       PID    %usr %system  %guest   %wait    %CPU   CPU  minflt/s  majflt/s     VSZ     RSS   %MEM   kB_rd/s   kB_wr/s kB_ccwr/s iodelay  Command
08:43:18    64055      4870    3.00  100.00  100.00    0.00   12.29    23   4789.00      0.00 59619608 33594468  17.09      0.00 560636.00      0.00       0  qemu-system-x86

# Time        UID       PID    %usr %system  %guest   %wait    %CPU   CPU  minflt/s  majflt/s     VSZ     RSS   %MEM   kB_rd/s   kB_wr/s kB_ccwr/s iodelay  Command
08:43:19    64055      4870    7.00  100.00  100.00    0.00   15.08    23   2386.00      0.00 59619608 33594468  17.09      0.00 292340.00      0.00       0  qemu-system-x86

# Time        UID       PID    %usr %system  %guest   %wait    %CPU   CPU  minflt/s  majflt/s     VSZ     RSS   %MEM   kB_rd/s   kB_wr/s kB_ccwr/s iodelay  Command
08:43:20    64055      4870    0.00   19.00   98.00    0.00    2.38    23    310.00      0.00 59619608 33594468  17.09      0.00      0.00      0.00       0  qemu-system-x86

# Time        UID       PID    %usr %system  %guest   %wait    %CPU   CPU  minflt/s  majflt/s     VSZ     RSS   %MEM   kB_rd/s   kB_wr/s kB_ccwr/s iodelay  Command
08:43:21    64055      4870    4.00   15.00   86.00    0.00    2.19    15    236.00      0.00 59619608 33594468  17.09      0.00     12.00      0.00       0  qemu-system-x86

# Time        UID       PID    %usr %system  %guest   %wait    %CPU   CPU  minflt/s  majflt/s     VSZ     RSS   %MEM   kB_rd/s   kB_wr/s kB_ccwr/s iodelay  Command
08:43:22    64055      4870    7.00    5.00   92.00    0.00    2.17    15    234.00      0.00 59619608 33594468  17.09      0.00     12.00      0.00       0  qemu-system-x86

# Time        UID       PID    %usr %system  %guest   %wait    %CPU   CPU  minflt/s  majflt/s     VSZ     RSS   %MEM   kB_rd/s   kB_wr/s kB_ccwr/s iodelay  Command
08:43:23    64055      4870    7.00   28.00  100.00    0.00   13.91    15   5778.00      0.00 59619608 33594468  17.09      0.00      0.00      0.00       0  qemu-system-x86

# Time        UID       PID    %usr %system  %guest   %wait    %CPU   CPU  minflt/s  majflt/s     VSZ     RSS   %MEM   kB_rd/s   kB_wr/s kB_ccwr/s iodelay  Command
08:43:24    64055      4870   12.00   47.00  100.00    0.00   24.20    15   5590.00      0.00 59619608 33594468  17.09      0.00    296.00      0.00       0  qemu-system-x86

# Time        UID       PID    %usr %system  %guest   %wait    %CPU   CPU  minflt/s  majflt/s     VSZ     RSS   %MEM   kB_rd/s   kB_wr/s kB_ccwr/s iodelay  Command
08:43:25    64055      4870    4.00   17.00  100.00    0.00   23.57    15  11923.00      0.00 59619608 33594468  17.09      0.00      0.00      0.00       0  qemu-system-x86

# Time        UID       PID    %usr %system  %guest   %wait    %CPU   CPU  minflt/s  majflt/s     VSZ     RSS   %MEM   kB_rd/s   kB_wr/s kB_ccwr/s iodelay  Command
08:43:26    64055      4870    6.00   35.00  100.00    0.00   29.37    15  74360.00      0.00 59619608 33594468  17.09      0.00      0.00      0.00       0  qemu-system-x86

# Time        UID       PID    %usr %system  %guest   %wait    %CPU   CPU  minflt/s  majflt/s     VSZ     RSS   %MEM   kB_rd/s   kB_wr/s kB_ccwr/s iodelay  Command
08:43:27    64055      4870    3.00    9.00  100.00    0.00   15.89    15   1644.00      0.00 59619608 33594468  17.09      0.00      0.00      0.00       0  qemu-system-x86

# Time        UID       PID    %usr %system  %guest   %wait    %CPU   CPU  minflt/s  majflt/s     VSZ     RSS   %MEM   kB_rd/s   kB_wr/s kB_ccwr/s iodelay  Command
08:43:28    64055      4870    3.00    0.00  100.00    0.00   12.85    15     28.00      0.00 59619608 33594468  17.09      0.00      0.00      0.00       0  qemu-system-x86

# Time        UID       PID    %usr %system  %guest   %wait    %CPU   CPU  minflt/s  majflt/s     VSZ     RSS   %MEM   kB_rd/s   kB_wr/s kB_ccwr/s iodelay  Command
08:43:29    64055      4870    2.00    6.00  100.00    0.00   17.41    15   2192.00      0.00 59619608 33594468  17.09      0.00    112.00      0.00       0  qemu-system-x86

# Time        UID       PID    %usr %system  %guest   %wait    %CPU   CPU  minflt/s  majflt/s     VSZ     RSS   %MEM   kB_rd/s   kB_wr/s kB_ccwr/s iodelay  Command
08:43:30    64055      4870    0.00   11.00  100.00    0.00   13.11    15   2380.00      0.00 59619608 33594468  17.09      0.00      0.00      0.00       0  qemu-system-x86

# Time        UID       PID    %usr %system  %guest   %wait    %CPU   CPU  minflt/s  majflt/s     VSZ     RSS   %MEM   kB_rd/s   kB_wr/s kB_ccwr/s iodelay  Command
08:43:31    64055      4870    3.00    3.00  100.00    0.00   12.96    15   1793.00      0.00 59595020 33594432  17.09      0.00      0.00      0.00       0  qemu-system-x86

# Time        UID       PID    %usr %system  %guest   %wait    %CPU   CPU  minflt/s  majflt/s     VSZ     RSS   %MEM   kB_rd/s   kB_wr/s kB_ccwr/s iodelay  Command
08:43:32    64055      4870    8.00   27.00  100.00    0.00   10.12    15   2880.00      0.00 59545844 33594364  17.09      0.00     44.00      0.00       0  qemu-system-x86

# Time        UID       PID    %usr %system  %guest   %wait    %CPU   CPU  minflt/s  majflt/s     VSZ     RSS   %MEM   kB_rd/s   kB_wr/s kB_ccwr/s iodelay  Command
08:43:33    64055      4870   14.00   26.00  100.00    0.00   15.23    15   3083.00      0.00 59545844 33594364  17.09      0.00    160.00      0.00       0  qemu-system-x86

# Time        UID       PID    %usr %system  %guest   %wait    %CPU   CPU  minflt/s  majflt/s     VSZ     RSS   %MEM   kB_rd/s   kB_wr/s kB_ccwr/s iodelay  Command
08:43:34    64055      4870    7.00   22.00  100.00    0.00   23.79    15   2739.00      0.00 59545844 33594364  17.09      0.00      0.00      0.00       0  qemu-system-x86

# Time        UID       PID    %usr %system  %guest   %wait    %CPU   CPU  minflt/s  majflt/s     VSZ     RSS   %MEM   kB_rd/s   kB_wr/s kB_ccwr/s iodelay  Command
08:43:35    64055      4870    6.00    8.00  100.00    0.00   26.13    15   4716.00      0.00 59545844 33594364  17.09      0.00    324.00      0.00       0  qemu-system-x86

# Time        UID       PID    %usr %system  %guest   %wait    %CPU   CPU  minflt/s  majflt/s     VSZ     RSS   %MEM   kB_rd/s   kB_wr/s kB_ccwr/s iodelay  Command
08:43:36    64055      4870    0.00   28.00  100.00    0.00   24.32    15   9181.00      0.00 59545844 33594364  17.09      0.00      0.00      0.00       0  qemu-system-x86

# Time        UID       PID    %usr %system  %guest   %wait    %CPU   CPU  minflt/s  majflt/s     VSZ     RSS   %MEM   kB_rd/s   kB_wr/s kB_ccwr/s iodelay  Command
08:43:37    64055      4870    8.00   10.00  100.00    0.00   18.73    15  20996.00      0.00 59545844 33594364  17.09      0.00      0.00      0.00       0  qemu-system-x86

# Time        UID       PID    %usr %system  %guest   %wait    %CPU   CPU  minflt/s  majflt/s     VSZ     RSS   %MEM   kB_rd/s   kB_wr/s kB_ccwr/s iodelay  Command
08:43:38    64055      4870    3.00    3.00  100.00    0.00   15.24    15    803.00      0.00 59545844 33594364  17.09      0.00      0.00      0.00       0  qemu-system-x86

# Time        UID       PID    %usr %system  %guest   %wait    %CPU   CPU  minflt/s  majflt/s     VSZ     RSS   %MEM   kB_rd/s   kB_wr/s kB_ccwr/s iodelay  Command
08:43:39    64055      4870    0.00    4.00  100.00    0.00   15.10    15   2175.00      0.00 59545844 33594364  17.09      0.00      0.00      0.00       0  qemu-system-x86

# Time        UID       PID    %usr %system  %guest   %wait    %CPU   CPU  minflt/s  majflt/s     VSZ     RSS   %MEM   kB_rd/s   kB_wr/s kB_ccwr/s iodelay  Command
08:43:40    64055      4870    4.00   21.00  100.00    0.00   13.17    15   2580.00      0.00 59545844 33594364  17.09      0.00     88.00      0.00       0  qemu-system-x86

# Time        UID       PID    %usr %system  %guest   %wait    %CPU   CPU  minflt/s  majflt/s     VSZ     RSS   %MEM   kB_rd/s   kB_wr/s kB_ccwr/s iodelay  Command
08:43:41    64055      4870    3.00    5.00  100.00    0.00   13.05    15   1854.00      0.00 59545844 33594364  17.09      0.00      0.00      0.00       0  qemu-system-x86

# Time        UID       PID    %usr %system  %guest   %wait    %CPU   CPU  minflt/s  majflt/s     VSZ     RSS   %MEM   kB_rd/s   kB_wr/s kB_ccwr/s iodelay  Command
08:43:42    64055      4870    9.00   33.00  100.00    0.00    9.76    15   2455.00      0.00 59545844 33594364  17.09      0.00    128.00      0.00       0  qemu-system-x86

# Time        UID       PID    %usr %system  %guest   %wait    %CPU   CPU  minflt/s  majflt/s     VSZ     RSS   %MEM   kB_rd/s   kB_wr/s kB_ccwr/s iodelay  Command
08:43:43    64055      4870    3.00   32.00  100.00    0.00   13.41    15   2695.00      0.00 59545844 33594364  17.09      0.00     64.00      0.00       0  qemu-system-x86

# Time        UID       PID    %usr %system  %guest   %wait    %CPU   CPU  minflt/s  majflt/s     VSZ     RSS   %MEM   kB_rd/s   kB_wr/s kB_ccwr/s iodelay  Command
08:43:44    64055      4870   12.00   42.00  100.00    0.00   19.80    15   3777.00      0.00 59545844 33594364  17.09      0.00    124.00      0.00       0  qemu-system-x86

# Time        UID       PID    %usr %system  %guest   %wait    %CPU   CPU  minflt/s  majflt/s     VSZ     RSS   %MEM   kB_rd/s   kB_wr/s kB_ccwr/s iodelay  Command
08:43:45    64055      4870    5.00   11.00  100.00    0.00   19.30    15   7620.00      0.00 59545844 33594364  17.09      0.00  18360.00      0.00       0  qemu-system-x86

# Time        UID       PID    %usr %system  %guest   %wait    %CPU   CPU  minflt/s  majflt/s     VSZ     RSS   %MEM   kB_rd/s   kB_wr/s kB_ccwr/s iodelay  Command
08:43:46    64055      4870    9.00   48.00  100.00    0.00   18.26    15   9834.00      0.00 59545844 33594364  17.09      0.00  72356.00      0.00       0  qemu-system-x86

# Time        UID       PID    %usr %system  %guest   %wait    %CPU   CPU  minflt/s  majflt/s     VSZ     RSS   %MEM   kB_rd/s   kB_wr/s kB_ccwr/s iodelay  Command
08:43:47    64055      4870    2.00   25.00  100.00    0.00   13.01    15   2286.00      0.00 59545844 33594364  17.09      0.00  54416.00      0.00       0  qemu-system-x86

# Time        UID       PID    %usr %system  %guest   %wait    %CPU   CPU  minflt/s  majflt/s     VSZ     RSS   %MEM   kB_rd/s   kB_wr/s kB_ccwr/s iodelay  Command
08:43:48    64055      4870    7.00   27.00  100.00    0.00   15.88    15   2336.00      0.00 59545844 33594364  17.09      0.00      0.00      0.00       0  qemu-system-x86

# Time        UID       PID    %usr %system  %guest   %wait    %CPU   CPU  minflt/s  majflt/s     VSZ     RSS   %MEM   kB_rd/s   kB_wr/s kB_ccwr/s iodelay  Command
08:43:49    64055      4870    5.00   18.00  100.00    0.00   15.26    15   3472.00      0.00 59545844 33594364  17.09      0.00   1228.00      0.00       0  qemu-system-x86

# Time        UID       PID    %usr %system  %guest   %wait    %CPU   CPU  minflt/s  majflt/s     VSZ     RSS   %MEM   kB_rd/s   kB_wr/s kB_ccwr/s iodelay  Command
08:43:50    64055      4870    0.00   14.00  100.00    0.00   16.30    15  16935.00      0.00 59545844 33594364  17.09      0.00    216.00      0.00       0  qemu-system-x86

# Time        UID       PID    %usr %system  %guest   %wait    %CPU   CPU  minflt/s  majflt/s     VSZ     RSS   %MEM   kB_rd/s   kB_wr/s kB_ccwr/s iodelay  Command
08:43:51    64055      4870    7.00    9.00  100.00    0.00   11.00    15   4272.00      0.00 59545844 33594364  17.09      0.00      0.00      0.00       0  qemu-system-x86

# Time        UID       PID    %usr %system  %guest   %wait    %CPU   CPU  minflt/s  majflt/s     VSZ     RSS   %MEM   kB_rd/s   kB_wr/s kB_ccwr/s iodelay  Command
08:43:52    64055      4870   10.00   20.00  100.00    0.00    4.22    15   1766.00      0.00 59545844 33594364  17.09      0.00    128.00      0.00       0  qemu-system-x86

# Time        UID       PID    %usr %system  %guest   %wait    %CPU   CPU  minflt/s  majflt/s     VSZ     RSS   %MEM   kB_rd/s   kB_wr/s kB_ccwr/s iodelay  Command
08:43:53    64055      4870    0.00    7.00  100.00    0.00    2.48    15   1619.00      0.00 59545844 33594364  17.09      0.00      0.00      0.00       0  qemu-system-x86

# Time        UID       PID    %usr %system  %guest   %wait    %CPU   CPU  minflt/s  majflt/s     VSZ     RSS   %MEM   kB_rd/s   kB_wr/s kB_ccwr/s iodelay  Command
08:43:54    64055      4870    0.00    6.00  100.00    0.00    2.52    15    268.00      0.00 59545844 33594364  17.09      0.00      0.00      0.00       0  qemu-system-x86

# Time        UID       PID    %usr %system  %guest   %wait    %CPU   CPU  minflt/s  majflt/s     VSZ     RSS   %MEM   kB_rd/s   kB_wr/s kB_ccwr/s iodelay  Command
08:43:55    64055      4870    4.00    0.00  100.00    0.00    2.31    15    218.00      0.00 59545844 33594364  17.09      0.00    640.00      0.00       0  qemu-system-x86

# Time        UID       PID    %usr %system  %guest   %wait    %CPU   CPU  minflt/s  majflt/s     VSZ     RSS   %MEM   kB_rd/s   kB_wr/s kB_ccwr/s iodelay  Command
08:43:56    64055      4870    3.00    0.00  100.00    0.00    2.42    15     83.00      0.00 59545844 33594364  17.09      0.00      0.00      0.00       0  qemu-system-x86

# Time        UID       PID    %usr %system  %guest   %wait    %CPU   CPU  minflt/s  majflt/s     VSZ     RSS   %MEM   kB_rd/s   kB_wr/s kB_ccwr/s iodelay  Command
08:43:57    64055      4870    2.00    1.00  100.00    0.00    2.86    15    304.00      0.00 59545844 33594364  17.09      0.00      0.00      0.00       0  qemu-system-x86

# Time        UID       PID    %usr %system  %guest   %wait    %CPU   CPU  minflt/s  majflt/s     VSZ     RSS   %MEM   kB_rd/s   kB_wr/s kB_ccwr/s iodelay  Command
08:43:58    64055      4870    1.00    3.00  100.00    0.00    2.36    15    146.00      0.00 59545844 33594364  17.09      0.00      0.00      0.00       0  qemu-system-x86

# Time        UID       PID    %usr %system  %guest   %wait    %CPU   CPU  minflt/s  majflt/s     VSZ     RSS   %MEM   kB_rd/s   kB_wr/s kB_ccwr/s iodelay  Command
08:43:59    64055      4870    0.00    3.00  100.00    0.00    2.44    15     69.00      0.00 59545844 33594364  17.09      0.00      0.00      0.00       0  qemu-system-x86

# Time        UID       PID    %usr %system  %guest   %wait    %CPU   CPU  minflt/s  majflt/s     VSZ     RSS   %MEM   kB_rd/s   kB_wr/s kB_ccwr/s iodelay  Command
08:44:00    64055      4870    3.00    0.00  100.00    0.00    2.46    15     90.00      0.00 59545844 33594364  17.09      0.00     56.00      0.00       0  qemu-system-x86

# Time        UID       PID    %usr %system  %guest   %wait    %CPU   CPU  minflt/s  majflt/s     VSZ     RSS   %MEM   kB_rd/s   kB_wr/s kB_ccwr/s iodelay  Command
08:44:01    64055      4870    0.00    7.00  100.00    0.00    2.60    15   2902.00      0.00 59545844 33594364  17.09      0.00      0.00      0.00       0  qemu-system-x86

# Time        UID       PID    %usr %system  %guest   %wait    %CPU   CPU  minflt/s  majflt/s     VSZ     RSS   %MEM   kB_rd/s   kB_wr/s kB_ccwr/s iodelay  Command
08:44:02    64055      4870    3.00    0.00  100.00    0.00    2.57    15    172.00      0.00 59545844 33594364  17.09      0.00      0.00      0.00       0  qemu-system-x86

# Time        UID       PID    %usr %system  %guest   %wait    %CPU   CPU  minflt/s  majflt/s     VSZ     RSS   %MEM   kB_rd/s   kB_wr/s kB_ccwr/s iodelay  Command
08:44:03    64055      4870    0.00    5.00  100.00    0.00    2.63    15     91.00      0.00 59545844 33594364  17.09      0.00      0.00      0.00       0  qemu-system-x86

# Time        UID       PID    %usr %system  %guest   %wait    %CPU   CPU  minflt/s  majflt/s     VSZ     RSS   %MEM   kB_rd/s   kB_wr/s kB_ccwr/s iodelay  Command
08:44:04    64055      4870    0.00   23.00  100.00    1.00    3.29    15    690.00      0.00 59545844 33594364  17.09      0.00  36072.00      0.00       0  qemu-system-x86

# Time        UID       PID    %usr %system  %guest   %wait    %CPU   CPU  minflt/s  majflt/s     VSZ     RSS   %MEM   kB_rd/s   kB_wr/s kB_ccwr/s iodelay  Command
08:44:05    64055      4870    0.00   32.00  100.00    0.00    5.55    15    748.00      0.00 59545844 33594364  17.09      0.00  71108.00      0.00       0  qemu-system-x86

# Time        UID       PID    %usr %system  %guest   %wait    %CPU   CPU  minflt/s  majflt/s     VSZ     RSS   %MEM   kB_rd/s   kB_wr/s kB_ccwr/s iodelay  Command
08:44:06    64055      4870    5.00    0.00  100.00    0.00    2.44    15    259.00      0.00 59545844 33594364  17.09      0.00      0.00      0.00       0  qemu-system-x86

# Time        UID       PID    %usr %system  %guest   %wait    %CPU   CPU  minflt/s  majflt/s     VSZ     RSS   %MEM   kB_rd/s   kB_wr/s kB_ccwr/s iodelay  Command
08:44:07    64055      4870    2.00    2.00  100.00    0.00    2.44    15     93.00      0.00 59545844 33594364  17.09      0.00      0.00      0.00       0  qemu-system-x86

# Time        UID       PID    %usr %system  %guest   %wait    %CPU   CPU  minflt/s  majflt/s     VSZ     RSS   %MEM   kB_rd/s   kB_wr/s kB_ccwr/s iodelay  Command
08:44:08    64055      4870    2.00    2.00  100.00    0.00    2.48    15     49.00      0.00 59545844 33594364  17.09      0.00      0.00      0.00       0  qemu-system-x86

# Time        UID       PID    %usr %system  %guest   %wait    %CPU   CPU  minflt/s  majflt/s     VSZ     RSS   %MEM   kB_rd/s   kB_wr/s kB_ccwr/s iodelay  Command
08:44:09    64055      4870    2.00    3.00  100.00    0.00    2.69    17   3420.00      0.00 59545844 33594364  17.09      0.00   1208.00      0.00       0  qemu-system-x86

# Time        UID       PID    %usr %system  %guest   %wait    %CPU   CPU  minflt/s  majflt/s     VSZ     RSS   %MEM   kB_rd/s   kB_wr/s kB_ccwr/s iodelay  Command
08:44:10    64055      4870    1.00    2.00  100.00    0.00    2.44    17     73.00      0.00 59545844 33594364  17.09      0.00      0.00      0.00       0  qemu-system-x86

# Time        UID       PID    %usr %system  %guest   %wait    %CPU   CPU  minflt/s  majflt/s     VSZ     RSS   %MEM   kB_rd/s   kB_wr/s kB_ccwr/s iodelay  Command
08:44:11    64055      4870    2.00    0.00  100.00    0.00    2.42    17     60.00      0.00 59545844 33594364  17.09      0.00      0.00      0.00       0  qemu-system-x86

# Time        UID       PID    %usr %system  %guest   %wait    %CPU   CPU  minflt/s  majflt/s     VSZ     RSS   %MEM   kB_rd/s   kB_wr/s kB_ccwr/s iodelay  Command
08:44:12    64055      4870    1.00    3.00  100.00    0.00    2.29    17     25.00      0.00 59545844 33594364  17.09      0.00      0.00      0.00       0  qemu-system-x86

# Time        UID       PID    %usr %system  %guest   %wait    %CPU   CPU  minflt/s  majflt/s     VSZ     RSS   %MEM   kB_rd/s   kB_wr/s kB_ccwr/s iodelay  Command
08:44:13    64055      4870    0.00    4.00  100.00    0.00    2.52    17     32.00      0.00 59545844 33594364  17.09      0.00      0.00      0.00       0  qemu-system-x86

# Time        UID       PID    %usr %system  %guest   %wait    %CPU   CPU  minflt/s  majflt/s     VSZ     RSS   %MEM   kB_rd/s   kB_wr/s kB_ccwr/s iodelay  Command
08:44:14    64055      4870    0.00    3.00  100.00    0.00    2.40    17    443.00      0.00 59545844 33594364  17.09      0.00     56.00      0.00       0  qemu-system-x86

# Time        UID       PID    %usr %system  %guest   %wait    %CPU   CPU  minflt/s  majflt/s     VSZ     RSS   %MEM   kB_rd/s   kB_wr/s kB_ccwr/s iodelay  Command
08:44:15    64055      4870    4.00    0.00  100.00    0.00    2.44    41     75.00      0.00 59545844 33594364  17.09      0.00    624.00      0.00       0  qemu-system-x86

# Time        UID       PID    %usr %system  %guest   %wait    %CPU   CPU  minflt/s  majflt/s     VSZ     RSS   %MEM   kB_rd/s   kB_wr/s kB_ccwr/s iodelay  Command
08:44:16    64055      4870    2.00    2.00  100.00    0.00    2.48    41     51.00      0.00 59545844 33594364  17.09      0.00      0.00      0.00       0  qemu-system-x86

# Time        UID       PID    %usr %system  %guest   %wait    %CPU   CPU  minflt/s  majflt/s     VSZ     RSS   %MEM   kB_rd/s   kB_wr/s kB_ccwr/s iodelay  Command
08:44:17    64055      4870    0.00    2.00  100.00    0.00    2.40    41     26.00      0.00 59545844 33594364  17.09      0.00      0.00      0.00       0  qemu-system-x86

# Time        UID       PID    %usr %system  %guest   %wait    %CPU   CPU  minflt/s  majflt/s     VSZ     RSS   %MEM   kB_rd/s   kB_wr/s kB_ccwr/s iodelay  Command
08:44:18    64055      4870    2.00    1.00  100.00    0.00    2.27    41     34.00      0.00 59545844 33594364  17.09      0.00      0.00      0.00       0  qemu-system-x86

# Time        UID       PID    %usr %system  %guest   %wait    %CPU   CPU  minflt/s  majflt/s     VSZ     RSS   %MEM   kB_rd/s   kB_wr/s kB_ccwr/s iodelay  Command
08:44:19    64055      4870    3.00    2.00  100.00    0.00    2.54     6    345.00      0.00 59545844 33594364  17.09      0.00    100.00      0.00       0  qemu-system-x86

# Time        UID       PID    %usr %system  %guest   %wait    %CPU   CPU  minflt/s  majflt/s     VSZ     RSS   %MEM   kB_rd/s   kB_wr/s kB_ccwr/s iodelay  Command
08:44:20    64055      4870    0.00   36.00  100.00    0.00    3.23    44    142.00      0.00 59627804 33594364  17.09      0.00 126932.00      0.00       0  qemu-system-x86

# Time        UID       PID    %usr %system  %guest   %wait    %CPU   CPU  minflt/s  majflt/s     VSZ     RSS   %MEM   kB_rd/s   kB_wr/s kB_ccwr/s iodelay  Command
08:44:21    64055      4870    2.00    3.00  100.00    0.00    2.50    44     97.00      0.00 59627804 33594364  17.09      0.00      0.00      0.00       0  qemu-system-x86

# Time        UID       PID    %usr %system  %guest   %wait    %CPU   CPU  minflt/s  majflt/s     VSZ     RSS   %MEM   kB_rd/s   kB_wr/s kB_ccwr/s iodelay  Command
08:44:22    64055      4870    0.00    3.00  100.00    0.00    2.98    44    113.00      0.00 59627804 33594364  17.09      0.00      0.00      0.00       0  qemu-system-x86

# Time        UID       PID    %usr %system  %guest   %wait    %CPU   CPU  minflt/s  majflt/s     VSZ     RSS   %MEM   kB_rd/s   kB_wr/s kB_ccwr/s iodelay  Command
08:44:23    64055      4870    3.00    0.00  100.00    0.00    2.27    44     39.00      0.00 59627804 33594364  17.09      0.00      0.00      0.00       0  qemu-system-x86

# Time        UID       PID    %usr %system  %guest   %wait    %CPU   CPU  minflt/s  majflt/s     VSZ     RSS   %MEM   kB_rd/s   kB_wr/s kB_ccwr/s iodelay  Command
08:44:24    64055      4870    2.00    3.00  100.00    0.00    2.44    44     77.00      0.00 59627804 33594364  17.09      0.00     76.00      0.00       0  qemu-system-x86

# Time        UID       PID    %usr %system  %guest   %wait    %CPU   CPU  minflt/s  majflt/s     VSZ     RSS   %MEM   kB_rd/s   kB_wr/s kB_ccwr/s iodelay  Command
08:44:25    64055      4870    0.00    5.00  100.00    0.00    2.55    44     27.00      0.00 59627804 33594364  17.09      0.00      4.00      0.00       0  qemu-system-x86

# Time        UID       PID    %usr %system  %guest   %wait    %CPU   CPU  minflt/s  majflt/s     VSZ     RSS   %MEM   kB_rd/s   kB_wr/s kB_ccwr/s iodelay  Command
08:44:26    64055      4870    0.00    2.00  100.00    0.00    2.31    44     56.00      0.00 59627804 33594364  17.09      0.00     12.00      0.00       0  qemu-system-x86

# Time        UID       PID    %usr %system  %guest   %wait    %CPU   CPU  minflt/s  majflt/s     VSZ     RSS   %MEM   kB_rd/s   kB_wr/s kB_ccwr/s iodelay  Command
08:44:27    64055      4870    1.00    0.00  100.00    0.00    2.50    44     29.00      0.00 59627804 33594364  17.09      0.00      0.00      0.00       0  qemu-system-x86

# Time        UID       PID    %usr %system  %guest   %wait    %CPU   CPU  minflt/s  majflt/s     VSZ     RSS   %MEM   kB_rd/s   kB_wr/s kB_ccwr/s iodelay  Command
08:44:28    64055      4870    1.00    3.00  100.00    0.00    2.52    44     69.00      0.00 59627804 33594364  17.09      0.00      0.00      0.00       0  qemu-system-x86

# Time        UID       PID    %usr %system  %guest   %wait    %CPU   CPU  minflt/s  majflt/s     VSZ     RSS   %MEM   kB_rd/s   kB_wr/s kB_ccwr/s iodelay  Command
08:44:29    64055      4870    1.00    1.00  100.00    0.00    2.25    44     35.00      0.00 59627804 33594364  17.09      0.00     36.00      0.00       0  qemu-system-x86

# Time        UID       PID    %usr %system  %guest   %wait    %CPU   CPU  minflt/s  majflt/s     VSZ     RSS   %MEM   kB_rd/s   kB_wr/s kB_ccwr/s iodelay  Command
08:44:30    64055      4870    6.00   18.00  100.00    0.00    6.95    44    597.00      0.00 59611412 33594380  17.09      0.00     12.00      0.00       0  qemu-system-x86

# Time        UID       PID    %usr %system  %guest   %wait    %CPU   CPU  minflt/s  majflt/s     VSZ     RSS   %MEM   kB_rd/s   kB_wr/s kB_ccwr/s iodelay  Command
08:44:31    64055      4870    0.00   28.00  100.00    0.00    7.08    44    891.00      0.00 59611412 33594380  17.09      0.00     16.00      0.00       0  qemu-system-x86

# Time        UID       PID    %usr %system  %guest   %wait    %CPU   CPU  minflt/s  majflt/s     VSZ     RSS   %MEM   kB_rd/s   kB_wr/s kB_ccwr/s iodelay  Command
08:44:32    64055      4870    7.00   28.00  100.00    0.00    5.15    44    819.00      0.00 59611412 33594380  17.09      0.00      4.00      0.00       0  qemu-system-x86

# Time        UID       PID    %usr %system  %guest   %wait    %CPU   CPU  minflt/s  majflt/s     VSZ     RSS   %MEM   kB_rd/s   kB_wr/s kB_ccwr/s iodelay  Command
08:44:33    64055      4870    6.00   33.00  100.00    0.00    6.45    44   1105.00      0.00 59611412 33594380  17.09      0.00     12.00      0.00       0  qemu-system-x86

# Time        UID       PID    %usr %system  %guest   %wait    %CPU   CPU  minflt/s  majflt/s     VSZ     RSS   %MEM   kB_rd/s   kB_wr/s kB_ccwr/s iodelay  Command
08:44:34    64055      4870   11.00   24.00  100.00    0.00    5.46    44    918.00      0.00 59611412 33594380  17.09      0.00    104.00      0.00       0  qemu-system-x86

# Time        UID       PID    %usr %system  %guest   %wait    %CPU   CPU  minflt/s  majflt/s     VSZ     RSS   %MEM   kB_rd/s   kB_wr/s kB_ccwr/s iodelay  Command
08:44:35    64055      4870    8.00   28.00  100.00    0.00    5.85    44   1202.00      0.00 59611412 33594380  17.09      0.00      8.00      0.00       0  qemu-system-x86

# Time        UID       PID    %usr %system  %guest   %wait    %CPU   CPU  minflt/s  majflt/s     VSZ     RSS   %MEM   kB_rd/s   kB_wr/s kB_ccwr/s iodelay  Command
08:44:36    64055      4870    5.00  100.00  100.00    0.00    6.41    40    923.00      0.00 59676980 33594624  17.09      0.00 108616.00      0.00       0  qemu-system-x86

# Time        UID       PID    %usr %system  %guest   %wait    %CPU   CPU  minflt/s  majflt/s     VSZ     RSS   %MEM   kB_rd/s   kB_wr/s kB_ccwr/s iodelay  Command
08:44:37    64055      4870    7.00   27.00  100.00    0.00    5.02    21    955.00      0.00 59676980 33594624  17.09      0.00     12.00      0.00       0  qemu-system-x86

# Time        UID       PID    %usr %system  %guest   %wait    %CPU   CPU  minflt/s  majflt/s     VSZ     RSS   %MEM   kB_rd/s   kB_wr/s kB_ccwr/s iodelay  Command
08:44:38    64055      4870    0.00   23.00  100.00    0.00    4.87    21   1004.00      0.00 59676980 33594624  17.09      0.00      4.00      0.00       0  qemu-system-x86

# Time        UID       PID    %usr %system  %guest   %wait    %CPU   CPU  minflt/s  majflt/s     VSZ     RSS   %MEM   kB_rd/s   kB_wr/s kB_ccwr/s iodelay  Command
08:44:39    64055      4870   10.00   18.00  100.00    0.00    5.48    21   2260.00      0.00 59676980 33594624  17.09      0.00    228.00      0.00       0  qemu-system-x86

# Time        UID       PID    %usr %system  %guest   %wait    %CPU   CPU  minflt/s  majflt/s     VSZ     RSS   %MEM   kB_rd/s   kB_wr/s kB_ccwr/s iodelay  Command
08:44:40    64055      4870    0.00    7.00   45.00    0.00    1.04    21    650.00      0.00 59676980 33594624  17.09      0.00      8.00      0.00       0  qemu-system-x86

# Time        UID       PID    %usr %system  %guest   %wait    %CPU   CPU  minflt/s  majflt/s     VSZ     RSS   %MEM   kB_rd/s   kB_wr/s kB_ccwr/s iodelay  Command
08:44:41    64055      4870    2.00    0.00   36.00    0.00    0.79     8    430.00      0.00 59676980 33594624  17.09      0.00      4.00      0.00       0  qemu-system-x86

