Linux 4.15.0-96-generic (team25-hw6) 	04/25/20 	_x86_64_	(48 CPU)

# Time        UID       PID    %usr %system  %guest   %wait    %CPU   CPU  minflt/s  majflt/s     VSZ     RSS   %MEM   kB_rd/s   kB_wr/s kB_ccwr/s iodelay  Command
06:15:23    64055      4870    0.00   20.79  100.00    0.00    7.10    41    722.77      0.00 59504864 33594596  17.09      0.00     75.25      0.00       0  qemu-system-x86

# Time        UID       PID    %usr %system  %guest   %wait    %CPU   CPU  minflt/s  majflt/s     VSZ     RSS   %MEM   kB_rd/s   kB_wr/s kB_ccwr/s iodelay  Command
06:15:24    64055      4870    4.00    6.00  100.00    0.00    2.59    41     22.00      0.00 59504864 33594596  17.09      0.00     36.00      0.00       0  qemu-system-x86

# Time        UID       PID    %usr %system  %guest   %wait    %CPU   CPU  minflt/s  majflt/s     VSZ     RSS   %MEM   kB_rd/s   kB_wr/s kB_ccwr/s iodelay  Command
06:15:25    64055      4870   14.00   15.00  100.00    0.00    7.51    41   1400.00      0.00 59504864 33594596  17.09      0.00   1140.00      0.00       0  qemu-system-x86

# Time        UID       PID    %usr %system  %guest   %wait    %CPU   CPU  minflt/s  majflt/s     VSZ     RSS   %MEM   kB_rd/s   kB_wr/s kB_ccwr/s iodelay  Command
06:15:26    64055      4870    6.00   10.00  100.00    0.00    3.47    41     27.00      0.00 59504864 33594596  17.09      0.00     32.00      0.00       0  qemu-system-x86

# Time        UID       PID    %usr %system  %guest   %wait    %CPU   CPU  minflt/s  majflt/s     VSZ     RSS   %MEM   kB_rd/s   kB_wr/s kB_ccwr/s iodelay  Command
06:15:27    64055      4870    6.00   15.00  100.00    0.00    7.55    41     71.00      0.00 59504864 33594596  17.09      0.00      0.00      0.00       0  qemu-system-x86

# Time        UID       PID    %usr %system  %guest   %wait    %CPU   CPU  minflt/s  majflt/s     VSZ     RSS   %MEM   kB_rd/s   kB_wr/s kB_ccwr/s iodelay  Command
06:15:28    64055      4870    3.00    9.00  100.00    0.00    3.44    41     18.00      0.00 59504864 33594596  17.09      0.00     32.00      0.00       0  qemu-system-x86

# Time        UID       PID    %usr %system  %guest   %wait    %CPU   CPU  minflt/s  majflt/s     VSZ     RSS   %MEM   kB_rd/s   kB_wr/s kB_ccwr/s iodelay  Command
06:15:29    64055      4870    1.00   15.00  100.00    0.00    6.42    41    963.00      0.00 59504864 33594596  17.09      0.00      0.00      0.00       0  qemu-system-x86

# Time        UID       PID    %usr %system  %guest   %wait    %CPU   CPU  minflt/s  majflt/s     VSZ     RSS   %MEM   kB_rd/s   kB_wr/s kB_ccwr/s iodelay  Command
06:15:30    64055      4870   13.00   48.00  100.00    0.00    6.00    41   4778.00      0.00 59504864 33594596  17.09      0.00 274484.00      0.00       0  qemu-system-x86

# Time        UID       PID    %usr %system  %guest   %wait    %CPU   CPU  minflt/s  majflt/s     VSZ     RSS   %MEM   kB_rd/s   kB_wr/s kB_ccwr/s iodelay  Command
06:15:31    64055      4870   13.00   79.00  100.00    0.00    5.19    41     88.00      0.00 59586824 33594596  17.09    128.00 456080.00      0.00       0  qemu-system-x86

# Time        UID       PID    %usr %system  %guest   %wait    %CPU   CPU  minflt/s  majflt/s     VSZ     RSS   %MEM   kB_rd/s   kB_wr/s kB_ccwr/s iodelay  Command
06:15:32    64055      4870   25.00   73.00  100.00    0.00    5.32    41     25.00      0.00 59586824 33594596  17.09      0.00 458696.00      0.00       0  qemu-system-x86

# Time        UID       PID    %usr %system  %guest   %wait    %CPU   CPU  minflt/s  majflt/s     VSZ     RSS   %MEM   kB_rd/s   kB_wr/s kB_ccwr/s iodelay  Command
06:15:33    64055      4870   10.00   79.00  100.00    0.00    5.25    41     20.00      0.00 59586824 33594596  17.09      0.00 465296.00      0.00       0  qemu-system-x86

# Time        UID       PID    %usr %system  %guest   %wait    %CPU   CPU  minflt/s  majflt/s     VSZ     RSS   %MEM   kB_rd/s   kB_wr/s kB_ccwr/s iodelay  Command
06:15:34    64055      4870   24.00   71.00  100.00    0.00    5.46    34     22.00      0.00 59586824 33594596  17.09      0.00 481528.00      0.00       0  qemu-system-x86

# Time        UID       PID    %usr %system  %guest   %wait    %CPU   CPU  minflt/s  majflt/s     VSZ     RSS   %MEM   kB_rd/s   kB_wr/s kB_ccwr/s iodelay  Command
06:15:35    64055      4870   22.00   88.00  100.00    0.00    5.80    34     26.00      0.00 59586824 33594596  17.09      0.00 495048.00      0.00       0  qemu-system-x86

# Time        UID       PID    %usr %system  %guest   %wait    %CPU   CPU  minflt/s  majflt/s     VSZ     RSS   %MEM   kB_rd/s   kB_wr/s kB_ccwr/s iodelay  Command
06:15:36    64055      4870   14.00   97.00  100.00    0.00    5.55    34     20.00      0.00 59586824 33594596  17.09      0.00 443380.00      0.00       0  qemu-system-x86

# Time        UID       PID    %usr %system  %guest   %wait    %CPU   CPU  minflt/s  majflt/s     VSZ     RSS   %MEM   kB_rd/s   kB_wr/s kB_ccwr/s iodelay  Command
06:15:37    64055      4870   11.00   95.00  100.00    0.00    5.27     9     17.00      0.00 59586824 33594596  17.09      0.00 431360.00      0.00       0  qemu-system-x86

# Time        UID       PID    %usr %system  %guest   %wait    %CPU   CPU  minflt/s  majflt/s     VSZ     RSS   %MEM   kB_rd/s   kB_wr/s kB_ccwr/s iodelay  Command
06:15:38    64055      4870   15.00   89.00   41.00    1.00    3.04     9     18.00      0.00 59586824 33594596  17.09      0.00 399104.00      0.00       0  qemu-system-x86

# Time        UID       PID    %usr %system  %guest   %wait    %CPU   CPU  minflt/s  majflt/s     VSZ     RSS   %MEM   kB_rd/s   kB_wr/s kB_ccwr/s iodelay  Command
06:15:39    64055      4870    5.00   23.00  100.00    0.00    6.85     9    105.00      0.00 59586824 33594596  17.09      0.00   1736.00      0.00       0  qemu-system-x86

# Time        UID       PID    %usr %system  %guest   %wait    %CPU   CPU  minflt/s  majflt/s     VSZ     RSS   %MEM   kB_rd/s   kB_wr/s kB_ccwr/s iodelay  Command
06:15:40    64055      4870    4.00    2.00  100.00    0.00    3.26     9     43.00      0.00 59586824 33594596  17.09      0.00      4.00      0.00       0  qemu-system-x86

# Time        UID       PID    %usr %system  %guest   %wait    %CPU   CPU  minflt/s  majflt/s     VSZ     RSS   %MEM   kB_rd/s   kB_wr/s kB_ccwr/s iodelay  Command
06:15:41    64055      4870    8.00    0.00   12.00    0.00    0.42     9      6.00      0.00 59586824 33594596  17.09      0.00      0.00      0.00       0  qemu-system-x86

# Time        UID       PID    %usr %system  %guest   %wait    %CPU   CPU  minflt/s  majflt/s     VSZ     RSS   %MEM   kB_rd/s   kB_wr/s kB_ccwr/s iodelay  Command
06:15:42    64055      4870    0.00   10.00    7.00    0.00    0.25     9      5.00      0.00 59586824 33594596  17.09      0.00      4.00      0.00       0  qemu-system-x86

# Time        UID       PID    %usr %system  %guest   %wait    %CPU   CPU  minflt/s  majflt/s     VSZ     RSS   %MEM   kB_rd/s   kB_wr/s kB_ccwr/s iodelay  Command
06:15:43    64055      4870   17.00  100.00  100.00    0.00   13.10    40   9242.00      0.00 59586824 33594728  17.09      0.00    148.00      0.00       0  qemu-system-x86

# Time        UID       PID    %usr %system  %guest   %wait    %CPU   CPU  minflt/s  majflt/s     VSZ     RSS   %MEM   kB_rd/s   kB_wr/s kB_ccwr/s iodelay  Command
06:15:44    64055      4870   23.00  100.00  100.00    0.00   13.47    11  16054.00      0.00 59586824 33594728  17.09      0.00     48.00      0.00       0  qemu-system-x86

# Time        UID       PID    %usr %system  %guest   %wait    %CPU   CPU  minflt/s  majflt/s     VSZ     RSS   %MEM   kB_rd/s   kB_wr/s kB_ccwr/s iodelay  Command
06:15:45    64055      4870   31.00  100.00  100.00    0.00   12.50    11  15205.00      0.00 59586824 33594728  17.09      0.00     60.00      0.00       0  qemu-system-x86

# Time        UID       PID    %usr %system  %guest   %wait    %CPU   CPU  minflt/s  majflt/s     VSZ     RSS   %MEM   kB_rd/s   kB_wr/s kB_ccwr/s iodelay  Command
06:15:46    64055      4870   20.00  100.00  100.00    0.00   10.30    12  16049.00      0.00 59586824 33594728  17.09      0.00 131880.00      0.00       0  qemu-system-x86

# Time        UID       PID    %usr %system  %guest   %wait    %CPU   CPU  minflt/s  majflt/s     VSZ     RSS   %MEM   kB_rd/s   kB_wr/s kB_ccwr/s iodelay  Command
06:15:47    64055      4870   24.00  100.00  100.00    0.00   12.00    23  15127.00      0.00 59586824 33594728  17.09      0.00     52.00      0.00       0  qemu-system-x86

# Time        UID       PID    %usr %system  %guest   %wait    %CPU   CPU  minflt/s  majflt/s     VSZ     RSS   %MEM   kB_rd/s   kB_wr/s kB_ccwr/s iodelay  Command
06:15:48    64055      4870   18.00  100.00  100.00    0.00   10.88    23  96846.00      0.00 59586824 33594728  17.09      0.00 132256.00      0.00       0  qemu-system-x86

# Time        UID       PID    %usr %system  %guest   %wait    %CPU   CPU  minflt/s  majflt/s     VSZ     RSS   %MEM   kB_rd/s   kB_wr/s kB_ccwr/s iodelay  Command
06:15:49    64055      4870    0.00  100.00  100.00    0.00    9.23    26 116520.00      0.00 59586824 33594728  17.09      0.00 178748.00      0.00       0  qemu-system-x86

# Time        UID       PID    %usr %system  %guest   %wait    %CPU   CPU  minflt/s  majflt/s     VSZ     RSS   %MEM   kB_rd/s   kB_wr/s kB_ccwr/s iodelay  Command
06:15:50    64055      4870   13.00  100.00  100.00    0.00    7.61    37  86768.00      0.00 59586824 33594728  17.09      0.00 217600.00      0.00       0  qemu-system-x86

# Time        UID       PID    %usr %system  %guest   %wait    %CPU   CPU  minflt/s  majflt/s     VSZ     RSS   %MEM   kB_rd/s   kB_wr/s kB_ccwr/s iodelay  Command
06:15:51    64055      4870   23.00  100.00  100.00    0.00   12.31    24 138299.00      0.00 59595020 33594728  17.09      0.00 294200.00      0.00       0  qemu-system-x86

# Time        UID       PID    %usr %system  %guest   %wait    %CPU   CPU  minflt/s  majflt/s     VSZ     RSS   %MEM   kB_rd/s   kB_wr/s kB_ccwr/s iodelay  Command
06:15:52    64055      4870    0.00  100.00   56.00    0.00    5.20    34  37457.00      0.00 59603216 33594728  17.09      0.00 189184.00      0.00       0  qemu-system-x86

# Time        UID       PID    %usr %system  %guest   %wait    %CPU   CPU  minflt/s  majflt/s     VSZ     RSS   %MEM   kB_rd/s   kB_wr/s kB_ccwr/s iodelay  Command
06:15:53    64055      4870   12.00  100.00   96.00    0.00   11.60    42  69278.00      0.00 59676980 33594872  17.09      0.00 348348.00      0.00       0  qemu-system-x86

# Time        UID       PID    %usr %system  %guest   %wait    %CPU   CPU  minflt/s  majflt/s     VSZ     RSS   %MEM   kB_rd/s   kB_wr/s kB_ccwr/s iodelay  Command
06:15:54    64055      4870    2.00  100.00   92.00    0.00    7.50    14  43362.00      0.00 59676980 33594872  17.09      0.00 316880.00      0.00       0  qemu-system-x86

# Time        UID       PID    %usr %system  %guest   %wait    %CPU   CPU  minflt/s  majflt/s     VSZ     RSS   %MEM   kB_rd/s   kB_wr/s kB_ccwr/s iodelay  Command
06:15:55    64055      4870    8.00   99.00  100.00    0.00    5.20    35  47688.00      0.00 59676980 33594872  17.09      0.00  41024.00      0.00       0  qemu-system-x86

# Time        UID       PID    %usr %system  %guest   %wait    %CPU   CPU  minflt/s  majflt/s     VSZ     RSS   %MEM   kB_rd/s   kB_wr/s kB_ccwr/s iodelay  Command
06:15:56    64055      4870    8.00   17.00  100.00    0.00    7.01    35    905.00      0.00 59676980 33594872  17.09      0.00      0.00      0.00       0  qemu-system-x86

# Time        UID       PID    %usr %system  %guest   %wait    %CPU   CPU  minflt/s  majflt/s     VSZ     RSS   %MEM   kB_rd/s   kB_wr/s kB_ccwr/s iodelay  Command
06:15:57    64055      4870   13.00   21.00  100.00    0.00    9.29     8    241.00      0.00 59676980 33594872  17.09      0.00     88.00      0.00       0  qemu-system-x86

# Time        UID       PID    %usr %system  %guest   %wait    %CPU   CPU  minflt/s  majflt/s     VSZ     RSS   %MEM   kB_rd/s   kB_wr/s kB_ccwr/s iodelay  Command
06:15:58    64055      4870    4.00    9.00  100.00    0.00    6.37     5   1010.00      0.00 59676980 33594872  17.09      0.00    336.00      0.00       0  qemu-system-x86

# Time        UID       PID    %usr %system  %guest   %wait    %CPU   CPU  minflt/s  majflt/s     VSZ     RSS   %MEM   kB_rd/s   kB_wr/s kB_ccwr/s iodelay  Command
06:15:59    64055      4870    4.00   16.00  100.00    0.00    5.14     7   1389.00      0.00 59676980 33594872  17.09      0.00    100.00      0.00       0  qemu-system-x86

# Time        UID       PID    %usr %system  %guest   %wait    %CPU   CPU  minflt/s  majflt/s     VSZ     RSS   %MEM   kB_rd/s   kB_wr/s kB_ccwr/s iodelay  Command
06:16:00    64055      4870    2.00   22.00  100.00    0.00    2.65     7   4361.00      0.00 59676980 33594872  17.09      0.00      0.00      0.00       0  qemu-system-x86

# Time        UID       PID    %usr %system  %guest   %wait    %CPU   CPU  minflt/s  majflt/s     VSZ     RSS   %MEM   kB_rd/s   kB_wr/s kB_ccwr/s iodelay  Command
06:16:01    64055      4870    0.00   16.00  100.00    0.00    7.59     7    252.00      0.00 59676980 33594872  17.09      0.00      0.00      0.00       0  qemu-system-x86

# Time        UID       PID    %usr %system  %guest   %wait    %CPU   CPU  minflt/s  majflt/s     VSZ     RSS   %MEM   kB_rd/s   kB_wr/s kB_ccwr/s iodelay  Command
06:16:02    64055      4870    0.00    7.00  100.00    0.00    6.36     7    659.00      0.00 59676980 33594872  17.09      0.00      0.00      0.00       0  qemu-system-x86

# Time        UID       PID    %usr %system  %guest   %wait    %CPU   CPU  minflt/s  majflt/s     VSZ     RSS   %MEM   kB_rd/s   kB_wr/s kB_ccwr/s iodelay  Command
06:16:03    64055      4870    4.00   11.00  100.00    0.00    7.88     7    546.00      0.00 59676980 33594872  17.09      0.00      0.00      0.00       0  qemu-system-x86

# Time        UID       PID    %usr %system  %guest   %wait    %CPU   CPU  minflt/s  majflt/s     VSZ     RSS   %MEM   kB_rd/s   kB_wr/s kB_ccwr/s iodelay  Command
06:16:04    64055      4870    0.00   17.00  100.00    0.00    9.66     9    614.00      0.00 59676980 33594872  17.09      0.00    228.00      0.00       0  qemu-system-x86

# Time        UID       PID    %usr %system  %guest   %wait    %CPU   CPU  minflt/s  majflt/s     VSZ     RSS   %MEM   kB_rd/s   kB_wr/s kB_ccwr/s iodelay  Command
06:16:05    64055      4870    2.00    5.00   44.00    0.00    1.06     9   1377.00      0.00 59676980 33594872  17.09      0.00      0.00      0.00       0  qemu-system-x86

# Time        UID       PID    %usr %system  %guest   %wait    %CPU   CPU  minflt/s  majflt/s     VSZ     RSS   %MEM   kB_rd/s   kB_wr/s kB_ccwr/s iodelay  Command
06:16:06    64055      4870    6.00   16.00  100.00    0.00    5.68     9   2834.00      0.00 59676980 33594872  17.09      0.00      0.00      0.00       0  qemu-system-x86

# Time        UID       PID    %usr %system  %guest   %wait    %CPU   CPU  minflt/s  majflt/s     VSZ     RSS   %MEM   kB_rd/s   kB_wr/s kB_ccwr/s iodelay  Command
06:16:07    64055      4870    1.00   22.00  100.00    0.00   23.08     9   4907.00      0.00 59676980 33594872  17.09      0.00      0.00      0.00       0  qemu-system-x86

# Time        UID       PID    %usr %system  %guest   %wait    %CPU   CPU  minflt/s  majflt/s     VSZ     RSS   %MEM   kB_rd/s   kB_wr/s kB_ccwr/s iodelay  Command
06:16:08    64055      4870    6.00   14.00  100.00    0.00   24.16    11   3611.00      0.00 59676980 33594872  17.09      0.00      0.00      0.00       0  qemu-system-x86

# Time        UID       PID    %usr %system  %guest   %wait    %CPU   CPU  minflt/s  majflt/s     VSZ     RSS   %MEM   kB_rd/s   kB_wr/s kB_ccwr/s iodelay  Command
06:16:09    64055      4870    0.00   14.00  100.00    0.00   28.71    15  19132.00      0.00 59644196 33594836  17.09      0.00    296.00      0.00       0  qemu-system-x86

# Time        UID       PID    %usr %system  %guest   %wait    %CPU   CPU  minflt/s  majflt/s     VSZ     RSS   %MEM   kB_rd/s   kB_wr/s kB_ccwr/s iodelay  Command
06:16:10    64055      4870   11.00   12.00  100.00    0.00   19.31    15   5740.00      0.00 59644196 33594836  17.09      0.00      0.00      0.00       0  qemu-system-x86

# Time        UID       PID    %usr %system  %guest   %wait    %CPU   CPU  minflt/s  majflt/s     VSZ     RSS   %MEM   kB_rd/s   kB_wr/s kB_ccwr/s iodelay  Command
06:16:11    64055      4870    0.00    5.00  100.00    0.00   12.84    15     31.00      0.00 59644196 33594836  17.09      0.00      0.00      0.00       0  qemu-system-x86

# Time        UID       PID    %usr %system  %guest   %wait    %CPU   CPU  minflt/s  majflt/s     VSZ     RSS   %MEM   kB_rd/s   kB_wr/s kB_ccwr/s iodelay  Command
06:16:12    64055      4870    3.00   12.00  100.00    0.00   17.67    25   5502.00      0.00 59644196 33594836  17.09      0.00  27124.00      0.00       0  qemu-system-x86

# Time        UID       PID    %usr %system  %guest   %wait    %CPU   CPU  minflt/s  majflt/s     VSZ     RSS   %MEM   kB_rd/s   kB_wr/s kB_ccwr/s iodelay  Command
06:16:13    64055      4870    8.00   43.00  100.00    0.00    7.74    25   2939.00      0.00 59644196 33594836  17.09      0.00 104776.00      0.00       0  qemu-system-x86

# Time        UID       PID    %usr %system  %guest   %wait    %CPU   CPU  minflt/s  majflt/s     VSZ     RSS   %MEM   kB_rd/s   kB_wr/s kB_ccwr/s iodelay  Command
06:16:14    64055      4870    2.00   13.00  100.00    0.00    4.57    25    735.00      0.00 59644196 33594836  17.09      0.00    232.00      0.00       0  qemu-system-x86

# Time        UID       PID    %usr %system  %guest   %wait    %CPU   CPU  minflt/s  majflt/s     VSZ     RSS   %MEM   kB_rd/s   kB_wr/s kB_ccwr/s iodelay  Command
06:16:15    64055      4870    0.00   34.00  100.00    0.00   23.19    25   1580.00      0.00 59644196 33594836  17.09      0.00      0.00      0.00       0  qemu-system-x86

# Time        UID       PID    %usr %system  %guest   %wait    %CPU   CPU  minflt/s  majflt/s     VSZ     RSS   %MEM   kB_rd/s   kB_wr/s kB_ccwr/s iodelay  Command
06:16:16    64055      4870    0.00   12.00  100.00    0.00   24.85    25   2049.00      0.00 59644196 33594836  17.09      0.00      0.00      0.00       0  qemu-system-x86

# Time        UID       PID    %usr %system  %guest   %wait    %CPU   CPU  minflt/s  majflt/s     VSZ     RSS   %MEM   kB_rd/s   kB_wr/s kB_ccwr/s iodelay  Command
06:16:17    64055      4870    0.00    4.00  100.00    0.00   28.27    25   5820.00      0.00 59644196 33594836  17.09      0.00      0.00      0.00       0  qemu-system-x86

# Time        UID       PID    %usr %system  %guest   %wait    %CPU   CPU  minflt/s  majflt/s     VSZ     RSS   %MEM   kB_rd/s   kB_wr/s kB_ccwr/s iodelay  Command
06:16:18    64055      4870    0.00  100.00  100.00    1.00   32.53    24  13223.00      0.00 59808116 33594872  17.09     52.00 713248.00      0.00       0  qemu-system-x86

# Time        UID       PID    %usr %system  %guest   %wait    %CPU   CPU  minflt/s  majflt/s     VSZ     RSS   %MEM   kB_rd/s   kB_wr/s kB_ccwr/s iodelay  Command
06:16:19    64055      4870    1.00  100.00  100.00    1.00   29.02    36  10374.00      0.00 59808116 33594896  17.09      0.00 739984.00      0.00       0  qemu-system-x86

# Time        UID       PID    %usr %system  %guest   %wait    %CPU   CPU  minflt/s  majflt/s     VSZ     RSS   %MEM   kB_rd/s   kB_wr/s kB_ccwr/s iodelay  Command
06:16:20    64055      4870    0.00   33.00  100.00    0.00   17.77    36  38765.00      0.00 59808116 33594896  17.09      0.00      0.00      0.00       0  qemu-system-x86

# Time        UID       PID    %usr %system  %guest   %wait    %CPU   CPU  minflt/s  majflt/s     VSZ     RSS   %MEM   kB_rd/s   kB_wr/s kB_ccwr/s iodelay  Command
06:16:21    64055      4870    4.00   79.00  100.00    0.00    9.27    45  47831.00      0.00 59808116 33594896  17.09      0.00  50536.00      0.00       0  qemu-system-x86

# Time        UID       PID    %usr %system  %guest   %wait    %CPU   CPU  minflt/s  majflt/s     VSZ     RSS   %MEM   kB_rd/s   kB_wr/s kB_ccwr/s iodelay  Command
06:16:22    64055      4870    9.00  100.00  100.00    0.00   25.97    21   8274.00      0.00 59808116 33594896  17.09      4.00 855592.00      0.00       0  qemu-system-x86

# Time        UID       PID    %usr %system  %guest   %wait    %CPU   CPU  minflt/s  majflt/s     VSZ     RSS   %MEM   kB_rd/s   kB_wr/s kB_ccwr/s iodelay  Command
06:16:23    64055      4870    0.00   33.00  100.00    0.00   23.46    23   2214.00      0.00 59808116 33594896  17.09      0.00      0.00      0.00       0  qemu-system-x86

# Time        UID       PID    %usr %system  %guest   %wait    %CPU   CPU  minflt/s  majflt/s     VSZ     RSS   %MEM   kB_rd/s   kB_wr/s kB_ccwr/s iodelay  Command
06:16:24    64055      4870    0.00   16.00  100.00    0.00   24.94    23   2976.00      0.00 59808116 33594896  17.09      0.00    424.00      0.00       0  qemu-system-x86

# Time        UID       PID    %usr %system  %guest   %wait    %CPU   CPU  minflt/s  majflt/s     VSZ     RSS   %MEM   kB_rd/s   kB_wr/s kB_ccwr/s iodelay  Command
06:16:25    64055      4870    0.00   14.00  100.00    0.00   29.01    23  10509.00      0.00 59808116 33594896  17.09      0.00      4.00      0.00       0  qemu-system-x86

# Time        UID       PID    %usr %system  %guest   %wait    %CPU   CPU  minflt/s  majflt/s     VSZ     RSS   %MEM   kB_rd/s   kB_wr/s kB_ccwr/s iodelay  Command
06:16:26    64055      4870   12.00    6.00  100.00    0.00   17.50    10   6652.00      0.00 59808116 33594896  17.09      0.00   1176.00      0.00       0  qemu-system-x86

# Time        UID       PID    %usr %system  %guest   %wait    %CPU   CPU  minflt/s  majflt/s     VSZ     RSS   %MEM   kB_rd/s   kB_wr/s kB_ccwr/s iodelay  Command
06:16:27    64055      4870    0.00    9.00  100.00    0.00   13.21    10     34.00      0.00 59808116 33594896  17.09      0.00      0.00      0.00       0  qemu-system-x86

# Time        UID       PID    %usr %system  %guest   %wait    %CPU   CPU  minflt/s  majflt/s     VSZ     RSS   %MEM   kB_rd/s   kB_wr/s kB_ccwr/s iodelay  Command
06:16:28    64055      4870    0.00   26.00  100.00    0.00   17.37    10  79502.00      0.00 59808116 33594896  17.09      0.00      0.00      0.00       0  qemu-system-x86

# Time        UID       PID    %usr %system  %guest   %wait    %CPU   CPU  minflt/s  majflt/s     VSZ     RSS   %MEM   kB_rd/s   kB_wr/s kB_ccwr/s iodelay  Command
06:16:29    64055      4870   14.00   27.00  100.00    0.00    8.77    16  18452.00      0.00 59808116 33594896  17.09      0.00    192.00      0.00       0  qemu-system-x86

# Time        UID       PID    %usr %system  %guest   %wait    %CPU   CPU  minflt/s  majflt/s     VSZ     RSS   %MEM   kB_rd/s   kB_wr/s kB_ccwr/s iodelay  Command
06:16:30    64055      4870    0.00   25.00  100.00    0.00   15.02    16   1051.00      0.00 59808116 33594896  17.09      0.00      0.00      0.00       0  qemu-system-x86

# Time        UID       PID    %usr %system  %guest   %wait    %CPU   CPU  minflt/s  majflt/s     VSZ     RSS   %MEM   kB_rd/s   kB_wr/s kB_ccwr/s iodelay  Command
06:16:31    64055      4870    0.00   16.00  100.00    0.00   23.90    21   1543.00      0.00 59808116 33594896  17.09      0.00    384.00      0.00       0  qemu-system-x86

# Time        UID       PID    %usr %system  %guest   %wait    %CPU   CPU  minflt/s  majflt/s     VSZ     RSS   %MEM   kB_rd/s   kB_wr/s kB_ccwr/s iodelay  Command
06:16:32    64055      4870    0.00    8.00  100.00    0.00   27.90    21   5898.00      0.00 59709764 33594772  17.09      0.00      0.00      0.00       0  qemu-system-x86

# Time        UID       PID    %usr %system  %guest   %wait    %CPU   CPU  minflt/s  majflt/s     VSZ     RSS   %MEM   kB_rd/s   kB_wr/s kB_ccwr/s iodelay  Command
06:16:33    64055      4870    5.00   57.00  100.00    0.00   25.93    32  10308.00      0.00 59709764 33594772  17.09      0.00 133696.00      0.00       0  qemu-system-x86

# Time        UID       PID    %usr %system  %guest   %wait    %CPU   CPU  minflt/s  majflt/s     VSZ     RSS   %MEM   kB_rd/s   kB_wr/s kB_ccwr/s iodelay  Command
06:16:34    64055      4870    3.00    4.00  100.00    0.00   15.06    32  11595.00      0.00 59709764 33594772  17.09      0.00      0.00      0.00       0  qemu-system-x86

# Time        UID       PID    %usr %system  %guest   %wait    %CPU   CPU  minflt/s  majflt/s     VSZ     RSS   %MEM   kB_rd/s   kB_wr/s kB_ccwr/s iodelay  Command
06:16:35    64055      4870    4.00   11.00  100.00    0.00   14.62    32  53728.00      0.00 59709764 33594772  17.09      0.00      0.00      0.00       0  qemu-system-x86

# Time        UID       PID    %usr %system  %guest   %wait    %CPU   CPU  minflt/s  majflt/s     VSZ     RSS   %MEM   kB_rd/s   kB_wr/s kB_ccwr/s iodelay  Command
06:16:36    64055      4870    0.00  100.00  100.00    0.00   22.84     1  35062.00      0.00 59709764 33594772  17.09      0.00 334460.00      0.00       0  qemu-system-x86

# Time        UID       PID    %usr %system  %guest   %wait    %CPU   CPU  minflt/s  majflt/s     VSZ     RSS   %MEM   kB_rd/s   kB_wr/s kB_ccwr/s iodelay  Command
06:16:37    64055      4870    0.00   84.00  100.00    0.00   14.13     3   2299.00      0.00 59709764 33594772  17.09      0.00  66976.00      0.00       0  qemu-system-x86

# Time        UID       PID    %usr %system  %guest   %wait    %CPU   CPU  minflt/s  majflt/s     VSZ     RSS   %MEM   kB_rd/s   kB_wr/s kB_ccwr/s iodelay  Command
06:16:38    64055      4870    0.00   20.00  100.00    0.00   21.99     3   3372.00      0.00 59709764 33594772  17.09      0.00      0.00      0.00       0  qemu-system-x86

# Time        UID       PID    %usr %system  %guest   %wait    %CPU   CPU  minflt/s  majflt/s     VSZ     RSS   %MEM   kB_rd/s   kB_wr/s kB_ccwr/s iodelay  Command
06:16:39    64055      4870    0.00  100.00  100.00    0.00   29.02    23   6764.00      0.00 59709764 33594772  17.09      0.00 334240.00      0.00       0  qemu-system-x86

# Time        UID       PID    %usr %system  %guest   %wait    %CPU   CPU  minflt/s  majflt/s     VSZ     RSS   %MEM   kB_rd/s   kB_wr/s kB_ccwr/s iodelay  Command
06:16:40    64055      4870    5.00   73.00  100.00    0.00   26.38    23  43209.00      0.00 59709764 33594772  17.09      0.00  66848.00      0.00       0  qemu-system-x86

# Time        UID       PID    %usr %system  %guest   %wait    %CPU   CPU  minflt/s  majflt/s     VSZ     RSS   %MEM   kB_rd/s   kB_wr/s kB_ccwr/s iodelay  Command
06:16:41    64055      4870   10.00   26.00  100.00    0.00   15.85    23  45468.00      0.00 59709764 33594772  17.09      0.00    368.00      0.00       0  qemu-system-x86

# Time        UID       PID    %usr %system  %guest   %wait    %CPU   CPU  minflt/s  majflt/s     VSZ     RSS   %MEM   kB_rd/s   kB_wr/s kB_ccwr/s iodelay  Command
06:16:42    64055      4870    0.00  100.00  100.00    1.00   16.02    39  32852.00      0.00 59709764 33594772  17.09      0.00 146304.00      0.00       0  qemu-system-x86

# Time        UID       PID    %usr %system  %guest   %wait    %CPU   CPU  minflt/s  majflt/s     VSZ     RSS   %MEM   kB_rd/s   kB_wr/s kB_ccwr/s iodelay  Command
06:16:43    64055      4870    0.00   94.00  100.00    0.00   17.59    39   9404.00      0.00 59709764 33594772  17.09      0.00 121348.00      0.00       0  qemu-system-x86

# Time        UID       PID    %usr %system  %guest   %wait    %CPU   CPU  minflt/s  majflt/s     VSZ     RSS   %MEM   kB_rd/s   kB_wr/s kB_ccwr/s iodelay  Command
06:16:44    64055      4870    4.00  100.00  100.00    0.00   14.76    35   4579.00      0.00 59709764 33594772  17.09      0.00 133824.00      0.00       0  qemu-system-x86

# Time        UID       PID    %usr %system  %guest   %wait    %CPU   CPU  minflt/s  majflt/s     VSZ     RSS   %MEM   kB_rd/s   kB_wr/s kB_ccwr/s iodelay  Command
06:16:45    64055      4870    0.00   98.00  100.00    0.00   22.25    35   4707.00      0.00 59709764 33594772  17.09      0.00 133696.00      0.00       0  qemu-system-x86

# Time        UID       PID    %usr %system  %guest   %wait    %CPU   CPU  minflt/s  majflt/s     VSZ     RSS   %MEM   kB_rd/s   kB_wr/s kB_ccwr/s iodelay  Command
06:16:46    64055      4870    0.00   29.00  100.00    0.00   22.57    35   5619.00      0.00 59709764 33594772  17.09      0.00    408.00      0.00       0  qemu-system-x86

# Time        UID       PID    %usr %system  %guest   %wait    %CPU   CPU  minflt/s  majflt/s     VSZ     RSS   %MEM   kB_rd/s   kB_wr/s kB_ccwr/s iodelay  Command
06:16:47    64055      4870   10.00   14.00  100.00    0.00   23.51    35  18611.00      0.00 59709764 33594772  17.09      0.00      4.00      0.00       0  qemu-system-x86

# Time        UID       PID    %usr %system  %guest   %wait    %CPU   CPU  minflt/s  majflt/s     VSZ     RSS   %MEM   kB_rd/s   kB_wr/s kB_ccwr/s iodelay  Command
06:16:48    64055      4870    4.00   28.00  100.00    0.00   17.75    35  85833.00      0.00 59709764 33594772  17.09      0.00    264.00      0.00       0  qemu-system-x86

# Time        UID       PID    %usr %system  %guest   %wait    %CPU   CPU  minflt/s  majflt/s     VSZ     RSS   %MEM   kB_rd/s   kB_wr/s kB_ccwr/s iodelay  Command
06:16:49    64055      4870    5.00   18.00  100.00    0.00   12.46    35  19199.00      0.00 59709764 33594772  17.09      0.00      0.00      0.00       0  qemu-system-x86

# Time        UID       PID    %usr %system  %guest   %wait    %CPU   CPU  minflt/s  majflt/s     VSZ     RSS   %MEM   kB_rd/s   kB_wr/s kB_ccwr/s iodelay  Command
06:16:50    64055      4870    4.00   26.00  100.00    0.00   13.60    35   4303.00      0.00 59709764 33594772  17.09      0.00  66880.00      0.00       0  qemu-system-x86

# Time        UID       PID    %usr %system  %guest   %wait    %CPU   CPU  minflt/s  majflt/s     VSZ     RSS   %MEM   kB_rd/s   kB_wr/s kB_ccwr/s iodelay  Command
06:16:51    64055      4870    0.00  100.00  100.00    0.00   17.18    45   2794.00      0.00 59709764 33594772  17.09      0.00 200908.00      0.00       0  qemu-system-x86

# Time        UID       PID    %usr %system  %guest   %wait    %CPU   CPU  minflt/s  majflt/s     VSZ     RSS   %MEM   kB_rd/s   kB_wr/s kB_ccwr/s iodelay  Command
06:16:52    64055      4870    0.00   20.00  100.00    0.00   18.66    45   2138.00      0.00 59709764 33594772  17.09      0.00     32.00      0.00       0  qemu-system-x86

# Time        UID       PID    %usr %system  %guest   %wait    %CPU   CPU  minflt/s  majflt/s     VSZ     RSS   %MEM   kB_rd/s   kB_wr/s kB_ccwr/s iodelay  Command
06:16:53    64055      4870    0.00   38.00  100.00    0.00   24.66    21   8652.00      0.00 59709764 33594772  17.09      0.00  67716.00      0.00       0  qemu-system-x86

# Time        UID       PID    %usr %system  %guest   %wait    %CPU   CPU  minflt/s  majflt/s     VSZ     RSS   %MEM   kB_rd/s   kB_wr/s kB_ccwr/s iodelay  Command
06:16:54    64055      4870    0.00    7.00  100.00    0.00   21.10    21   4535.00      0.00 59709764 33594772  17.09      0.00      0.00      0.00       0  qemu-system-x86

# Time        UID       PID    %usr %system  %guest   %wait    %CPU   CPU  minflt/s  majflt/s     VSZ     RSS   %MEM   kB_rd/s   kB_wr/s kB_ccwr/s iodelay  Command
06:16:55    64055      4870    3.00   31.00  100.00    0.00   20.17    21  72292.00      0.00 59709764 33594772  17.09      0.00      0.00      0.00       0  qemu-system-x86

# Time        UID       PID    %usr %system  %guest   %wait    %CPU   CPU  minflt/s  majflt/s     VSZ     RSS   %MEM   kB_rd/s   kB_wr/s kB_ccwr/s iodelay  Command
06:16:56    64055      4870    1.00   14.00  100.00    0.00   13.28     6  22471.00      0.00 59709764 33594772  17.09      0.00    364.00      0.00       0  qemu-system-x86

# Time        UID       PID    %usr %system  %guest   %wait    %CPU   CPU  minflt/s  majflt/s     VSZ     RSS   %MEM   kB_rd/s   kB_wr/s kB_ccwr/s iodelay  Command
06:16:57    64055      4870    4.00   38.00  100.00    0.00   11.37     7  14013.00      0.00 59709764 33594772  17.09      4.00  66880.00      0.00       0  qemu-system-x86

# Time        UID       PID    %usr %system  %guest   %wait    %CPU   CPU  minflt/s  majflt/s     VSZ     RSS   %MEM   kB_rd/s   kB_wr/s kB_ccwr/s iodelay  Command
06:16:58    64055      4870    0.00  100.00  100.00    0.00   17.12    40   3328.00      0.00 59709764 33594772  17.09      0.00 133904.00      0.00       0  qemu-system-x86

# Time        UID       PID    %usr %system  %guest   %wait    %CPU   CPU  minflt/s  majflt/s     VSZ     RSS   %MEM   kB_rd/s   kB_wr/s kB_ccwr/s iodelay  Command
06:16:59    64055      4870    8.00  100.00  100.00    0.00   20.41    10   3293.00      0.00 59709764 33594772  17.09      0.00 133760.00      0.00       0  qemu-system-x86

# Time        UID       PID    %usr %system  %guest   %wait    %CPU   CPU  minflt/s  majflt/s     VSZ     RSS   %MEM   kB_rd/s   kB_wr/s kB_ccwr/s iodelay  Command
06:17:00    64055      4870    0.00   15.00  100.00    0.00   22.75    10   6432.00      0.00 59709764 33594772  17.09      0.00      0.00      0.00       0  qemu-system-x86

# Time        UID       PID    %usr %system  %guest   %wait    %CPU   CPU  minflt/s  majflt/s     VSZ     RSS   %MEM   kB_rd/s   kB_wr/s kB_ccwr/s iodelay  Command
06:17:01    64055      4870    1.00   23.00  100.00    0.00   23.45    10   6163.00      0.00 59709764 33594772  17.09      0.00    388.00      0.00       0  qemu-system-x86

# Time        UID       PID    %usr %system  %guest   %wait    %CPU   CPU  minflt/s  majflt/s     VSZ     RSS   %MEM   kB_rd/s   kB_wr/s kB_ccwr/s iodelay  Command
06:17:02    64055      4870    0.00   47.00  100.00    0.00   22.85    10 155554.00      0.00 59709764 33594772  17.09      0.00      0.00      0.00       0  qemu-system-x86

# Time        UID       PID    %usr %system  %guest   %wait    %CPU   CPU  minflt/s  majflt/s     VSZ     RSS   %MEM   kB_rd/s   kB_wr/s kB_ccwr/s iodelay  Command
06:17:03    64055      4870    0.00  100.00  100.00    1.00   17.67    44  27121.00      0.00 59709764 33594772  17.09      0.00 307844.00      0.00       0  qemu-system-x86

# Time        UID       PID    %usr %system  %guest   %wait    %CPU   CPU  minflt/s  majflt/s     VSZ     RSS   %MEM   kB_rd/s   kB_wr/s kB_ccwr/s iodelay  Command
06:17:04    64055      4870   13.00   63.00  100.00    0.00   14.13    10  10469.00      0.00 59709764 33594772  17.09      0.00  66880.00      0.00       0  qemu-system-x86

# Time        UID       PID    %usr %system  %guest   %wait    %CPU   CPU  minflt/s  majflt/s     VSZ     RSS   %MEM   kB_rd/s   kB_wr/s kB_ccwr/s iodelay  Command
06:17:05    64055      4870    8.00   71.00  100.00    0.00   14.94    22   1683.00      0.00 59709764 33594772  17.09      0.00  66912.00      0.00       0  qemu-system-x86

# Time        UID       PID    %usr %system  %guest   %wait    %CPU   CPU  minflt/s  majflt/s     VSZ     RSS   %MEM   kB_rd/s   kB_wr/s kB_ccwr/s iodelay  Command
06:17:06    64055      4870    9.00   97.00  100.00    0.00   16.25     4   6144.00      0.00 59709764 33594772  17.09      0.00 111204.00      0.00       0  qemu-system-x86

# Time        UID       PID    %usr %system  %guest   %wait    %CPU   CPU  minflt/s  majflt/s     VSZ     RSS   %MEM   kB_rd/s   kB_wr/s kB_ccwr/s iodelay  Command
06:17:07    64055      4870    0.00   78.00  100.00    0.00   20.51    32  10602.00      0.00 59709764 33594772  17.09      0.00  89776.00      0.00       0  qemu-system-x86

# Time        UID       PID    %usr %system  %guest   %wait    %CPU   CPU  minflt/s  majflt/s     VSZ     RSS   %MEM   kB_rd/s   kB_wr/s kB_ccwr/s iodelay  Command
06:17:08    64055      4870    0.00  100.00  100.00    0.00   25.99    45  21446.00      0.00 59709764 33594772  17.09      0.00 321640.00      0.00       0  qemu-system-x86

# Time        UID       PID    %usr %system  %guest   %wait    %CPU   CPU  minflt/s  majflt/s     VSZ     RSS   %MEM   kB_rd/s   kB_wr/s kB_ccwr/s iodelay  Command
06:17:09    64055      4870    0.00  100.00  100.00    0.00   34.52    31  27102.00      0.00 59799920 33594984  17.09      4.00 983376.00      0.00       0  qemu-system-x86

# Time        UID       PID    %usr %system  %guest   %wait    %CPU   CPU  minflt/s  majflt/s     VSZ     RSS   %MEM   kB_rd/s   kB_wr/s kB_ccwr/s iodelay  Command
06:17:10    64055      4870    0.00  100.00  100.00    1.00   35.58    35 169583.00      0.00 59799920 33594984  17.09      0.00 795976.00      0.00       0  qemu-system-x86

# Time        UID       PID    %usr %system  %guest   %wait    %CPU   CPU  minflt/s  majflt/s     VSZ     RSS   %MEM   kB_rd/s   kB_wr/s kB_ccwr/s iodelay  Command
06:17:11    64055      4870    6.00   97.00  100.00    0.00   14.07    32   7707.00      0.00 59799920 33594984  17.09      0.00  67328.00      0.00       0  qemu-system-x86

# Time        UID       PID    %usr %system  %guest   %wait    %CPU   CPU  minflt/s  majflt/s     VSZ     RSS   %MEM   kB_rd/s   kB_wr/s kB_ccwr/s iodelay  Command
06:17:16    64055      4870    2.51   48.11  100.00    0.18    6.43    36   1210.77      0.00 59799920 33594984  17.09      0.00  48073.97      0.00       0  qemu-system-x86

# Time        UID       PID    %usr %system  %guest   %wait    %CPU   CPU  minflt/s  majflt/s     VSZ     RSS   %MEM   kB_rd/s   kB_wr/s kB_ccwr/s iodelay  Command
06:17:17    64055      4870    6.00   33.00  100.00    0.00   22.69    36   3371.00      0.00 59799920 33594984  17.09      0.00      0.00      0.00       0  qemu-system-x86

# Time        UID       PID    %usr %system  %guest   %wait    %CPU   CPU  minflt/s  majflt/s     VSZ     RSS   %MEM   kB_rd/s   kB_wr/s kB_ccwr/s iodelay  Command
06:17:18    64055      4870    2.00   15.00  100.00    0.00   24.57    36   5550.00      0.00 59799920 33594984  17.09      0.00      0.00      0.00       0  qemu-system-x86

# Time        UID       PID    %usr %system  %guest   %wait    %CPU   CPU  minflt/s  majflt/s     VSZ     RSS   %MEM   kB_rd/s   kB_wr/s kB_ccwr/s iodelay  Command
06:17:19    64055      4870    0.00   39.00  100.00    0.00   23.58    36  86327.00      0.00 59799920 33594984  17.09      0.00      0.00      0.00       0  qemu-system-x86

# Time        UID       PID    %usr %system  %guest   %wait    %CPU   CPU  minflt/s  majflt/s     VSZ     RSS   %MEM   kB_rd/s   kB_wr/s kB_ccwr/s iodelay  Command
06:17:20    64055      4870    4.00   28.00  100.00    0.00   16.37    36  46033.00      0.00 59799920 33594984  17.09      0.00      0.00      0.00       0  qemu-system-x86

# Time        UID       PID    %usr %system  %guest   %wait    %CPU   CPU  minflt/s  majflt/s     VSZ     RSS   %MEM   kB_rd/s   kB_wr/s kB_ccwr/s iodelay  Command
06:17:21    64055      4870    0.00   14.00  100.00    0.00   13.27    36   6199.00      0.00 59799920 33594984  17.09      0.00    320.00      0.00       0  qemu-system-x86

# Time        UID       PID    %usr %system  %guest   %wait    %CPU   CPU  minflt/s  majflt/s     VSZ     RSS   %MEM   kB_rd/s   kB_wr/s kB_ccwr/s iodelay  Command
06:17:22    64055      4870    4.00  100.00  100.00    0.00   12.90    11  10767.00      0.00 59799920 33594984  17.09      0.00 133728.00      0.00       0  qemu-system-x86

# Time        UID       PID    %usr %system  %guest   %wait    %CPU   CPU  minflt/s  majflt/s     VSZ     RSS   %MEM   kB_rd/s   kB_wr/s kB_ccwr/s iodelay  Command
06:17:23    64055      4870    2.00  100.00  100.00    0.00   15.18    25   3866.00      0.00 59799920 33594984  17.09      0.00 200672.00      0.00       0  qemu-system-x86

# Time        UID       PID    %usr %system  %guest   %wait    %CPU   CPU  minflt/s  majflt/s     VSZ     RSS   %MEM   kB_rd/s   kB_wr/s kB_ccwr/s iodelay  Command
06:17:24    64055      4870    3.00   15.00  100.00    0.00   20.93    25    826.00      0.00 59799920 33594984  17.09      0.00      0.00      0.00       0  qemu-system-x86

# Time        UID       PID    %usr %system  %guest   %wait    %CPU   CPU  minflt/s  majflt/s     VSZ     RSS   %MEM   kB_rd/s   kB_wr/s kB_ccwr/s iodelay  Command
06:17:25    64055      4870    3.00   20.00  100.00    0.00   18.77    25   1005.00      0.00 59799920 33594984  17.09      0.00      4.00      0.00       0  qemu-system-x86

# Time        UID       PID    %usr %system  %guest   %wait    %CPU   CPU  minflt/s  majflt/s     VSZ     RSS   %MEM   kB_rd/s   kB_wr/s kB_ccwr/s iodelay  Command
06:17:26    64055      4870    0.00    9.00  100.00    0.00   18.59    17   7312.00      0.00 59799920 33594984  17.09      0.00   1472.00      0.00       0  qemu-system-x86

# Time        UID       PID    %usr %system  %guest   %wait    %CPU   CPU  minflt/s  majflt/s     VSZ     RSS   %MEM   kB_rd/s   kB_wr/s kB_ccwr/s iodelay  Command
06:17:27    64055      4870    5.00   16.00  100.00    0.00   20.45    17  18938.00      0.00 59799920 33594984  17.09      0.00      0.00      0.00       0  qemu-system-x86

# Time        UID       PID    %usr %system  %guest   %wait    %CPU   CPU  minflt/s  majflt/s     VSZ     RSS   %MEM   kB_rd/s   kB_wr/s kB_ccwr/s iodelay  Command
06:17:28    64055      4870    0.00    0.00  100.00    0.00   10.94    17     28.00      0.00 59799920 33594984  17.09      0.00      0.00      0.00       0  qemu-system-x86

# Time        UID       PID    %usr %system  %guest   %wait    %CPU   CPU  minflt/s  majflt/s     VSZ     RSS   %MEM   kB_rd/s   kB_wr/s kB_ccwr/s iodelay  Command
06:17:29    64055      4870    7.00   16.00  100.00    0.00   14.82    17   8606.00      0.00 59799920 33594984  17.09      0.00      0.00      0.00       0  qemu-system-x86

# Time        UID       PID    %usr %system  %guest   %wait    %CPU   CPU  minflt/s  majflt/s     VSZ     RSS   %MEM   kB_rd/s   kB_wr/s kB_ccwr/s iodelay  Command
06:17:30    64055      4870    2.00  100.00  100.00    0.00    9.53     8   4546.00      0.00 59799920 33594984  17.09      4.00 149420.00      0.00       0  qemu-system-x86

# Time        UID       PID    %usr %system  %guest   %wait    %CPU   CPU  minflt/s  majflt/s     VSZ     RSS   %MEM   kB_rd/s   kB_wr/s kB_ccwr/s iodelay  Command
06:17:31    64055      4870    6.00   35.00  100.00    0.00    7.13     1   1184.00      0.00 59799920 33594984  17.09      0.00  51572.00      0.00       0  qemu-system-x86

# Time        UID       PID    %usr %system  %guest   %wait    %CPU   CPU  minflt/s  majflt/s     VSZ     RSS   %MEM   kB_rd/s   kB_wr/s kB_ccwr/s iodelay  Command
06:17:32    64055      4870   10.00   16.00  100.00    0.00   14.59     3   1457.00      0.00 59799920 33594984  17.09      0.00      4.00      0.00       0  qemu-system-x86

# Time        UID       PID    %usr %system  %guest   %wait    %CPU   CPU  minflt/s  majflt/s     VSZ     RSS   %MEM   kB_rd/s   kB_wr/s kB_ccwr/s iodelay  Command
06:17:33    64055      4870    3.00   66.00  100.00    0.00   14.73    25   1637.00      0.00 59799920 33594984  17.09      0.00 133696.00      0.00       0  qemu-system-x86

# Time        UID       PID    %usr %system  %guest   %wait    %CPU   CPU  minflt/s  majflt/s     VSZ     RSS   %MEM   kB_rd/s   kB_wr/s kB_ccwr/s iodelay  Command
06:17:34    64055      4870    0.00   13.00  100.00    0.00    9.83    25   4860.00      0.00 59799920 33594984  17.09      0.00      0.00      0.00       0  qemu-system-x86

# Time        UID       PID    %usr %system  %guest   %wait    %CPU   CPU  minflt/s  majflt/s     VSZ     RSS   %MEM   kB_rd/s   kB_wr/s kB_ccwr/s iodelay  Command
06:17:35    64055      4870    0.00    7.00  100.00    0.00    5.76    25    524.00      0.00 59799920 33594984  17.09      0.00    128.00      0.00       0  qemu-system-x86

# Time        UID       PID    %usr %system  %guest   %wait    %CPU   CPU  minflt/s  majflt/s     VSZ     RSS   %MEM   kB_rd/s   kB_wr/s kB_ccwr/s iodelay  Command
06:17:36    64055      4870    7.00   21.00  100.00    0.00    4.33    25     93.00      0.00 59799920 33594984  17.09      0.00  40716.00      0.00       0  qemu-system-x86

# Time        UID       PID    %usr %system  %guest   %wait    %CPU   CPU  minflt/s  majflt/s     VSZ     RSS   %MEM   kB_rd/s   kB_wr/s kB_ccwr/s iodelay  Command
06:17:37    64055      4870    6.00  100.00  100.00    0.00    4.70    25   4028.00      0.00 59799920 33594984  17.09      0.00  66880.00      0.00       0  qemu-system-x86

# Time        UID       PID    %usr %system  %guest   %wait    %CPU   CPU  minflt/s  majflt/s     VSZ     RSS   %MEM   kB_rd/s   kB_wr/s kB_ccwr/s iodelay  Command
06:17:38    64055      4870    0.00    4.00  100.00    0.00    2.48    25   1094.00      0.00 59799920 33594984  17.09      0.00      0.00      0.00       0  qemu-system-x86

# Time        UID       PID    %usr %system  %guest   %wait    %CPU   CPU  minflt/s  majflt/s     VSZ     RSS   %MEM   kB_rd/s   kB_wr/s kB_ccwr/s iodelay  Command
06:17:39    64055      4870    3.00    3.00  100.00    0.00    2.69    25   1441.00      0.00 59799920 33594984  17.09      0.00      4.00      0.00       0  qemu-system-x86

# Time        UID       PID    %usr %system  %guest   %wait    %CPU   CPU  minflt/s  majflt/s     VSZ     RSS   %MEM   kB_rd/s   kB_wr/s kB_ccwr/s iodelay  Command
06:17:40    64055      4870    9.00   59.00  100.00    0.00    8.00    25   2866.00      0.00 59799920 33594984  17.09      0.00  87924.00      0.00       0  qemu-system-x86

# Time        UID       PID    %usr %system  %guest   %wait    %CPU   CPU  minflt/s  majflt/s     VSZ     RSS   %MEM   kB_rd/s   kB_wr/s kB_ccwr/s iodelay  Command
06:17:41    64055      4870   10.00  100.00  100.00    0.00    7.77    25   3303.00      0.00 59799920 33594984  17.09      0.00 313924.00      0.00       0  qemu-system-x86

# Time        UID       PID    %usr %system  %guest   %wait    %CPU   CPU  minflt/s  majflt/s     VSZ     RSS   %MEM   kB_rd/s   kB_wr/s kB_ccwr/s iodelay  Command
06:17:42    64055      4870    9.00   13.00  100.00    0.00    3.78     8   1060.00      0.00 59799920 33594984  17.09      0.00      8.00      0.00       0  qemu-system-x86

# Time        UID       PID    %usr %system  %guest   %wait    %CPU   CPU  minflt/s  majflt/s     VSZ     RSS   %MEM   kB_rd/s   kB_wr/s kB_ccwr/s iodelay  Command
06:17:43    64055      4870    0.00   20.00  100.00    0.00    5.22    45   2004.00      0.00 59799920 33594984  17.09      0.00     12.00      0.00       0  qemu-system-x86

# Time        UID       PID    %usr %system  %guest   %wait    %CPU   CPU  minflt/s  majflt/s     VSZ     RSS   %MEM   kB_rd/s   kB_wr/s kB_ccwr/s iodelay  Command
06:17:44    64055      4870    4.00   16.00  100.00    0.00    6.44     9   2077.00      0.00 59799920 33594984  17.09      0.00     16.00      0.00       0  qemu-system-x86

# Time        UID       PID    %usr %system  %guest   %wait    %CPU   CPU  minflt/s  majflt/s     VSZ     RSS   %MEM   kB_rd/s   kB_wr/s kB_ccwr/s iodelay  Command
06:17:45    64055      4870    7.00   15.00  100.00    0.00    6.35     9   1960.00      0.00 59799920 33594984  17.09      0.00      8.00      0.00       0  qemu-system-x86

# Time        UID       PID    %usr %system  %guest   %wait    %CPU   CPU  minflt/s  majflt/s     VSZ     RSS   %MEM   kB_rd/s   kB_wr/s kB_ccwr/s iodelay  Command
06:17:46    64055      4870    3.00   24.00  100.00    0.00    5.04    36   2060.00      0.00 59799920 33594984  17.09      0.00    880.00      0.00       0  qemu-system-x86

# Time        UID       PID    %usr %system  %guest   %wait    %CPU   CPU  minflt/s  majflt/s     VSZ     RSS   %MEM   kB_rd/s   kB_wr/s kB_ccwr/s iodelay  Command
06:17:47    64055      4870    4.00   21.00  100.00    0.00    4.99    36   2288.00      0.00 59799920 33594984  17.09      0.00     12.00      0.00       0  qemu-system-x86

# Time        UID       PID    %usr %system  %guest   %wait    %CPU   CPU  minflt/s  majflt/s     VSZ     RSS   %MEM   kB_rd/s   kB_wr/s kB_ccwr/s iodelay  Command
06:17:48    64055      4870    8.00   15.00  100.00    0.00    5.16     1   1904.00      0.00 59799920 33594984  17.09      0.00      8.00      0.00       0  qemu-system-x86

# Time        UID       PID    %usr %system  %guest   %wait    %CPU   CPU  minflt/s  majflt/s     VSZ     RSS   %MEM   kB_rd/s   kB_wr/s kB_ccwr/s iodelay  Command
06:17:49    64055      4870   10.00   39.00  100.00    0.00    5.26     1   2193.00      0.00 59799920 33594984  17.09      0.00      8.00      0.00       0  qemu-system-x86

# Time        UID       PID    %usr %system  %guest   %wait    %CPU   CPU  minflt/s  majflt/s     VSZ     RSS   %MEM   kB_rd/s   kB_wr/s kB_ccwr/s iodelay  Command
06:17:50    64055      4870    6.00   21.00  100.00    0.00    5.03     1   3115.00      0.00 59799920 33594984  17.09      0.00      4.00      0.00       0  qemu-system-x86

# Time        UID       PID    %usr %system  %guest   %wait    %CPU   CPU  minflt/s  majflt/s     VSZ     RSS   %MEM   kB_rd/s   kB_wr/s kB_ccwr/s iodelay  Command
06:17:51    64055      4870   11.00  100.00  100.00    0.00    7.96    11   3760.00      0.00 59799920 33594984  17.09      0.00 226296.00      0.00       0  qemu-system-x86

# Time        UID       PID    %usr %system  %guest   %wait    %CPU   CPU  minflt/s  majflt/s     VSZ     RSS   %MEM   kB_rd/s   kB_wr/s kB_ccwr/s iodelay  Command
06:17:52    64055      4870    0.00  100.00  100.00    0.00    6.08    11   2521.00      0.00 59799920 33594984  17.09      0.00 175076.00      0.00       0  qemu-system-x86

# Time        UID       PID    %usr %system  %guest   %wait    %CPU   CPU  minflt/s  majflt/s     VSZ     RSS   %MEM   kB_rd/s   kB_wr/s kB_ccwr/s iodelay  Command
06:17:53    64055      4870    0.00   23.00  100.00    0.00    4.59    11   2295.00      0.00 59799920 33594984  17.09      0.00     12.00      0.00       0  qemu-system-x86

# Time        UID       PID    %usr %system  %guest   %wait    %CPU   CPU  minflt/s  majflt/s     VSZ     RSS   %MEM   kB_rd/s   kB_wr/s kB_ccwr/s iodelay  Command
06:17:54    64055      4870    1.00   21.00  100.00    0.00    4.93    27   3334.00      0.00 59799920 33594984  17.09      0.00     16.00      0.00       0  qemu-system-x86

# Time        UID       PID    %usr %system  %guest   %wait    %CPU   CPU  minflt/s  majflt/s     VSZ     RSS   %MEM   kB_rd/s   kB_wr/s kB_ccwr/s iodelay  Command
06:17:55    64055      4870   14.00   16.00  100.00    0.00    5.38    14   3636.00      0.00 59799920 33594984  17.09      0.00      4.00      0.00       0  qemu-system-x86

# Time        UID       PID    %usr %system  %guest   %wait    %CPU   CPU  minflt/s  majflt/s     VSZ     RSS   %MEM   kB_rd/s   kB_wr/s kB_ccwr/s iodelay  Command
06:17:56    64055      4870    0.00   30.00  100.00    0.00    5.03    20   3022.00      0.00 59799920 33594984  17.09      0.00    124.00      0.00       0  qemu-system-x86

# Time        UID       PID    %usr %system  %guest   %wait    %CPU   CPU  minflt/s  majflt/s     VSZ     RSS   %MEM   kB_rd/s   kB_wr/s kB_ccwr/s iodelay  Command
06:17:57    64055      4870   19.00   20.00  100.00    0.00    4.92    20   3235.00      0.00 59799920 33594984  17.09      0.00    244.00      0.00       0  qemu-system-x86

# Time        UID       PID    %usr %system  %guest   %wait    %CPU   CPU  minflt/s  majflt/s     VSZ     RSS   %MEM   kB_rd/s   kB_wr/s kB_ccwr/s iodelay  Command
06:17:58    64055      4870    3.00   19.00  100.00    0.00    4.98    25   2757.00      0.00 59799920 33594984  17.09      0.00      8.00      0.00       0  qemu-system-x86

# Time        UID       PID    %usr %system  %guest   %wait    %CPU   CPU  minflt/s  majflt/s     VSZ     RSS   %MEM   kB_rd/s   kB_wr/s kB_ccwr/s iodelay  Command
06:17:59    64055      4870   13.00  100.00  100.00    0.00    9.09    24   2822.00      0.00 59799920 33594984  17.09      0.00 307232.00      0.00       0  qemu-system-x86

# Time        UID       PID    %usr %system  %guest   %wait    %CPU   CPU  minflt/s  majflt/s     VSZ     RSS   %MEM   kB_rd/s   kB_wr/s kB_ccwr/s iodelay  Command
06:18:00    64055      4870    0.00   26.00  100.00    0.00    2.95    24   2064.00      0.00 59799920 33594984  17.09      0.00      0.00      0.00       0  qemu-system-x86

# Time        UID       PID    %usr %system  %guest   %wait    %CPU   CPU  minflt/s  majflt/s     VSZ     RSS   %MEM   kB_rd/s   kB_wr/s kB_ccwr/s iodelay  Command
06:18:01    64055      4870   15.00   19.00  100.00    0.00    5.02    14   2945.00      0.00 59799920 33594984  17.09      0.00    132.00      0.00       0  qemu-system-x86

# Time        UID       PID    %usr %system  %guest   %wait    %CPU   CPU  minflt/s  majflt/s     VSZ     RSS   %MEM   kB_rd/s   kB_wr/s kB_ccwr/s iodelay  Command
06:18:02    64055      4870    0.00  100.00  100.00    0.00   10.88    45   2919.00      0.00 59799920 33594984  17.09      0.00 322968.00      0.00       0  qemu-system-x86

# Time        UID       PID    %usr %system  %guest   %wait    %CPU   CPU  minflt/s  majflt/s     VSZ     RSS   %MEM   kB_rd/s   kB_wr/s kB_ccwr/s iodelay  Command
06:18:03    64055      4870   10.00  100.00  100.00    0.00   15.30    33   3718.00      0.00 59799920 33594984  17.09      4.00 528852.00      0.00       0  qemu-system-x86

# Time        UID       PID    %usr %system  %guest   %wait    %CPU   CPU  minflt/s  majflt/s     VSZ     RSS   %MEM   kB_rd/s   kB_wr/s kB_ccwr/s iodelay  Command
06:18:04    64055      4870    0.00  100.00   47.00    0.00    5.57    14   1559.00      0.00 59799920 33594984  17.09      0.00 203988.00      0.00       0  qemu-system-x86

# Time        UID       PID    %usr %system  %guest   %wait    %CPU   CPU  minflt/s  majflt/s     VSZ     RSS   %MEM   kB_rd/s   kB_wr/s kB_ccwr/s iodelay  Command
06:18:05    64055      4870    0.00  100.00   52.00    0.00    3.82    33   1379.00      0.00 59799920 33594984  17.09      0.00 160364.00      0.00       0  qemu-system-x86

# Time        UID       PID    %usr %system  %guest   %wait    %CPU   CPU  minflt/s  majflt/s     VSZ     RSS   %MEM   kB_rd/s   kB_wr/s kB_ccwr/s iodelay  Command
06:18:06    64055      4870    9.00  100.00  100.00    0.00   14.84    11   3409.00      0.00 59824508 33594984  17.09      0.00 587748.00      0.00       0  qemu-system-x86

# Time        UID       PID    %usr %system  %guest   %wait    %CPU   CPU  minflt/s  majflt/s     VSZ     RSS   %MEM   kB_rd/s   kB_wr/s kB_ccwr/s iodelay  Command
06:18:07    64055      4870    0.00   22.00   24.00    0.00    0.86    11     55.00      0.00 59824508 33594984  17.09      0.00      0.00      0.00       0  qemu-system-x86

# Time        UID       PID    %usr %system  %guest   %wait    %CPU   CPU  minflt/s  majflt/s     VSZ     RSS   %MEM   kB_rd/s   kB_wr/s kB_ccwr/s iodelay  Command
06:18:08    64055      4870    5.00  100.00  100.00    0.00   12.09    29   3968.00      0.00 59824508 33594984  17.09      0.00 514660.00      0.00       0  qemu-system-x86

# Time        UID       PID    %usr %system  %guest   %wait    %CPU   CPU  minflt/s  majflt/s     VSZ     RSS   %MEM   kB_rd/s   kB_wr/s kB_ccwr/s iodelay  Command
06:18:09    64055      4870    2.00   16.00   29.00    0.00    0.98    29    384.00      0.00 59824508 33594984  17.09      0.00      4.00      0.00       0  qemu-system-x86

# Time        UID       PID    %usr %system  %guest   %wait    %CPU   CPU  minflt/s  majflt/s     VSZ     RSS   %MEM   kB_rd/s   kB_wr/s kB_ccwr/s iodelay  Command
06:18:10    64055      4870    0.00   23.00  100.00    0.00    4.81    29   3146.00      0.00 59824508 33594984  17.09      0.00      8.00      0.00       0  qemu-system-x86

# Time        UID       PID    %usr %system  %guest   %wait    %CPU   CPU  minflt/s  majflt/s     VSZ     RSS   %MEM   kB_rd/s   kB_wr/s kB_ccwr/s iodelay  Command
06:18:11    64055      4870    5.00   26.00  100.00    0.00    4.89    20   3011.00      0.00 59824508 33594984  17.09      0.00    144.00      0.00       0  qemu-system-x86

# Time        UID       PID    %usr %system  %guest   %wait    %CPU   CPU  minflt/s  majflt/s     VSZ     RSS   %MEM   kB_rd/s   kB_wr/s kB_ccwr/s iodelay  Command
06:18:12    64055      4870    8.00   20.00  100.00    0.00    5.27    12   3803.00      0.00 59824508 33594984  17.09      0.00     16.00      0.00       0  qemu-system-x86

# Time        UID       PID    %usr %system  %guest   %wait    %CPU   CPU  minflt/s  majflt/s     VSZ     RSS   %MEM   kB_rd/s   kB_wr/s kB_ccwr/s iodelay  Command
06:18:13    64055      4870    6.00   21.00  100.00    0.00    5.02    44   3179.00      0.00 59824508 33594984  17.09      0.00      8.00      0.00       0  qemu-system-x86

# Time        UID       PID    %usr %system  %guest   %wait    %CPU   CPU  minflt/s  majflt/s     VSZ     RSS   %MEM   kB_rd/s   kB_wr/s kB_ccwr/s iodelay  Command
06:18:14    64055      4870   11.00   19.00  100.00    0.00    4.73    24   3036.00      0.00 59824508 33594984  17.09      0.00     12.00      0.00       0  qemu-system-x86

# Time        UID       PID    %usr %system  %guest   %wait    %CPU   CPU  minflt/s  majflt/s     VSZ     RSS   %MEM   kB_rd/s   kB_wr/s kB_ccwr/s iodelay  Command
06:18:15    64055      4870    6.00   20.00  100.00    0.00    4.89    11   3001.00      0.00 59824508 33594984  17.09      0.00     12.00      0.00       0  qemu-system-x86

# Time        UID       PID    %usr %system  %guest   %wait    %CPU   CPU  minflt/s  majflt/s     VSZ     RSS   %MEM   kB_rd/s   kB_wr/s kB_ccwr/s iodelay  Command
06:18:16    64055      4870   13.00   28.00  100.00    0.00    4.80    11  23599.00      0.00 59824508 33594984  17.09      0.00     76.00      0.00       0  qemu-system-x86

# Time        UID       PID    %usr %system  %guest   %wait    %CPU   CPU  minflt/s  majflt/s     VSZ     RSS   %MEM   kB_rd/s   kB_wr/s kB_ccwr/s iodelay  Command
06:18:17    64055      4870   11.00   35.00  100.00    0.00    5.25    11  29428.00      0.00 59824508 33594984  17.09      0.00     12.00      0.00       0  qemu-system-x86

# Time        UID       PID    %usr %system  %guest   %wait    %CPU   CPU  minflt/s  majflt/s     VSZ     RSS   %MEM   kB_rd/s   kB_wr/s kB_ccwr/s iodelay  Command
06:18:18    64055      4870    0.00   33.00  100.00    0.00    5.16    11  29846.00      0.00 59824508 33594984  17.09      0.00      4.00      0.00       0  qemu-system-x86

# Time        UID       PID    %usr %system  %guest   %wait    %CPU   CPU  minflt/s  majflt/s     VSZ     RSS   %MEM   kB_rd/s   kB_wr/s kB_ccwr/s iodelay  Command
06:18:19    64055      4870    6.00   33.00  100.00    0.00    5.54     8  30440.00      0.00 59824508 33594984  17.09      0.00      8.00      0.00       0  qemu-system-x86

# Time        UID       PID    %usr %system  %guest   %wait    %CPU   CPU  minflt/s  majflt/s     VSZ     RSS   %MEM   kB_rd/s   kB_wr/s kB_ccwr/s iodelay  Command
06:18:20    64055      4870    2.00   39.00  100.00    0.00    5.08    45  30299.00      0.00 59824508 33594984  17.09      0.00     12.00      0.00       0  qemu-system-x86

# Time        UID       PID    %usr %system  %guest   %wait    %CPU   CPU  minflt/s  majflt/s     VSZ     RSS   %MEM   kB_rd/s   kB_wr/s kB_ccwr/s iodelay  Command
06:18:21    64055      4870    0.00   34.00  100.00    0.00    5.16    44  30854.00      0.00 59824508 33594984  17.09      0.00     84.00      0.00       0  qemu-system-x86

# Time        UID       PID    %usr %system  %guest   %wait    %CPU   CPU  minflt/s  majflt/s     VSZ     RSS   %MEM   kB_rd/s   kB_wr/s kB_ccwr/s iodelay  Command
06:18:22    64055      4870    9.00   32.00  100.00    0.00    5.05    43  31047.00      0.00 59824508 33594984  17.09      0.00      4.00      0.00       0  qemu-system-x86

# Time        UID       PID    %usr %system  %guest   %wait    %CPU   CPU  minflt/s  majflt/s     VSZ     RSS   %MEM   kB_rd/s   kB_wr/s kB_ccwr/s iodelay  Command
06:18:23    64055      4870    0.00   36.00  100.00    0.00    4.91    24  30997.00      0.00 59824508 33594984  17.09      0.00      8.00      0.00       0  qemu-system-x86

# Time        UID       PID    %usr %system  %guest   %wait    %CPU   CPU  minflt/s  majflt/s     VSZ     RSS   %MEM   kB_rd/s   kB_wr/s kB_ccwr/s iodelay  Command
06:18:24    64055      4870   11.00    9.00  100.00    0.00    3.18    11   5000.00      0.00 59824508 33594984  17.09      0.00    104.00      0.00       0  qemu-system-x86

# Time        UID       PID    %usr %system  %guest   %wait    %CPU   CPU  minflt/s  majflt/s     VSZ     RSS   %MEM   kB_rd/s   kB_wr/s kB_ccwr/s iodelay  Command
06:18:25    64055      4870    5.00    1.00   33.00    0.00    0.81    20    143.00      0.00 59824508 33594984  17.09      0.00      4.00      0.00       0  qemu-system-x86

# Time        UID       PID    %usr %system  %guest   %wait    %CPU   CPU  minflt/s  majflt/s     VSZ     RSS   %MEM   kB_rd/s   kB_wr/s kB_ccwr/s iodelay  Command
06:18:26    64055      4870    2.00    8.00   49.00    0.00    1.23    14   3322.00      0.00 59824508 33594984  17.09      0.00   1468.00      0.00       0  qemu-system-x86

# Time        UID       PID    %usr %system  %guest   %wait    %CPU   CPU  minflt/s  majflt/s     VSZ     RSS   %MEM   kB_rd/s   kB_wr/s kB_ccwr/s iodelay  Command
06:18:27    64055      4870    7.00   15.00  100.00    0.00    7.02    14   7535.00      0.00 59824508 33594984  17.09      0.00      0.00      0.00       0  qemu-system-x86

# Time        UID       PID    %usr %system  %guest   %wait    %CPU   CPU  minflt/s  majflt/s     VSZ     RSS   %MEM   kB_rd/s   kB_wr/s kB_ccwr/s iodelay  Command
06:18:28    64055      4870    0.00    9.00  100.00    0.00    2.98    27    462.00      0.00 59824508 33594984  17.09      0.00     36.00      0.00       0  qemu-system-x86

# Time        UID       PID    %usr %system  %guest   %wait    %CPU   CPU  minflt/s  majflt/s     VSZ     RSS   %MEM   kB_rd/s   kB_wr/s kB_ccwr/s iodelay  Command
06:18:29    64055      4870   11.00   10.00  100.00    0.00    7.42    27     12.00      0.00 59824508 33594984  17.09      0.00      0.00      0.00       0  qemu-system-x86

# Time        UID       PID    %usr %system  %guest   %wait    %CPU   CPU  minflt/s  majflt/s     VSZ     RSS   %MEM   kB_rd/s   kB_wr/s kB_ccwr/s iodelay  Command
06:18:30    64055      4870    0.00    7.92  100.00    0.00    2.40    27    605.94      0.00 59824508 33594984  17.09      0.00     35.64      0.00       0  qemu-system-x86

# Time        UID       PID    %usr %system  %guest   %wait    %CPU   CPU  minflt/s  majflt/s     VSZ     RSS   %MEM   kB_rd/s   kB_wr/s kB_ccwr/s iodelay  Command
06:18:31    64055      4870    2.00    7.00   73.00    0.00    1.71    27   4938.00      0.00 59824508 33594984  17.09      0.00    260.00      0.00       0  qemu-system-x86

# Time        UID       PID    %usr %system  %guest   %wait    %CPU   CPU  minflt/s  majflt/s     VSZ     RSS   %MEM   kB_rd/s   kB_wr/s kB_ccwr/s iodelay  Command
06:18:32    64055      4870    0.00    0.00   19.00    0.00    0.40    27    139.00      0.00 59824508 33594984  17.09      0.00      0.00      0.00       0  qemu-system-x86

# Time        UID       PID    %usr %system  %guest   %wait    %CPU   CPU  minflt/s  majflt/s     VSZ     RSS   %MEM   kB_rd/s   kB_wr/s kB_ccwr/s iodelay  Command
06:18:33    64055      4870    1.00    0.00   16.00    0.00    0.35    27     12.00      0.00 59824508 33594984  17.09      0.00      0.00      0.00       0  qemu-system-x86

# Time        UID       PID    %usr %system  %guest   %wait    %CPU   CPU  minflt/s  majflt/s     VSZ     RSS   %MEM   kB_rd/s   kB_wr/s kB_ccwr/s iodelay  Command
06:18:34    64055      4870    5.00  100.00   68.00    0.00    4.65    27   1572.00      0.00 59824508 33594984  17.09      0.00 264832.00      0.00       0  qemu-system-x86

# Time        UID       PID    %usr %system  %guest   %wait    %CPU   CPU  minflt/s  majflt/s     VSZ     RSS   %MEM   kB_rd/s   kB_wr/s kB_ccwr/s iodelay  Command
06:18:35    64055      4870    0.00    4.00   16.00    0.00    0.35    27     18.00      0.00 59824508 33594984  17.09      0.00      0.00      0.00       0  qemu-system-x86

# Time        UID       PID    %usr %system  %guest   %wait    %CPU   CPU  minflt/s  majflt/s     VSZ     RSS   %MEM   kB_rd/s   kB_wr/s kB_ccwr/s iodelay  Command
06:18:36    64055      4870    3.00    0.00   14.00    0.00    0.35    27      9.00      0.00 59824508 33594984  17.09      0.00      0.00      0.00       0  qemu-system-x86

