Linux 4.15.0-96-generic (large_instance) 	04/20/20 	_x86_64_	(16 CPU)

# Time        UID       PID    %usr %system  %guest   %wait    %CPU   CPU  minflt/s  majflt/s     VSZ     RSS   %MEM   kB_rd/s   kB_wr/s kB_ccwr/s iodelay  Command
12:51:03     1000     15259   18.00   77.00    0.00    0.00    5.94    15 304920.00      0.00 24713688 1221388   3.71 925524.00      0.00      0.00       3  sort

# Time        UID       PID    %usr %system  %guest   %wait    %CPU   CPU  minflt/s  majflt/s     VSZ     RSS   %MEM   kB_rd/s   kB_wr/s kB_ccwr/s iodelay  Command
12:51:04     1000     15259   13.00   83.00    0.00    0.00    6.01    15 254145.00      0.00 24713688 2238052   6.79 798780.00      0.00      0.00       5  sort

# Time        UID       PID    %usr %system  %guest   %wait    %CPU   CPU  minflt/s  majflt/s     VSZ     RSS   %MEM   kB_rd/s   kB_wr/s kB_ccwr/s iodelay  Command
12:51:05     1000     15259   11.00   85.00    0.00    0.00    6.02    15 230305.00      0.00 24713688 3159148   9.59 670724.00      0.00      0.00       3  sort

# Time        UID       PID    %usr %system  %guest   %wait    %CPU   CPU  minflt/s  majflt/s     VSZ     RSS   %MEM   kB_rd/s   kB_wr/s kB_ccwr/s iodelay  Command
12:51:06     1000     15259   11.00   85.00    0.00    0.00    6.01    15 163328.00      0.00 24713688 3812548  11.57 511336.00      0.00      0.00       4  sort

# Time        UID       PID    %usr %system  %guest   %wait    %CPU   CPU  minflt/s  majflt/s     VSZ     RSS   %MEM   kB_rd/s   kB_wr/s kB_ccwr/s iodelay  Command
12:51:07     1000     15259   10.00   88.00    0.00    0.00    6.14    15 140651.00      0.00 24713688 4375132  13.28 428384.00      0.00      0.00       2  sort

# Time        UID       PID    %usr %system  %guest   %wait    %CPU   CPU  minflt/s  majflt/s     VSZ     RSS   %MEM   kB_rd/s   kB_wr/s kB_ccwr/s iodelay  Command
12:51:08     1000     15259    8.00   90.00    0.00    0.00    6.12    15 146399.00      0.00 24713688 4960684  15.06 438964.00      0.00      0.00       2  sort

# Time        UID       PID    %usr %system  %guest   %wait    %CPU   CPU  minflt/s  majflt/s     VSZ     RSS   %MEM   kB_rd/s   kB_wr/s kB_ccwr/s iodelay  Command
12:51:09     1000     15259  100.00   37.00    0.00    0.00   34.54    15  68637.00      0.00 24967668 5234952  15.89 132536.00      0.00      0.00       0  sort

# Time        UID       PID    %usr %system  %guest   %wait    %CPU   CPU  minflt/s  majflt/s     VSZ     RSS   %MEM   kB_rd/s   kB_wr/s kB_ccwr/s iodelay  Command
12:51:10     1000     15259  100.00   10.00    0.00    0.00   50.16    15  19836.00      0.00 24967668 5314416  16.13      0.00      0.00      0.00       0  sort

# Time        UID       PID    %usr %system  %guest   %wait    %CPU   CPU  minflt/s  majflt/s     VSZ     RSS   %MEM   kB_rd/s   kB_wr/s kB_ccwr/s iodelay  Command
12:51:11     1000     15259  100.00    6.00    0.00    0.00   50.00    15  14309.00      0.00 24967668 5370912  16.31      0.00      0.00      0.00       0  sort

# Time        UID       PID    %usr %system  %guest   %wait    %CPU   CPU  minflt/s  majflt/s     VSZ     RSS   %MEM   kB_rd/s   kB_wr/s kB_ccwr/s iodelay  Command
12:51:12     1000     15259  100.00   15.00    0.00    1.00   50.00    15  24751.00      0.00 24967668 5469648  16.61      0.00      0.00      0.00       0  sort

# Time        UID       PID    %usr %system  %guest   %wait    %CPU   CPU  minflt/s  majflt/s     VSZ     RSS   %MEM   kB_rd/s   kB_wr/s kB_ccwr/s iodelay  Command
12:51:13     1000     15259  100.00    0.00    0.00    0.00   50.22    15      0.00      0.00 24967668 5469648  16.61      0.00      0.00      0.00       0  sort

# Time        UID       PID    %usr %system  %guest   %wait    %CPU   CPU  minflt/s  majflt/s     VSZ     RSS   %MEM   kB_rd/s   kB_wr/s kB_ccwr/s iodelay  Command
12:51:14     1000     15259  100.00    5.00    0.00    0.00   49.81    15   9951.00      0.00 24967668 5509512  16.73      0.00      0.00      0.00       0  sort

# Time        UID       PID    %usr %system  %guest   %wait    %CPU   CPU  minflt/s  majflt/s     VSZ     RSS   %MEM   kB_rd/s   kB_wr/s kB_ccwr/s iodelay  Command
12:51:15     1000     15259  100.00    7.00    0.00    0.00   50.00    15  19386.00      0.00 24967668 5587128  16.96      0.00      0.00      0.00       0  sort

# Time        UID       PID    %usr %system  %guest   %wait    %CPU   CPU  minflt/s  majflt/s     VSZ     RSS   %MEM   kB_rd/s   kB_wr/s kB_ccwr/s iodelay  Command
12:51:16     1000     15259  100.00    8.00    0.00    0.00   49.97    15  20731.00      0.00 24967668 5670288  17.22      0.00      0.00      0.00       0  sort

# Time        UID       PID    %usr %system  %guest   %wait    %CPU   CPU  minflt/s  majflt/s     VSZ     RSS   %MEM   kB_rd/s   kB_wr/s kB_ccwr/s iodelay  Command
12:51:17     1000     15259  100.00   11.00    0.00    0.00   50.03    15  18660.00      0.00 24967668 5743944  17.44      0.00      0.00      0.00       0  sort

# Time        UID       PID    %usr %system  %guest   %wait    %CPU   CPU  minflt/s  majflt/s     VSZ     RSS   %MEM   kB_rd/s   kB_wr/s kB_ccwr/s iodelay  Command
12:51:18     1000     15259  100.00    6.00    0.00    0.00   50.06    15   9395.00      0.00 24967668 5781696  17.55      0.00      0.00      0.00       0  sort

# Time        UID       PID    %usr %system  %guest   %wait    %CPU   CPU  minflt/s  majflt/s     VSZ     RSS   %MEM   kB_rd/s   kB_wr/s kB_ccwr/s iodelay  Command
12:51:19     1000     15259  100.00   34.00    0.00    0.00   49.94    15  73632.00      0.00 24967668 6076584  18.45      0.00      0.00      0.00       0  sort

# Time        UID       PID    %usr %system  %guest   %wait    %CPU   CPU  minflt/s  majflt/s     VSZ     RSS   %MEM   kB_rd/s   kB_wr/s kB_ccwr/s iodelay  Command
12:51:20     1000     15259  100.00   46.00    0.00    0.00   42.24    15  88644.00      0.00 24967668 6431400  19.53      0.00   8944.00      0.00       0  sort

# Time        UID       PID    %usr %system  %guest   %wait    %CPU   CPU  minflt/s  majflt/s     VSZ     RSS   %MEM   kB_rd/s   kB_wr/s kB_ccwr/s iodelay  Command
12:51:21     1000     15259  100.00   36.00    0.00    0.00   18.22    15  31067.00      0.00 24967668 6555744  19.90      0.00 143732.00      0.00       0  sort

# Time        UID       PID    %usr %system  %guest   %wait    %CPU   CPU  minflt/s  majflt/s     VSZ     RSS   %MEM   kB_rd/s   kB_wr/s kB_ccwr/s iodelay  Command
12:51:22     1000     15259  100.00   37.00    0.00    0.00   17.71    15  31588.00      0.00 24967668 6682464  20.29      0.00  92272.00      0.00       0  sort

# Time        UID       PID    %usr %system  %guest   %wait    %CPU   CPU  minflt/s  majflt/s     VSZ     RSS   %MEM   kB_rd/s   kB_wr/s kB_ccwr/s iodelay  Command
12:51:23     1000     15259  100.00   39.00    0.00    0.00   12.26    15  19653.00      0.00 24967668 6761136  20.53      0.00 151880.00      0.00       0  sort

# Time        UID       PID    %usr %system  %guest   %wait    %CPU   CPU  minflt/s  majflt/s     VSZ     RSS   %MEM   kB_rd/s   kB_wr/s kB_ccwr/s iodelay  Command
12:51:24     1000     15259  100.00   34.00    0.00    0.00   16.78    15  36533.00      0.00 24967668 6906600  20.97      0.00 131884.00      0.00       0  sort

# Time        UID       PID    %usr %system  %guest   %wait    %CPU   CPU  minflt/s  majflt/s     VSZ     RSS   %MEM   kB_rd/s   kB_wr/s kB_ccwr/s iodelay  Command
12:51:25     1000     15259  100.00   35.00    0.00    0.00   17.61    15  35488.00      0.00 24967668 7048896  21.40      0.00 112796.00      0.00       0  sort

# Time        UID       PID    %usr %system  %guest   %wait    %CPU   CPU  minflt/s  majflt/s     VSZ     RSS   %MEM   kB_rd/s   kB_wr/s kB_ccwr/s iodelay  Command
12:51:26     1000     15259  100.00   29.00    0.00    0.00   16.45    15  31280.00      0.00 24967668 7174296  21.78      0.00 122292.00      0.00       0  sort

# Time        UID       PID    %usr %system  %guest   %wait    %CPU   CPU  minflt/s  majflt/s     VSZ     RSS   %MEM   kB_rd/s   kB_wr/s kB_ccwr/s iodelay  Command
12:51:27     1000     15259  100.00   33.00    0.00    0.00   16.34    15  39408.00      0.00 24967668 7331640  22.26      0.00 134280.00      0.00       0  sort

# Time        UID       PID    %usr %system  %guest   %wait    %CPU   CPU  minflt/s  majflt/s     VSZ     RSS   %MEM   kB_rd/s   kB_wr/s kB_ccwr/s iodelay  Command
12:51:28     1000     15259  100.00   37.00    0.00    0.00   14.34    15  24709.00      0.00 24967668 7430376  22.56      0.00 155008.00      0.00       0  sort

# Time        UID       PID    %usr %system  %guest   %wait    %CPU   CPU  minflt/s  majflt/s     VSZ     RSS   %MEM   kB_rd/s   kB_wr/s kB_ccwr/s iodelay  Command
12:51:29     1000     15259  100.00   37.00    0.00    0.00   13.63    15  23806.00      0.00 24967668 7525944  22.85      0.00 136896.00      0.00       0  sort

# Time        UID       PID    %usr %system  %guest   %wait    %CPU   CPU  minflt/s  majflt/s     VSZ     RSS   %MEM   kB_rd/s   kB_wr/s kB_ccwr/s iodelay  Command
12:51:30     1000     15259  100.00   38.00    0.00    0.00   14.57    15  20810.00      0.00 24967668 7609368  23.10      0.00 121856.00      0.00       0  sort

# Time        UID       PID    %usr %system  %guest   %wait    %CPU   CPU  minflt/s  majflt/s     VSZ     RSS   %MEM   kB_rd/s   kB_wr/s kB_ccwr/s iodelay  Command
12:51:31     1000     15259  100.00   35.00    0.00    0.00   16.70    15  26578.00      0.00 24967668 7715232  23.42      0.00 122764.00      0.00       0  sort

# Time        UID       PID    %usr %system  %guest   %wait    %CPU   CPU  minflt/s  majflt/s     VSZ     RSS   %MEM   kB_rd/s   kB_wr/s kB_ccwr/s iodelay  Command
12:51:32     1000     15259  100.00   37.00    0.00    0.00   14.71    15  29517.00      0.00 24967668 7832976  23.78      0.00 142448.00      0.00       0  sort

# Time        UID       PID    %usr %system  %guest   %wait    %CPU   CPU  minflt/s  majflt/s     VSZ     RSS   %MEM   kB_rd/s   kB_wr/s kB_ccwr/s iodelay  Command
12:51:33     1000     15259  100.00   41.00    0.00    0.00   15.62    15  35682.00      0.00 24967668 7976328  24.22      0.00 132036.00      0.00       0  sort

# Time        UID       PID    %usr %system  %guest   %wait    %CPU   CPU  minflt/s  majflt/s     VSZ     RSS   %MEM   kB_rd/s   kB_wr/s kB_ccwr/s iodelay  Command
12:51:34     1000     15259  100.00   46.00    0.00    0.00   18.34    15  43957.00      0.00 24967668 8151888  24.75      0.00 127440.00      0.00       0  sort

# Time        UID       PID    %usr %system  %guest   %wait    %CPU   CPU  minflt/s  majflt/s     VSZ     RSS   %MEM   kB_rd/s   kB_wr/s kB_ccwr/s iodelay  Command
12:51:35     1000     15259  100.00   39.00    0.00    0.00   18.09    15  32963.00      0.00 24967668 8283888  25.15      0.00 134576.00      0.00       0  sort

# Time        UID       PID    %usr %system  %guest   %wait    %CPU   CPU  minflt/s  majflt/s     VSZ     RSS   %MEM   kB_rd/s   kB_wr/s kB_ccwr/s iodelay  Command
12:51:36     1000     15259  100.00   38.00    0.00    0.00   13.07    15  21109.00      0.00 24967668 8368368  25.41      0.00 134452.00      0.00       0  sort

# Time        UID       PID    %usr %system  %guest   %wait    %CPU   CPU  minflt/s  majflt/s     VSZ     RSS   %MEM   kB_rd/s   kB_wr/s kB_ccwr/s iodelay  Command
12:51:37     1000     15259  100.00   31.00    0.00    0.00   12.95    15  19778.00      0.00 24967668 8447040  25.65      0.00 129492.00      0.00       0  sort

# Time        UID       PID    %usr %system  %guest   %wait    %CPU   CPU  minflt/s  majflt/s     VSZ     RSS   %MEM   kB_rd/s   kB_wr/s kB_ccwr/s iodelay  Command
12:51:38     1000     15259  100.00   40.00    0.00    0.00   12.82    15  21641.00      0.00 24967668 8533632  25.91      0.00 122948.00      0.00       0  sort

# Time        UID       PID    %usr %system  %guest   %wait    %CPU   CPU  minflt/s  majflt/s     VSZ     RSS   %MEM   kB_rd/s   kB_wr/s kB_ccwr/s iodelay  Command
12:51:39     1000     15259  100.00   39.00    0.00    0.00   11.44    15  21073.00      0.00 24967668 8618112  26.16      0.00 158540.00      0.00       0  sort

# Time        UID       PID    %usr %system  %guest   %wait    %CPU   CPU  minflt/s  majflt/s     VSZ     RSS   %MEM   kB_rd/s   kB_wr/s kB_ccwr/s iodelay  Command
12:51:40     1000     15259  100.00   26.00    0.00    0.00    8.26    15  13100.00      0.00 24967668 8670120  26.32      0.00 151136.00      0.00       0  sort

# Time        UID       PID    %usr %system  %guest   %wait    %CPU   CPU  minflt/s  majflt/s     VSZ     RSS   %MEM   kB_rd/s   kB_wr/s kB_ccwr/s iodelay  Command
12:51:41     1000     15259   95.00   27.00    0.00    0.00    7.63    15  10085.00      0.00 24967668 8711040  26.45      0.00 139788.00      0.00       0  sort

# Time        UID       PID    %usr %system  %guest   %wait    %CPU   CPU  minflt/s  majflt/s     VSZ     RSS   %MEM   kB_rd/s   kB_wr/s kB_ccwr/s iodelay  Command
12:51:42     1000     15259   87.00   22.00    0.00    0.00    6.86    15   3064.00      0.00 24967668 8722920  26.48      0.00 121380.00      0.00       0  sort

# Time        UID       PID    %usr %system  %guest   %wait    %CPU   CPU  minflt/s  majflt/s     VSZ     RSS   %MEM   kB_rd/s   kB_wr/s kB_ccwr/s iodelay  Command
12:51:43     1000     15259   92.00   19.00    0.00    0.00    6.96    15   3664.00      0.00 24967668 8737704  26.53      0.00 116408.00      0.00       0  sort

# Time        UID       PID    %usr %system  %guest   %wait    %CPU   CPU  minflt/s  majflt/s     VSZ     RSS   %MEM   kB_rd/s   kB_wr/s kB_ccwr/s iodelay  Command
12:51:44     1000     15259   99.00   24.00    0.00    0.00    7.70    15   3973.00      0.00 24967668 8753544  26.58      0.00 167260.00      0.00       0  sort

# Time        UID       PID    %usr %system  %guest   %wait    %CPU   CPU  minflt/s  majflt/s     VSZ     RSS   %MEM   kB_rd/s   kB_wr/s kB_ccwr/s iodelay  Command
12:51:45     1000     15259   96.00   28.00    0.00    0.00    7.75    15   3669.00      0.00 24967668 8768064  26.62      0.00 172892.00      0.00       0  sort

# Time        UID       PID    %usr %system  %guest   %wait    %CPU   CPU  minflt/s  majflt/s     VSZ     RSS   %MEM   kB_rd/s   kB_wr/s kB_ccwr/s iodelay  Command
12:51:46     1000     15259  100.00   29.00    0.00    0.00    9.38    15  15548.00      0.00 24967668 8830896  26.81      0.00 156080.00      0.00       0  sort

# Time        UID       PID    %usr %system  %guest   %wait    %CPU   CPU  minflt/s  majflt/s     VSZ     RSS   %MEM   kB_rd/s   kB_wr/s kB_ccwr/s iodelay  Command
12:51:47     1000     15259   97.00   28.00    0.00    0.00    7.82    15   8870.00      0.00 24967668 8866272  26.92      0.00 171864.00      0.00       0  sort

# Time        UID       PID    %usr %system  %guest   %wait    %CPU   CPU  minflt/s  majflt/s     VSZ     RSS   %MEM   kB_rd/s   kB_wr/s kB_ccwr/s iodelay  Command
12:51:48     1000     15259  100.00   28.00    0.00    0.00    8.24    15  10357.00      0.00 24967668 8907456  27.04      0.00 166888.00      0.00       0  sort

# Time        UID       PID    %usr %system  %guest   %wait    %CPU   CPU  minflt/s  majflt/s     VSZ     RSS   %MEM   kB_rd/s   kB_wr/s kB_ccwr/s iodelay  Command
12:51:49     1000     15259   12.00   38.00    0.00    0.00    3.14    15      1.00      0.00  239576    2248   0.01      0.00  26020.00      0.00       0  sort

# Time        UID       PID    %usr %system  %guest   %wait    %CPU   CPU  minflt/s  majflt/s     VSZ     RSS   %MEM   kB_rd/s   kB_wr/s kB_ccwr/s iodelay  Command
12:51:50     1000     15259    1.00   12.00    0.00    1.00    0.82    15      0.00      0.00  239576    2248   0.01      0.00      0.00      0.00     129  sort

# Time        UID       PID    %usr %system  %guest   %wait    %CPU   CPU  minflt/s  majflt/s     VSZ     RSS   %MEM   kB_rd/s   kB_wr/s kB_ccwr/s iodelay  Command
12:51:51     1000     15259    0.00    0.00    0.00    0.00    0.00    15      0.00      0.00  239576    2248   0.01      0.00      0.00      0.00       9  sort

