Linux 4.15.0-96-generic (team25-hw6) 	04/25/20 	_x86_64_	(48 CPU)

# Time        UID       PID    %usr %system  %guest   %wait    %CPU   CPU  minflt/s  majflt/s     VSZ     RSS   %MEM   kB_rd/s   kB_wr/s kB_ccwr/s iodelay  Command
07:00:49    64055      4870    0.00   32.00  100.00    0.00    5.49    25   1657.00      0.00 59758940 33594984  17.09      0.00     32.00      0.00       0  qemu-system-x86

# Time        UID       PID    %usr %system  %guest   %wait    %CPU   CPU  minflt/s  majflt/s     VSZ     RSS   %MEM   kB_rd/s   kB_wr/s kB_ccwr/s iodelay  Command
07:00:50    64055      4870    0.00    9.00  100.00    0.00    7.67    25   1177.00      0.00 59758940 33594984  17.09      0.00      0.00      0.00       0  qemu-system-x86

# Time        UID       PID    %usr %system  %guest   %wait    %CPU   CPU  minflt/s  majflt/s     VSZ     RSS   %MEM   kB_rd/s   kB_wr/s kB_ccwr/s iodelay  Command
07:00:51    64055      4870    4.00    9.00  100.00    0.00    5.68    25   3534.00      0.00 59758940 33594984  17.09      0.00      8.00      0.00       0  qemu-system-x86

# Time        UID       PID    %usr %system  %guest   %wait    %CPU   CPU  minflt/s  majflt/s     VSZ     RSS   %MEM   kB_rd/s   kB_wr/s kB_ccwr/s iodelay  Command
07:00:52    64055      4870    1.00    0.00  100.00    0.00    2.50    25   4567.00      0.00 59758940 33594984  17.09      0.00      0.00      0.00       0  qemu-system-x86

# Time        UID       PID    %usr %system  %guest   %wait    %CPU   CPU  minflt/s  majflt/s     VSZ     RSS   %MEM   kB_rd/s   kB_wr/s kB_ccwr/s iodelay  Command
07:00:53    64055      4870    0.00  100.00   80.00    0.00    3.79    18   1945.00      0.00 59758940 33594984  17.09      0.00 237468.00      0.00       0  qemu-system-x86

# Time        UID       PID    %usr %system  %guest   %wait    %CPU   CPU  minflt/s  majflt/s     VSZ     RSS   %MEM   kB_rd/s   kB_wr/s kB_ccwr/s iodelay  Command
07:00:54    64055      4870    4.00   93.00  100.00    1.00    9.35    24   5015.00      0.00 59758940 33594984  17.09      0.00     44.00      0.00       0  qemu-system-x86

# Time        UID       PID    %usr %system  %guest   %wait    %CPU   CPU  minflt/s  majflt/s     VSZ     RSS   %MEM   kB_rd/s   kB_wr/s kB_ccwr/s iodelay  Command
07:00:55    64055      4870    7.00   19.00  100.00    0.00    5.48    27   2852.00      0.00 59758940 33594984  17.09      0.00    292.00      0.00       0  qemu-system-x86

# Time        UID       PID    %usr %system  %guest   %wait    %CPU   CPU  minflt/s  majflt/s     VSZ     RSS   %MEM   kB_rd/s   kB_wr/s kB_ccwr/s iodelay  Command
07:00:56    64055      4870    6.00    0.00  100.00    0.00    2.80    27   1917.00      0.00 59758940 33594984  17.09      0.00      0.00      0.00       0  qemu-system-x86

# Time        UID       PID    %usr %system  %guest   %wait    %CPU   CPU  minflt/s  majflt/s     VSZ     RSS   %MEM   kB_rd/s   kB_wr/s kB_ccwr/s iodelay  Command
07:00:57    64055      4870    4.00   14.00  100.00    0.00    4.37    27   3547.00      0.00 59758940 33594984  17.09      0.00      0.00      0.00       0  qemu-system-x86

# Time        UID       PID    %usr %system  %guest   %wait    %CPU   CPU  minflt/s  majflt/s     VSZ     RSS   %MEM   kB_rd/s   kB_wr/s kB_ccwr/s iodelay  Command
07:00:58    64055      4870   10.00    9.00  100.00    0.00    7.57    27   1126.00      0.00 59758940 33594984  17.09      0.00      0.00      0.00       0  qemu-system-x86

# Time        UID       PID    %usr %system  %guest   %wait    %CPU   CPU  minflt/s  majflt/s     VSZ     RSS   %MEM   kB_rd/s   kB_wr/s kB_ccwr/s iodelay  Command
07:00:59    64055      4870    0.00   17.00  100.00    0.00    7.01    27    233.00      0.00 59758940 33594984  17.09      0.00    372.00      0.00       0  qemu-system-x86

# Time        UID       PID    %usr %system  %guest   %wait    %CPU   CPU  minflt/s  majflt/s     VSZ     RSS   %MEM   kB_rd/s   kB_wr/s kB_ccwr/s iodelay  Command
07:01:00    64055      4870    8.00    4.00  100.00    0.00    6.27    27    621.00      0.00 59758940 33594984  17.09      0.00      0.00      0.00       0  qemu-system-x86

# Time        UID       PID    %usr %system  %guest   %wait    %CPU   CPU  minflt/s  majflt/s     VSZ     RSS   %MEM   kB_rd/s   kB_wr/s kB_ccwr/s iodelay  Command
07:01:01    64055      4870    0.00   16.00  100.00    0.00    3.92    27    631.00      0.00 59758940 33594984  17.09      0.00      0.00      0.00       0  qemu-system-x86

# Time        UID       PID    %usr %system  %guest   %wait    %CPU   CPU  minflt/s  majflt/s     VSZ     RSS   %MEM   kB_rd/s   kB_wr/s kB_ccwr/s iodelay  Command
07:01:02    64055      4870   13.00   14.00  100.00    0.00    6.53    27    829.00      0.00 59758940 33594984  17.09      0.00      0.00      0.00       0  qemu-system-x86

# Time        UID       PID    %usr %system  %guest   %wait    %CPU   CPU  minflt/s  majflt/s     VSZ     RSS   %MEM   kB_rd/s   kB_wr/s kB_ccwr/s iodelay  Command
07:01:03    64055      4870    0.00   17.00  100.00    0.00    7.53    27    403.00      0.00 59758940 33594984  17.09      0.00      0.00      0.00       0  qemu-system-x86

# Time        UID       PID    %usr %system  %guest   %wait    %CPU   CPU  minflt/s  majflt/s     VSZ     RSS   %MEM   kB_rd/s   kB_wr/s kB_ccwr/s iodelay  Command
07:01:04    64055      4870    0.00    6.00  100.00    0.00    3.27    42    204.00      0.00 59717960 33594932  17.09      0.00    128.00      0.00       0  qemu-system-x86

# Time        UID       PID    %usr %system  %guest   %wait    %CPU   CPU  minflt/s  majflt/s     VSZ     RSS   %MEM   kB_rd/s   kB_wr/s kB_ccwr/s iodelay  Command
07:01:05    64055      4870    3.00    0.00   14.00    0.00    0.35    42     94.00      0.00 59545844 33594732  17.09      0.00      0.00      0.00       0  qemu-system-x86

# Time        UID       PID    %usr %system  %guest   %wait    %CPU   CPU  minflt/s  majflt/s     VSZ     RSS   %MEM   kB_rd/s   kB_wr/s kB_ccwr/s iodelay  Command
07:01:06    64055      4870    2.00    1.00   13.00    0.00    0.33    42     19.00      0.00 59545844 33594732  17.09      0.00      0.00      0.00       0  qemu-system-x86

# Time        UID       PID    %usr %system  %guest   %wait    %CPU   CPU  minflt/s  majflt/s     VSZ     RSS   %MEM   kB_rd/s   kB_wr/s kB_ccwr/s iodelay  Command
07:01:07    64055      4870    0.00    6.00   26.00    0.00    0.60    42    245.00      0.00 59545844 33594732  17.09      0.00      0.00      0.00       0  qemu-system-x86

# Time        UID       PID    %usr %system  %guest   %wait    %CPU   CPU  minflt/s  majflt/s     VSZ     RSS   %MEM   kB_rd/s   kB_wr/s kB_ccwr/s iodelay  Command
07:01:08    64055      4870    1.00    0.00   12.00    0.00    0.27    42     18.00      0.00 59545844 33594732  17.09      0.00      0.00      0.00       0  qemu-system-x86

# Time        UID       PID    %usr %system  %guest   %wait    %CPU   CPU  minflt/s  majflt/s     VSZ     RSS   %MEM   kB_rd/s   kB_wr/s kB_ccwr/s iodelay  Command
07:01:09    64055      4870    0.00    0.00   15.00    0.00    0.31    42     31.00      0.00 59513060 33594696  17.09      0.00      0.00      0.00       0  qemu-system-x86

# Time        UID       PID    %usr %system  %guest   %wait    %CPU   CPU  minflt/s  majflt/s     VSZ     RSS   %MEM   kB_rd/s   kB_wr/s kB_ccwr/s iodelay  Command
07:01:10    64055      4870    0.00    4.00   22.00    0.00    0.50    42     31.00      0.00 59513060 33594696  17.09      0.00     24.00      0.00       0  qemu-system-x86

# Time        UID       PID    %usr %system  %guest   %wait    %CPU   CPU  minflt/s  majflt/s     VSZ     RSS   %MEM   kB_rd/s   kB_wr/s kB_ccwr/s iodelay  Command
07:01:11    64055      4870    4.00    0.00   10.00    0.00    0.29    42     16.00      0.00 59513060 33594696  17.09      0.00      0.00      0.00       0  qemu-system-x86

# Time        UID       PID    %usr %system  %guest   %wait    %CPU   CPU  minflt/s  majflt/s     VSZ     RSS   %MEM   kB_rd/s   kB_wr/s kB_ccwr/s iodelay  Command
07:01:12    64055      4870    2.00    1.00   13.00    0.00    0.33    42     13.00      0.00 59513060 33594696  17.09      0.00      0.00      0.00       0  qemu-system-x86

# Time        UID       PID    %usr %system  %guest   %wait    %CPU   CPU  minflt/s  majflt/s     VSZ     RSS   %MEM   kB_rd/s   kB_wr/s kB_ccwr/s iodelay  Command
07:01:13    64055      4870    0.00  100.00   39.00    0.00    7.33    44   1655.00      0.00 59701568 33594696  17.09      0.00 436040.00      0.00       0  qemu-system-x86

# Time        UID       PID    %usr %system  %guest   %wait    %CPU   CPU  minflt/s  majflt/s     VSZ     RSS   %MEM   kB_rd/s   kB_wr/s kB_ccwr/s iodelay  Command
07:01:14    64055      4870    2.00  100.00   20.00    0.00    9.49    13   1192.00      0.00 59955644 33594936  17.09      0.00 357344.00      0.00       0  qemu-system-x86

# Time        UID       PID    %usr %system  %guest   %wait    %CPU   CPU  minflt/s  majflt/s     VSZ     RSS   %MEM   kB_rd/s   kB_wr/s kB_ccwr/s iodelay  Command
07:01:15    64055      4870    0.00   12.00   14.00    0.00    0.50    13     13.00      0.00 59955644 33594936  17.09      0.00     88.00      0.00       0  qemu-system-x86

# Time        UID       PID    %usr %system  %guest   %wait    %CPU   CPU  minflt/s  majflt/s     VSZ     RSS   %MEM   kB_rd/s   kB_wr/s kB_ccwr/s iodelay  Command
07:01:16    64055      4870    3.00   11.00   20.00    0.00    0.71    13     18.00      0.00 59955644 33594936  17.09      0.00      0.00      0.00       0  qemu-system-x86

# Time        UID       PID    %usr %system  %guest   %wait    %CPU   CPU  minflt/s  majflt/s     VSZ     RSS   %MEM   kB_rd/s   kB_wr/s kB_ccwr/s iodelay  Command
07:01:17    64055      4870    5.00    7.00   38.00    0.00    1.04    13     99.00      0.00 59955644 33594936  17.09      0.00      4.00      0.00       0  qemu-system-x86

# Time        UID       PID    %usr %system  %guest   %wait    %CPU   CPU  minflt/s  majflt/s     VSZ     RSS   %MEM   kB_rd/s   kB_wr/s kB_ccwr/s iodelay  Command
07:01:18    64055      4870    0.00    5.00   21.00    0.00    0.52    13     61.00      0.00 59955644 33594936  17.09      0.00      0.00      0.00       0  qemu-system-x86

# Time        UID       PID    %usr %system  %guest   %wait    %CPU   CPU  minflt/s  majflt/s     VSZ     RSS   %MEM   kB_rd/s   kB_wr/s kB_ccwr/s iodelay  Command
07:01:19    64055      4870    6.00  100.00   39.00    0.00    5.82     1    540.00      0.00 59955644 33594948  17.09      0.00 370240.00      0.00       0  qemu-system-x86

# Time        UID       PID    %usr %system  %guest   %wait    %CPU   CPU  minflt/s  majflt/s     VSZ     RSS   %MEM   kB_rd/s   kB_wr/s kB_ccwr/s iodelay  Command
07:01:20    64055      4870    0.00   14.00   12.00    0.00    0.46     1     23.00      0.00 59955644 33594948  17.09      0.00     60.00      0.00       0  qemu-system-x86

# Time        UID       PID    %usr %system  %guest   %wait    %CPU   CPU  minflt/s  majflt/s     VSZ     RSS   %MEM   kB_rd/s   kB_wr/s kB_ccwr/s iodelay  Command
07:01:21    64055      4870    0.00   10.00   17.00    0.00    0.50     4     15.00      0.00 59955644 33594948  17.09      0.00      4.00      0.00       0  qemu-system-x86

# Time        UID       PID    %usr %system  %guest   %wait    %CPU   CPU  minflt/s  majflt/s     VSZ     RSS   %MEM   kB_rd/s   kB_wr/s kB_ccwr/s iodelay  Command
07:01:22    64055      4870    1.00    0.00   17.00    0.00    0.38     4     23.00      0.00 59955644 33594948  17.09      0.00      0.00      0.00       0  qemu-system-x86

# Time        UID       PID    %usr %system  %guest   %wait    %CPU   CPU  minflt/s  majflt/s     VSZ     RSS   %MEM   kB_rd/s   kB_wr/s kB_ccwr/s iodelay  Command
07:01:23    64055      4870    1.00    2.00   13.00    0.00    0.33     4     18.00      0.00 59955644 33594948  17.09      0.00      0.00      0.00       0  qemu-system-x86

# Time        UID       PID    %usr %system  %guest   %wait    %CPU   CPU  minflt/s  majflt/s     VSZ     RSS   %MEM   kB_rd/s   kB_wr/s kB_ccwr/s iodelay  Command
07:01:24    64055      4870    0.00   37.00   19.00    0.00    1.13    14     18.00      0.00 59955644 33594948  17.09      0.00  82340.00      0.00       0  qemu-system-x86

# Time        UID       PID    %usr %system  %guest   %wait    %CPU   CPU  minflt/s  majflt/s     VSZ     RSS   %MEM   kB_rd/s   kB_wr/s kB_ccwr/s iodelay  Command
07:01:25    64055      4870    7.00  100.00   19.00    0.00    2.69    14     37.00      0.00 59955644 33594948  17.09      0.00 156796.00      0.00       0  qemu-system-x86

# Time        UID       PID    %usr %system  %guest   %wait    %CPU   CPU  minflt/s  majflt/s     VSZ     RSS   %MEM   kB_rd/s   kB_wr/s kB_ccwr/s iodelay  Command
07:01:26    64055      4870    1.00    9.00   11.00    0.00    0.44    13     92.00      0.00 59955644 33594948  17.09      0.00      4.00      0.00       0  qemu-system-x86

# Time        UID       PID    %usr %system  %guest   %wait    %CPU   CPU  minflt/s  majflt/s     VSZ     RSS   %MEM   kB_rd/s   kB_wr/s kB_ccwr/s iodelay  Command
07:01:27    64055      4870    0.00    6.00   21.00    0.00    0.50    13     91.00      0.00 59955644 33594948  17.09      0.00      0.00      0.00       0  qemu-system-x86

# Time        UID       PID    %usr %system  %guest   %wait    %CPU   CPU  minflt/s  majflt/s     VSZ     RSS   %MEM   kB_rd/s   kB_wr/s kB_ccwr/s iodelay  Command
07:01:28    64055      4870    0.00    0.00   17.00    0.00    0.35    13     55.00      0.00 59955644 33594948  17.09      0.00      0.00      0.00       0  qemu-system-x86

# Time        UID       PID    %usr %system  %guest   %wait    %CPU   CPU  minflt/s  majflt/s     VSZ     RSS   %MEM   kB_rd/s   kB_wr/s kB_ccwr/s iodelay  Command
07:01:29    64055      4870    0.00    0.00   20.00    0.00    0.40    13     57.00      0.00 59955644 33594948  17.09      0.00      0.00      0.00       0  qemu-system-x86

# Time        UID       PID    %usr %system  %guest   %wait    %CPU   CPU  minflt/s  majflt/s     VSZ     RSS   %MEM   kB_rd/s   kB_wr/s kB_ccwr/s iodelay  Command
07:01:30    64055      4870    0.00  100.00  100.00    0.00   10.97     0   1433.00      0.00 59955644 33594948  17.09      0.00 238632.00      0.00       0  qemu-system-x86

# Time        UID       PID    %usr %system  %guest   %wait    %CPU   CPU  minflt/s  majflt/s     VSZ     RSS   %MEM   kB_rd/s   kB_wr/s kB_ccwr/s iodelay  Command
07:01:31    64055      4870    5.00   10.00  100.00    0.00   10.19     0   1225.00      0.00 59955644 33594948  17.09      0.00      4.00      0.00       0  qemu-system-x86

# Time        UID       PID    %usr %system  %guest   %wait    %CPU   CPU  minflt/s  majflt/s     VSZ     RSS   %MEM   kB_rd/s   kB_wr/s kB_ccwr/s iodelay  Command
07:01:32    64055      4870    2.00   26.00  100.00    0.00    4.89     0   3401.00      0.00 59955644 33594948  17.09      0.00      0.00      0.00       0  qemu-system-x86

# Time        UID       PID    %usr %system  %guest   %wait    %CPU   CPU  minflt/s  majflt/s     VSZ     RSS   %MEM   kB_rd/s   kB_wr/s kB_ccwr/s iodelay  Command
07:01:33    64055      4870    2.00   12.00  100.00    0.00    4.74     0   4383.00      0.00 59955644 33594948  17.09      0.00      0.00      0.00       0  qemu-system-x86

# Time        UID       PID    %usr %system  %guest   %wait    %CPU   CPU  minflt/s  majflt/s     VSZ     RSS   %MEM   kB_rd/s   kB_wr/s kB_ccwr/s iodelay  Command
07:01:34    64055      4870    5.00    6.00  100.00    0.00    4.24     0   2382.00      0.00 59955644 33594948  17.09      0.00      0.00      0.00       0  qemu-system-x86

# Time        UID       PID    %usr %system  %guest   %wait    %CPU   CPU  minflt/s  majflt/s     VSZ     RSS   %MEM   kB_rd/s   kB_wr/s kB_ccwr/s iodelay  Command
07:01:35    64055      4870    2.00    4.00  100.00    0.00    4.01    17   1630.00      0.00 59955644 33594948  17.09      0.00    248.00      0.00       0  qemu-system-x86

# Time        UID       PID    %usr %system  %guest   %wait    %CPU   CPU  minflt/s  majflt/s     VSZ     RSS   %MEM   kB_rd/s   kB_wr/s kB_ccwr/s iodelay  Command
07:01:36    64055      4870    1.00   12.00  100.00    0.00    3.84    17   1521.00      0.00 59955644 33594948  17.09      0.00      0.00      0.00       0  qemu-system-x86

# Time        UID       PID    %usr %system  %guest   %wait    %CPU   CPU  minflt/s  majflt/s     VSZ     RSS   %MEM   kB_rd/s   kB_wr/s kB_ccwr/s iodelay  Command
07:01:37    64055      4870    3.00    8.00  100.00    0.00    3.63    17   1712.00      0.00 59955644 33594948  17.09      0.00      0.00      0.00       0  qemu-system-x86

# Time        UID       PID    %usr %system  %guest   %wait    %CPU   CPU  minflt/s  majflt/s     VSZ     RSS   %MEM   kB_rd/s   kB_wr/s kB_ccwr/s iodelay  Command
07:01:38    64055      4870    5.00    1.00  100.00    0.00    3.73    28   3447.00      0.00 59955644 33594948  17.09      0.00   1176.00      0.00       0  qemu-system-x86

# Time        UID       PID    %usr %system  %guest   %wait    %CPU   CPU  minflt/s  majflt/s     VSZ     RSS   %MEM   kB_rd/s   kB_wr/s kB_ccwr/s iodelay  Command
07:01:39    64055      4870    3.00    8.00  100.00    0.00    3.80    28   1811.00      0.00 59955644 33594948  17.09      0.00      0.00      0.00       0  qemu-system-x86

# Time        UID       PID    %usr %system  %guest   %wait    %CPU   CPU  minflt/s  majflt/s     VSZ     RSS   %MEM   kB_rd/s   kB_wr/s kB_ccwr/s iodelay  Command
07:01:40    64055      4870    1.00    6.00  100.00    0.00    3.27    28   1634.00      0.00 59767136 33594832  17.09      0.00      0.00      0.00       0  qemu-system-x86

# Time        UID       PID    %usr %system  %guest   %wait    %CPU   CPU  minflt/s  majflt/s     VSZ     RSS   %MEM   kB_rd/s   kB_wr/s kB_ccwr/s iodelay  Command
07:01:41    64055      4870    0.00    5.00  100.00    0.00    3.31    28   1650.00      0.00 59742548 33594816  17.09      0.00      0.00      0.00       0  qemu-system-x86

# Time        UID       PID    %usr %system  %guest   %wait    %CPU   CPU  minflt/s  majflt/s     VSZ     RSS   %MEM   kB_rd/s   kB_wr/s kB_ccwr/s iodelay  Command
07:01:42    64055      4870    3.00    3.00  100.00    0.00    4.17    28   1671.00      0.00 59742548 33594816  17.09      0.00      0.00      0.00       0  qemu-system-x86

# Time        UID       PID    %usr %system  %guest   %wait    %CPU   CPU  minflt/s  majflt/s     VSZ     RSS   %MEM   kB_rd/s   kB_wr/s kB_ccwr/s iodelay  Command
07:01:43    64055      4870    0.00    7.00  100.00    0.00    3.44    45   1655.00      0.00 59742548 33594816  17.09      0.00     72.00      0.00       0  qemu-system-x86

# Time        UID       PID    %usr %system  %guest   %wait    %CPU   CPU  minflt/s  majflt/s     VSZ     RSS   %MEM   kB_rd/s   kB_wr/s kB_ccwr/s iodelay  Command
07:01:44    64055      4870    1.00    9.00  100.00    0.00    3.99    45    976.00      0.00 59742548 33594816  17.09      0.00      0.00      0.00       0  qemu-system-x86

# Time        UID       PID    %usr %system  %guest   %wait    %CPU   CPU  minflt/s  majflt/s     VSZ     RSS   %MEM   kB_rd/s   kB_wr/s kB_ccwr/s iodelay  Command
07:01:45    64055      4870    4.00    4.00  100.00    0.00    3.21    45   1127.00      0.00 59636000 33594736  17.09      0.00     76.00      0.00       0  qemu-system-x86

# Time        UID       PID    %usr %system  %guest   %wait    %CPU   CPU  minflt/s  majflt/s     VSZ     RSS   %MEM   kB_rd/s   kB_wr/s kB_ccwr/s iodelay  Command
07:01:46    64055      4870    3.00   12.00  100.00    0.00    3.32    45   2579.00      0.00 59636000 33594736  17.09      0.00      0.00      0.00       0  qemu-system-x86

# Time        UID       PID    %usr %system  %guest   %wait    %CPU   CPU  minflt/s  majflt/s     VSZ     RSS   %MEM   kB_rd/s   kB_wr/s kB_ccwr/s iodelay  Command
07:01:47    64055      4870    4.00    6.00  100.00    0.00    3.24    45   1857.00      0.00 59636000 33594736  17.09      0.00      0.00      0.00       0  qemu-system-x86

# Time        UID       PID    %usr %system  %guest   %wait    %CPU   CPU  minflt/s  majflt/s     VSZ     RSS   %MEM   kB_rd/s   kB_wr/s kB_ccwr/s iodelay  Command
07:01:48    64055      4870    0.00   12.00  100.00    0.00    3.17    45   1756.00      0.00 59586824 33594684  17.09      0.00     56.00      0.00       0  qemu-system-x86

# Time        UID       PID    %usr %system  %guest   %wait    %CPU   CPU  minflt/s  majflt/s     VSZ     RSS   %MEM   kB_rd/s   kB_wr/s kB_ccwr/s iodelay  Command
07:01:49    64055      4870    5.00    2.00  100.00    0.00    3.17    45   1598.00      0.00 59586824 33594684  17.09      0.00      0.00      0.00       0  qemu-system-x86

# Time        UID       PID    %usr %system  %guest   %wait    %CPU   CPU  minflt/s  majflt/s     VSZ     RSS   %MEM   kB_rd/s   kB_wr/s kB_ccwr/s iodelay  Command
07:01:50    64055      4870    7.00    8.00  100.00    0.00    3.59    45   1589.00      0.00 59586824 33594684  17.09      0.00    416.00      0.00       0  qemu-system-x86

# Time        UID       PID    %usr %system  %guest   %wait    %CPU   CPU  minflt/s  majflt/s     VSZ     RSS   %MEM   kB_rd/s   kB_wr/s kB_ccwr/s iodelay  Command
07:01:51    64055      4870    6.00    6.00  100.00    0.00    3.22    45   1590.00      0.00 59586824 33594684  17.09      0.00      0.00      0.00       0  qemu-system-x86

# Time        UID       PID    %usr %system  %guest   %wait    %CPU   CPU  minflt/s  majflt/s     VSZ     RSS   %MEM   kB_rd/s   kB_wr/s kB_ccwr/s iodelay  Command
07:01:52    64055      4870    0.00   17.00  100.00    0.00    5.94    45   1818.00      0.00 59586824 33594684  17.09      0.00      4.00      0.00       0  qemu-system-x86

# Time        UID       PID    %usr %system  %guest   %wait    %CPU   CPU  minflt/s  majflt/s     VSZ     RSS   %MEM   kB_rd/s   kB_wr/s kB_ccwr/s iodelay  Command
07:01:53    64055      4870    3.00    5.00  100.00    0.00    3.44    45   2986.00      0.00 59586824 33594684  17.09      0.00    340.00      0.00       0  qemu-system-x86

# Time        UID       PID    %usr %system  %guest   %wait    %CPU   CPU  minflt/s  majflt/s     VSZ     RSS   %MEM   kB_rd/s   kB_wr/s kB_ccwr/s iodelay  Command
07:01:54    64055      4870    6.00    6.00  100.00    0.00    3.09    45   1069.00      0.00 59586824 33594684  17.09      0.00      0.00      0.00       0  qemu-system-x86

# Time        UID       PID    %usr %system  %guest   %wait    %CPU   CPU  minflt/s  majflt/s     VSZ     RSS   %MEM   kB_rd/s   kB_wr/s kB_ccwr/s iodelay  Command
07:01:55    64055      4870    5.00    7.00  100.00    0.00    3.36    45   1141.00      0.00 59586824 33594684  17.09      0.00      0.00      0.00       0  qemu-system-x86

# Time        UID       PID    %usr %system  %guest   %wait    %CPU   CPU  minflt/s  majflt/s     VSZ     RSS   %MEM   kB_rd/s   kB_wr/s kB_ccwr/s iodelay  Command
07:01:56    64055      4870    9.00    3.00  100.00    0.00    3.24    45   1251.00      0.00 59586824 33594684  17.09      0.00      0.00      0.00       0  qemu-system-x86

# Time        UID       PID    %usr %system  %guest   %wait    %CPU   CPU  minflt/s  majflt/s     VSZ     RSS   %MEM   kB_rd/s   kB_wr/s kB_ccwr/s iodelay  Command
07:01:57    64055      4870    0.00   11.00  100.00    0.00    3.01    45   1085.00      0.00 59586824 33594684  17.09      0.00      0.00      0.00       0  qemu-system-x86

# Time        UID       PID    %usr %system  %guest   %wait    %CPU   CPU  minflt/s  majflt/s     VSZ     RSS   %MEM   kB_rd/s   kB_wr/s kB_ccwr/s iodelay  Command
07:01:58    64055      4870   11.00    6.00  100.00    0.00    3.03    45   1462.00      0.00 59586824 33594684  17.09      0.00    340.00      0.00       0  qemu-system-x86

# Time        UID       PID    %usr %system  %guest   %wait    %CPU   CPU  minflt/s  majflt/s     VSZ     RSS   %MEM   kB_rd/s   kB_wr/s kB_ccwr/s iodelay  Command
07:01:59    64055      4870    0.00    8.00  100.00    0.00    2.94    45   2947.00      0.00 59586824 33594684  17.09      0.00      0.00      0.00       0  qemu-system-x86

# Time        UID       PID    %usr %system  %guest   %wait    %CPU   CPU  minflt/s  majflt/s     VSZ     RSS   %MEM   kB_rd/s   kB_wr/s kB_ccwr/s iodelay  Command
07:02:00    64055      4870    9.00    2.00  100.00    0.00    2.92    45   1640.00      0.00 59562236 33594660  17.09      0.00      0.00      0.00       0  qemu-system-x86

# Time        UID       PID    %usr %system  %guest   %wait    %CPU   CPU  minflt/s  majflt/s     VSZ     RSS   %MEM   kB_rd/s   kB_wr/s kB_ccwr/s iodelay  Command
07:02:01    64055      4870    2.00   68.00  100.00    0.00    4.24    45   1792.00      0.00 59562236 33594660  17.09      0.00 149568.00      0.00       0  qemu-system-x86

# Time        UID       PID    %usr %system  %guest   %wait    %CPU   CPU  minflt/s  majflt/s     VSZ     RSS   %MEM   kB_rd/s   kB_wr/s kB_ccwr/s iodelay  Command
07:02:02    64055      4870   10.00   15.00  100.00    0.00    3.05    31   2328.00      0.00 59562236 33594660  17.09    132.00    396.00      0.00       0  qemu-system-x86

# Time        UID       PID    %usr %system  %guest   %wait    %CPU   CPU  minflt/s  majflt/s     VSZ     RSS   %MEM   kB_rd/s   kB_wr/s kB_ccwr/s iodelay  Command
07:02:03    64055      4870    1.00    8.00  100.00    0.00    2.82    31   3124.00      0.00 59562236 33594660  17.09      0.00      0.00      0.00       0  qemu-system-x86

# Time        UID       PID    %usr %system  %guest   %wait    %CPU   CPU  minflt/s  majflt/s     VSZ     RSS   %MEM   kB_rd/s   kB_wr/s kB_ccwr/s iodelay  Command
07:02:04    64055      4870    7.00    8.00  100.00    0.00    3.09    31   1973.00      0.00 59562236 33594660  17.09      0.00      0.00      0.00       0  qemu-system-x86

# Time        UID       PID    %usr %system  %guest   %wait    %CPU   CPU  minflt/s  majflt/s     VSZ     RSS   %MEM   kB_rd/s   kB_wr/s kB_ccwr/s iodelay  Command
07:02:05    64055      4870   11.00    0.00  100.00    0.00    2.88    31   3642.00      0.00 59562236 33594660  17.09      0.00      0.00      0.00       0  qemu-system-x86

# Time        UID       PID    %usr %system  %guest   %wait    %CPU   CPU  minflt/s  majflt/s     VSZ     RSS   %MEM   kB_rd/s   kB_wr/s kB_ccwr/s iodelay  Command
07:02:06    64055      4870    5.00  100.00  100.00    0.00    5.77    33   3555.00      0.00 59595020 33594708  17.09      0.00 223464.00      0.00       0  qemu-system-x86

# Time        UID       PID    %usr %system  %guest   %wait    %CPU   CPU  minflt/s  majflt/s     VSZ     RSS   %MEM   kB_rd/s   kB_wr/s kB_ccwr/s iodelay  Command
07:02:07    64055      4870    2.00   17.00  100.00    0.00    3.22    33   2090.00      0.00 59595020 33594708  17.09      0.00    380.00      0.00       0  qemu-system-x86

# Time        UID       PID    %usr %system  %guest   %wait    %CPU   CPU  minflt/s  majflt/s     VSZ     RSS   %MEM   kB_rd/s   kB_wr/s kB_ccwr/s iodelay  Command
07:02:08    64055      4870   11.00    0.00  100.00    0.00    2.88    33   2216.00      0.00 59595020 33594708  17.09      0.00      0.00      0.00       0  qemu-system-x86

# Time        UID       PID    %usr %system  %guest   %wait    %CPU   CPU  minflt/s  majflt/s     VSZ     RSS   %MEM   kB_rd/s   kB_wr/s kB_ccwr/s iodelay  Command
07:02:09    64055      4870    7.00    8.00  100.00    0.00    2.84    33   2107.00      0.00 59595020 33594708  17.09      0.00      0.00      0.00       0  qemu-system-x86

# Time        UID       PID    %usr %system  %guest   %wait    %CPU   CPU  minflt/s  majflt/s     VSZ     RSS   %MEM   kB_rd/s   kB_wr/s kB_ccwr/s iodelay  Command
07:02:10    64055      4870    7.00    2.00  100.00    0.00    2.90    33   1901.00      0.00 59595020 33594708  17.09      0.00      0.00      0.00       0  qemu-system-x86

# Time        UID       PID    %usr %system  %guest   %wait    %CPU   CPU  minflt/s  majflt/s     VSZ     RSS   %MEM   kB_rd/s   kB_wr/s kB_ccwr/s iodelay  Command
07:02:11    64055      4870    4.00    8.00  100.00    0.00    2.82    33   1682.00      0.00 59595020 33594708  17.09      0.00      0.00      0.00       0  qemu-system-x86

# Time        UID       PID    %usr %system  %guest   %wait    %CPU   CPU  minflt/s  majflt/s     VSZ     RSS   %MEM   kB_rd/s   kB_wr/s kB_ccwr/s iodelay  Command
07:02:12    64055      4870    4.00    5.00  100.00    0.00    2.90    33   1902.00      0.00 59595020 33594708  17.09      0.00    336.00      0.00       0  qemu-system-x86

# Time        UID       PID    %usr %system  %guest   %wait    %CPU   CPU  minflt/s  majflt/s     VSZ     RSS   %MEM   kB_rd/s   kB_wr/s kB_ccwr/s iodelay  Command
07:02:13    64055      4870    0.00   14.00  100.00    0.00    2.94    33   3484.00      0.00 59595020 33594708  17.09      0.00      0.00      0.00       0  qemu-system-x86

# Time        UID       PID    %usr %system  %guest   %wait    %CPU   CPU  minflt/s  majflt/s     VSZ     RSS   %MEM   kB_rd/s   kB_wr/s kB_ccwr/s iodelay  Command
07:02:14    64055      4870    3.00    0.00  100.00    0.00    2.75    33   2312.00      0.00 59595020 33594708  17.09      0.00      0.00      0.00       0  qemu-system-x86

# Time        UID       PID    %usr %system  %guest   %wait    %CPU   CPU  minflt/s  majflt/s     VSZ     RSS   %MEM   kB_rd/s   kB_wr/s kB_ccwr/s iodelay  Command
07:02:15    64055      4870    4.00   11.00  100.00    0.00    2.78    33   3675.00      0.00 59595020 33594708  17.09      0.00      0.00      0.00       0  qemu-system-x86

# Time        UID       PID    %usr %system  %guest   %wait    %CPU   CPU  minflt/s  majflt/s     VSZ     RSS   %MEM   kB_rd/s   kB_wr/s kB_ccwr/s iodelay  Command
07:02:16    64055      4870    4.00    6.00  100.00    0.00    2.86    33   2867.00      0.00 59545844 33594656  17.09      0.00      0.00      0.00       0  qemu-system-x86

# Time        UID       PID    %usr %system  %guest   %wait    %CPU   CPU  minflt/s  majflt/s     VSZ     RSS   %MEM   kB_rd/s   kB_wr/s kB_ccwr/s iodelay  Command
07:02:17    64055      4870    5.00    2.00  100.00    0.00    3.11    33   2511.00      0.00 59545844 33594656  17.09      0.00    340.00      0.00       0  qemu-system-x86

# Time        UID       PID    %usr %system  %guest   %wait    %CPU   CPU  minflt/s  majflt/s     VSZ     RSS   %MEM   kB_rd/s   kB_wr/s kB_ccwr/s iodelay  Command
07:02:18    64055      4870    3.00    8.00  100.00    0.00    2.84    33   2565.00      0.00 59545844 33594656  17.09      0.00      0.00      0.00       0  qemu-system-x86

# Time        UID       PID    %usr %system  %guest   %wait    %CPU   CPU  minflt/s  majflt/s     VSZ     RSS   %MEM   kB_rd/s   kB_wr/s kB_ccwr/s iodelay  Command
07:02:19    64055      4870    9.00    2.00  100.00    0.00    2.82    33   2568.00      0.00 59545844 33594656  17.09      0.00      0.00      0.00       0  qemu-system-x86

# Time        UID       PID    %usr %system  %guest   %wait    %CPU   CPU  minflt/s  majflt/s     VSZ     RSS   %MEM   kB_rd/s   kB_wr/s kB_ccwr/s iodelay  Command
07:02:20    64055      4870    3.00    7.00  100.00    0.00    2.80    33   2424.00      0.00 59545844 33594656  17.09      0.00      0.00      0.00       0  qemu-system-x86

# Time        UID       PID    %usr %system  %guest   %wait    %CPU   CPU  minflt/s  majflt/s     VSZ     RSS   %MEM   kB_rd/s   kB_wr/s kB_ccwr/s iodelay  Command
07:02:21    64055      4870    9.00    1.00  100.00    0.00    2.86    33   2324.00      0.00 59545844 33594656  17.09      0.00      0.00      0.00       0  qemu-system-x86

# Time        UID       PID    %usr %system  %guest   %wait    %CPU   CPU  minflt/s  majflt/s     VSZ     RSS   %MEM   kB_rd/s   kB_wr/s kB_ccwr/s iodelay  Command
07:02:22    64055      4870    4.00    9.00  100.00    0.00    3.07    33   2760.00      0.00 59545844 33594656  17.09      0.00    336.00      0.00       0  qemu-system-x86

# Time        UID       PID    %usr %system  %guest   %wait    %CPU   CPU  minflt/s  majflt/s     VSZ     RSS   %MEM   kB_rd/s   kB_wr/s kB_ccwr/s iodelay  Command
07:02:23    64055      4870    5.00    0.00  100.00    0.00    2.84    33   2546.00      0.00 59545844 33594656  17.09      0.00      0.00      0.00       0  qemu-system-x86

# Time        UID       PID    %usr %system  %guest   %wait    %CPU   CPU  minflt/s  majflt/s     VSZ     RSS   %MEM   kB_rd/s   kB_wr/s kB_ccwr/s iodelay  Command
07:02:24    64055      4870    0.00    8.00  100.00    0.00    2.88    33   2370.00      0.00 59545844 33594656  17.09      0.00      0.00      0.00       0  qemu-system-x86

# Time        UID       PID    %usr %system  %guest   %wait    %CPU   CPU  minflt/s  majflt/s     VSZ     RSS   %MEM   kB_rd/s   kB_wr/s kB_ccwr/s iodelay  Command
07:02:25    64055      4870    5.00    8.00  100.00    0.00    2.72    33   2456.00      0.00 59545844 33594656  17.09      0.00      0.00      0.00       0  qemu-system-x86

# Time        UID       PID    %usr %system  %guest   %wait    %CPU   CPU  minflt/s  majflt/s     VSZ     RSS   %MEM   kB_rd/s   kB_wr/s kB_ccwr/s iodelay  Command
07:02:26    64055      4870    3.00    1.00  100.00    0.00    2.86    33   2559.00      0.00 59545844 33594656  17.09      0.00      0.00      0.00       0  qemu-system-x86

# Time        UID       PID    %usr %system  %guest   %wait    %CPU   CPU  minflt/s  majflt/s     VSZ     RSS   %MEM   kB_rd/s   kB_wr/s kB_ccwr/s iodelay  Command
07:02:27    64055      4870    6.93    6.93  100.00    0.00    3.15    33   3474.26      0.00 59545844 33594656  17.09      0.00    336.63      0.00       0  qemu-system-x86

# Time        UID       PID    %usr %system  %guest   %wait    %CPU   CPU  minflt/s  majflt/s     VSZ     RSS   %MEM   kB_rd/s   kB_wr/s kB_ccwr/s iodelay  Command
07:02:28    64055      4870    3.00    8.00  100.00    0.00    2.82    33   3074.00      0.00 59545844 33594656  17.09      0.00      0.00      0.00       0  qemu-system-x86

# Time        UID       PID    %usr %system  %guest   %wait    %CPU   CPU  minflt/s  majflt/s     VSZ     RSS   %MEM   kB_rd/s   kB_wr/s kB_ccwr/s iodelay  Command
07:02:29    64055      4870    0.00    6.00  100.00    0.00    3.31    33   2856.00      0.00 59545844 33594656  17.09      0.00      0.00      0.00       0  qemu-system-x86

# Time        UID       PID    %usr %system  %guest   %wait    %CPU   CPU  minflt/s  majflt/s     VSZ     RSS   %MEM   kB_rd/s   kB_wr/s kB_ccwr/s iodelay  Command
07:02:30    64055      4870   14.00    2.00  100.00    0.00    3.01    33   2577.00      0.00 59545844 33594656  17.09      0.00      0.00      0.00       0  qemu-system-x86

# Time        UID       PID    %usr %system  %guest   %wait    %CPU   CPU  minflt/s  majflt/s     VSZ     RSS   %MEM   kB_rd/s   kB_wr/s kB_ccwr/s iodelay  Command
07:02:31    64055      4870    1.00   10.00  100.00    0.00    2.78    33   2559.00      0.00 59545844 33594656  17.09      0.00      0.00      0.00       0  qemu-system-x86

# Time        UID       PID    %usr %system  %guest   %wait    %CPU   CPU  minflt/s  majflt/s     VSZ     RSS   %MEM   kB_rd/s   kB_wr/s kB_ccwr/s iodelay  Command
07:02:32    64055      4870    4.00   13.00  100.00    0.00    3.17    33   3062.00      0.00 59545844 33594656  17.09      0.00  37960.00      0.00       0  qemu-system-x86

# Time        UID       PID    %usr %system  %guest   %wait    %CPU   CPU  minflt/s  majflt/s     VSZ     RSS   %MEM   kB_rd/s   kB_wr/s kB_ccwr/s iodelay  Command
07:02:33    64055      4870    0.00    8.00  100.00    0.00    2.96    33   2757.00      0.00 59545844 33594656  17.09      0.00      0.00      0.00       0  qemu-system-x86

# Time        UID       PID    %usr %system  %guest   %wait    %CPU   CPU  minflt/s  majflt/s     VSZ     RSS   %MEM   kB_rd/s   kB_wr/s kB_ccwr/s iodelay  Command
07:02:34    64055      4870    9.00    0.00  100.00    0.00    2.76    33   2631.00      0.00 59545844 33594656  17.09      0.00      0.00      0.00       0  qemu-system-x86

# Time        UID       PID    %usr %system  %guest   %wait    %CPU   CPU  minflt/s  majflt/s     VSZ     RSS   %MEM   kB_rd/s   kB_wr/s kB_ccwr/s iodelay  Command
07:02:35    64055      4870    2.00    7.00  100.00    0.00    2.82    33   2531.00      0.00 59545844 33594656  17.09      0.00      0.00      0.00       0  qemu-system-x86

# Time        UID       PID    %usr %system  %guest   %wait    %CPU   CPU  minflt/s  majflt/s     VSZ     RSS   %MEM   kB_rd/s   kB_wr/s kB_ccwr/s iodelay  Command
07:02:36    64055      4870    7.00    2.00  100.00    0.00    2.90    33   2728.00      0.00 59545844 33594656  17.09      0.00      0.00      0.00       0  qemu-system-x86

# Time        UID       PID    %usr %system  %guest   %wait    %CPU   CPU  minflt/s  majflt/s     VSZ     RSS   %MEM   kB_rd/s   kB_wr/s kB_ccwr/s iodelay  Command
07:02:37    64055      4870    6.00  100.00  100.00    0.00    6.57    33   4728.00      0.00 59816312 33594668  17.09      0.00 261468.00      0.00       0  qemu-system-x86

# Time        UID       PID    %usr %system  %guest   %wait    %CPU   CPU  minflt/s  majflt/s     VSZ     RSS   %MEM   kB_rd/s   kB_wr/s kB_ccwr/s iodelay  Command
07:02:38    64055      4870    0.00   15.00  100.00    0.00    2.82    33   2742.00      0.00 59816312 33594668  17.09      0.00      4.00      0.00       0  qemu-system-x86

# Time        UID       PID    %usr %system  %guest   %wait    %CPU   CPU  minflt/s  majflt/s     VSZ     RSS   %MEM   kB_rd/s   kB_wr/s kB_ccwr/s iodelay  Command
07:02:39    64055      4870    3.00    5.00   94.00    0.00    2.13    25   3405.00      0.00 59816312 33594668  17.09      0.00   1436.00      0.00       0  qemu-system-x86

# Time        UID       PID    %usr %system  %guest   %wait    %CPU   CPU  minflt/s  majflt/s     VSZ     RSS   %MEM   kB_rd/s   kB_wr/s kB_ccwr/s iodelay  Command
07:02:40    64055      4870    1.00    7.00  100.00    0.00    2.67    25   5586.00      0.00 59816312 33594668  17.09      0.00      0.00      0.00       0  qemu-system-x86

# Time        UID       PID    %usr %system  %guest   %wait    %CPU   CPU  minflt/s  majflt/s     VSZ     RSS   %MEM   kB_rd/s   kB_wr/s kB_ccwr/s iodelay  Command
07:02:41    64055      4870    1.00    5.00  100.00    0.00    3.00    25   5987.00      0.00 59816312 33594668  17.09      0.00      0.00      0.00       0  qemu-system-x86

# Time        UID       PID    %usr %system  %guest   %wait    %CPU   CPU  minflt/s  majflt/s     VSZ     RSS   %MEM   kB_rd/s   kB_wr/s kB_ccwr/s iodelay  Command
07:02:42    64055      4870    7.00   19.00  100.00    0.00    3.13    44   6301.00      0.00 59816312 33594756  17.09      0.00  73704.00      0.00       0  qemu-system-x86

# Time        UID       PID    %usr %system  %guest   %wait    %CPU   CPU  minflt/s  majflt/s     VSZ     RSS   %MEM   kB_rd/s   kB_wr/s kB_ccwr/s iodelay  Command
07:02:43    64055      4870    0.00  100.00  100.00    0.00    4.26    46   3143.00      0.00 59816312 33594908  17.09      0.00 149760.00      0.00       0  qemu-system-x86

# Time        UID       PID    %usr %system  %guest   %wait    %CPU   CPU  minflt/s  majflt/s     VSZ     RSS   %MEM   kB_rd/s   kB_wr/s kB_ccwr/s iodelay  Command
07:02:44    64055      4870    0.00    7.00  100.00    0.00    9.89    46   5324.00      0.00 59816312 33594908  17.09      0.00   2312.00      0.00       0  qemu-system-x86

# Time        UID       PID    %usr %system  %guest   %wait    %CPU   CPU  minflt/s  majflt/s     VSZ     RSS   %MEM   kB_rd/s   kB_wr/s kB_ccwr/s iodelay  Command
07:02:45    64055      4870   11.00    9.00  100.00    0.00    4.58    41   1542.00      0.00 59816312 33594908  17.09      0.00      8.00      0.00       0  qemu-system-x86

# Time        UID       PID    %usr %system  %guest   %wait    %CPU   CPU  minflt/s  majflt/s     VSZ     RSS   %MEM   kB_rd/s   kB_wr/s kB_ccwr/s iodelay  Command
07:02:46    64055      4870    2.00   18.00  100.00    0.00   17.58    41  25575.00      0.00 59816312 33594908  17.09      0.00      0.00      0.00       0  qemu-system-x86

# Time        UID       PID    %usr %system  %guest   %wait    %CPU   CPU  minflt/s  majflt/s     VSZ     RSS   %MEM   kB_rd/s   kB_wr/s kB_ccwr/s iodelay  Command
07:02:47    64055      4870    0.00   17.00  100.00    0.00    3.50    41   3124.00      0.00 59816312 33594908  17.09      0.00      0.00      0.00       0  qemu-system-x86

# Time        UID       PID    %usr %system  %guest   %wait    %CPU   CPU  minflt/s  majflt/s     VSZ     RSS   %MEM   kB_rd/s   kB_wr/s kB_ccwr/s iodelay  Command
07:02:48    64055      4870    4.00   76.00  100.00    0.00    4.26    22   1500.00      0.00 59816312 33595004  17.09      0.00 223556.00      0.00       0  qemu-system-x86

# Time        UID       PID    %usr %system  %guest   %wait    %CPU   CPU  minflt/s  majflt/s     VSZ     RSS   %MEM   kB_rd/s   kB_wr/s kB_ccwr/s iodelay  Command
07:02:49    64055      4870    0.00   19.00  100.00    0.00   12.59    27  23054.00      0.00 59816312 33595004  17.09      0.00    108.00      0.00       0  qemu-system-x86

# Time        UID       PID    %usr %system  %guest   %wait    %CPU   CPU  minflt/s  majflt/s     VSZ     RSS   %MEM   kB_rd/s   kB_wr/s kB_ccwr/s iodelay  Command
07:02:50    64055      4870    6.00   23.00  100.00    0.00    7.17    27   6934.00      0.00 59816312 33595004  17.09      0.00      4.00      0.00       0  qemu-system-x86

# Time        UID       PID    %usr %system  %guest   %wait    %CPU   CPU  minflt/s  majflt/s     VSZ     RSS   %MEM   kB_rd/s   kB_wr/s kB_ccwr/s iodelay  Command
07:02:51    64055      4870    0.00    9.00  100.00    0.00    2.44    27    874.00      0.00 59816312 33595004  17.09      0.00      0.00      0.00       0  qemu-system-x86

# Time        UID       PID    %usr %system  %guest   %wait    %CPU   CPU  minflt/s  majflt/s     VSZ     RSS   %MEM   kB_rd/s   kB_wr/s kB_ccwr/s iodelay  Command
07:02:52    64055      4870    1.00   28.00  100.00    0.00    6.14    27   8415.00      0.00 59816312 33595004  17.09      0.00      8.00      0.00       0  qemu-system-x86

# Time        UID       PID    %usr %system  %guest   %wait    %CPU   CPU  minflt/s  majflt/s     VSZ     RSS   %MEM   kB_rd/s   kB_wr/s kB_ccwr/s iodelay  Command
07:02:53    64055      4870    7.00   88.00  100.00    0.00    6.77    23   6225.00      0.00 59816312 33595064  17.09      0.00 260836.00      0.00       0  qemu-system-x86

# Time        UID       PID    %usr %system  %guest   %wait    %CPU   CPU  minflt/s  majflt/s     VSZ     RSS   %MEM   kB_rd/s   kB_wr/s kB_ccwr/s iodelay  Command
07:02:54    64055      4870    6.00    8.00  100.00    0.00    4.38    23   2017.00      0.00 59816312 33595064  17.09      0.00     80.00      0.00       0  qemu-system-x86

# Time        UID       PID    %usr %system  %guest   %wait    %CPU   CPU  minflt/s  majflt/s     VSZ     RSS   %MEM   kB_rd/s   kB_wr/s kB_ccwr/s iodelay  Command
07:02:55    64055      4870    0.00   34.00  100.00    0.00    5.91     5   8476.00      0.00 59816312 33595064  17.09      0.00      8.00      0.00       0  qemu-system-x86

# Time        UID       PID    %usr %system  %guest   %wait    %CPU   CPU  minflt/s  majflt/s     VSZ     RSS   %MEM   kB_rd/s   kB_wr/s kB_ccwr/s iodelay  Command
07:02:56    64055      4870    4.00    0.00  100.00    0.00    4.00     5    667.00      0.00 59816312 33595064  17.09      0.00      0.00      0.00       0  qemu-system-x86

# Time        UID       PID    %usr %system  %guest   %wait    %CPU   CPU  minflt/s  majflt/s     VSZ     RSS   %MEM   kB_rd/s   kB_wr/s kB_ccwr/s iodelay  Command
07:02:57    64055      4870    2.00   44.00  100.00    0.00    7.61     5  10793.00      0.00 59816312 33595064  17.09      0.00      8.00      0.00       0  qemu-system-x86

# Time        UID       PID    %usr %system  %guest   %wait    %CPU   CPU  minflt/s  majflt/s     VSZ     RSS   %MEM   kB_rd/s   kB_wr/s kB_ccwr/s iodelay  Command
07:02:58    64055      4870    1.00    5.00  100.00    0.00    3.32     5    925.00      0.00 59816312 33595064  17.09      0.00      0.00      0.00       0  qemu-system-x86

# Time        UID       PID    %usr %system  %guest   %wait    %CPU   CPU  minflt/s  majflt/s     VSZ     RSS   %MEM   kB_rd/s   kB_wr/s kB_ccwr/s iodelay  Command
07:02:59    64055      4870    6.00  100.00  100.00    0.00    8.19     3   8386.00      0.00 59816312 33595064  17.09      0.00 223584.00      0.00       0  qemu-system-x86

# Time        UID       PID    %usr %system  %guest   %wait    %CPU   CPU  minflt/s  majflt/s     VSZ     RSS   %MEM   kB_rd/s   kB_wr/s kB_ccwr/s iodelay  Command
07:03:00    64055      4870    6.00    0.00  100.00    0.00    4.13     3    195.00      0.00 59816312 33595064  17.09      0.00     92.00      0.00       0  qemu-system-x86

# Time        UID       PID    %usr %system  %guest   %wait    %CPU   CPU  minflt/s  majflt/s     VSZ     RSS   %MEM   kB_rd/s   kB_wr/s kB_ccwr/s iodelay  Command
07:03:01    64055      4870    0.00   30.00  100.00    0.00    6.98    43   8139.00      0.00 59816312 33595064  17.09      0.00      8.00      0.00       0  qemu-system-x86

# Time        UID       PID    %usr %system  %guest   %wait    %CPU   CPU  minflt/s  majflt/s     VSZ     RSS   %MEM   kB_rd/s   kB_wr/s kB_ccwr/s iodelay  Command
07:03:02    64055      4870    2.00    0.00  100.00    0.00    2.60    43    301.00      0.00 59816312 33595064  17.09      0.00      0.00      0.00       0  qemu-system-x86

# Time        UID       PID    %usr %system  %guest   %wait    %CPU   CPU  minflt/s  majflt/s     VSZ     RSS   %MEM   kB_rd/s   kB_wr/s kB_ccwr/s iodelay  Command
07:03:03    64055      4870    3.00   24.00  100.00    0.00    8.94     0  23954.00      0.00 59816312 33595064  17.09      0.00      4.00      0.00       0  qemu-system-x86

# Time        UID       PID    %usr %system  %guest   %wait    %CPU   CPU  minflt/s  majflt/s     VSZ     RSS   %MEM   kB_rd/s   kB_wr/s kB_ccwr/s iodelay  Command
07:03:04    64055      4870    0.00  100.00  100.00    0.00    8.75    44  15311.00      0.00 59816312 33595064  17.09      0.00 261020.00      0.00       0  qemu-system-x86

# Time        UID       PID    %usr %system  %guest   %wait    %CPU   CPU  minflt/s  majflt/s     VSZ     RSS   %MEM   kB_rd/s   kB_wr/s kB_ccwr/s iodelay  Command
07:03:05    64055      4870    7.00    8.00  100.00    0.00    9.20    44   3007.00      0.00 59816312 33595064  17.09      0.00      4.00      0.00       0  qemu-system-x86

# Time        UID       PID    %usr %system  %guest   %wait    %CPU   CPU  minflt/s  majflt/s     VSZ     RSS   %MEM   kB_rd/s   kB_wr/s kB_ccwr/s iodelay  Command
07:03:06    64055      4870    2.00   18.00  100.00    0.00    3.80    44   4627.00      0.00 59816312 33595064  17.09      0.00    128.00      0.00       0  qemu-system-x86

# Time        UID       PID    %usr %system  %guest   %wait    %CPU   CPU  minflt/s  majflt/s     VSZ     RSS   %MEM   kB_rd/s   kB_wr/s kB_ccwr/s iodelay  Command
07:03:07    64055      4870    4.00   17.00  100.00    0.00    6.14    47   6251.00      0.00 59816312 33595064  17.09      0.00      8.00      0.00       0  qemu-system-x86

# Time        UID       PID    %usr %system  %guest   %wait    %CPU   CPU  minflt/s  majflt/s     VSZ     RSS   %MEM   kB_rd/s   kB_wr/s kB_ccwr/s iodelay  Command
07:03:08    64055      4870    5.00    0.00  100.00    0.00    3.13    47    117.00      0.00 59816312 33595064  17.09      0.00      0.00      0.00       0  qemu-system-x86

# Time        UID       PID    %usr %system  %guest   %wait    %CPU   CPU  minflt/s  majflt/s     VSZ     RSS   %MEM   kB_rd/s   kB_wr/s kB_ccwr/s iodelay  Command
07:03:09    64055      4870    0.00  100.00  100.00    0.00   18.60    47   7374.00      0.00 59816312 33595064  17.09      0.00 168896.00      0.00       0  qemu-system-x86

# Time        UID       PID    %usr %system  %guest   %wait    %CPU   CPU  minflt/s  majflt/s     VSZ     RSS   %MEM   kB_rd/s   kB_wr/s kB_ccwr/s iodelay  Command
07:03:10    64055      4870    0.00   78.00  100.00    1.00    6.02     3   3295.00      0.00 59816312 33595064  17.09      0.00  17884.00      0.00       0  qemu-system-x86

# Time        UID       PID    %usr %system  %guest   %wait    %CPU   CPU  minflt/s  majflt/s     VSZ     RSS   %MEM   kB_rd/s   kB_wr/s kB_ccwr/s iodelay  Command
07:03:11    64055      4870    7.00    6.00  100.00    0.00    4.90    35   5860.00      0.00 59816312 33595064  17.09      0.00     96.00      0.00       0  qemu-system-x86

# Time        UID       PID    %usr %system  %guest   %wait    %CPU   CPU  minflt/s  majflt/s     VSZ     RSS   %MEM   kB_rd/s   kB_wr/s kB_ccwr/s iodelay  Command
07:03:12    64055      4870    0.00   11.00  100.00    0.00    6.17    35   3814.00      0.00 59816312 33595064  17.09      0.00      0.00      0.00       0  qemu-system-x86

# Time        UID       PID    %usr %system  %guest   %wait    %CPU   CPU  minflt/s  majflt/s     VSZ     RSS   %MEM   kB_rd/s   kB_wr/s kB_ccwr/s iodelay  Command
07:03:13    64055      4870    0.00   19.00  100.00    0.00    5.76    35   7405.00      0.00 59816312 33595064  17.09      0.00      4.00      0.00       0  qemu-system-x86

# Time        UID       PID    %usr %system  %guest   %wait    %CPU   CPU  minflt/s  majflt/s     VSZ     RSS   %MEM   kB_rd/s   kB_wr/s kB_ccwr/s iodelay  Command
07:03:14    64055      4870    2.00    2.00  100.00    0.00   14.32    35   4359.00      0.00 59816312 33595064  17.09      0.00      0.00      0.00       0  qemu-system-x86

# Time        UID       PID    %usr %system  %guest   %wait    %CPU   CPU  minflt/s  majflt/s     VSZ     RSS   %MEM   kB_rd/s   kB_wr/s kB_ccwr/s iodelay  Command
07:03:15    64055      4870    2.00   72.00  100.00    0.00    4.82    24   5053.00      0.00 59816312 33595064  17.09      0.00 171580.00      0.00       0  qemu-system-x86

# Time        UID       PID    %usr %system  %guest   %wait    %CPU   CPU  minflt/s  majflt/s     VSZ     RSS   %MEM   kB_rd/s   kB_wr/s kB_ccwr/s iodelay  Command
07:03:16    64055      4870    6.00    9.00  100.00    0.00    6.08    21   5801.00      0.00 59816312 33595064  17.09      0.00     92.00      0.00       0  qemu-system-x86

# Time        UID       PID    %usr %system  %guest   %wait    %CPU   CPU  minflt/s  majflt/s     VSZ     RSS   %MEM   kB_rd/s   kB_wr/s kB_ccwr/s iodelay  Command
07:03:17    64055      4870    0.00    4.00  100.00    0.00    4.63    21    215.00      0.00 59816312 33595064  17.09      0.00      0.00      0.00       0  qemu-system-x86

# Time        UID       PID    %usr %system  %guest   %wait    %CPU   CPU  minflt/s  majflt/s     VSZ     RSS   %MEM   kB_rd/s   kB_wr/s kB_ccwr/s iodelay  Command
07:03:18    64055      4870    0.00   23.00  100.00    0.00    6.07    12   7837.00      0.00 59816312 33595064  17.09      0.00      4.00      0.00       0  qemu-system-x86

# Time        UID       PID    %usr %system  %guest   %wait    %CPU   CPU  minflt/s  majflt/s     VSZ     RSS   %MEM   kB_rd/s   kB_wr/s kB_ccwr/s iodelay  Command
07:03:19    64055      4870    6.00    8.00  100.00    0.00    2.73    12   1980.00      0.00 59816312 33595064  17.09      0.00      0.00      0.00       0  qemu-system-x86

# Time        UID       PID    %usr %system  %guest   %wait    %CPU   CPU  minflt/s  majflt/s     VSZ     RSS   %MEM   kB_rd/s   kB_wr/s kB_ccwr/s iodelay  Command
07:03:20    64055      4870    0.00  100.00  100.00    0.00   11.32    31  10766.00      0.00 59816312 33595064  17.09      0.00 198160.00      0.00       0  qemu-system-x86

# Time        UID       PID    %usr %system  %guest   %wait    %CPU   CPU  minflt/s  majflt/s     VSZ     RSS   %MEM   kB_rd/s   kB_wr/s kB_ccwr/s iodelay  Command
07:03:21    64055      4870    0.00   10.00  100.00    0.00    2.77    31   1376.00      0.00 59816312 33595064  17.09      0.00     84.00      0.00       0  qemu-system-x86

# Time        UID       PID    %usr %system  %guest   %wait    %CPU   CPU  minflt/s  majflt/s     VSZ     RSS   %MEM   kB_rd/s   kB_wr/s kB_ccwr/s iodelay  Command
07:03:22    64055      4870    6.00   19.00  100.00    0.00   13.21    31  12508.00      0.00 59816312 33595064  17.09      0.00     16.00      0.00       0  qemu-system-x86

# Time        UID       PID    %usr %system  %guest   %wait    %CPU   CPU  minflt/s  majflt/s     VSZ     RSS   %MEM   kB_rd/s   kB_wr/s kB_ccwr/s iodelay  Command
07:03:23    64055      4870    2.00    2.00  100.00    0.00    3.29    31    302.00      0.00 59816312 33595064  17.09      0.00      0.00      0.00       0  qemu-system-x86

# Time        UID       PID    %usr %system  %guest   %wait    %CPU   CPU  minflt/s  majflt/s     VSZ     RSS   %MEM   kB_rd/s   kB_wr/s kB_ccwr/s iodelay  Command
07:03:24    64055      4870    3.00   23.00  100.00    0.00    6.84    31   7024.00      0.00 59816312 33595064  17.09      0.00      4.00      0.00       0  qemu-system-x86

# Time        UID       PID    %usr %system  %guest   %wait    %CPU   CPU  minflt/s  majflt/s     VSZ     RSS   %MEM   kB_rd/s   kB_wr/s kB_ccwr/s iodelay  Command
07:03:25    64055      4870    0.00   21.00  100.00    0.00    3.58    37    922.00      0.00 59816312 33595064  17.09      0.00  67332.00      0.00       0  qemu-system-x86

# Time        UID       PID    %usr %system  %guest   %wait    %CPU   CPU  minflt/s  majflt/s     VSZ     RSS   %MEM   kB_rd/s   kB_wr/s kB_ccwr/s iodelay  Command
07:03:26    64055      4870    3.00   43.00  100.00    0.00    5.26    37   4752.00      0.00 59816312 33595064  17.09      0.00  64864.00      0.00       0  qemu-system-x86

# Time        UID       PID    %usr %system  %guest   %wait    %CPU   CPU  minflt/s  majflt/s     VSZ     RSS   %MEM   kB_rd/s   kB_wr/s kB_ccwr/s iodelay  Command
07:03:27    64055      4870    0.00    8.00  100.00    0.00    5.29    37   2115.00      0.00 59816312 33595064  17.09      0.00      0.00      0.00       0  qemu-system-x86

# Time        UID       PID    %usr %system  %guest   %wait    %CPU   CPU  minflt/s  majflt/s     VSZ     RSS   %MEM   kB_rd/s   kB_wr/s kB_ccwr/s iodelay  Command
07:03:28    64055      4870    0.00   10.00  100.00    0.00   10.81    37   7283.00      0.00 59816312 33595064  17.09      0.00      0.00      0.00       0  qemu-system-x86

# Time        UID       PID    %usr %system  %guest   %wait    %CPU   CPU  minflt/s  majflt/s     VSZ     RSS   %MEM   kB_rd/s   kB_wr/s kB_ccwr/s iodelay  Command
07:03:29    64055      4870    9.00   21.00  100.00    0.00    6.12    37   5406.00      0.00 59816312 33595064  17.09      0.00      4.00      0.00       0  qemu-system-x86

# Time        UID       PID    %usr %system  %guest   %wait    %CPU   CPU  minflt/s  majflt/s     VSZ     RSS   %MEM   kB_rd/s   kB_wr/s kB_ccwr/s iodelay  Command
07:03:30    64055      4870    0.00   23.00  100.00    0.00    5.11    37   6193.00      0.00 59816312 33595064  17.09      0.00      4.00      0.00       0  qemu-system-x86

# Time        UID       PID    %usr %system  %guest   %wait    %CPU   CPU  minflt/s  majflt/s     VSZ     RSS   %MEM   kB_rd/s   kB_wr/s kB_ccwr/s iodelay  Command
07:03:31    64055      4870    0.00  100.00  100.00    0.00    6.59    40   2432.00      0.00 59816312 33595064  17.09      0.00 198156.00      0.00       0  qemu-system-x86

# Time        UID       PID    %usr %system  %guest   %wait    %CPU   CPU  minflt/s  majflt/s     VSZ     RSS   %MEM   kB_rd/s   kB_wr/s kB_ccwr/s iodelay  Command
07:03:32    64055      4870    2.00   22.00  100.00    0.00    6.41    40   4921.00      0.00 59816312 33595064  17.09      0.00     84.00      0.00       0  qemu-system-x86

# Time        UID       PID    %usr %system  %guest   %wait    %CPU   CPU  minflt/s  majflt/s     VSZ     RSS   %MEM   kB_rd/s   kB_wr/s kB_ccwr/s iodelay  Command
07:03:33    64055      4870    7.00   12.00  100.00    0.00    4.17    40   2987.00      0.00 59816312 33595064  17.09      0.00      0.00      0.00       0  qemu-system-x86

# Time        UID       PID    %usr %system  %guest   %wait    %CPU   CPU  minflt/s  majflt/s     VSZ     RSS   %MEM   kB_rd/s   kB_wr/s kB_ccwr/s iodelay  Command
07:03:34    64055      4870    1.00   13.00  100.00    0.00   11.46    40   6111.00      0.00 59816312 33595064  17.09      0.00      4.00      0.00       0  qemu-system-x86

# Time        UID       PID    %usr %system  %guest   %wait    %CPU   CPU  minflt/s  majflt/s     VSZ     RSS   %MEM   kB_rd/s   kB_wr/s kB_ccwr/s iodelay  Command
07:03:35    64055      4870    0.00   14.00  100.00    0.00    6.75    40   2532.00      0.00 59816312 33595064  17.09      0.00      0.00      0.00       0  qemu-system-x86

# Time        UID       PID    %usr %system  %guest   %wait    %CPU   CPU  minflt/s  majflt/s     VSZ     RSS   %MEM   kB_rd/s   kB_wr/s kB_ccwr/s iodelay  Command
07:03:36    64055      4870    0.00   74.00  100.00    0.00    6.07    21   3729.00      0.00 59816312 33595064  17.09      0.00 132256.00      0.00       0  qemu-system-x86

# Time        UID       PID    %usr %system  %guest   %wait    %CPU   CPU  minflt/s  majflt/s     VSZ     RSS   %MEM   kB_rd/s   kB_wr/s kB_ccwr/s iodelay  Command
07:03:37    64055      4870    0.00   15.00  100.00    0.00    4.38    21   3013.00      0.00 59816312 33595064  17.09      0.00    140.00      0.00       0  qemu-system-x86

# Time        UID       PID    %usr %system  %guest   %wait    %CPU   CPU  minflt/s  majflt/s     VSZ     RSS   %MEM   kB_rd/s   kB_wr/s kB_ccwr/s iodelay  Command
07:03:38    64055      4870    8.00   10.00  100.00    0.00    4.88    21   2192.00      0.00 59816312 33595064  17.09      0.00      4.00      0.00       0  qemu-system-x86

# Time        UID       PID    %usr %system  %guest   %wait    %CPU   CPU  minflt/s  majflt/s     VSZ     RSS   %MEM   kB_rd/s   kB_wr/s kB_ccwr/s iodelay  Command
07:03:39    64055      4870    0.00   14.00  100.00    0.00    5.36    32   3390.00      0.00 59816312 33595064  17.09      0.00   1168.00      0.00       0  qemu-system-x86

# Time        UID       PID    %usr %system  %guest   %wait    %CPU   CPU  minflt/s  majflt/s     VSZ     RSS   %MEM   kB_rd/s   kB_wr/s kB_ccwr/s iodelay  Command
07:03:40    64055      4870    3.00   10.00  100.00    0.00    5.13    32   1918.00      0.00 59816312 33595064  17.09      0.00      0.00      0.00       0  qemu-system-x86

# Time        UID       PID    %usr %system  %guest   %wait    %CPU   CPU  minflt/s  majflt/s     VSZ     RSS   %MEM   kB_rd/s   kB_wr/s kB_ccwr/s iodelay  Command
07:03:41    64055      4870    0.00   16.00  100.00    0.00    7.13     5   2474.00      0.00 59816312 33595064  17.09      0.00      4.00      0.00       0  qemu-system-x86

# Time        UID       PID    %usr %system  %guest   %wait    %CPU   CPU  minflt/s  majflt/s     VSZ     RSS   %MEM   kB_rd/s   kB_wr/s kB_ccwr/s iodelay  Command
07:03:42    64055      4870    7.00  100.00  100.00    1.00    5.73    40   1996.00      0.00 59816312 33595064  17.09      0.00 198288.00      0.00       0  qemu-system-x86

# Time        UID       PID    %usr %system  %guest   %wait    %CPU   CPU  minflt/s  majflt/s     VSZ     RSS   %MEM   kB_rd/s   kB_wr/s kB_ccwr/s iodelay  Command
07:03:43    64055      4870    7.00   16.00  100.00    0.00   13.65    40   6342.00      0.00 59816312 33595064  17.09      0.00      4.00      0.00       0  qemu-system-x86

# Time        UID       PID    %usr %system  %guest   %wait    %CPU   CPU  minflt/s  majflt/s     VSZ     RSS   %MEM   kB_rd/s   kB_wr/s kB_ccwr/s iodelay  Command
07:03:44    64055      4870    0.00   18.00  100.00    0.00    3.72    35   2849.00      0.00 59816312 33595064  17.09      0.00    108.00      0.00       0  qemu-system-x86

# Time        UID       PID    %usr %system  %guest   %wait    %CPU   CPU  minflt/s  majflt/s     VSZ     RSS   %MEM   kB_rd/s   kB_wr/s kB_ccwr/s iodelay  Command
07:03:45    64055      4870    0.00   10.00  100.00    0.00    4.65    35   4234.00      0.00 59816312 33595064  17.09      0.00      8.00      0.00       0  qemu-system-x86

# Time        UID       PID    %usr %system  %guest   %wait    %CPU   CPU  minflt/s  majflt/s     VSZ     RSS   %MEM   kB_rd/s   kB_wr/s kB_ccwr/s iodelay  Command
07:03:46    64055      4870    1.00    8.00  100.00    0.00    3.65    35   2914.00      0.00 59816312 33595064  17.09      0.00      0.00      0.00       0  qemu-system-x86

# Time        UID       PID    %usr %system  %guest   %wait    %CPU   CPU  minflt/s  majflt/s     VSZ     RSS   %MEM   kB_rd/s   kB_wr/s kB_ccwr/s iodelay  Command
07:03:47    64055      4870    4.00   53.00  100.00    0.00    5.32    35   5817.00      0.00 59816312 33595064  17.09      0.00 132108.00      0.00       0  qemu-system-x86

# Time        UID       PID    %usr %system  %guest   %wait    %CPU   CPU  minflt/s  majflt/s     VSZ     RSS   %MEM   kB_rd/s   kB_wr/s kB_ccwr/s iodelay  Command
07:03:48    64055      4870    0.00   19.00  100.00    0.00    5.01    24   5103.00      0.00 59816312 33595064  17.09      0.00      4.00      0.00       0  qemu-system-x86

# Time        UID       PID    %usr %system  %guest   %wait    %CPU   CPU  minflt/s  majflt/s     VSZ     RSS   %MEM   kB_rd/s   kB_wr/s kB_ccwr/s iodelay  Command
07:03:49    64055      4870    0.00   10.00  100.00    0.00    4.48    24   3643.00      0.00 59816312 33595064  17.09      0.00     72.00      0.00       0  qemu-system-x86

# Time        UID       PID    %usr %system  %guest   %wait    %CPU   CPU  minflt/s  majflt/s     VSZ     RSS   %MEM   kB_rd/s   kB_wr/s kB_ccwr/s iodelay  Command
07:03:50    64055      4870    4.00   23.00  100.00    0.00    5.53    13   7253.00      0.00 59816312 33595064  17.09      0.00      4.00      0.00       0  qemu-system-x86

# Time        UID       PID    %usr %system  %guest   %wait    %CPU   CPU  minflt/s  majflt/s     VSZ     RSS   %MEM   kB_rd/s   kB_wr/s kB_ccwr/s iodelay  Command
07:03:51    64055      4870    3.00    8.00  100.00    0.00    4.45    13   5771.00      0.00 59816312 33595064  17.09      0.00      0.00      0.00       0  qemu-system-x86

# Time        UID       PID    %usr %system  %guest   %wait    %CPU   CPU  minflt/s  majflt/s     VSZ     RSS   %MEM   kB_rd/s   kB_wr/s kB_ccwr/s iodelay  Command
07:03:52    64055      4870    2.00   88.00  100.00    0.00    8.32    28  13270.00      0.00 59816312 33595064  17.09      0.00 139508.00      0.00       0  qemu-system-x86

# Time        UID       PID    %usr %system  %guest   %wait    %CPU   CPU  minflt/s  majflt/s     VSZ     RSS   %MEM   kB_rd/s   kB_wr/s kB_ccwr/s iodelay  Command
07:03:53    64055      4870    4.00   56.00  100.00    0.00    5.53    32   4908.00      0.00 59816312 33595064  17.09      0.00  58660.00      0.00       0  qemu-system-x86

# Time        UID       PID    %usr %system  %guest   %wait    %CPU   CPU  minflt/s  majflt/s     VSZ     RSS   %MEM   kB_rd/s   kB_wr/s kB_ccwr/s iodelay  Command
07:03:54    64055      4870    2.00   17.00  100.00    0.00    3.45    35   6346.00      0.00 59816312 33595064  17.09      0.00     88.00      0.00       0  qemu-system-x86

# Time        UID       PID    %usr %system  %guest   %wait    %CPU   CPU  minflt/s  majflt/s     VSZ     RSS   %MEM   kB_rd/s   kB_wr/s kB_ccwr/s iodelay  Command
07:03:55    64055      4870    0.00    8.00  100.00    0.00    4.07    35   1513.00      0.00 59816312 33595064  17.09      0.00      0.00      0.00       0  qemu-system-x86

# Time        UID       PID    %usr %system  %guest   %wait    %CPU   CPU  minflt/s  majflt/s     VSZ     RSS   %MEM   kB_rd/s   kB_wr/s kB_ccwr/s iodelay  Command
07:03:56    64055      4870    4.00   14.00  100.00    0.00    5.87    35   9030.00      0.00 59816312 33595064  17.09      0.00      4.00      0.00       0  qemu-system-x86

# Time        UID       PID    %usr %system  %guest   %wait    %CPU   CPU  minflt/s  majflt/s     VSZ     RSS   %MEM   kB_rd/s   kB_wr/s kB_ccwr/s iodelay  Command
07:03:57    64055      4870    3.00   11.00  100.00    0.00    4.46    35   5136.00      0.00 59816312 33595064  17.09      0.00      0.00      0.00       0  qemu-system-x86

# Time        UID       PID    %usr %system  %guest   %wait    %CPU   CPU  minflt/s  majflt/s     VSZ     RSS   %MEM   kB_rd/s   kB_wr/s kB_ccwr/s iodelay  Command
07:03:58    64055      4870    0.00   66.00  100.00    0.00    6.75    37   6849.00      0.00 59816312 33595064  17.09      0.00 132108.00      0.00       0  qemu-system-x86

# Time        UID       PID    %usr %system  %guest   %wait    %CPU   CPU  minflt/s  majflt/s     VSZ     RSS   %MEM   kB_rd/s   kB_wr/s kB_ccwr/s iodelay  Command
07:03:59    64055      4870    6.00   16.00  100.00    0.00    4.60    37   5991.00      0.00 59816312 33595064  17.09      0.00      4.00      0.00       0  qemu-system-x86

# Time        UID       PID    %usr %system  %guest   %wait    %CPU   CPU  minflt/s  majflt/s     VSZ     RSS   %MEM   kB_rd/s   kB_wr/s kB_ccwr/s iodelay  Command
07:04:00    64055      4870    0.00   11.00  100.00    0.00    3.42    39   2764.00      0.00 59816312 33595064  17.09      0.00     84.00      0.00       0  qemu-system-x86

# Time        UID       PID    %usr %system  %guest   %wait    %CPU   CPU  minflt/s  majflt/s     VSZ     RSS   %MEM   kB_rd/s   kB_wr/s kB_ccwr/s iodelay  Command
07:04:01    64055      4870    2.00   19.00  100.00    0.00   11.10    39   7608.00      0.00 59816312 33595064  17.09      0.00      0.00      0.00       0  qemu-system-x86

# Time        UID       PID    %usr %system  %guest   %wait    %CPU   CPU  minflt/s  majflt/s     VSZ     RSS   %MEM   kB_rd/s   kB_wr/s kB_ccwr/s iodelay  Command
07:04:02    64055      4870    8.00    1.00  100.00    0.00    4.78    39   2838.00      0.00 59816312 33595064  17.09      0.00      4.00      0.00       0  qemu-system-x86

# Time        UID       PID    %usr %system  %guest   %wait    %CPU   CPU  minflt/s  majflt/s     VSZ     RSS   %MEM   kB_rd/s   kB_wr/s kB_ccwr/s iodelay  Command
07:04:03    64055      4870    0.00  100.00  100.00    0.00    5.24     7   7421.00      0.00 59816312 33595064  17.09      0.00 198156.00      0.00       0  qemu-system-x86

# Time        UID       PID    %usr %system  %guest   %wait    %CPU   CPU  minflt/s  majflt/s     VSZ     RSS   %MEM   kB_rd/s   kB_wr/s kB_ccwr/s iodelay  Command
07:04:04    64055      4870    8.00   21.00  100.00    0.00    6.04    13   6130.00      0.00 59816312 33595064  17.09      0.00      4.00      0.00       0  qemu-system-x86

# Time        UID       PID    %usr %system  %guest   %wait    %CPU   CPU  minflt/s  majflt/s     VSZ     RSS   %MEM   kB_rd/s   kB_wr/s kB_ccwr/s iodelay  Command
07:04:05    64055      4870    0.00    3.00  100.00    0.00    2.33    13    714.00      0.00 59816312 33595064  17.09      0.00      0.00      0.00       0  qemu-system-x86

# Time        UID       PID    %usr %system  %guest   %wait    %CPU   CPU  minflt/s  majflt/s     VSZ     RSS   %MEM   kB_rd/s   kB_wr/s kB_ccwr/s iodelay  Command
07:04:06    64055      4870    3.00   22.00  100.00    0.00    7.01    13  10071.00      0.00 59816312 33595064  17.09      0.00     88.00      0.00       0  qemu-system-x86

# Time        UID       PID    %usr %system  %guest   %wait    %CPU   CPU  minflt/s  majflt/s     VSZ     RSS   %MEM   kB_rd/s   kB_wr/s kB_ccwr/s iodelay  Command
07:04:07    64055      4870    2.00    6.00  100.00    0.00    3.13    13   3270.00      0.00 59816312 33595064  17.09      0.00      0.00      0.00       0  qemu-system-x86

# Time        UID       PID    %usr %system  %guest   %wait    %CPU   CPU  minflt/s  majflt/s     VSZ     RSS   %MEM   kB_rd/s   kB_wr/s kB_ccwr/s iodelay  Command
07:04:08    64055      4870    0.00   35.00  100.00    0.00    7.07    39   7489.00      0.00 59816312 33595064  17.09      0.00  61316.00      0.00       0  qemu-system-x86

# Time        UID       PID    %usr %system  %guest   %wait    %CPU   CPU  minflt/s  majflt/s     VSZ     RSS   %MEM   kB_rd/s   kB_wr/s kB_ccwr/s iodelay  Command
07:04:09    64055      4870    0.00   69.00  100.00    0.00    4.32    39   4053.00      0.00 59816312 33595064  17.09      0.00 137004.00      0.00       0  qemu-system-x86

# Time        UID       PID    %usr %system  %guest   %wait    %CPU   CPU  minflt/s  majflt/s     VSZ     RSS   %MEM   kB_rd/s   kB_wr/s kB_ccwr/s iodelay  Command
07:04:10    64055      4870    1.00   30.00  100.00    0.00    4.94    39   9350.00      0.00 59816312 33595064  17.09      0.00      8.00      0.00       0  qemu-system-x86

# Time        UID       PID    %usr %system  %guest   %wait    %CPU   CPU  minflt/s  majflt/s     VSZ     RSS   %MEM   kB_rd/s   kB_wr/s kB_ccwr/s iodelay  Command
07:04:11    64055      4870    0.00    3.00  100.00    0.00    5.69    39   2316.00      0.00 59816312 33595064  17.09      0.00    124.00      0.00       0  qemu-system-x86

# Time        UID       PID    %usr %system  %guest   %wait    %CPU   CPU  minflt/s  majflt/s     VSZ     RSS   %MEM   kB_rd/s   kB_wr/s kB_ccwr/s iodelay  Command
07:04:12    64055      4870   13.00    7.00  100.00    0.00   12.78    39  23985.00      0.00 59816312 33595064  17.09      0.00      0.00      0.00       0  qemu-system-x86

# Time        UID       PID    %usr %system  %guest   %wait    %CPU   CPU  minflt/s  majflt/s     VSZ     RSS   %MEM   kB_rd/s   kB_wr/s kB_ccwr/s iodelay  Command
07:04:13    64055      4870    0.00   16.00  100.00    0.00    4.92    39   5854.00      0.00 59816312 33595064  17.09      0.00      4.00      0.00       0  qemu-system-x86

# Time        UID       PID    %usr %system  %guest   %wait    %CPU   CPU  minflt/s  majflt/s     VSZ     RSS   %MEM   kB_rd/s   kB_wr/s kB_ccwr/s iodelay  Command
07:04:14    64055      4870    6.00   68.00  100.00    0.00    6.33    39   9673.00      0.00 59816312 33595064  17.09      0.00 132204.00      0.00       0  qemu-system-x86

# Time        UID       PID    %usr %system  %guest   %wait    %CPU   CPU  minflt/s  majflt/s     VSZ     RSS   %MEM   kB_rd/s   kB_wr/s kB_ccwr/s iodelay  Command
07:04:15    64055      4870    0.00   18.00  100.00    0.00    2.94    39   2346.00      0.00 59816312 33595064  17.09      0.00      8.00      0.00       0  qemu-system-x86

# Time        UID       PID    %usr %system  %guest   %wait    %CPU   CPU  minflt/s  majflt/s     VSZ     RSS   %MEM   kB_rd/s   kB_wr/s kB_ccwr/s iodelay  Command
07:04:16    64055      4870    3.00    8.00  100.00    0.00    5.01    39   7631.00      0.00 59816312 33595064  17.09      0.00      0.00      0.00       0  qemu-system-x86

# Time        UID       PID    %usr %system  %guest   %wait    %CPU   CPU  minflt/s  majflt/s     VSZ     RSS   %MEM   kB_rd/s   kB_wr/s kB_ccwr/s iodelay  Command
07:04:17    64055      4870    0.00   10.00  100.00    0.00    5.21    39   2613.00      0.00 59816312 33595064  17.09      0.00     88.00      0.00       0  qemu-system-x86

# Time        UID       PID    %usr %system  %guest   %wait    %CPU   CPU  minflt/s  majflt/s     VSZ     RSS   %MEM   kB_rd/s   kB_wr/s kB_ccwr/s iodelay  Command
07:04:18    64055      4870    9.00    3.00  100.00    0.00    4.84    39   2084.00      0.00 59816312 33595064  17.09      0.00      0.00      0.00       0  qemu-system-x86

# Time        UID       PID    %usr %system  %guest   %wait    %CPU   CPU  minflt/s  majflt/s     VSZ     RSS   %MEM   kB_rd/s   kB_wr/s kB_ccwr/s iodelay  Command
07:04:19    64055      4870    0.00  100.00  100.00    0.00    8.22    35  12223.00      0.00 59816312 33595064  17.09      0.00 132112.00      0.00       0  qemu-system-x86

# Time        UID       PID    %usr %system  %guest   %wait    %CPU   CPU  minflt/s  majflt/s     VSZ     RSS   %MEM   kB_rd/s   kB_wr/s kB_ccwr/s iodelay  Command
07:04:20    64055      4870    0.00   10.00  100.00    0.00    4.65    35   3656.00      0.00 59816312 33595064  17.09      0.00      0.00      0.00       0  qemu-system-x86

# Time        UID       PID    %usr %system  %guest   %wait    %CPU   CPU  minflt/s  majflt/s     VSZ     RSS   %MEM   kB_rd/s   kB_wr/s kB_ccwr/s iodelay  Command
07:04:21    64055      4870    5.00   18.00  100.00    0.00    5.77    35   5817.00      0.00 59816312 33595064  17.09      0.00      4.00      0.00       0  qemu-system-x86

# Time        UID       PID    %usr %system  %guest   %wait    %CPU   CPU  minflt/s  majflt/s     VSZ     RSS   %MEM   kB_rd/s   kB_wr/s kB_ccwr/s iodelay  Command
07:04:22    64055      4870    0.00    8.00  100.00    0.00    4.55    35   2976.00      0.00 59816312 33595064  17.09      0.00      0.00      0.00       0  qemu-system-x86

# Time        UID       PID    %usr %system  %guest   %wait    %CPU   CPU  minflt/s  majflt/s     VSZ     RSS   %MEM   kB_rd/s   kB_wr/s kB_ccwr/s iodelay  Command
07:04:23    64055      4870    2.00   13.00  100.00    0.00   12.71    35   6551.00      0.00 59816312 33595064  17.09      0.00     92.00      0.00       0  qemu-system-x86

# Time        UID       PID    %usr %system  %guest   %wait    %CPU   CPU  minflt/s  majflt/s     VSZ     RSS   %MEM   kB_rd/s   kB_wr/s kB_ccwr/s iodelay  Command
07:04:24    64055      4870    0.00    3.00  100.00    0.00    3.63    35    577.00      0.00 59816312 33595064  17.09      0.00      4.00      0.00       0  qemu-system-x86

# Time        UID       PID    %usr %system  %guest   %wait    %CPU   CPU  minflt/s  majflt/s     VSZ     RSS   %MEM   kB_rd/s   kB_wr/s kB_ccwr/s iodelay  Command
07:04:25    64055      4870    8.00  100.00  100.00    0.00    9.80    26   9525.00      0.00 59816312 33595064  17.09      0.00 198160.00      0.00       0  qemu-system-x86

# Time        UID       PID    %usr %system  %guest   %wait    %CPU   CPU  minflt/s  majflt/s     VSZ     RSS   %MEM   kB_rd/s   kB_wr/s kB_ccwr/s iodelay  Command
07:04:26    64055      4870    0.00   26.00  100.00    0.00    4.45    43   4562.00      0.00 59816312 33595064  17.09      0.00      4.00      0.00       0  qemu-system-x86

# Time        UID       PID    %usr %system  %guest   %wait    %CPU   CPU  minflt/s  majflt/s     VSZ     RSS   %MEM   kB_rd/s   kB_wr/s kB_ccwr/s iodelay  Command
07:04:27    64055      4870    5.00    0.00  100.00    0.00    2.52    43    268.00      0.00 59816312 33595064  17.09      0.00      0.00      0.00       0  qemu-system-x86

# Time        UID       PID    %usr %system  %guest   %wait    %CPU   CPU  minflt/s  majflt/s     VSZ     RSS   %MEM   kB_rd/s   kB_wr/s kB_ccwr/s iodelay  Command
07:04:28    64055      4870    0.00   25.00  100.00    0.00    6.21    43  11079.00      0.00 59816312 33595064  17.09      0.00      4.00      0.00       0  qemu-system-x86

# Time        UID       PID    %usr %system  %guest   %wait    %CPU   CPU  minflt/s  majflt/s     VSZ     RSS   %MEM   kB_rd/s   kB_wr/s kB_ccwr/s iodelay  Command
07:04:29    64055      4870   10.00    5.00  100.00    0.00    4.24    43   4883.00      0.00 59816312 33595064  17.09      0.00      0.00      0.00       0  qemu-system-x86

# Time        UID       PID    %usr %system  %guest   %wait    %CPU   CPU  minflt/s  majflt/s     VSZ     RSS   %MEM   kB_rd/s   kB_wr/s kB_ccwr/s iodelay  Command
07:04:30    64055      4870    0.00  100.00  100.00    0.00    7.92    45   5701.00      0.00 59816312 33595064  17.09      0.00 198236.00      0.00       0  qemu-system-x86

# Time        UID       PID    %usr %system  %guest   %wait    %CPU   CPU  minflt/s  majflt/s     VSZ     RSS   %MEM   kB_rd/s   kB_wr/s kB_ccwr/s iodelay  Command
07:04:31    64055      4870    0.00   22.00  100.00    0.00    4.97    45   8140.00      0.00 59816312 33595064  17.09      0.00      4.00      0.00       0  qemu-system-x86

# Time        UID       PID    %usr %system  %guest   %wait    %CPU   CPU  minflt/s  majflt/s     VSZ     RSS   %MEM   kB_rd/s   kB_wr/s kB_ccwr/s iodelay  Command
07:04:32    64055      4870    6.00    9.00  100.00    0.00    3.05    45   3410.00      0.00 59816312 33595064  17.09      0.00      0.00      0.00       0  qemu-system-x86

# Time        UID       PID    %usr %system  %guest   %wait    %CPU   CPU  minflt/s  majflt/s     VSZ     RSS   %MEM   kB_rd/s   kB_wr/s kB_ccwr/s iodelay  Command
07:04:33    64055      4870    2.00    6.00  100.00    0.00    3.59    45   2552.00      0.00 59816312 33595064  17.09      0.00      0.00      0.00       0  qemu-system-x86

# Time        UID       PID    %usr %system  %guest   %wait    %CPU   CPU  minflt/s  majflt/s     VSZ     RSS   %MEM   kB_rd/s   kB_wr/s kB_ccwr/s iodelay  Command
07:04:34    64055      4870    5.00   19.00  100.00    0.00    8.32    45  14008.00      0.00 59816312 33595064  17.09      0.00      4.00      0.00       0  qemu-system-x86

# Time        UID       PID    %usr %system  %guest   %wait    %CPU   CPU  minflt/s  majflt/s     VSZ     RSS   %MEM   kB_rd/s   kB_wr/s kB_ccwr/s iodelay  Command
07:04:35    64055      4870    4.00   61.00  100.00    0.00    5.18    17   3097.00      0.00 59816312 33595064  17.09      0.00 119956.00      0.00       0  qemu-system-x86

# Time        UID       PID    %usr %system  %guest   %wait    %CPU   CPU  minflt/s  majflt/s     VSZ     RSS   %MEM   kB_rd/s   kB_wr/s kB_ccwr/s iodelay  Command
07:04:36    64055      4870    0.00   20.00  100.00    0.00    5.99    17   8418.00      0.00 59816312 33595064  17.09      0.00  12236.00      0.00       0  qemu-system-x86

# Time        UID       PID    %usr %system  %guest   %wait    %CPU   CPU  minflt/s  majflt/s     VSZ     RSS   %MEM   kB_rd/s   kB_wr/s kB_ccwr/s iodelay  Command
07:04:37    64055      4870    3.00    9.00  100.00    0.00    2.88    17   5227.00      0.00 59816312 33595064  17.09      0.00      8.00      0.00       0  qemu-system-x86

# Time        UID       PID    %usr %system  %guest   %wait    %CPU   CPU  minflt/s  majflt/s     VSZ     RSS   %MEM   kB_rd/s   kB_wr/s kB_ccwr/s iodelay  Command
07:04:38    64055      4870    3.00    6.00  100.00    0.00    5.32    17   5117.00      0.00 59816312 33595064  17.09      0.00      0.00      0.00       0  qemu-system-x86

# Time        UID       PID    %usr %system  %guest   %wait    %CPU   CPU  minflt/s  majflt/s     VSZ     RSS   %MEM   kB_rd/s   kB_wr/s kB_ccwr/s iodelay  Command
07:04:39    64055      4870    0.00   15.00  100.00    0.00    4.94    35   7914.00      0.00 59816312 33595064  17.09      0.00   1176.00      0.00       0  qemu-system-x86

# Time        UID       PID    %usr %system  %guest   %wait    %CPU   CPU  minflt/s  majflt/s     VSZ     RSS   %MEM   kB_rd/s   kB_wr/s kB_ccwr/s iodelay  Command
07:04:40    64055      4870    0.00    9.00  100.00    0.00    5.17    35   6827.00      0.00 59816312 33595064  17.09      0.00      0.00      0.00       0  qemu-system-x86

# Time        UID       PID    %usr %system  %guest   %wait    %CPU   CPU  minflt/s  majflt/s     VSZ     RSS   %MEM   kB_rd/s   kB_wr/s kB_ccwr/s iodelay  Command
07:04:41    64055      4870    0.00   78.00  100.00    0.00    4.99    35   2537.00      0.00 59816312 33595064  17.09      0.00 198320.00      0.00       0  qemu-system-x86

# Time        UID       PID    %usr %system  %guest   %wait    %CPU   CPU  minflt/s  majflt/s     VSZ     RSS   %MEM   kB_rd/s   kB_wr/s kB_ccwr/s iodelay  Command
07:04:42    64055      4870    2.00   22.00  100.00    0.00    5.18    35   9961.00      0.00 59816312 33595064  17.09      0.00      0.00      0.00       0  qemu-system-x86

# Time        UID       PID    %usr %system  %guest   %wait    %CPU   CPU  minflt/s  majflt/s     VSZ     RSS   %MEM   kB_rd/s   kB_wr/s kB_ccwr/s iodelay  Command
07:04:43    64055      4870    0.00    5.00  100.00    0.00    2.61     4   1319.00      0.00 59816312 33595064  17.09      0.00      8.00      0.00       0  qemu-system-x86

# Time        UID       PID    %usr %system  %guest   %wait    %CPU   CPU  minflt/s  majflt/s     VSZ     RSS   %MEM   kB_rd/s   kB_wr/s kB_ccwr/s iodelay  Command
07:04:44    64055      4870    7.00   13.00  100.00    0.00    6.52     4   9378.00      0.00 59816312 33595064  17.09      0.00    136.00      0.00       0  qemu-system-x86

# Time        UID       PID    %usr %system  %guest   %wait    %CPU   CPU  minflt/s  majflt/s     VSZ     RSS   %MEM   kB_rd/s   kB_wr/s kB_ccwr/s iodelay  Command
07:04:45    64055      4870    6.00    6.00  100.00    0.00    5.10     1   4862.00      0.00 59816312 33595064  17.09      0.00      8.00      0.00       0  qemu-system-x86

# Time        UID       PID    %usr %system  %guest   %wait    %CPU   CPU  minflt/s  majflt/s     VSZ     RSS   %MEM   kB_rd/s   kB_wr/s kB_ccwr/s iodelay  Command
07:04:46    64055      4870    3.00   57.00  100.00    0.00   10.52    11   6636.00      0.00 59816312 33595064  17.09      0.00 132104.00      0.00       0  qemu-system-x86

# Time        UID       PID    %usr %system  %guest   %wait    %CPU   CPU  minflt/s  majflt/s     VSZ     RSS   %MEM   kB_rd/s   kB_wr/s kB_ccwr/s iodelay  Command
07:04:47    64055      4870    0.00   10.00  100.00    0.00    3.77    11   2848.00      0.00 59816312 33595064  17.09      0.00      4.00      0.00       0  qemu-system-x86

# Time        UID       PID    %usr %system  %guest   %wait    %CPU   CPU  minflt/s  majflt/s     VSZ     RSS   %MEM   kB_rd/s   kB_wr/s kB_ccwr/s iodelay  Command
07:04:48    64055      4870    0.00   20.00  100.00    0.00    4.55    10   8908.00      0.00 59816312 33595064  17.09      0.00      4.00      0.00       0  qemu-system-x86

# Time        UID       PID    %usr %system  %guest   %wait    %CPU   CPU  minflt/s  majflt/s     VSZ     RSS   %MEM   kB_rd/s   kB_wr/s kB_ccwr/s iodelay  Command
07:04:49    64055      4870    2.00    0.00  100.00    0.00    3.90    10   1401.00      0.00 59816312 33595064  17.09      0.00      0.00      0.00       0  qemu-system-x86

# Time        UID       PID    %usr %system  %guest   %wait    %CPU   CPU  minflt/s  majflt/s     VSZ     RSS   %MEM   kB_rd/s   kB_wr/s kB_ccwr/s iodelay  Command
07:04:50    64055      4870    2.00   27.00  100.00    0.00    6.03     4  13711.00      0.00 59816312 33595064  17.09      0.00    108.00      0.00       0  qemu-system-x86

# Time        UID       PID    %usr %system  %guest   %wait    %CPU   CPU  minflt/s  majflt/s     VSZ     RSS   %MEM   kB_rd/s   kB_wr/s kB_ccwr/s iodelay  Command
07:04:51    64055      4870    4.00   59.00  100.00    0.00    3.94    45   7361.00      0.00 59816312 33595064  17.09      0.00  64836.00      0.00       0  qemu-system-x86

# Time        UID       PID    %usr %system  %guest   %wait    %CPU   CPU  minflt/s  majflt/s     VSZ     RSS   %MEM   kB_rd/s   kB_wr/s kB_ccwr/s iodelay  Command
07:04:52    64055      4870    0.00  100.00  100.00    0.00    8.34    45   7213.00      0.00 59816312 33595064  17.09      0.00 133428.00      0.00       0  qemu-system-x86
