Linux 4.15.0-96-generic (ubuntu) 	04/26/20 	_x86_64_	(4 CPU)

# Time        UID       PID    %usr %system  %guest   %wait    %CPU   CPU  minflt/s  majflt/s     VSZ     RSS   %MEM   kB_rd/s   kB_wr/s kB_ccwr/s iodelay  Command
08:21:06     1000      3650    9.00   90.00    0.00    0.00   25.13     0 177623.00      1.00 4854700  712128   8.72 539856.00      0.00      0.00       0  sort

# Time        UID       PID    %usr %system  %guest   %wait    %CPU   CPU  minflt/s  majflt/s     VSZ     RSS   %MEM   kB_rd/s   kB_wr/s kB_ccwr/s iodelay  Command
08:21:07     1000      3650    8.00   91.00    0.00    0.00   24.75     0 179482.00      0.00 4854700 1430208  17.51 545444.00      0.00      0.00       0  sort

# Time        UID       PID    %usr %system  %guest   %wait    %CPU   CPU  minflt/s  majflt/s     VSZ     RSS   %MEM   kB_rd/s   kB_wr/s kB_ccwr/s iodelay  Command
08:21:08     1000      3650    8.00   91.00    0.00    0.00   24.87     0 173128.00      0.00 4854700 2122680  25.99 526140.00      0.00      0.00       0  sort

# Time        UID       PID    %usr %system  %guest   %wait    %CPU   CPU  minflt/s  majflt/s     VSZ     RSS   %MEM   kB_rd/s   kB_wr/s kB_ccwr/s iodelay  Command
08:21:09     1000      3650    8.00   91.00    0.00    1.00   25.06     0 182687.00      0.00 4854700 2853432  34.94 552164.00      0.00      0.00       1  sort

# Time        UID       PID    %usr %system  %guest   %wait    %CPU   CPU  minflt/s  majflt/s     VSZ     RSS   %MEM   kB_rd/s   kB_wr/s kB_ccwr/s iodelay  Command
08:21:10     1000      3650  100.00   29.00    0.00    0.00   73.25     0 112880.00      0.00 4944824 3304912  40.46 308376.00      0.00      0.00       2  sort

# Time        UID       PID    %usr %system  %guest   %wait    %CPU   CPU  minflt/s  majflt/s     VSZ     RSS   %MEM   kB_rd/s   kB_wr/s kB_ccwr/s iodelay  Command
08:21:11     1000      3650  100.00    0.00    0.00    0.00   99.50     0  12357.00      0.00 4944824 3354016  41.07      0.00      0.00      0.00       0  sort

# Time        UID       PID    %usr %system  %guest   %wait    %CPU   CPU  minflt/s  majflt/s     VSZ     RSS   %MEM   kB_rd/s   kB_wr/s kB_ccwr/s iodelay  Command
08:21:12     1000      3650  100.00    0.00    0.00    0.00   99.50     0   2314.00      0.00 4944824 3362992  41.17      0.00      0.00      0.00       0  sort

# Time        UID       PID    %usr %system  %guest   %wait    %CPU   CPU  minflt/s  majflt/s     VSZ     RSS   %MEM   kB_rd/s   kB_wr/s kB_ccwr/s iodelay  Command
08:21:13     1000      3650  100.00    2.00    0.00    1.00   99.25     0  16224.00      0.00 4944824 3428200  41.97      0.00      0.00      0.00       0  sort

# Time        UID       PID    %usr %system  %guest   %wait    %CPU   CPU  minflt/s  majflt/s     VSZ     RSS   %MEM   kB_rd/s   kB_wr/s kB_ccwr/s iodelay  Command
08:21:14     1000      3650  100.00    2.00    0.00    0.00   99.50     0   8493.00      0.00 4944824 3462256  42.39      0.00      0.00      0.00       0  sort

# Time        UID       PID    %usr %system  %guest   %wait    %CPU   CPU  minflt/s  majflt/s     VSZ     RSS   %MEM   kB_rd/s   kB_wr/s kB_ccwr/s iodelay  Command
08:21:15     1000      3650  100.00    0.00    0.00    0.00   99.25     0      0.00      0.00 4944824 3462256  42.39      0.00      0.00      0.00       0  sort

# Time        UID       PID    %usr %system  %guest   %wait    %CPU   CPU  minflt/s  majflt/s     VSZ     RSS   %MEM   kB_rd/s   kB_wr/s kB_ccwr/s iodelay  Command
08:21:16     1000      3650  100.00    1.00    0.00    1.00  100.00     0   3911.00      0.00 4944824 3477832  42.58      0.00      0.00      0.00       0  sort

# Time        UID       PID    %usr %system  %guest   %wait    %CPU   CPU  minflt/s  majflt/s     VSZ     RSS   %MEM   kB_rd/s   kB_wr/s kB_ccwr/s iodelay  Command
08:21:17     1000      3650  100.00    3.00    0.00    0.00   99.50     0  10304.00      0.00 4944824 3519016  43.09      0.00      0.00      0.00       0  sort

# Time        UID       PID    %usr %system  %guest   %wait    %CPU   CPU  minflt/s  majflt/s     VSZ     RSS   %MEM   kB_rd/s   kB_wr/s kB_ccwr/s iodelay  Command
08:21:18     1000      3650  100.00    0.00    0.00    0.00   99.75     0   6647.00      0.00 4944824 3545416  43.41      0.00      0.00      0.00       0  sort

# Time        UID       PID    %usr %system  %guest   %wait    %CPU   CPU  minflt/s  majflt/s     VSZ     RSS   %MEM   kB_rd/s   kB_wr/s kB_ccwr/s iodelay  Command
08:21:19     1000      3650  100.00    1.00    0.00    1.00   99.25     0  13127.00      0.00 4944824 3597952  44.05      0.00      0.00      0.00       0  sort

# Time        UID       PID    %usr %system  %guest   %wait    %CPU   CPU  minflt/s  majflt/s     VSZ     RSS   %MEM   kB_rd/s   kB_wr/s kB_ccwr/s iodelay  Command
08:21:20     1000      3650  100.00    2.00    0.00    0.00  100.00     0   7584.00      0.00 4944824 3628312  44.42      0.00      0.00      0.00       0  sort

# Time        UID       PID    %usr %system  %guest   %wait    %CPU   CPU  minflt/s  majflt/s     VSZ     RSS   %MEM   kB_rd/s   kB_wr/s kB_ccwr/s iodelay  Command
08:21:21     1000      3650  100.00    1.00    0.00    0.00   99.50     0   7860.00      0.00 4944824 3659728  44.81      0.00      0.00      0.00       0  sort

# Time        UID       PID    %usr %system  %guest   %wait    %CPU   CPU  minflt/s  majflt/s     VSZ     RSS   %MEM   kB_rd/s   kB_wr/s kB_ccwr/s iodelay  Command
08:21:22     1000      3650  100.00    6.00    0.00    0.00   99.25     0  28897.00      0.00 4944824 3775360  46.22      0.00      0.00      0.00       0  sort

# Time        UID       PID    %usr %system  %guest   %wait    %CPU   CPU  minflt/s  majflt/s     VSZ     RSS   %MEM   kB_rd/s   kB_wr/s kB_ccwr/s iodelay  Command
08:21:23     1000      3650  100.00    9.00    0.00    1.00   98.50     0  56992.00      0.00 4944824 4003456  49.02      0.00      0.00      0.00       0  sort

# Time        UID       PID    %usr %system  %guest   %wait    %CPU   CPU  minflt/s  majflt/s     VSZ     RSS   %MEM   kB_rd/s   kB_wr/s kB_ccwr/s iodelay  Command
08:21:24     1000      3650  100.00    5.00    0.00    0.00   63.66     0  17617.00      0.00 4944824 4073944  49.88      0.00  15568.00      0.00       0  sort

# Time        UID       PID    %usr %system  %guest   %wait    %CPU   CPU  minflt/s  majflt/s     VSZ     RSS   %MEM   kB_rd/s   kB_wr/s kB_ccwr/s iodelay  Command
08:21:25     1000      3650  100.00   13.00    0.00    0.00   37.06     0   5406.00      0.00 4944824 4095328  50.14      0.00 161488.00      0.00       0  sort

# Time        UID       PID    %usr %system  %guest   %wait    %CPU   CPU  minflt/s  majflt/s     VSZ     RSS   %MEM   kB_rd/s   kB_wr/s kB_ccwr/s iodelay  Command
08:21:26     1000      3650  100.00   17.00    0.00    2.00   44.84     0   8497.00      0.00 4944824 4129384  50.56      0.00 158868.00      0.00       0  sort

# Time        UID       PID    %usr %system  %guest   %wait    %CPU   CPU  minflt/s  majflt/s     VSZ     RSS   %MEM   kB_rd/s   kB_wr/s kB_ccwr/s iodelay  Command
08:21:27     1000      3650  100.00   18.00    0.00    1.00   35.61     1   6179.00      0.00 4944824 4154464  50.87      0.00 166316.00      0.00       0  sort

# Time        UID       PID    %usr %system  %guest   %wait    %CPU   CPU  minflt/s  majflt/s     VSZ     RSS   %MEM   kB_rd/s   kB_wr/s kB_ccwr/s iodelay  Command
08:21:28     1000      3650  100.00   17.00    0.00    2.00   40.45     0  18019.00      0.00 4944824 4226272  51.74      0.00 154212.00      0.00       0  sort

# Time        UID       PID    %usr %system  %guest   %wait    %CPU   CPU  minflt/s  majflt/s     VSZ     RSS   %MEM   kB_rd/s   kB_wr/s kB_ccwr/s iodelay  Command
08:21:29     1000      3650  100.00   17.00    0.00    1.00   38.99     2  17694.00      0.00 4944824 4297288  52.61      0.00 154320.00      0.00       0  sort

# Time        UID       PID    %usr %system  %guest   %wait    %CPU   CPU  minflt/s  majflt/s     VSZ     RSS   %MEM   kB_rd/s   kB_wr/s kB_ccwr/s iodelay  Command
08:21:30     1000      3650  100.00   16.83    0.00    0.99   36.84     2  18899.01      0.00 4944824 4373320  53.54      0.00 153097.03      0.00       0  sort

# Time        UID       PID    %usr %system  %guest   %wait    %CPU   CPU  minflt/s  majflt/s     VSZ     RSS   %MEM   kB_rd/s   kB_wr/s kB_ccwr/s iodelay  Command
08:21:31     1000      3650  100.00   16.00    0.00    4.00   38.54     2  17312.00      0.00 4944824 4442752  54.40      0.00 154352.00      0.00       0  sort

# Time        UID       PID    %usr %system  %guest   %wait    %CPU   CPU  minflt/s  majflt/s     VSZ     RSS   %MEM   kB_rd/s   kB_wr/s kB_ccwr/s iodelay  Command
08:21:32     1000      3650  100.00   24.00    0.00    2.00   41.71     3   9759.00      0.00 4944824 4481560  54.87      0.00 183076.00      0.00       0  sort

# Time        UID       PID    %usr %system  %guest   %wait    %CPU   CPU  minflt/s  majflt/s     VSZ     RSS   %MEM   kB_rd/s   kB_wr/s kB_ccwr/s iodelay  Command
08:21:33     1000      3650  100.00   15.00    0.00    2.00   40.61     2   7214.00      0.00 4944824 4510336  55.22      0.00 164668.00      0.00       0  sort

# Time        UID       PID    %usr %system  %guest   %wait    %CPU   CPU  minflt/s  majflt/s     VSZ     RSS   %MEM   kB_rd/s   kB_wr/s kB_ccwr/s iodelay  Command
08:21:34     1000      3650  100.00   17.00    0.00    2.00   39.45     2  10955.00      0.00 4944824 4554156  55.76      0.00 154480.00      0.00       0  sort

# Time        UID       PID    %usr %system  %guest   %wait    %CPU   CPU  minflt/s  majflt/s     VSZ     RSS   %MEM   kB_rd/s   kB_wr/s kB_ccwr/s iodelay  Command
08:21:35     1000      3650  100.00   19.00    0.00    4.00   44.44     1  17354.00      0.00 4944824 4623568  56.61      0.00 157976.00      0.00       0  sort

# Time        UID       PID    %usr %system  %guest   %wait    %CPU   CPU  minflt/s  majflt/s     VSZ     RSS   %MEM   kB_rd/s   kB_wr/s kB_ccwr/s iodelay  Command
08:21:36     1000      3650  100.00   17.00    0.00    3.00   37.37     0  16213.00      0.00 4944824 4688508  57.40      0.00 170692.00      0.00       0  sort

# Time        UID       PID    %usr %system  %guest   %wait    %CPU   CPU  minflt/s  majflt/s     VSZ     RSS   %MEM   kB_rd/s   kB_wr/s kB_ccwr/s iodelay  Command
08:21:37     1000      3650  100.00   19.00    0.00    5.00   37.69     2  20209.00      0.00 4944824 4769796  58.40      0.00 134816.00      0.00       0  sort

# Time        UID       PID    %usr %system  %guest   %wait    %CPU   CPU  minflt/s  majflt/s     VSZ     RSS   %MEM   kB_rd/s   kB_wr/s kB_ccwr/s iodelay  Command
08:21:39     1000      3650   56.88   16.25    0.00    3.12   18.34     3   6211.25      3.75 4944824 4807444  58.86    390.00  91185.00      0.00       0  sort

# Time        UID       PID    %usr %system  %guest   %wait    %CPU   CPU  minflt/s  majflt/s     VSZ     RSS   %MEM   kB_rd/s   kB_wr/s kB_ccwr/s iodelay  Command
08:21:40     1000      3650   91.00   16.00    0.00    0.00   27.58     3   6309.00      0.00 4944824 4833008  59.17      0.00 163132.00      0.00       0  sort

# Time        UID       PID    %usr %system  %guest   %wait    %CPU   CPU  minflt/s  majflt/s     VSZ     RSS   %MEM   kB_rd/s   kB_wr/s kB_ccwr/s iodelay  Command
08:21:41     1000      3650   50.00   46.00    0.00    1.00   24.30     0   2968.00      3.00 4944824 4845600  59.33 685332.00  77204.00      0.00       6  sort

# Time        UID       PID    %usr %system  %guest   %wait    %CPU   CPU  minflt/s  majflt/s     VSZ     RSS   %MEM   kB_rd/s   kB_wr/s kB_ccwr/s iodelay  Command
08:21:42     1000      3650   25.00   65.00    0.00    1.00   22.67     0      0.00      0.00 4944824 4845600  59.33 1165764.00      0.00      0.00       9  sort

# Time        UID       PID    %usr %system  %guest   %wait    %CPU   CPU  minflt/s  majflt/s     VSZ     RSS   %MEM   kB_rd/s   kB_wr/s kB_ccwr/s iodelay  Command
08:21:43     1000      3650  100.00   36.00    0.00    0.00   57.79     0      6.00      0.00 4944824 4845600  59.33 621156.00      0.00      0.00       8  sort

# Time        UID       PID    %usr %system  %guest   %wait    %CPU   CPU  minflt/s  majflt/s     VSZ     RSS   %MEM   kB_rd/s   kB_wr/s kB_ccwr/s iodelay  Command
08:21:44     1000      3650  100.00    0.00    0.00    1.00   99.50     0      0.00      0.00 4944824 4845600  59.33      0.00      0.00      0.00       0  sort

# Time        UID       PID    %usr %system  %guest   %wait    %CPU   CPU  minflt/s  majflt/s     VSZ     RSS   %MEM   kB_rd/s   kB_wr/s kB_ccwr/s iodelay  Command
08:21:45     1000      3650  100.00    0.00    0.00    0.00   99.75     0      0.00      0.00 4944824 4845600  59.33      0.00      0.00      0.00       0  sort

# Time        UID       PID    %usr %system  %guest   %wait    %CPU   CPU  minflt/s  majflt/s     VSZ     RSS   %MEM   kB_rd/s   kB_wr/s kB_ccwr/s iodelay  Command
08:21:46     1000      3650  100.00    0.00    0.00    0.00   99.50     0      0.00      0.00 4944824 4845600  59.33      0.00      0.00      0.00       0  sort

# Time        UID       PID    %usr %system  %guest   %wait    %CPU   CPU  minflt/s  majflt/s     VSZ     RSS   %MEM   kB_rd/s   kB_wr/s kB_ccwr/s iodelay  Command
08:21:47     1000      3650  100.00    1.00    0.00    0.00   99.50     0      0.00      0.00 4944824 4845600  59.33      0.00      0.00      0.00       0  sort

# Time        UID       PID    %usr %system  %guest   %wait    %CPU   CPU  minflt/s  majflt/s     VSZ     RSS   %MEM   kB_rd/s   kB_wr/s kB_ccwr/s iodelay  Command
08:21:48     1000      3650  100.00    0.00    0.00    1.00   99.75     0      0.00      0.00 4944824 4845600  59.33      0.00      0.00      0.00       0  sort

# Time        UID       PID    %usr %system  %guest   %wait    %CPU   CPU  minflt/s  majflt/s     VSZ     RSS   %MEM   kB_rd/s   kB_wr/s kB_ccwr/s iodelay  Command
08:21:49     1000      3650  100.00    1.00    0.00    0.00   99.50     0      0.00      0.00 4944824 4845600  59.33      0.00      0.00      0.00       0  sort

# Time        UID       PID    %usr %system  %guest   %wait    %CPU   CPU  minflt/s  majflt/s     VSZ     RSS   %MEM   kB_rd/s   kB_wr/s kB_ccwr/s iodelay  Command
08:21:50     1000      3650  100.00    0.00    0.00    0.00   99.75     0      0.00      0.00 4944824 4845600  59.33      0.00      0.00      0.00       0  sort

# Time        UID       PID    %usr %system  %guest   %wait    %CPU   CPU  minflt/s  majflt/s     VSZ     RSS   %MEM   kB_rd/s   kB_wr/s kB_ccwr/s iodelay  Command
08:21:51     1000      3650  100.00    0.00    0.00    0.00   99.50     0      0.00      0.00 4944824 4845600  59.33      0.00      0.00      0.00       0  sort

# Time        UID       PID    %usr %system  %guest   %wait    %CPU   CPU  minflt/s  majflt/s     VSZ     RSS   %MEM   kB_rd/s   kB_wr/s kB_ccwr/s iodelay  Command
08:21:52     1000      3650  100.00    0.00    0.00    1.00   99.75     0      0.00      0.00 4944824 4845600  59.33      0.00      0.00      0.00       0  sort

# Time        UID       PID    %usr %system  %guest   %wait    %CPU   CPU  minflt/s  majflt/s     VSZ     RSS   %MEM   kB_rd/s   kB_wr/s kB_ccwr/s iodelay  Command
08:21:53     1000      3650  100.00    0.00    0.00    0.00   99.50     0      0.00      0.00 4944824 4845600  59.33      0.00      0.00      0.00       0  sort

# Time        UID       PID    %usr %system  %guest   %wait    %CPU   CPU  minflt/s  majflt/s     VSZ     RSS   %MEM   kB_rd/s   kB_wr/s kB_ccwr/s iodelay  Command
08:21:54     1000      3650  100.00    0.00    0.00    0.00   99.75     0      0.00      0.00 4944824 4845600  59.33      0.00      0.00      0.00       0  sort

# Time        UID       PID    %usr %system  %guest   %wait    %CPU   CPU  minflt/s  majflt/s     VSZ     RSS   %MEM   kB_rd/s   kB_wr/s kB_ccwr/s iodelay  Command
08:21:55     1000      3650  100.00    0.00    0.00    1.00   99.75     0      0.00      0.00 4944824 4845600  59.33      0.00      0.00      0.00       0  sort

# Time        UID       PID    %usr %system  %guest   %wait    %CPU   CPU  minflt/s  majflt/s     VSZ     RSS   %MEM   kB_rd/s   kB_wr/s kB_ccwr/s iodelay  Command
08:21:56     1000      3650  100.00    0.00    0.00    0.00   98.00     0      0.00      0.00 4944824 4845600  59.33      0.00      0.00      0.00       0  sort

# Time        UID       PID    %usr %system  %guest   %wait    %CPU   CPU  minflt/s  majflt/s     VSZ     RSS   %MEM   kB_rd/s   kB_wr/s kB_ccwr/s iodelay  Command
08:21:57     1000      3650  100.00    0.00    0.00    0.00   60.30     0      0.00      0.00 4944824 4845600  59.33      0.00      0.00      0.00       0  sort

# Time        UID       PID    %usr %system  %guest   %wait    %CPU   CPU  minflt/s  majflt/s     VSZ     RSS   %MEM   kB_rd/s   kB_wr/s kB_ccwr/s iodelay  Command
08:21:58     1000      3650  100.00   17.00    0.00    0.00   42.82     0      0.00      0.00 4944824 4845600  59.33      0.00 147552.00      0.00       0  sort

# Time        UID       PID    %usr %system  %guest   %wait    %CPU   CPU  minflt/s  majflt/s     VSZ     RSS   %MEM   kB_rd/s   kB_wr/s kB_ccwr/s iodelay  Command
08:21:59     1000      3650  100.00   13.00    0.00    0.00   39.59     0      0.00      0.00 4944824 4845600  59.33      0.00 122920.00      0.00       0  sort

# Time        UID       PID    %usr %system  %guest   %wait    %CPU   CPU  minflt/s  majflt/s     VSZ     RSS   %MEM   kB_rd/s   kB_wr/s kB_ccwr/s iodelay  Command
08:22:00     1000      3650  100.00   16.00    0.00    0.00   36.20     0      0.00      0.00 4944824 4845600  59.33      0.00 154624.00      0.00       0  sort

# Time        UID       PID    %usr %system  %guest   %wait    %CPU   CPU  minflt/s  majflt/s     VSZ     RSS   %MEM   kB_rd/s   kB_wr/s kB_ccwr/s iodelay  Command
08:22:01     1000      3650  100.00   13.86    0.00    0.00   49.62     0      0.00      0.00 4944824 4845600  59.33      0.00 147718.81      0.00       0  sort

# Time        UID       PID    %usr %system  %guest   %wait    %CPU   CPU  minflt/s  majflt/s     VSZ     RSS   %MEM   kB_rd/s   kB_wr/s kB_ccwr/s iodelay  Command
08:22:02     1000      3650  100.00   10.00    0.00    0.00   38.79     0      0.00      0.00 4944824 4845600  59.33      0.00 175884.00      0.00       0  sort

# Time        UID       PID    %usr %system  %guest   %wait    %CPU   CPU  minflt/s  majflt/s     VSZ     RSS   %MEM   kB_rd/s   kB_wr/s kB_ccwr/s iodelay  Command
08:22:03     1000      3650  100.00   15.00    0.00    1.00   36.87     0      0.00      0.00 4944824 4845600  59.33      0.00 157128.00      0.00       0  sort

# Time        UID       PID    %usr %system  %guest   %wait    %CPU   CPU  minflt/s  majflt/s     VSZ     RSS   %MEM   kB_rd/s   kB_wr/s kB_ccwr/s iodelay  Command
08:22:04     1000      3650   40.94    6.88    0.00    0.00   12.03     0      2.50      5.00 4944824 4844580  59.31    571.25  33213.75      0.00       0  sort

# Time        UID       PID    %usr %system  %guest   %wait    %CPU   CPU  minflt/s  majflt/s     VSZ     RSS   %MEM   kB_rd/s   kB_wr/s kB_ccwr/s iodelay  Command
08:22:07     1000      3650  100.00   14.00    0.00    0.00   36.39     0     11.00      2.00 4944824 4844580  59.31    240.00 145036.00      0.00       0  sort

# Time        UID       PID    %usr %system  %guest   %wait    %CPU   CPU  minflt/s  majflt/s     VSZ     RSS   %MEM   kB_rd/s   kB_wr/s kB_ccwr/s iodelay  Command
08:22:08     1000      3650  100.00   11.00    0.00    0.00   38.38     0      0.00      0.00 4944824 4844580  59.31      0.00 154412.00      0.00       0  sort

# Time        UID       PID    %usr %system  %guest   %wait    %CPU   CPU  minflt/s  majflt/s     VSZ     RSS   %MEM   kB_rd/s   kB_wr/s kB_ccwr/s iodelay  Command
08:22:09     1000      3650  100.00   18.00    0.00    0.00   40.76     0      2.00      2.00 4944824 4844580  59.31    212.00 118636.00      0.00       0  sort

# Time        UID       PID    %usr %system  %guest   %wait    %CPU   CPU  minflt/s  majflt/s     VSZ     RSS   %MEM   kB_rd/s   kB_wr/s kB_ccwr/s iodelay  Command
08:22:10     1000      3650  100.00   13.00    0.00    0.00   39.49     0      0.00      0.00 4944824 4844580  59.31      0.00 154852.00      0.00       0  sort

# Time        UID       PID    %usr %system  %guest   %wait    %CPU   CPU  minflt/s  majflt/s     VSZ     RSS   %MEM   kB_rd/s   kB_wr/s kB_ccwr/s iodelay  Command
08:22:11     1000      3650  100.00   16.00    0.00    0.00   40.45     0      0.00      0.00 4944824 4844580  59.31      0.00 178448.00      0.00       0  sort

# Time        UID       PID    %usr %system  %guest   %wait    %CPU   CPU  minflt/s  majflt/s     VSZ     RSS   %MEM   kB_rd/s   kB_wr/s kB_ccwr/s iodelay  Command
08:22:12     1000      3650  100.00   11.00    0.00    2.00   38.58     0      0.00      0.00 4944824 4844580  59.31      0.00 155892.00      0.00       0  sort

# Time        UID       PID    %usr %system  %guest   %wait    %CPU   CPU  minflt/s  majflt/s     VSZ     RSS   %MEM   kB_rd/s   kB_wr/s kB_ccwr/s iodelay  Command
08:22:13     1000      3650  100.00   14.00    0.00    0.00   30.71     0      0.00      0.00 4944824 4844580  59.31      0.00 177700.00      0.00       0  sort

# Time        UID       PID    %usr %system  %guest   %wait    %CPU   CPU  minflt/s  majflt/s     VSZ     RSS   %MEM   kB_rd/s   kB_wr/s kB_ccwr/s iodelay  Command
08:22:14     1000      3650   92.00   13.00    0.00    0.00   26.65     0      0.00      0.00 4944824 4844580  59.31      0.00 150008.00      0.00       0  sort

# Time        UID       PID    %usr %system  %guest   %wait    %CPU   CPU  minflt/s  majflt/s     VSZ     RSS   %MEM   kB_rd/s   kB_wr/s kB_ccwr/s iodelay  Command
08:22:15     1000      3650   96.00   16.00    0.00    1.00   28.28     3      4.00     13.00 4944824 4844580  59.31   1340.00 149772.00      0.00       0  sort

# Time        UID       PID    %usr %system  %guest   %wait    %CPU   CPU  minflt/s  majflt/s     VSZ     RSS   %MEM   kB_rd/s   kB_wr/s kB_ccwr/s iodelay  Command
08:22:16     1000      3650   45.00   48.00    0.00    0.00   23.54     3      3.00      1.00 4944824 4844852  59.32 905640.00  73348.00      0.00       5  sort

# Time        UID       PID    %usr %system  %guest   %wait    %CPU   CPU  minflt/s  majflt/s     VSZ     RSS   %MEM   kB_rd/s   kB_wr/s kB_ccwr/s iodelay  Command
08:22:17     1000      3650   24.00   68.00    0.00    1.00   23.29     3      0.00      0.00 4944824 4844852  59.32 1346436.00      0.00      0.00       9  sort

# Time        UID       PID    %usr %system  %guest   %wait    %CPU   CPU  minflt/s  majflt/s     VSZ     RSS   %MEM   kB_rd/s   kB_wr/s kB_ccwr/s iodelay  Command
08:22:18     1000      3650  100.00   15.00    0.00    0.00   81.45     3      7.00      1.00 4944824 4844852  59.32 220276.00      0.00      0.00       5  sort

# Time        UID       PID    %usr %system  %guest   %wait    %CPU   CPU  minflt/s  majflt/s     VSZ     RSS   %MEM   kB_rd/s   kB_wr/s kB_ccwr/s iodelay  Command
08:22:19     1000      3650  100.00    0.00    0.00    1.00   99.50     3      0.00      0.00 4944824 4844852  59.32      0.00      0.00      0.00       0  sort

# Time        UID       PID    %usr %system  %guest   %wait    %CPU   CPU  minflt/s  majflt/s     VSZ     RSS   %MEM   kB_rd/s   kB_wr/s kB_ccwr/s iodelay  Command
08:22:20     1000      3650  100.00    0.00    0.00    1.00   98.99     3      0.00      0.00 4944824 4844852  59.32      0.00      0.00      0.00       0  sort

# Time        UID       PID    %usr %system  %guest   %wait    %CPU   CPU  minflt/s  majflt/s     VSZ     RSS   %MEM   kB_rd/s   kB_wr/s kB_ccwr/s iodelay  Command
08:22:21     1000      3650  100.00    0.00    0.00    1.00   99.75     3      0.00      0.00 4944824 4844852  59.32      0.00      0.00      0.00       0  sort

# Time        UID       PID    %usr %system  %guest   %wait    %CPU   CPU  minflt/s  majflt/s     VSZ     RSS   %MEM   kB_rd/s   kB_wr/s kB_ccwr/s iodelay  Command
08:22:22     1000      3650  100.00    0.00    0.00    0.00   99.50     3      0.00      0.00 4944824 4844852  59.32      0.00      0.00      0.00       0  sort

# Time        UID       PID    %usr %system  %guest   %wait    %CPU   CPU  minflt/s  majflt/s     VSZ     RSS   %MEM   kB_rd/s   kB_wr/s kB_ccwr/s iodelay  Command
08:22:23     1000      3650  100.00    0.00    0.00    0.00   99.75     3      0.00      0.00 4944824 4844852  59.32      0.00      0.00      0.00       0  sort

# Time        UID       PID    %usr %system  %guest   %wait    %CPU   CPU  minflt/s  majflt/s     VSZ     RSS   %MEM   kB_rd/s   kB_wr/s kB_ccwr/s iodelay  Command
08:22:24     1000      3650  100.00    1.00    0.00    0.00  100.00     3      0.00      0.00 4944824 4844852  59.32      0.00      0.00      0.00       0  sort

# Time        UID       PID    %usr %system  %guest   %wait    %CPU   CPU  minflt/s  majflt/s     VSZ     RSS   %MEM   kB_rd/s   kB_wr/s kB_ccwr/s iodelay  Command
08:22:25     1000      3650  100.00    0.00    0.00    1.00   99.75     3      0.00      0.00 4944824 4844852  59.32      0.00      0.00      0.00       0  sort

# Time        UID       PID    %usr %system  %guest   %wait    %CPU   CPU  minflt/s  majflt/s     VSZ     RSS   %MEM   kB_rd/s   kB_wr/s kB_ccwr/s iodelay  Command
08:22:26     1000      3650  100.00    0.00    0.00    0.00   99.50     3      0.00      0.00 4944824 4844852  59.32      0.00      0.00      0.00       0  sort

# Time        UID       PID    %usr %system  %guest   %wait    %CPU   CPU  minflt/s  majflt/s     VSZ     RSS   %MEM   kB_rd/s   kB_wr/s kB_ccwr/s iodelay  Command
08:22:27     1000      3650  100.00    0.00    0.00    0.00  100.00     3      0.00      0.00 4944824 4844852  59.32      0.00      0.00      0.00       0  sort

# Time        UID       PID    %usr %system  %guest   %wait    %CPU   CPU  minflt/s  majflt/s     VSZ     RSS   %MEM   kB_rd/s   kB_wr/s kB_ccwr/s iodelay  Command
08:22:28     1000      3650  100.00    0.00    0.00    0.00   99.50     3      0.00      0.00 4944824 4844852  59.32      0.00      0.00      0.00       0  sort

# Time        UID       PID    %usr %system  %guest   %wait    %CPU   CPU  minflt/s  majflt/s     VSZ     RSS   %MEM   kB_rd/s   kB_wr/s kB_ccwr/s iodelay  Command
08:22:29     1000      3650  100.00    0.00    0.00    1.00   99.75     3      0.00      0.00 4944824 4844852  59.32      0.00      0.00      0.00       0  sort

# Time        UID       PID    %usr %system  %guest   %wait    %CPU   CPU  minflt/s  majflt/s     VSZ     RSS   %MEM   kB_rd/s   kB_wr/s kB_ccwr/s iodelay  Command
08:22:30     1000      3650  100.00    0.00    0.00    0.00   99.50     3      0.00      0.00 4944824 4844852  59.32      0.00      0.00      0.00       0  sort

# Time        UID       PID    %usr %system  %guest   %wait    %CPU   CPU  minflt/s  majflt/s     VSZ     RSS   %MEM   kB_rd/s   kB_wr/s kB_ccwr/s iodelay  Command
08:22:31     1000      3650  100.00    0.00    0.00    1.00   79.80     3      0.00      0.00 4944824 4844852  59.32      0.00      0.00      0.00       0  sort

# Time        UID       PID    %usr %system  %guest   %wait    %CPU   CPU  minflt/s  majflt/s     VSZ     RSS   %MEM   kB_rd/s   kB_wr/s kB_ccwr/s iodelay  Command
08:22:32     1000      3650  100.00    8.00    0.00    1.00   47.12     3      1.00      0.00 4944824 4844852  59.32      0.00  70536.00      0.00       0  sort

# Time        UID       PID    %usr %system  %guest   %wait    %CPU   CPU  minflt/s  majflt/s     VSZ     RSS   %MEM   kB_rd/s   kB_wr/s kB_ccwr/s iodelay  Command
08:22:33     1000      3650  100.00   12.00    0.00    0.00   38.13     2      0.00      0.00 4944824 4844852  59.32      0.00 162900.00      0.00       0  sort

# Time        UID       PID    %usr %system  %guest   %wait    %CPU   CPU  minflt/s  majflt/s     VSZ     RSS   %MEM   kB_rd/s   kB_wr/s kB_ccwr/s iodelay  Command
08:22:34     1000      3650  100.00   15.00    0.00    1.00   38.04     3      0.00      0.00 4944824 4844852  59.32      0.00 152784.00      0.00       0  sort

# Time        UID       PID    %usr %system  %guest   %wait    %CPU   CPU  minflt/s  majflt/s     VSZ     RSS   %MEM   kB_rd/s   kB_wr/s kB_ccwr/s iodelay  Command
08:22:35     1000      3650  100.00   13.00    0.00    0.00   40.61     3      0.00      0.00 4944824 4844852  59.32      0.00 128368.00      0.00       0  sort

# Time        UID       PID    %usr %system  %guest   %wait    %CPU   CPU  minflt/s  majflt/s     VSZ     RSS   %MEM   kB_rd/s   kB_wr/s kB_ccwr/s iodelay  Command
08:22:36     1000      3650  100.00   18.00    0.00    4.00   37.78     0      0.00      0.00 4944824 4844852  59.32      0.00 173428.00      0.00       0  sort

# Time        UID       PID    %usr %system  %guest   %wait    %CPU   CPU  minflt/s  majflt/s     VSZ     RSS   %MEM   kB_rd/s   kB_wr/s kB_ccwr/s iodelay  Command
08:22:37     1000      3650  100.00   13.00    0.00    0.00   43.77     0      0.00      0.00 4944824 4844852  59.32      0.00 161744.00      0.00       0  sort

# Time        UID       PID    %usr %system  %guest   %wait    %CPU   CPU  minflt/s  majflt/s     VSZ     RSS   %MEM   kB_rd/s   kB_wr/s kB_ccwr/s iodelay  Command
08:22:38     1000      3650  100.00   15.00    0.00    0.00   40.10     0      0.00      0.00 4944824 4844852  59.32      0.00 162536.00      0.00       0  sort

# Time        UID       PID    %usr %system  %guest   %wait    %CPU   CPU  minflt/s  majflt/s     VSZ     RSS   %MEM   kB_rd/s   kB_wr/s kB_ccwr/s iodelay  Command
08:22:40     1000      3650   77.19   13.45    0.00   41.52   22.79     1     17.54     21.64 4944824 4844676  59.32   2180.12  75443.27      0.00       0  sort

# Time        UID       PID    %usr %system  %guest   %wait    %CPU   CPU  minflt/s  majflt/s     VSZ     RSS   %MEM   kB_rd/s   kB_wr/s kB_ccwr/s iodelay  Command
08:22:41     1000      3650  100.00   16.00    0.00    1.00   39.04     0      1.00      0.00 4944824 4844676  59.32      0.00 158224.00      0.00       0  sort

# Time        UID       PID    %usr %system  %guest   %wait    %CPU   CPU  minflt/s  majflt/s     VSZ     RSS   %MEM   kB_rd/s   kB_wr/s kB_ccwr/s iodelay  Command
08:22:42     1000      3650  100.00   17.00    0.00    0.00   38.38     0      0.00      0.00 4944824 4844676  59.32      0.00 172132.00      0.00       0  sort

# Time        UID       PID    %usr %system  %guest   %wait    %CPU   CPU  minflt/s  majflt/s     VSZ     RSS   %MEM   kB_rd/s   kB_wr/s kB_ccwr/s iodelay  Command
08:22:43     1000      3650  100.00   13.00    0.00    0.00   36.93     0      0.00      0.00 4944824 4844676  59.32      0.00 153544.00      0.00       0  sort

# Time        UID       PID    %usr %system  %guest   %wait    %CPU   CPU  minflt/s  majflt/s     VSZ     RSS   %MEM   kB_rd/s   kB_wr/s kB_ccwr/s iodelay  Command
08:22:44     1000      3650  100.00   10.00    0.00    0.00   40.76     0      0.00      0.00 4944824 4844676  59.32      0.00 150780.00      0.00       0  sort

# Time        UID       PID    %usr %system  %guest   %wait    %CPU   CPU  minflt/s  majflt/s     VSZ     RSS   %MEM   kB_rd/s   kB_wr/s kB_ccwr/s iodelay  Command
08:22:45     1000      3650  100.00   18.00    0.00    0.00   41.58     0      0.00      0.00 4944824 4844676  59.32      0.00 169196.00      0.00       0  sort

# Time        UID       PID    %usr %system  %guest   %wait    %CPU   CPU  minflt/s  majflt/s     VSZ     RSS   %MEM   kB_rd/s   kB_wr/s kB_ccwr/s iodelay  Command
08:22:46     1000      3650  100.00   11.88    0.00    0.00   41.52     0      0.00      0.00 4944824 4844676  59.32      0.00 154776.24      0.00       0  sort

# Time        UID       PID    %usr %system  %guest   %wait    %CPU   CPU  minflt/s  majflt/s     VSZ     RSS   %MEM   kB_rd/s   kB_wr/s kB_ccwr/s iodelay  Command
08:22:47     1000      3650  100.00   14.14    0.00    0.00   31.30     0      0.00      0.00 4944824 4844676  59.32      0.00 180246.46      0.00       0  sort

# Time        UID       PID    %usr %system  %guest   %wait    %CPU   CPU  minflt/s  majflt/s     VSZ     RSS   %MEM   kB_rd/s   kB_wr/s kB_ccwr/s iodelay  Command
08:22:48     1000      3650  100.00   14.00    0.00    2.00   30.56     0      0.00      0.00 4944824 4844676  59.32      0.00 183236.00      0.00       0  sort

# Time        UID       PID    %usr %system  %guest   %wait    %CPU   CPU  minflt/s  majflt/s     VSZ     RSS   %MEM   kB_rd/s   kB_wr/s kB_ccwr/s iodelay  Command
08:22:49     1000      3650  100.00   24.00    0.00    0.00   71.90     0     10.00      3.00 4944824 4844676  59.32 397796.00   8508.00      0.00       3  sort

# Time        UID       PID    %usr %system  %guest   %wait    %CPU   CPU  minflt/s  majflt/s     VSZ     RSS   %MEM   kB_rd/s   kB_wr/s kB_ccwr/s iodelay  Command
08:22:50     1000      3650  100.00    1.00    0.00    1.00   94.75     0      0.00      0.00 4944824 4844676  59.32      0.00  12360.00      0.00       0  sort

# Time        UID       PID    %usr %system  %guest   %wait    %CPU   CPU  minflt/s  majflt/s     VSZ     RSS   %MEM   kB_rd/s   kB_wr/s kB_ccwr/s iodelay  Command
08:22:51     1000      3650  100.00   11.00    0.00    0.00   54.02     0      0.00      0.00 4944824 4844676  59.32      0.00 132104.00      0.00       0  sort

# Time        UID       PID    %usr %system  %guest   %wait    %CPU   CPU  minflt/s  majflt/s     VSZ     RSS   %MEM   kB_rd/s   kB_wr/s kB_ccwr/s iodelay  Command
08:22:52     1000      3650  100.00   15.00    0.00    2.00   36.13     2      0.00      0.00 4944824 4844676  59.32      0.00 196008.00      0.00       0  sort

# Time        UID       PID    %usr %system  %guest   %wait    %CPU   CPU  minflt/s  majflt/s     VSZ     RSS   %MEM   kB_rd/s   kB_wr/s kB_ccwr/s iodelay  Command
08:22:53     1000      3650   65.00   41.00    0.00    0.00   26.63     2    264.00      0.00  101348    2380   0.03 123596.00 178656.00      0.00       0  sort

# Time        UID       PID    %usr %system  %guest   %wait    %CPU   CPU  minflt/s  majflt/s     VSZ     RSS   %MEM   kB_rd/s   kB_wr/s kB_ccwr/s iodelay  Command
08:22:54     1000      3650   72.00   27.00    0.00    0.00   24.81     2      0.00      0.00  101348    2380   0.03 256256.00 256308.00      0.00       0  sort

# Time        UID       PID    %usr %system  %guest   %wait    %CPU   CPU  minflt/s  majflt/s     VSZ     RSS   %MEM   kB_rd/s   kB_wr/s kB_ccwr/s iodelay  Command
08:22:55     1000      3650   71.00   29.00    0.00    0.00   25.38     2      0.00      0.00  101348    2380   0.03 233216.00 232916.00      0.00       0  sort

# Time        UID       PID    %usr %system  %guest   %wait    %CPU   CPU  minflt/s  majflt/s     VSZ     RSS   %MEM   kB_rd/s   kB_wr/s kB_ccwr/s iodelay  Command
08:22:56     1000      3650   64.00   35.00    0.00    1.00   24.94     2      0.00      0.00  101348    2380   0.03 232192.00 232472.00      0.00       0  sort

# Time        UID       PID    %usr %system  %guest   %wait    %CPU   CPU  minflt/s  majflt/s     VSZ     RSS   %MEM   kB_rd/s   kB_wr/s kB_ccwr/s iodelay  Command
08:22:57     1000      3650   67.00   33.00    0.00    0.00   25.58     1      0.00      0.00  101348    2380   0.03 208640.00 208408.00      0.00       0  sort

# Time        UID       PID    %usr %system  %guest   %wait    %CPU   CPU  minflt/s  majflt/s     VSZ     RSS   %MEM   kB_rd/s   kB_wr/s kB_ccwr/s iodelay  Command
08:22:58     1000      3650   62.00   38.00    0.00    0.00   25.06     1      0.00      0.00  101348    2380   0.03 216064.00 216256.00      0.00       0  sort

# Time        UID       PID    %usr %system  %guest   %wait    %CPU   CPU  minflt/s  majflt/s     VSZ     RSS   %MEM   kB_rd/s   kB_wr/s kB_ccwr/s iodelay  Command
08:22:59     1000      3650   61.00   39.00    0.00    0.00   25.38     1      0.00      0.00  101348    2380   0.03 221184.00 221088.00      0.00       0  sort

# Time        UID       PID    %usr %system  %guest   %wait    %CPU   CPU  minflt/s  majflt/s     VSZ     RSS   %MEM   kB_rd/s   kB_wr/s kB_ccwr/s iodelay  Command
08:23:00     1000      3650   60.00   39.00    0.00    1.00   24.81     1      0.00      0.00  101348    2380   0.03 218368.00 218520.00      0.00       0  sort

# Time        UID       PID    %usr %system  %guest   %wait    %CPU   CPU  minflt/s  majflt/s     VSZ     RSS   %MEM   kB_rd/s   kB_wr/s kB_ccwr/s iodelay  Command
08:23:01     1000      3650   69.00   31.00    0.00    0.00   25.13     1      0.00      0.00  101348    2380   0.03 228864.00 228876.00      0.00       0  sort

# Time        UID       PID    %usr %system  %guest   %wait    %CPU   CPU  minflt/s  majflt/s     VSZ     RSS   %MEM   kB_rd/s   kB_wr/s kB_ccwr/s iodelay  Command
08:23:02     1000      3650   54.00   46.00    0.00    0.00   25.77     1      0.00      0.00  101348    2380   0.03 192000.00 192056.00      0.00       0  sort

# Time        UID       PID    %usr %system  %guest   %wait    %CPU   CPU  minflt/s  majflt/s     VSZ     RSS   %MEM   kB_rd/s   kB_wr/s kB_ccwr/s iodelay  Command
08:23:03     1000      3650   69.00   30.00    0.00    0.00   24.81     1      0.00      0.00  101348    2380   0.03 239616.00 239708.00      0.00       0  sort

# Time        UID       PID    %usr %system  %guest   %wait    %CPU   CPU  minflt/s  majflt/s     VSZ     RSS   %MEM   kB_rd/s   kB_wr/s kB_ccwr/s iodelay  Command
08:23:04     1000      3650   65.00   33.00    0.00    3.00   24.62     0      0.00      0.00  101348    2380   0.03 210688.00 210664.00      0.00       0  sort

# Time        UID       PID    %usr %system  %guest   %wait    %CPU   CPU  minflt/s  majflt/s     VSZ     RSS   %MEM   kB_rd/s   kB_wr/s kB_ccwr/s iodelay  Command
08:23:05     1000      3650   59.00   41.00    0.00    0.00   25.13     0      0.00      0.00  101348    2380   0.03 214528.00 214456.00      0.00       0  sort

# Time        UID       PID    %usr %system  %guest   %wait    %CPU   CPU  minflt/s  majflt/s     VSZ     RSS   %MEM   kB_rd/s   kB_wr/s kB_ccwr/s iodelay  Command
08:23:06     1000      3650   64.00   36.00    0.00    0.00   25.13     1      0.00      0.00  101348    2380   0.03 220672.00 220472.00      0.00       0  sort

# Time        UID       PID    %usr %system  %guest   %wait    %CPU   CPU  minflt/s  majflt/s     VSZ     RSS   %MEM   kB_rd/s   kB_wr/s kB_ccwr/s iodelay  Command
08:23:07     1000      3650   60.00   39.00    0.00    0.00   25.26     1      0.00      0.00  101348    2380   0.03 212480.00 212456.00      0.00       0  sort

# Time        UID       PID    %usr %system  %guest   %wait    %CPU   CPU  minflt/s  majflt/s     VSZ     RSS   %MEM   kB_rd/s   kB_wr/s kB_ccwr/s iodelay  Command
08:23:08     1000      3650   63.00   36.00    0.00    1.00   25.06     2      0.00      0.00  101348    2380   0.03 225280.00 225300.00      0.00       0  sort

# Time        UID       PID    %usr %system  %guest   %wait    %CPU   CPU  minflt/s  majflt/s     VSZ     RSS   %MEM   kB_rd/s   kB_wr/s kB_ccwr/s iodelay  Command
08:23:09     1000      3650   66.00   34.00    0.00    0.00   25.06     2      0.00      0.00  101348    2380   0.03 246528.00 246904.00      0.00       0  sort

# Time        UID       PID    %usr %system  %guest   %wait    %CPU   CPU  minflt/s  majflt/s     VSZ     RSS   %MEM   kB_rd/s   kB_wr/s kB_ccwr/s iodelay  Command
08:23:10     1000      3650   73.00   27.00    0.00    0.00   25.00     2      0.00      0.00  101348    2380   0.03 256256.00 256048.00      0.00       0  sort

# Time        UID       PID    %usr %system  %guest   %wait    %CPU   CPU  minflt/s  majflt/s     VSZ     RSS   %MEM   kB_rd/s   kB_wr/s kB_ccwr/s iodelay  Command
08:23:11     1000      3650   68.00   32.00    0.00    0.00   25.45     2      0.00      0.00  101348    2380   0.03 262144.00 261644.00      0.00       0  sort

# Time        UID       PID    %usr %system  %guest   %wait    %CPU   CPU  minflt/s  majflt/s     VSZ     RSS   %MEM   kB_rd/s   kB_wr/s kB_ccwr/s iodelay  Command
08:23:12     1000      3650   68.00   27.00    0.00    0.00   24.11     2      0.00      0.00  101348    2380   0.03 221696.00 221972.00      0.00       5  sort

# Time        UID       PID    %usr %system  %guest   %wait    %CPU   CPU  minflt/s  majflt/s     VSZ     RSS   %MEM   kB_rd/s   kB_wr/s kB_ccwr/s iodelay  Command
08:23:13     1000      3650   68.00   32.00    0.00    1.00   25.38     2      0.00      0.00  101348    2380   0.03 249600.00 249904.00      0.00       0  sort

# Time        UID       PID    %usr %system  %guest   %wait    %CPU   CPU  minflt/s  majflt/s     VSZ     RSS   %MEM   kB_rd/s   kB_wr/s kB_ccwr/s iodelay  Command
08:23:14     1000      3650   71.00   28.00    0.00    0.00   24.81     2      0.00      0.00  101348    2380   0.03 253952.00 253568.00      0.00       0  sort

# Time        UID       PID    %usr %system  %guest   %wait    %CPU   CPU  minflt/s  majflt/s     VSZ     RSS   %MEM   kB_rd/s   kB_wr/s kB_ccwr/s iodelay  Command
08:23:15     1000      3650   68.00   32.00    0.00    0.00   25.32     2      0.00      0.00  101348    2380   0.03 240384.00 240464.00      0.00       0  sort

# Time        UID       PID    %usr %system  %guest   %wait    %CPU   CPU  minflt/s  majflt/s     VSZ     RSS   %MEM   kB_rd/s   kB_wr/s kB_ccwr/s iodelay  Command
08:23:16     1000      3650   72.00   28.00    0.00    0.00   25.19     2      0.00      0.00  101348    2380   0.03 249856.00 249784.00      0.00       0  sort

# Time        UID       PID    %usr %system  %guest   %wait    %CPU   CPU  minflt/s  majflt/s     VSZ     RSS   %MEM   kB_rd/s   kB_wr/s kB_ccwr/s iodelay  Command
08:23:17     1000      3650   63.00   27.00    0.00    1.00   23.02     2      0.00      0.00  101348    2380   0.03 184832.00 185172.00      0.00      10  sort

# Time        UID       PID    %usr %system  %guest   %wait    %CPU   CPU  minflt/s  majflt/s     VSZ     RSS   %MEM   kB_rd/s   kB_wr/s kB_ccwr/s iodelay  Command
08:23:18     1000      3650   72.00   27.00    0.00    0.00   25.13     1      0.00      0.00  101348    2380   0.03 230656.00 230480.00      0.00       0  sort

# Time        UID       PID    %usr %system  %guest   %wait    %CPU   CPU  minflt/s  majflt/s     VSZ     RSS   %MEM   kB_rd/s   kB_wr/s kB_ccwr/s iodelay  Command
08:23:19     1000      3650   67.00   33.00    0.00    0.00   25.00     1      0.00      0.00  101348    2380   0.03 249600.00 249428.00      0.00       0  sort

# Time        UID       PID    %usr %system  %guest   %wait    %CPU   CPU  minflt/s  majflt/s     VSZ     RSS   %MEM   kB_rd/s   kB_wr/s kB_ccwr/s iodelay  Command
08:23:20     1000      3650   71.00   28.00    0.00    1.00   25.06     1      0.00      0.00  101348    2380   0.03 241664.00 242184.00      0.00       0  sort

# Time        UID       PID    %usr %system  %guest   %wait    %CPU   CPU  minflt/s  majflt/s     VSZ     RSS   %MEM   kB_rd/s   kB_wr/s kB_ccwr/s iodelay  Command
08:23:21     1000      3650   72.00   28.00    0.00    0.00   25.13     0      0.00      0.00  101348    2380   0.03 251648.00 251344.00      0.00       0  sort

# Time        UID       PID    %usr %system  %guest   %wait    %CPU   CPU  minflt/s  majflt/s     VSZ     RSS   %MEM   kB_rd/s   kB_wr/s kB_ccwr/s iodelay  Command
08:23:22     1000      3650   70.00   30.00    0.00    0.00   25.25     0      0.00      0.00  101348    2380   0.03 250112.00 249852.00      0.00       0  sort

# Time        UID       PID    %usr %system  %guest   %wait    %CPU   CPU  minflt/s  majflt/s     VSZ     RSS   %MEM   kB_rd/s   kB_wr/s kB_ccwr/s iodelay  Command
08:23:23     1000      3650   72.00   27.00    0.00    1.00   25.06     0      0.00      0.00  101348    2380   0.03 249856.00 249824.00      0.00       0  sort

# Time        UID       PID    %usr %system  %guest   %wait    %CPU   CPU  minflt/s  majflt/s     VSZ     RSS   %MEM   kB_rd/s   kB_wr/s kB_ccwr/s iodelay  Command
08:23:24     1000      3650   69.31   28.71    0.00    0.00   24.94     0      0.00      0.00  101348    2380   0.03 240285.15 240360.40      0.00       0  sort

# Time        UID       PID    %usr %system  %guest   %wait    %CPU   CPU  minflt/s  majflt/s     VSZ     RSS   %MEM   kB_rd/s   kB_wr/s kB_ccwr/s iodelay  Command
08:23:25     1000      3650   67.00   33.00    0.00    0.00   25.13     0      0.00      0.00  101348    2380   0.03 238080.00 238620.00      0.00       0  sort

# Time        UID       PID    %usr %system  %guest   %wait    %CPU   CPU  minflt/s  majflt/s     VSZ     RSS   %MEM   kB_rd/s   kB_wr/s kB_ccwr/s iodelay  Command
08:23:26     1000      3650   68.00   32.00    0.00    0.00   25.00     2      0.00      0.00  101348    2380   0.03 239324.00 240884.00      0.00       0  sort

# Time        UID       PID    %usr %system  %guest   %wait    %CPU   CPU  minflt/s  majflt/s     VSZ     RSS   %MEM   kB_rd/s   kB_wr/s kB_ccwr/s iodelay  Command
08:23:27     1000      3650    0.00   32.00    0.00    2.00    8.18     3      0.00      0.00  100308    1344   0.02    268.00      8.00      0.00      66  sort

