Linux 4.15.0-96-generic (large_instance) 	04/24/20 	_x86_64_	(16 CPU)

# Time        UID       PID    %usr %system  %guest   %wait    %CPU   CPU  minflt/s  majflt/s     VSZ     RSS   %MEM   kB_rd/s   kB_wr/s kB_ccwr/s iodelay  Command
05:37:33     1000      2779   12.00   86.00    0.00    0.00    6.13     2 220799.00      0.00 24713684  885032   2.69 704868.00      0.00      0.00       0  sort

# Time        UID       PID    %usr %system  %guest   %wait    %CPU   CPU  minflt/s  majflt/s     VSZ     RSS   %MEM   kB_rd/s   kB_wr/s kB_ccwr/s iodelay  Command
05:37:34     1000      2779   12.00   87.00    0.00    0.00    6.20     2 223788.00      0.00 24713684 1779992   5.40 668824.00      0.00      0.00       1  sort

# Time        UID       PID    %usr %system  %guest   %wait    %CPU   CPU  minflt/s  majflt/s     VSZ     RSS   %MEM   kB_rd/s   kB_wr/s kB_ccwr/s iodelay  Command
05:37:35     1000      2779   13.00   88.00    0.00    0.00    6.34     2 220976.00      0.00 24713684 2663864   8.09 672212.00      0.00      0.00       0  sort

# Time        UID       PID    %usr %system  %guest   %wait    %CPU   CPU  minflt/s  majflt/s     VSZ     RSS   %MEM   kB_rd/s   kB_wr/s kB_ccwr/s iodelay  Command
05:37:36     1000      2779   12.87   84.16    0.00    0.00    6.12     2 215196.04      0.00 24713684 3533480  10.73 638487.13      0.00      0.00       1  sort

# Time        UID       PID    %usr %system  %guest   %wait    %CPU   CPU  minflt/s  majflt/s     VSZ     RSS   %MEM   kB_rd/s   kB_wr/s kB_ccwr/s iodelay  Command
05:37:37     1000      2779   12.00   87.00    0.00    0.00    6.20     2 229610.00      0.00 24713684 4451936  13.52 694824.00      0.00      0.00       1  sort

# Time        UID       PID    %usr %system  %guest   %wait    %CPU   CPU  minflt/s  majflt/s     VSZ     RSS   %MEM   kB_rd/s   kB_wr/s kB_ccwr/s iodelay  Command
05:37:38     1000      2779   11.00   89.00    0.00    0.00    6.27     2 231252.00      0.00 24713684 5376728  16.32 704672.00      0.00      0.00       0  sort

# Time        UID       PID    %usr %system  %guest   %wait    %CPU   CPU  minflt/s  majflt/s     VSZ     RSS   %MEM   kB_rd/s   kB_wr/s kB_ccwr/s iodelay  Command
05:37:39     1000      2779   11.00   89.00    0.00    0.00    6.27     2 243645.00      0.00 24713684 6351416  19.28 730624.00      0.00      0.00       0  sort

# Time        UID       PID    %usr %system  %guest   %wait    %CPU   CPU  minflt/s  majflt/s     VSZ     RSS   %MEM   kB_rd/s   kB_wr/s kB_ccwr/s iodelay  Command
05:37:40     1000      2779    7.00   92.00    0.00    0.00    6.19     2 231658.00      0.00 24713684 7278056  22.10 705896.00      0.00      0.00       0  sort

# Time        UID       PID    %usr %system  %guest   %wait    %CPU   CPU  minflt/s  majflt/s     VSZ     RSS   %MEM   kB_rd/s   kB_wr/s kB_ccwr/s iodelay  Command
05:37:41     1000      2779   12.00   88.00    0.00    0.00    6.26     2 232268.00      0.00 24713684 8207072  24.92 705884.00      0.00      0.00       1  sort

# Time        UID       PID    %usr %system  %guest   %wait    %CPU   CPU  minflt/s  majflt/s     VSZ     RSS   %MEM   kB_rd/s   kB_wr/s kB_ccwr/s iodelay  Command
05:37:42     1000      2779   12.00   88.00    0.00    1.00    6.25     2 236049.00      0.00 24713684 9151400  27.78 705620.00      0.00      0.00       0  sort

# Time        UID       PID    %usr %system  %guest   %wait    %CPU   CPU  minflt/s  majflt/s     VSZ     RSS   %MEM   kB_rd/s   kB_wr/s kB_ccwr/s iodelay  Command
05:37:43     1000      2779    9.00   90.00    0.00    0.00    6.21     2 181312.00      0.00 24713684 9876608  29.99 558332.00      0.00      0.00       0  sort

# Time        UID       PID    %usr %system  %guest   %wait    %CPU   CPU  minflt/s  majflt/s     VSZ     RSS   %MEM   kB_rd/s   kB_wr/s kB_ccwr/s iodelay  Command
05:37:44     1000      2779   10.00   91.00    0.00    0.00    6.32     2 176734.00      0.00 24713684 10583600  32.13 529728.00      0.00      0.00       0  sort

# Time        UID       PID    %usr %system  %guest   %wait    %CPU   CPU  minflt/s  majflt/s     VSZ     RSS   %MEM   kB_rd/s   kB_wr/s kB_ccwr/s iodelay  Command
05:37:45     1000      2779   10.00   89.00    0.00    0.00    6.20     2 171275.00      0.00 24713684 11268680  34.21 513388.00      0.00      0.00       0  sort

# Time        UID       PID    %usr %system  %guest   %wait    %CPU   CPU  minflt/s  majflt/s     VSZ     RSS   %MEM   kB_rd/s   kB_wr/s kB_ccwr/s iodelay  Command
05:37:46     1000      2779    9.00   90.00    0.00    0.00    6.20     2 185561.00      0.00 24713684 12010784  36.46 565844.00      0.00      0.00       1  sort

# Time        UID       PID    %usr %system  %guest   %wait    %CPU   CPU  minflt/s  majflt/s     VSZ     RSS   %MEM   kB_rd/s   kB_wr/s kB_ccwr/s iodelay  Command
05:37:47     1000      2779    8.00   91.00    0.00    0.00    6.19     2 177315.00      0.00 24713684 12720152  38.62 534608.00      0.00      0.00       0  sort

# Time        UID       PID    %usr %system  %guest   %wait    %CPU   CPU  minflt/s  majflt/s     VSZ     RSS   %MEM   kB_rd/s   kB_wr/s kB_ccwr/s iodelay  Command
05:37:48     1000      2779   11.00   89.00    0.00    0.00    6.25     2 176448.00      0.00 24713684 13425824  40.76 533808.00      0.00      0.00       1  sort

# Time        UID       PID    %usr %system  %guest   %wait    %CPU   CPU  minflt/s  majflt/s     VSZ     RSS   %MEM   kB_rd/s   kB_wr/s kB_ccwr/s iodelay  Command
05:37:49     1000      2779    9.00   90.00    0.00    0.00    6.20     2 177198.00      0.00 24713684 14134664  42.91 534348.00      0.00      0.00       1  sort

# Time        UID       PID    %usr %system  %guest   %wait    %CPU   CPU  minflt/s  majflt/s     VSZ     RSS   %MEM   kB_rd/s   kB_wr/s kB_ccwr/s iodelay  Command
05:37:50     1000      2779  100.00   28.00    0.00    1.00   39.09     2  61656.00      0.00 24967664 14380148  43.66 127008.00      0.00      0.00       1  sort

# Time        UID       PID    %usr %system  %guest   %wait    %CPU   CPU  minflt/s  majflt/s     VSZ     RSS   %MEM   kB_rd/s   kB_wr/s kB_ccwr/s iodelay  Command
05:37:51     1000      2779  100.00    3.00    0.00    0.00   49.97     2  20256.00      0.00 24967664 14460932  43.90      0.00      0.00      0.00       0  sort

# Time        UID       PID    %usr %system  %guest   %wait    %CPU   CPU  minflt/s  majflt/s     VSZ     RSS   %MEM   kB_rd/s   kB_wr/s kB_ccwr/s iodelay  Command
05:37:52     1000      2779  100.00    4.00    0.00    0.00   50.00     2  14631.00      0.00 24967664 14519540  44.08      0.00      0.00      0.00       0  sort

# Time        UID       PID    %usr %system  %guest   %wait    %CPU   CPU  minflt/s  majflt/s     VSZ     RSS   %MEM   kB_rd/s   kB_wr/s kB_ccwr/s iodelay  Command
05:37:53     1000      2779  100.00    4.00    0.00    0.00   49.97     2  14014.00      0.00 24967664 14575772  44.25      0.00      0.00      0.00       0  sort

# Time        UID       PID    %usr %system  %guest   %wait    %CPU   CPU  minflt/s  majflt/s     VSZ     RSS   %MEM   kB_rd/s   kB_wr/s kB_ccwr/s iodelay  Command
05:37:54     1000      2779  100.00   14.00    0.00    0.00   50.03     2  32234.00      0.00 24967664 14705132  44.64      0.00      0.00      0.00       0  sort

# Time        UID       PID    %usr %system  %guest   %wait    %CPU   CPU  minflt/s  majflt/s     VSZ     RSS   %MEM   kB_rd/s   kB_wr/s kB_ccwr/s iodelay  Command
05:37:55     1000      2779  100.00    7.00    0.00    0.00   49.97     2   7925.00      0.00 24967664 14737076  44.74      0.00      0.00      0.00       0  sort

# Time        UID       PID    %usr %system  %guest   %wait    %CPU   CPU  minflt/s  majflt/s     VSZ     RSS   %MEM   kB_rd/s   kB_wr/s kB_ccwr/s iodelay  Command
05:37:56     1000      2779  100.00    0.00    0.00    0.00   50.03     2      0.00      0.00 24967664 14737076  44.74      0.00      0.00      0.00       0  sort

# Time        UID       PID    %usr %system  %guest   %wait    %CPU   CPU  minflt/s  majflt/s     VSZ     RSS   %MEM   kB_rd/s   kB_wr/s kB_ccwr/s iodelay  Command
05:37:57     1000      2779  100.00    7.00    0.00    0.00   49.97     2  13455.00      0.00 24967664 14790404  44.90      0.00      0.00      0.00       0  sort

# Time        UID       PID    %usr %system  %guest   %wait    %CPU   CPU  minflt/s  majflt/s     VSZ     RSS   %MEM   kB_rd/s   kB_wr/s kB_ccwr/s iodelay  Command
05:37:58     1000      2779  100.00    8.00    0.00    0.00   49.97     2  23502.00      0.00 24967664 14884388  45.19      0.00      0.00      0.00       0  sort

# Time        UID       PID    %usr %system  %guest   %wait    %CPU   CPU  minflt/s  majflt/s     VSZ     RSS   %MEM   kB_rd/s   kB_wr/s kB_ccwr/s iodelay  Command
05:37:59     1000      2779  100.00   10.00    0.00    0.00   50.00     2  24003.00      0.00 24967664 14981012  45.48      0.00      0.00      0.00       0  sort

# Time        UID       PID    %usr %system  %guest   %wait    %CPU   CPU  minflt/s  majflt/s     VSZ     RSS   %MEM   kB_rd/s   kB_wr/s kB_ccwr/s iodelay  Command
05:38:00     1000      2779  100.00   11.00    0.00    0.00   50.03     2  27926.00      0.00 24967664 15092156  45.82      0.00      0.00      0.00       0  sort

# Time        UID       PID    %usr %system  %guest   %wait    %CPU   CPU  minflt/s  majflt/s     VSZ     RSS   %MEM   kB_rd/s   kB_wr/s kB_ccwr/s iodelay  Command
05:38:01     1000      2779  100.00    2.00    0.00    1.00   50.00     2   7628.00      0.00 24967664 15122780  45.91      0.00      0.00      0.00       0  sort

# Time        UID       PID    %usr %system  %guest   %wait    %CPU   CPU  minflt/s  majflt/s     VSZ     RSS   %MEM   kB_rd/s   kB_wr/s kB_ccwr/s iodelay  Command
05:38:02     1000      2779  100.00    5.00    0.00    0.00   49.97     2  11836.00      0.00 24967664 15170036  46.06      0.00      0.00      0.00       0  sort

# Time        UID       PID    %usr %system  %guest   %wait    %CPU   CPU  minflt/s  majflt/s     VSZ     RSS   %MEM   kB_rd/s   kB_wr/s kB_ccwr/s iodelay  Command
05:38:03     1000      2779  100.00    0.00    0.00    0.00   50.09     2      0.00      0.00 24967664 15170036  46.06      0.00      0.00      0.00       0  sort

# Time        UID       PID    %usr %system  %guest   %wait    %CPU   CPU  minflt/s  majflt/s     VSZ     RSS   %MEM   kB_rd/s   kB_wr/s kB_ccwr/s iodelay  Command
05:38:04     1000      2779  100.00    0.00    0.00    0.00   49.97     2      0.00      0.00 24967664 15170036  46.06      0.00      0.00      0.00       0  sort

# Time        UID       PID    %usr %system  %guest   %wait    %CPU   CPU  minflt/s  majflt/s     VSZ     RSS   %MEM   kB_rd/s   kB_wr/s kB_ccwr/s iodelay  Command
05:38:05     1000      2779  100.00    0.00    0.00    0.00   50.25     2      0.00      0.00 24967664 15170036  46.06      0.00      0.00      0.00       0  sort

# Time        UID       PID    %usr %system  %guest   %wait    %CPU   CPU  minflt/s  majflt/s     VSZ     RSS   %MEM   kB_rd/s   kB_wr/s kB_ccwr/s iodelay  Command
05:38:06     1000      2779  100.00    3.00    0.00    0.00   50.06     2   7253.00      0.00 24967664 15199076  46.14      0.00      0.00      0.00       0  sort

# Time        UID       PID    %usr %system  %guest   %wait    %CPU   CPU  minflt/s  majflt/s     VSZ     RSS   %MEM   kB_rd/s   kB_wr/s kB_ccwr/s iodelay  Command
05:38:07     1000      2779  100.00    4.00    0.00    0.00   49.81     2  12252.00      0.00 24967664 15247916  46.29      0.00      0.00      0.00       0  sort

# Time        UID       PID    %usr %system  %guest   %wait    %CPU   CPU  minflt/s  majflt/s     VSZ     RSS   %MEM   kB_rd/s   kB_wr/s kB_ccwr/s iodelay  Command
05:38:08     1000      2779  100.00    3.00    0.00    0.00   50.03     2   7585.00      0.00 24967664 15278804  46.39      0.00      0.00      0.00       0  sort

# Time        UID       PID    %usr %system  %guest   %wait    %CPU   CPU  minflt/s  majflt/s     VSZ     RSS   %MEM   kB_rd/s   kB_wr/s kB_ccwr/s iodelay  Command
05:38:09     1000      2779  100.00    6.00    0.00    0.00   49.97     2  15892.00      0.00 24967664 15342164  46.58      0.00      0.00      0.00       0  sort

# Time        UID       PID    %usr %system  %guest   %wait    %CPU   CPU  minflt/s  majflt/s     VSZ     RSS   %MEM   kB_rd/s   kB_wr/s kB_ccwr/s iodelay  Command
05:38:10     1000      2779  100.00   10.00    0.00    0.00   50.06     2  22206.00      0.00 24967664 15430340  46.85      0.00      0.00      0.00       0  sort

# Time        UID       PID    %usr %system  %guest   %wait    %CPU   CPU  minflt/s  majflt/s     VSZ     RSS   %MEM   kB_rd/s   kB_wr/s kB_ccwr/s iodelay  Command
05:38:11     1000      2779  100.00    6.00    0.00    1.00   49.94     2  16080.00      0.00 24967664 15495284  47.04      0.00      0.00      0.00       0  sort

# Time        UID       PID    %usr %system  %guest   %wait    %CPU   CPU  minflt/s  majflt/s     VSZ     RSS   %MEM   kB_rd/s   kB_wr/s kB_ccwr/s iodelay  Command
05:38:12     1000      2779  100.00    0.00    0.00    0.00   50.03     2      0.00      0.00 24967664 15495284  47.04      0.00      0.00      0.00       0  sort

# Time        UID       PID    %usr %system  %guest   %wait    %CPU   CPU  minflt/s  majflt/s     VSZ     RSS   %MEM   kB_rd/s   kB_wr/s kB_ccwr/s iodelay  Command
05:38:13     1000      2779  100.00   13.00    0.00    0.00   50.00     2  24763.00      0.00 24967664 15594284  47.34      0.00      0.00      0.00       0  sort

# Time        UID       PID    %usr %system  %guest   %wait    %CPU   CPU  minflt/s  majflt/s     VSZ     RSS   %MEM   kB_rd/s   kB_wr/s kB_ccwr/s iodelay  Command
05:38:14     1000      2779  100.00   10.00    0.00    0.00   50.03     2  28140.00      0.00 24967664 15706220  47.68      0.00      0.00      0.00       0  sort

# Time        UID       PID    %usr %system  %guest   %wait    %CPU   CPU  minflt/s  majflt/s     VSZ     RSS   %MEM   kB_rd/s   kB_wr/s kB_ccwr/s iodelay  Command
05:38:15     1000      2779  100.00    5.00    0.00    0.00   49.94     2  12275.00      0.00 24967664 15755588  47.83      0.00      0.00      0.00       0  sort

# Time        UID       PID    %usr %system  %guest   %wait    %CPU   CPU  minflt/s  majflt/s     VSZ     RSS   %MEM   kB_rd/s   kB_wr/s kB_ccwr/s iodelay  Command
05:38:16     1000      2779  100.00    5.00    0.00    0.00   50.00     2  12694.00      0.00 24967664 15806012  47.99      0.00      0.00      0.00       0  sort

# Time        UID       PID    %usr %system  %guest   %wait    %CPU   CPU  minflt/s  majflt/s     VSZ     RSS   %MEM   kB_rd/s   kB_wr/s kB_ccwr/s iodelay  Command
05:38:17     1000      2779  100.00    2.00    0.00    0.00   49.94     2   6856.00      0.00 24967664 15833204  48.07      0.00      0.00      0.00       0  sort

# Time        UID       PID    %usr %system  %guest   %wait    %CPU   CPU  minflt/s  majflt/s     VSZ     RSS   %MEM   kB_rd/s   kB_wr/s kB_ccwr/s iodelay  Command
05:38:18     1000      2779  100.00   17.00    0.00    0.00   50.13     2  15155.00      0.00 24967664 15893924  48.25      0.00      0.00      0.00       0  sort

# Time        UID       PID    %usr %system  %guest   %wait    %CPU   CPU  minflt/s  majflt/s     VSZ     RSS   %MEM   kB_rd/s   kB_wr/s kB_ccwr/s iodelay  Command
05:38:19     1000      2779  100.00    5.00    0.00    0.00   50.03     2  15694.00      0.00 24967664 15956756  48.44      0.00      0.00      0.00       0  sort

# Time        UID       PID    %usr %system  %guest   %wait    %CPU   CPU  minflt/s  majflt/s     VSZ     RSS   %MEM   kB_rd/s   kB_wr/s kB_ccwr/s iodelay  Command
05:38:20     1000      2779  100.00    2.00    0.00    0.00   50.00     2   8843.00      0.00 24967664 15992132  48.55      0.00      0.00      0.00       0  sort

# Time        UID       PID    %usr %system  %guest   %wait    %CPU   CPU  minflt/s  majflt/s     VSZ     RSS   %MEM   kB_rd/s   kB_wr/s kB_ccwr/s iodelay  Command
05:38:21     1000      2779  100.00    3.00    0.00    1.00   50.00     2  11007.00      0.00 24967664 16035956  48.69      0.00      0.00      0.00       0  sort

# Time        UID       PID    %usr %system  %guest   %wait    %CPU   CPU  minflt/s  majflt/s     VSZ     RSS   %MEM   kB_rd/s   kB_wr/s kB_ccwr/s iodelay  Command
05:38:22     1000      2779  100.00    5.00    0.00    0.00   50.00     2  25681.00      0.00 24967664 16138916  49.00      0.00      0.00      0.00       0  sort

# Time        UID       PID    %usr %system  %guest   %wait    %CPU   CPU  minflt/s  majflt/s     VSZ     RSS   %MEM   kB_rd/s   kB_wr/s kB_ccwr/s iodelay  Command
05:38:23     1000      2779  100.00   15.00    0.00    0.00   50.09     2  65129.00      0.00 24967664 16399484  49.79      0.00      0.00      0.00       0  sort

# Time        UID       PID    %usr %system  %guest   %wait    %CPU   CPU  minflt/s  majflt/s     VSZ     RSS   %MEM   kB_rd/s   kB_wr/s kB_ccwr/s iodelay  Command
05:38:24     1000      2779  100.00   16.00    0.00    0.00   48.20     2  72647.00      0.00 24967664 16690148  50.67      0.00      0.00      0.00       0  sort

# Time        UID       PID    %usr %system  %guest   %wait    %CPU   CPU  minflt/s  majflt/s     VSZ     RSS   %MEM   kB_rd/s   kB_wr/s kB_ccwr/s iodelay  Command
05:38:25     1000      2779  100.00   12.00    0.00    0.00   47.49     2  74699.00      0.00 24967664 16988996  51.58      0.00      0.00      0.00       0  sort

# Time        UID       PID    %usr %system  %guest   %wait    %CPU   CPU  minflt/s  majflt/s     VSZ     RSS   %MEM   kB_rd/s   kB_wr/s kB_ccwr/s iodelay  Command
05:38:26     1000      2779  100.00   17.00    0.00    0.00   47.75     2  76322.00      0.00 24967664 17294180  52.51      0.00      0.00      0.00       0  sort

# Time        UID       PID    %usr %system  %guest   %wait    %CPU   CPU  minflt/s  majflt/s     VSZ     RSS   %MEM   kB_rd/s   kB_wr/s kB_ccwr/s iodelay  Command
05:38:27     1000      2779  100.00    8.00    0.00    0.00   41.90     2  58100.00      0.00 24967664 17526764  53.21      0.00      0.00      0.00       0  sort

# Time        UID       PID    %usr %system  %guest   %wait    %CPU   CPU  minflt/s  majflt/s     VSZ     RSS   %MEM   kB_rd/s   kB_wr/s kB_ccwr/s iodelay  Command
05:38:28     1000      2779  100.00   15.00    0.00    0.00   32.16     2  62090.00      0.00 24967664 17775188  53.97      0.00      0.00      0.00       0  sort

# Time        UID       PID    %usr %system  %guest   %wait    %CPU   CPU  minflt/s  majflt/s     VSZ     RSS   %MEM   kB_rd/s   kB_wr/s kB_ccwr/s iodelay  Command
05:38:29     1000      2779  100.00   23.00    0.00    0.00   26.40     2  58184.00      0.00 24967664 18007772  54.67      0.00  84936.00      0.00       0  sort

# Time        UID       PID    %usr %system  %guest   %wait    %CPU   CPU  minflt/s  majflt/s     VSZ     RSS   %MEM   kB_rd/s   kB_wr/s kB_ccwr/s iodelay  Command
05:38:30     1000      2779  100.00   19.00    0.00    0.00   26.33     2  53410.00      0.00 24967664 18221612  55.32      0.00  87120.00      0.00       0  sort

# Time        UID       PID    %usr %system  %guest   %wait    %CPU   CPU  minflt/s  majflt/s     VSZ     RSS   %MEM   kB_rd/s   kB_wr/s kB_ccwr/s iodelay  Command
05:38:31     1000      2779  100.00   18.00    0.00    0.00   14.77     2  18626.00      0.00 24967664 18296324  55.55      0.00 166392.00      0.00       0  sort

# Time        UID       PID    %usr %system  %guest   %wait    %CPU   CPU  minflt/s  majflt/s     VSZ     RSS   %MEM   kB_rd/s   kB_wr/s kB_ccwr/s iodelay  Command
05:38:32     1000      2779  100.00   12.00    0.00    0.00   18.31     2  25093.00      0.00 24967664 18396380  55.85      0.00 101756.00      0.00       0  sort

# Time        UID       PID    %usr %system  %guest   %wait    %CPU   CPU  minflt/s  majflt/s     VSZ     RSS   %MEM   kB_rd/s   kB_wr/s kB_ccwr/s iodelay  Command
05:38:33     1000      2779  100.00   16.00    0.00    0.00   10.92     2  15989.00      0.00 24967664 18460532  56.05      0.00 151312.00      0.00       0  sort

# Time        UID       PID    %usr %system  %guest   %wait    %CPU   CPU  minflt/s  majflt/s     VSZ     RSS   %MEM   kB_rd/s   kB_wr/s kB_ccwr/s iodelay  Command
05:38:34     1000      2779  100.00   14.00    0.00    0.00   22.48     2  45678.00      0.00 24967664 18642956  56.60      0.00  87768.00      0.00       0  sort

# Time        UID       PID    %usr %system  %guest   %wait    %CPU   CPU  minflt/s  majflt/s     VSZ     RSS   %MEM   kB_rd/s   kB_wr/s kB_ccwr/s iodelay  Command
05:38:35     1000      2779  100.00   18.00    0.00    0.00   22.24     2  54042.00      0.00 24967664 18859436  57.26      0.00 111672.00      0.00       0  sort

# Time        UID       PID    %usr %system  %guest   %wait    %CPU   CPU  minflt/s  majflt/s     VSZ     RSS   %MEM   kB_rd/s   kB_wr/s kB_ccwr/s iodelay  Command
05:38:36     1000      2779  100.00   19.00    0.00    0.00   15.39     2  29609.00      0.00 24967664 18977972  57.62      0.00 138836.00      0.00       0  sort

# Time        UID       PID    %usr %system  %guest   %wait    %CPU   CPU  minflt/s  majflt/s     VSZ     RSS   %MEM   kB_rd/s   kB_wr/s kB_ccwr/s iodelay  Command
05:38:37     1000      2779  100.00   18.00    0.00    0.00   20.38     2  47833.00      0.00 24967664 19168844  58.20      0.00 116816.00      0.00       0  sort

# Time        UID       PID    %usr %system  %guest   %wait    %CPU   CPU  minflt/s  majflt/s     VSZ     RSS   %MEM   kB_rd/s   kB_wr/s kB_ccwr/s iodelay  Command
05:38:38     1000      2779  100.00   19.00    0.00    1.00   16.58     2  34626.00      0.00 24967664 19307708  58.62      0.00 124216.00      0.00       0  sort

# Time        UID       PID    %usr %system  %guest   %wait    %CPU   CPU  minflt/s  majflt/s     VSZ     RSS   %MEM   kB_rd/s   kB_wr/s kB_ccwr/s iodelay  Command
05:38:39     1000      2779  100.00   18.00    0.00    0.00   22.45     2  56258.00      0.00 24967664 19532900  59.30      0.00  97228.00      0.00       0  sort

# Time        UID       PID    %usr %system  %guest   %wait    %CPU   CPU  minflt/s  majflt/s     VSZ     RSS   %MEM   kB_rd/s   kB_wr/s kB_ccwr/s iodelay  Command
05:38:40     1000      2779  100.00   20.00    0.00    0.00   20.15     2  34183.00      0.00 24967664 19669652  59.72      0.00 128828.00      0.00       0  sort

# Time        UID       PID    %usr %system  %guest   %wait    %CPU   CPU  minflt/s  majflt/s     VSZ     RSS   %MEM   kB_rd/s   kB_wr/s kB_ccwr/s iodelay  Command
05:38:41     1000      2779  100.00   21.00    0.00    0.00   23.56     2  53953.00      0.00 24967664 19885604  60.37      0.00  85892.00      0.00       0  sort

# Time        UID       PID    %usr %system  %guest   %wait    %CPU   CPU  minflt/s  majflt/s     VSZ     RSS   %MEM   kB_rd/s   kB_wr/s kB_ccwr/s iodelay  Command
05:38:42     1000      2779   89.00   19.00    0.00    0.00    6.77     2   1048.00      0.00 24967664 19889828  60.39      0.00 207628.00      0.00       0  sort

# Time        UID       PID    %usr %system  %guest   %wait    %CPU   CPU  minflt/s  majflt/s     VSZ     RSS   %MEM   kB_rd/s   kB_wr/s kB_ccwr/s iodelay  Command
05:38:43     1000      2779  100.00   14.00    0.00    0.00   21.99     2  52456.00      0.00 24967664 20099180  61.02      0.00  84704.00      0.00       0  sort

# Time        UID       PID    %usr %system  %guest   %wait    %CPU   CPU  minflt/s  majflt/s     VSZ     RSS   %MEM   kB_rd/s   kB_wr/s kB_ccwr/s iodelay  Command
05:38:44     1000      2779  100.00   17.00    0.00    0.00   19.18     2  40725.00      0.00 24967664 20262332  61.52      0.00  89736.00      0.00       0  sort

# Time        UID       PID    %usr %system  %guest   %wait    %CPU   CPU  minflt/s  majflt/s     VSZ     RSS   %MEM   kB_rd/s   kB_wr/s kB_ccwr/s iodelay  Command
05:38:45     1000      2779  100.00   15.00    0.00    0.00   22.42     2  43594.00      0.00 24967664 20436572  62.05      0.00 124324.00      0.00       0  sort

# Time        UID       PID    %usr %system  %guest   %wait    %CPU   CPU  minflt/s  majflt/s     VSZ     RSS   %MEM   kB_rd/s   kB_wr/s kB_ccwr/s iodelay  Command
05:38:46     1000      2779  100.00   20.00    0.00    0.00   14.03     2  24130.00      0.00 24967664 20533196  62.34      0.00 122072.00      0.00       0  sort

# Time        UID       PID    %usr %system  %guest   %wait    %CPU   CPU  minflt/s  majflt/s     VSZ     RSS   %MEM   kB_rd/s   kB_wr/s kB_ccwr/s iodelay  Command
05:38:47     1000      2779  100.00   25.00    0.00    0.00   25.27     2  68139.00      0.00 24967664 20805644  63.17      0.00  64880.00      0.00       0  sort

# Time        UID       PID    %usr %system  %guest   %wait    %CPU   CPU  minflt/s  majflt/s     VSZ     RSS   %MEM   kB_rd/s   kB_wr/s kB_ccwr/s iodelay  Command
05:38:48     1000      2779  100.00   21.00    0.00    0.00   10.85     2  14786.00      0.00 24967664 20865044  63.35      0.00 182224.00      0.00       0  sort

# Time        UID       PID    %usr %system  %guest   %wait    %CPU   CPU  minflt/s  majflt/s     VSZ     RSS   %MEM   kB_rd/s   kB_wr/s kB_ccwr/s iodelay  Command
05:38:49     1000      2779  100.00   14.00    0.00    0.00    8.79     2   9077.00      0.00 24967664 20901212  63.46      0.00 179232.00      0.00       0  sort

# Time        UID       PID    %usr %system  %guest   %wait    %CPU   CPU  minflt/s  majflt/s     VSZ     RSS   %MEM   kB_rd/s   kB_wr/s kB_ccwr/s iodelay  Command
05:38:50     1000      2779  100.00   14.00    0.00    0.00   12.44     2  29000.00      0.00 24967664 21017108  63.81      0.00 101580.00      0.00       0  sort

# Time        UID       PID    %usr %system  %guest   %wait    %CPU   CPU  minflt/s  majflt/s     VSZ     RSS   %MEM   kB_rd/s   kB_wr/s kB_ccwr/s iodelay  Command
05:38:51     1000      2779  100.00   11.00    0.00    0.00   14.09     2  30516.00      0.00 24967664 21139076  64.18      0.00  72564.00      0.00       0  sort

# Time        UID       PID    %usr %system  %guest   %wait    %CPU   CPU  minflt/s  majflt/s     VSZ     RSS   %MEM   kB_rd/s   kB_wr/s kB_ccwr/s iodelay  Command
05:38:52     1000      2779   99.00   14.00    0.00    0.00    7.09     2   2333.00      0.00 24967664 21148580  64.21      0.00 165044.00      0.00       0  sort

# Time        UID       PID    %usr %system  %guest   %wait    %CPU   CPU  minflt/s  majflt/s     VSZ     RSS   %MEM   kB_rd/s   kB_wr/s kB_ccwr/s iodelay  Command
05:38:53     1000      2779  100.00   18.00    0.00    0.00   22.68     2  49607.00      0.00 24967664 21347108  64.81      0.00  68220.00      0.00       0  sort

# Time        UID       PID    %usr %system  %guest   %wait    %CPU   CPU  minflt/s  majflt/s     VSZ     RSS   %MEM   kB_rd/s   kB_wr/s kB_ccwr/s iodelay  Command
05:38:54     1000      2779  100.00   14.00    0.00    0.00    8.01     2    541.00      0.00 24967664 21349220  64.82      0.00 187632.00      0.00       0  sort

# Time        UID       PID    %usr %system  %guest   %wait    %CPU   CPU  minflt/s  majflt/s     VSZ     RSS   %MEM   kB_rd/s   kB_wr/s kB_ccwr/s iodelay  Command
05:38:55     1000      2779  100.00    9.00    0.00    0.00   13.58     2  20318.00      0.00 24967664 21430268  65.06      0.00  83588.00      0.00       0  sort

# Time        UID       PID    %usr %system  %guest   %wait    %CPU   CPU  minflt/s  majflt/s     VSZ     RSS   %MEM   kB_rd/s   kB_wr/s kB_ccwr/s iodelay  Command
05:38:56     1000      2779  100.00   14.00    0.00    0.00    9.77     2  10422.00      0.00 24967664 21471980  65.19      0.00 169312.00      0.00       0  sort

# Time        UID       PID    %usr %system  %guest   %wait    %CPU   CPU  minflt/s  majflt/s     VSZ     RSS   %MEM   kB_rd/s   kB_wr/s kB_ccwr/s iodelay  Command
05:38:57     1000      2779  100.00   11.88    0.00    0.00   16.18     2  19022.77      0.00 24967664 21549068  65.42      0.00 103655.45      0.00       0  sort

# Time        UID       PID    %usr %system  %guest   %wait    %CPU   CPU  minflt/s  majflt/s     VSZ     RSS   %MEM   kB_rd/s   kB_wr/s kB_ccwr/s iodelay  Command
05:38:58     1000      2779  100.00   14.00    0.00    0.00   11.53     2  19243.00      0.00 24967664 21626156  65.66      0.00 149696.00      0.00       0  sort

# Time        UID       PID    %usr %system  %guest   %wait    %CPU   CPU  minflt/s  majflt/s     VSZ     RSS   %MEM   kB_rd/s   kB_wr/s kB_ccwr/s iodelay  Command
05:38:59     1000      2779  100.00   14.00    0.00    0.00   17.66     2  21395.00      0.00 24967664 21711692  65.92      0.00  84868.00      0.00       0  sort

# Time        UID       PID    %usr %system  %guest   %wait    %CPU   CPU  minflt/s  majflt/s     VSZ     RSS   %MEM   kB_rd/s   kB_wr/s kB_ccwr/s iodelay  Command
05:39:00     1000      2779   84.00   15.00    0.00    0.00    6.20     2      0.00      0.00 24967664 21711692  65.92      0.00 184012.00      0.00       0  sort

# Time        UID       PID    %usr %system  %guest   %wait    %CPU   CPU  minflt/s  majflt/s     VSZ     RSS   %MEM   kB_rd/s   kB_wr/s kB_ccwr/s iodelay  Command
05:39:01     1000      2779  100.00   14.00    0.00    0.00   13.30     2  21866.00      0.00 24967664 21799076  66.18      0.00  69584.00      0.00       0  sort

# Time        UID       PID    %usr %system  %guest   %wait    %CPU   CPU  minflt/s  majflt/s     VSZ     RSS   %MEM   kB_rd/s   kB_wr/s kB_ccwr/s iodelay  Command
05:39:02     1000      2779  100.00   19.00    0.00    0.00   20.53     2  42903.00      0.00 24967664 21970676  66.70      0.00 181144.00      0.00       0  sort

# Time        UID       PID    %usr %system  %guest   %wait    %CPU   CPU  minflt/s  majflt/s     VSZ     RSS   %MEM   kB_rd/s   kB_wr/s kB_ccwr/s iodelay  Command
05:39:03     1000      2779  100.00   14.00    0.00    0.00    8.39     2   7293.00      0.00 24967664 21999980  66.79      0.00 155620.00      0.00       0  sort

# Time        UID       PID    %usr %system  %guest   %wait    %CPU   CPU  minflt/s  majflt/s     VSZ     RSS   %MEM   kB_rd/s   kB_wr/s kB_ccwr/s iodelay  Command
05:39:04     1000      2779  100.00   22.00    0.00    0.00   18.61     2  41218.00      0.00 24967664 22164452  67.29      0.00 150800.00      0.00       0  sort

# Time        UID       PID    %usr %system  %guest   %wait    %CPU   CPU  minflt/s  majflt/s     VSZ     RSS   %MEM   kB_rd/s   kB_wr/s kB_ccwr/s iodelay  Command
05:39:05     1000      2779   78.00   22.00    0.00    0.00    6.29     2      0.00      0.00 24967664 22164452  67.29      0.00 180428.00      0.00       0  sort

# Time        UID       PID    %usr %system  %guest   %wait    %CPU   CPU  minflt/s  majflt/s     VSZ     RSS   %MEM   kB_rd/s   kB_wr/s kB_ccwr/s iodelay  Command
05:39:06     1000      2779  100.00   16.00    0.00    0.00   16.47     2  40654.00      0.00 24967664 22327076  67.79      0.00  90412.00      0.00       0  sort

# Time        UID       PID    %usr %system  %guest   %wait    %CPU   CPU  minflt/s  majflt/s     VSZ     RSS   %MEM   kB_rd/s   kB_wr/s kB_ccwr/s iodelay  Command
05:39:07     1000      2779  100.00   14.00    0.00    0.00    7.41     2   4349.00      0.00 24967664 22344500  67.84      0.00 171368.00      0.00       0  sort

# Time        UID       PID    %usr %system  %guest   %wait    %CPU   CPU  minflt/s  majflt/s     VSZ     RSS   %MEM   kB_rd/s   kB_wr/s kB_ccwr/s iodelay  Command
05:39:08     1000      2779  100.00   22.00    0.00    0.00   20.55     2  51288.00      0.00 24967664 22549892  68.46      0.00  77668.00      0.00       0  sort

# Time        UID       PID    %usr %system  %guest   %wait    %CPU   CPU  minflt/s  majflt/s     VSZ     RSS   %MEM   kB_rd/s   kB_wr/s kB_ccwr/s iodelay  Command
05:39:09     1000      2779  100.00   16.00    0.00    0.00    8.91     2   7038.00      0.00 24967664 22577876  68.55      0.00 173912.00      0.00       0  sort

# Time        UID       PID    %usr %system  %guest   %wait    %CPU   CPU  minflt/s  majflt/s     VSZ     RSS   %MEM   kB_rd/s   kB_wr/s kB_ccwr/s iodelay  Command
05:39:10     1000      2779  100.00   16.00    0.00    0.00   12.63     2  30305.00      0.00 24967664 22699316  68.92      0.00  87528.00      0.00       0  sort

# Time        UID       PID    %usr %system  %guest   %wait    %CPU   CPU  minflt/s  majflt/s     VSZ     RSS   %MEM   kB_rd/s   kB_wr/s kB_ccwr/s iodelay  Command
05:39:11     1000      2779  100.00   23.00    0.00    0.00   15.36     2  21399.00      0.00 24967664 22784852  69.17      0.00 196932.00      0.00       0  sort

# Time        UID       PID    %usr %system  %guest   %wait    %CPU   CPU  minflt/s  majflt/s     VSZ     RSS   %MEM   kB_rd/s   kB_wr/s kB_ccwr/s iodelay  Command
05:39:12     1000      2779  100.00   17.00    0.00    0.00    9.61     2  11351.00      0.00 24967664 22830260  69.31      0.00 141904.00      0.00       0  sort

# Time        UID       PID    %usr %system  %guest   %wait    %CPU   CPU  minflt/s  majflt/s     VSZ     RSS   %MEM   kB_rd/s   kB_wr/s kB_ccwr/s iodelay  Command
05:39:13     1000      2779  100.00   15.00    0.00    0.00   16.39     2  19995.00      0.00 24967664 22910252  69.56      0.00  85596.00      0.00       0  sort

# Time        UID       PID    %usr %system  %guest   %wait    %CPU   CPU  minflt/s  majflt/s     VSZ     RSS   %MEM   kB_rd/s   kB_wr/s kB_ccwr/s iodelay  Command
05:39:14     1000      2779  100.00   12.00    0.00    0.00    7.88     2   5989.00      0.00 24967664 22934276  69.63      0.00 168316.00      0.00       0  sort

# Time        UID       PID    %usr %system  %guest   %wait    %CPU   CPU  minflt/s  majflt/s     VSZ     RSS   %MEM   kB_rd/s   kB_wr/s kB_ccwr/s iodelay  Command
05:39:15     1000      2779  100.00   14.00    0.00    0.00   20.14     2  26176.00      0.00 24967664 23038556  69.95      0.00  77760.00      0.00       0  sort

# Time        UID       PID    %usr %system  %guest   %wait    %CPU   CPU  minflt/s  majflt/s     VSZ     RSS   %MEM   kB_rd/s   kB_wr/s kB_ccwr/s iodelay  Command
05:39:16     1000      2779  100.00   13.00    0.00    0.00    7.84     2      0.00      0.00 24967664 23038556  69.95      0.00 185768.00      0.00       0  sort

# Time        UID       PID    %usr %system  %guest   %wait    %CPU   CPU  minflt/s  majflt/s     VSZ     RSS   %MEM   kB_rd/s   kB_wr/s kB_ccwr/s iodelay  Command
05:39:17     1000      2779  100.00    8.00    0.00    0.00   13.48     2  19049.00      0.00 24967664 23114852  70.18      0.00  78084.00      0.00       0  sort

# Time        UID       PID    %usr %system  %guest   %wait    %CPU   CPU  minflt/s  majflt/s     VSZ     RSS   %MEM   kB_rd/s   kB_wr/s kB_ccwr/s iodelay  Command
05:39:18     1000      2779  100.00   16.00    0.00    0.00    7.95     2   2107.00      0.00 24967664 23123300  70.20      0.00 185364.00      0.00       0  sort

# Time        UID       PID    %usr %system  %guest   %wait    %CPU   CPU  minflt/s  majflt/s     VSZ     RSS   %MEM   kB_rd/s   kB_wr/s kB_ccwr/s iodelay  Command
05:39:19     1000      2779  100.00   12.00    0.00    0.00   16.30     2  27087.00      0.00 24967664 23231804  70.53      0.00  65800.00      0.00       0  sort

# Time        UID       PID    %usr %system  %guest   %wait    %CPU   CPU  minflt/s  majflt/s     VSZ     RSS   %MEM   kB_rd/s   kB_wr/s kB_ccwr/s iodelay  Command
05:39:20     1000      2779  100.00   17.00    0.00    0.00   16.79     2  25388.00      0.00 24967664 23333444  70.84      0.00 139820.00      0.00       0  sort

# Time        UID       PID    %usr %system  %guest   %wait    %CPU   CPU  minflt/s  majflt/s     VSZ     RSS   %MEM   kB_rd/s   kB_wr/s kB_ccwr/s iodelay  Command
05:39:21     1000      2779   85.00   15.00    0.00    0.00    6.27     2      0.00      0.00 24967664 23333444  70.84      0.00 192428.00      0.00       0  sort

# Time        UID       PID    %usr %system  %guest   %wait    %CPU   CPU  minflt/s  majflt/s     VSZ     RSS   %MEM   kB_rd/s   kB_wr/s kB_ccwr/s iodelay  Command
05:39:22     1000      2779   91.00   15.00    0.00    0.00    6.65     2   1241.00      0.00 24967664 23338724  70.86      0.00 175544.00      0.00       0  sort

# Time        UID       PID    %usr %system  %guest   %wait    %CPU   CPU  minflt/s  majflt/s     VSZ     RSS   %MEM   kB_rd/s   kB_wr/s kB_ccwr/s iodelay  Command
05:39:23     1000      2779  100.00   17.00    0.00    1.00   18.10     2  46177.00      0.00 24967664 23522996  71.42      0.00  68832.00      0.00       0  sort

# Time        UID       PID    %usr %system  %guest   %wait    %CPU   CPU  minflt/s  majflt/s     VSZ     RSS   %MEM   kB_rd/s   kB_wr/s kB_ccwr/s iodelay  Command
05:39:24     1000      2779   85.00   17.00    0.00    0.00    6.38     2    640.00      0.00 24967664 23525636  71.42      0.00 185364.00      0.00       0  sort

# Time        UID       PID    %usr %system  %guest   %wait    %CPU   CPU  minflt/s  majflt/s     VSZ     RSS   %MEM   kB_rd/s   kB_wr/s kB_ccwr/s iodelay  Command
05:39:25     1000      2779  100.00   19.00    0.00    0.00   17.44     2  44716.00      0.00 24967664 23704364  71.97      0.00  35292.00      0.00       0  sort

# Time        UID       PID    %usr %system  %guest   %wait    %CPU   CPU  minflt/s  majflt/s     VSZ     RSS   %MEM   kB_rd/s   kB_wr/s kB_ccwr/s iodelay  Command
05:39:26     1000      2779   95.00   12.00    0.00    0.00    6.70     2   1180.00      0.00 24967664 23709116  71.98      0.00 160132.00      0.00       0  sort

# Time        UID       PID    %usr %system  %guest   %wait    %CPU   CPU  minflt/s  majflt/s     VSZ     RSS   %MEM   kB_rd/s   kB_wr/s kB_ccwr/s iodelay  Command
05:39:27     1000      2779  100.00   19.00    0.00    0.00   16.15     2  40993.00      0.00 24967664 23873324  72.48      0.00  80528.00      0.00       0  sort

# Time        UID       PID    %usr %system  %guest   %wait    %CPU   CPU  minflt/s  majflt/s     VSZ     RSS   %MEM   kB_rd/s   kB_wr/s kB_ccwr/s iodelay  Command
05:39:28     1000      2779  100.00   25.00    0.00    0.00   14.09     2  25866.00      0.00 24967664 23976548  72.79      0.00 156676.00      0.00       0  sort

# Time        UID       PID    %usr %system  %guest   %wait    %CPU   CPU  minflt/s  majflt/s     VSZ     RSS   %MEM   kB_rd/s   kB_wr/s kB_ccwr/s iodelay  Command
05:39:29     1000      2779   85.00   15.00    0.00    0.00    6.27     2      0.00      0.00 24967664 23976548  72.79      0.00 184884.00      0.00       0  sort

# Time        UID       PID    %usr %system  %guest   %wait    %CPU   CPU  minflt/s  majflt/s     VSZ     RSS   %MEM   kB_rd/s   kB_wr/s kB_ccwr/s iodelay  Command
05:39:30     1000      2779  100.00   12.00    0.00    0.00    9.32     2  15436.00      0.00 24967664 24038324  72.98      0.00 143980.00      0.00       0  sort

# Time        UID       PID    %usr %system  %guest   %wait    %CPU   CPU  minflt/s  majflt/s     VSZ     RSS   %MEM   kB_rd/s   kB_wr/s kB_ccwr/s iodelay  Command
05:39:31     1000      2779  100.00   12.00    0.00    0.00   13.71     2  24357.00      0.00 24967664 24135740  73.28      0.00 112312.00      0.00       0  sort

# Time        UID       PID    %usr %system  %guest   %wait    %CPU   CPU  minflt/s  majflt/s     VSZ     RSS   %MEM   kB_rd/s   kB_wr/s kB_ccwr/s iodelay  Command
05:39:32     1000      2779   86.00   15.00    0.00    0.00    6.34     2      0.00      0.00 24967664 24135740  73.28      0.00 175500.00      0.00       0  sort

# Time        UID       PID    %usr %system  %guest   %wait    %CPU   CPU  minflt/s  majflt/s     VSZ     RSS   %MEM   kB_rd/s   kB_wr/s kB_ccwr/s iodelay  Command
05:39:33     1000      2779  100.00    9.00    0.00    0.00   12.64     2  22016.00      0.00 24967664 24223916  73.54      0.00  51696.00      0.00       0  sort

# Time        UID       PID    %usr %system  %guest   %wait    %CPU   CPU  minflt/s  majflt/s     VSZ     RSS   %MEM   kB_rd/s   kB_wr/s kB_ccwr/s iodelay  Command
05:39:34     1000      2779  100.00   19.00    0.00    0.00   13.98     2  10155.00      0.00 24967664 24264308  73.67      0.00 177512.00      0.00       0  sort

# Time        UID       PID    %usr %system  %guest   %wait    %CPU   CPU  minflt/s  majflt/s     VSZ     RSS   %MEM   kB_rd/s   kB_wr/s kB_ccwr/s iodelay  Command
05:39:35     1000      2779   87.00   21.00    0.00    0.00    6.75     2      0.00      0.00 24967664 24264308  73.67      0.00 194148.00      0.00       0  sort

# Time        UID       PID    %usr %system  %guest   %wait    %CPU   CPU  minflt/s  majflt/s     VSZ     RSS   %MEM   kB_rd/s   kB_wr/s kB_ccwr/s iodelay  Command
05:39:36     1000      2779   83.00   17.00    0.00    0.00    6.27     2      0.00      0.00 24967664 24264308  73.67      0.00 184984.00      0.00       0  sort

# Time        UID       PID    %usr %system  %guest   %wait    %CPU   CPU  minflt/s  majflt/s     VSZ     RSS   %MEM   kB_rd/s   kB_wr/s kB_ccwr/s iodelay  Command
05:39:37     1000      2779   96.00   11.00    0.00    0.00    6.74     2   5043.00      0.00 24967664 24284372  73.73      0.00 119956.00      0.00       0  sort

# Time        UID       PID    %usr %system  %guest   %wait    %CPU   CPU  minflt/s  majflt/s     VSZ     RSS   %MEM   kB_rd/s   kB_wr/s kB_ccwr/s iodelay  Command
05:39:38     1000      2779  100.00    7.00    0.00    0.00   11.09     2  13197.00      0.00 24967664 24337172  73.89      0.00  59128.00      0.00       0  sort

# Time        UID       PID    %usr %system  %guest   %wait    %CPU   CPU  minflt/s  majflt/s     VSZ     RSS   %MEM   kB_rd/s   kB_wr/s kB_ccwr/s iodelay  Command
05:39:39     1000      2779  100.00   17.00    0.00    0.00   10.69     2   8805.00      0.00 24967664 24372548  74.00      0.00 157096.00      0.00       0  sort

# Time        UID       PID    %usr %system  %guest   %wait    %CPU   CPU  minflt/s  majflt/s     VSZ     RSS   %MEM   kB_rd/s   kB_wr/s kB_ccwr/s iodelay  Command
05:39:40     1000      2779   79.00   21.00    0.00    0.00    6.27     2      0.00      0.00 24967664 24372548  74.00      0.00 174768.00      0.00       0  sort

# Time        UID       PID    %usr %system  %guest   %wait    %CPU   CPU  minflt/s  majflt/s     VSZ     RSS   %MEM   kB_rd/s   kB_wr/s kB_ccwr/s iodelay  Command
05:39:41     1000      2779   91.00    9.00    0.00    0.00    6.26     2      0.00      0.00 24967664 24372548  74.00      0.00 188640.00      0.00       0  sort

# Time        UID       PID    %usr %system  %guest   %wait    %CPU   CPU  minflt/s  majflt/s     VSZ     RSS   %MEM   kB_rd/s   kB_wr/s kB_ccwr/s iodelay  Command
05:39:42     1000      2779   97.00    8.00    0.00    0.00    6.60     2  10480.00      0.00 24967664 24414788  74.12      0.00  96852.00      0.00       0  sort

# Time        UID       PID    %usr %system  %guest   %wait    %CPU   CPU  minflt/s  majflt/s     VSZ     RSS   %MEM   kB_rd/s   kB_wr/s kB_ccwr/s iodelay  Command
05:39:43     1000      2779  100.00   13.00    0.00    0.00    9.71     2  13233.00      0.00 24967664 24467852  74.28      0.00 163840.00      0.00       0  sort

# Time        UID       PID    %usr %system  %guest   %wait    %CPU   CPU  minflt/s  majflt/s     VSZ     RSS   %MEM   kB_rd/s   kB_wr/s kB_ccwr/s iodelay  Command
05:39:44     1000      2779   85.00   16.00    0.00    0.00    6.32     2    571.00      0.00 24967664 24469964  74.29      0.00 174676.00      0.00       0  sort

# Time        UID       PID    %usr %system  %guest   %wait    %CPU   CPU  minflt/s  majflt/s     VSZ     RSS   %MEM   kB_rd/s   kB_wr/s kB_ccwr/s iodelay  Command
05:39:45     1000      2779  100.00   16.00    0.00    0.00   11.97     2  29035.00      0.00 24967664 24585860  74.64      0.00  96192.00      0.00       0  sort

# Time        UID       PID    %usr %system  %guest   %wait    %CPU   CPU  minflt/s  majflt/s     VSZ     RSS   %MEM   kB_rd/s   kB_wr/s kB_ccwr/s iodelay  Command
05:39:46     1000      2779  100.00   17.00    0.00    0.00    8.46     2   5956.00      0.00 24967664 24609884  74.72      0.00 195292.00      0.00       0  sort

# Time        UID       PID    %usr %system  %guest   %wait    %CPU   CPU  minflt/s  majflt/s     VSZ     RSS   %MEM   kB_rd/s   kB_wr/s kB_ccwr/s iodelay  Command
05:39:47     1000      2779   82.00   17.00    0.00    0.00    6.20     2      0.00      0.00 24967664 24609884  74.72      0.00 177312.00      0.00       0  sort

# Time        UID       PID    %usr %system  %guest   %wait    %CPU   CPU  minflt/s  majflt/s     VSZ     RSS   %MEM   kB_rd/s   kB_wr/s kB_ccwr/s iodelay  Command
05:39:48     1000      2779  100.00   14.00    0.00    0.00    8.96     2  20029.00      0.00 24967664 24690140  74.96      0.00 106504.00      0.00       0  sort

# Time        UID       PID    %usr %system  %guest   %wait    %CPU   CPU  minflt/s  majflt/s     VSZ     RSS   %MEM   kB_rd/s   kB_wr/s kB_ccwr/s iodelay  Command
05:39:49     1000      2779  100.00   18.00    0.00    0.00    7.60     2   3690.00      0.00 24967664 24704660  75.00      0.00 177588.00      0.00       0  sort

# Time        UID       PID    %usr %system  %guest   %wait    %CPU   CPU  minflt/s  majflt/s     VSZ     RSS   %MEM   kB_rd/s   kB_wr/s kB_ccwr/s iodelay  Command
05:39:50     1000      2779   65.00   29.00    0.00    0.00    5.89     2      1.00      0.00 24943076 24705700  75.01 565684.00  94624.00      0.00       5  sort

# Time        UID       PID    %usr %system  %guest   %wait    %CPU   CPU  minflt/s  majflt/s     VSZ     RSS   %MEM   kB_rd/s   kB_wr/s kB_ccwr/s iodelay  Command
05:39:51     1000      2779   25.00   61.00    0.00    1.00    5.39     2      0.00      0.00 24943076 24705424  75.01 1235772.00      0.00      0.00      14  sort

# Time        UID       PID    %usr %system  %guest   %wait    %CPU   CPU  minflt/s  majflt/s     VSZ     RSS   %MEM   kB_rd/s   kB_wr/s kB_ccwr/s iodelay  Command
05:39:52     1000      2779   26.00   63.00    0.00    0.00    5.60     2      0.00      0.00 24943076 24705080  75.00 1330264.00      0.00      0.00      11  sort

# Time        UID       PID    %usr %system  %guest   %wait    %CPU   CPU  minflt/s  majflt/s     VSZ     RSS   %MEM   kB_rd/s   kB_wr/s kB_ccwr/s iodelay  Command
05:39:53     1000      2779   27.00   59.00    0.00    0.00    5.41     2      0.00      0.00 24943076 24705032  75.00 1358612.00      0.00      0.00      13  sort

# Time        UID       PID    %usr %system  %guest   %wait    %CPU   CPU  minflt/s  majflt/s     VSZ     RSS   %MEM   kB_rd/s   kB_wr/s kB_ccwr/s iodelay  Command
05:39:54     1000      2779  100.00   13.00    0.00    0.00   39.61     2      7.00      1.00 24967664 24705032  75.00 299884.00      0.00      0.00       2  sort

# Time        UID       PID    %usr %system  %guest   %wait    %CPU   CPU  minflt/s  majflt/s     VSZ     RSS   %MEM   kB_rd/s   kB_wr/s kB_ccwr/s iodelay  Command
05:39:55     1000      2779  100.00    0.00    0.00    0.00   49.97     2      0.00      0.00 24967664 24705032  75.00      0.00      0.00      0.00       0  sort

# Time        UID       PID    %usr %system  %guest   %wait    %CPU   CPU  minflt/s  majflt/s     VSZ     RSS   %MEM   kB_rd/s   kB_wr/s kB_ccwr/s iodelay  Command
05:39:56     1000      2779  100.00    0.00    0.00    0.00   49.97     2      0.00      0.00 24967664 24705032  75.00      0.00      0.00      0.00       0  sort

# Time        UID       PID    %usr %system  %guest   %wait    %CPU   CPU  minflt/s  majflt/s     VSZ     RSS   %MEM   kB_rd/s   kB_wr/s kB_ccwr/s iodelay  Command
05:39:57     1000      2779  100.00    1.00    0.00    1.00   50.31     2      0.00      0.00 24967664 24705032  75.00      0.00      0.00      0.00       0  sort

# Time        UID       PID    %usr %system  %guest   %wait    %CPU   CPU  minflt/s  majflt/s     VSZ     RSS   %MEM   kB_rd/s   kB_wr/s kB_ccwr/s iodelay  Command
05:39:58     1000      2779  100.00    0.00    0.00    0.00   49.97     2      0.00      0.00 24967664 24705032  75.00      0.00      0.00      0.00       0  sort

# Time        UID       PID    %usr %system  %guest   %wait    %CPU   CPU  minflt/s  majflt/s     VSZ     RSS   %MEM   kB_rd/s   kB_wr/s kB_ccwr/s iodelay  Command
05:39:59     1000      2779  100.00    0.00    0.00    0.00   50.03     2      0.00      0.00 24967664 24705032  75.00      0.00      0.00      0.00       0  sort

# Time        UID       PID    %usr %system  %guest   %wait    %CPU   CPU  minflt/s  majflt/s     VSZ     RSS   %MEM   kB_rd/s   kB_wr/s kB_ccwr/s iodelay  Command
05:40:00     1000      2779  100.00    0.00    0.00    0.00   50.00     2      0.00      0.00 24967664 24705032  75.00      0.00      0.00      0.00       0  sort

# Time        UID       PID    %usr %system  %guest   %wait    %CPU   CPU  minflt/s  majflt/s     VSZ     RSS   %MEM   kB_rd/s   kB_wr/s kB_ccwr/s iodelay  Command
05:40:01     1000      2779  100.00    0.00    0.00    0.00   50.00     2      0.00      0.00 24967664 24705032  75.00      0.00      0.00      0.00       0  sort

# Time        UID       PID    %usr %system  %guest   %wait    %CPU   CPU  minflt/s  majflt/s     VSZ     RSS   %MEM   kB_rd/s   kB_wr/s kB_ccwr/s iodelay  Command
05:40:02     1000      2779  100.00    0.00    0.00    0.00   49.97     2      0.00      0.00 24967664 24705032  75.00      0.00      0.00      0.00       0  sort

# Time        UID       PID    %usr %system  %guest   %wait    %CPU   CPU  minflt/s  majflt/s     VSZ     RSS   %MEM   kB_rd/s   kB_wr/s kB_ccwr/s iodelay  Command
05:40:03     1000      2779  100.00    0.00    0.00    0.00   50.22     2      0.00      0.00 24967664 24705032  75.00      0.00      0.00      0.00       0  sort

# Time        UID       PID    %usr %system  %guest   %wait    %CPU   CPU  minflt/s  majflt/s     VSZ     RSS   %MEM   kB_rd/s   kB_wr/s kB_ccwr/s iodelay  Command
05:40:04     1000      2779  100.00    0.00    0.00    0.00   50.03     2      0.00      0.00 24967664 24705032  75.00      0.00      0.00      0.00       0  sort

# Time        UID       PID    %usr %system  %guest   %wait    %CPU   CPU  minflt/s  majflt/s     VSZ     RSS   %MEM   kB_rd/s   kB_wr/s kB_ccwr/s iodelay  Command
05:40:05     1000      2779  100.00    0.00    0.00    0.00   50.00     2      0.00      0.00 24967664 24705032  75.00      0.00      0.00      0.00       0  sort

# Time        UID       PID    %usr %system  %guest   %wait    %CPU   CPU  minflt/s  majflt/s     VSZ     RSS   %MEM   kB_rd/s   kB_wr/s kB_ccwr/s iodelay  Command
05:40:06     1000      2779  100.00    0.00    0.00    1.00   49.97     2      0.00      0.00 24967664 24705032  75.00      0.00      0.00      0.00       0  sort

# Time        UID       PID    %usr %system  %guest   %wait    %CPU   CPU  minflt/s  majflt/s     VSZ     RSS   %MEM   kB_rd/s   kB_wr/s kB_ccwr/s iodelay  Command
05:40:07     1000      2779  100.00    0.00    0.00    0.00   48.72     2      0.00      0.00 24967664 24705032  75.00      0.00      0.00      0.00       0  sort

# Time        UID       PID    %usr %system  %guest   %wait    %CPU   CPU  minflt/s  majflt/s     VSZ     RSS   %MEM   kB_rd/s   kB_wr/s kB_ccwr/s iodelay  Command
05:40:08     1000      2779  100.00    1.00    0.00    0.00   35.23     2      0.00      0.00 24967664 24705032  75.00      0.00      0.00      0.00       0  sort

# Time        UID       PID    %usr %system  %guest   %wait    %CPU   CPU  minflt/s  majflt/s     VSZ     RSS   %MEM   kB_rd/s   kB_wr/s kB_ccwr/s iodelay  Command
05:40:09     1000      2779  100.00    9.00    0.00    0.00   18.19     2      2.00      0.00 25033200 24705032  75.00      0.00 129856.00      0.00       0  sort

# Time        UID       PID    %usr %system  %guest   %wait    %CPU   CPU  minflt/s  majflt/s     VSZ     RSS   %MEM   kB_rd/s   kB_wr/s kB_ccwr/s iodelay  Command
05:40:10     1000      2779  100.00    8.00    0.00    0.00   15.64     2      0.00      0.00 25033200 24705032  75.00      0.00  96724.00      0.00       0  sort

# Time        UID       PID    %usr %system  %guest   %wait    %CPU   CPU  minflt/s  majflt/s     VSZ     RSS   %MEM   kB_rd/s   kB_wr/s kB_ccwr/s iodelay  Command
05:40:11     1000      2779  100.00   13.00    0.00    0.00   14.55     2      0.00      0.00 25033200 24705032  75.00      0.00 148444.00      0.00       0  sort

# Time        UID       PID    %usr %system  %guest   %wait    %CPU   CPU  minflt/s  majflt/s     VSZ     RSS   %MEM   kB_rd/s   kB_wr/s kB_ccwr/s iodelay  Command
05:40:12     1000      2779  100.00   12.00    0.00    0.00   21.49     2      0.00      0.00 25033200 24705032  75.00      0.00 125660.00      0.00       0  sort

# Time        UID       PID    %usr %system  %guest   %wait    %CPU   CPU  minflt/s  majflt/s     VSZ     RSS   %MEM   kB_rd/s   kB_wr/s kB_ccwr/s iodelay  Command
05:40:13     1000      2779  100.00   12.00    0.00    0.00   13.05     2      0.00      0.00 25033200 24705032  75.00      0.00 144520.00      0.00       0  sort

# Time        UID       PID    %usr %system  %guest   %wait    %CPU   CPU  minflt/s  majflt/s     VSZ     RSS   %MEM   kB_rd/s   kB_wr/s kB_ccwr/s iodelay  Command
05:40:14     1000      2779  100.00   12.00    0.00    0.00   15.96     2      0.00      0.00 25033200 24705032  75.00      0.00 171856.00      0.00       0  sort

# Time        UID       PID    %usr %system  %guest   %wait    %CPU   CPU  minflt/s  majflt/s     VSZ     RSS   %MEM   kB_rd/s   kB_wr/s kB_ccwr/s iodelay  Command
05:40:15     1000      2779  100.00   10.89    0.00    0.00   16.02     2      0.00      0.00 25033200 24705032  75.00      0.00 118772.28      0.00       0  sort

# Time        UID       PID    %usr %system  %guest   %wait    %CPU   CPU  minflt/s  majflt/s     VSZ     RSS   %MEM   kB_rd/s   kB_wr/s kB_ccwr/s iodelay  Command
05:40:16     1000      2779  100.00   11.00    0.00    0.00   19.64     2      0.00      0.00 25033200 24705032  75.00      0.00 126704.00      0.00       0  sort

# Time        UID       PID    %usr %system  %guest   %wait    %CPU   CPU  minflt/s  majflt/s     VSZ     RSS   %MEM   kB_rd/s   kB_wr/s kB_ccwr/s iodelay  Command
05:40:17     1000      2779  100.00   11.00    0.00    0.00   16.72     2      0.00      0.00 25033200 24705032  75.00      0.00 135328.00      0.00       0  sort

# Time        UID       PID    %usr %system  %guest   %wait    %CPU   CPU  minflt/s  majflt/s     VSZ     RSS   %MEM   kB_rd/s   kB_wr/s kB_ccwr/s iodelay  Command
05:40:18     1000      2779  100.00   13.00    0.00    0.00   12.60     2      0.00      0.00 25033200 24705032  75.00      0.00 149040.00      0.00       0  sort

# Time        UID       PID    %usr %system  %guest   %wait    %CPU   CPU  minflt/s  majflt/s     VSZ     RSS   %MEM   kB_rd/s   kB_wr/s kB_ccwr/s iodelay  Command
05:40:19     1000      2779  100.00   15.00    0.00    0.00   15.32     2      0.00      0.00 25033200 24705032  75.00      0.00 144764.00      0.00       0  sort

# Time        UID       PID    %usr %system  %guest   %wait    %CPU   CPU  minflt/s  majflt/s     VSZ     RSS   %MEM   kB_rd/s   kB_wr/s kB_ccwr/s iodelay  Command
05:40:20     1000      2779  100.00   10.00    0.00    0.00   19.41     2      0.00      0.00 25033200 24705032  75.00      0.00 128328.00      0.00       0  sort

# Time        UID       PID    %usr %system  %guest   %wait    %CPU   CPU  minflt/s  majflt/s     VSZ     RSS   %MEM   kB_rd/s   kB_wr/s kB_ccwr/s iodelay  Command
05:40:21     1000      2779  100.00   13.00    0.00    0.00   15.12     2      0.00      0.00 25033200 24705032  75.00      0.00 176180.00      0.00       0  sort

# Time        UID       PID    %usr %system  %guest   %wait    %CPU   CPU  minflt/s  majflt/s     VSZ     RSS   %MEM   kB_rd/s   kB_wr/s kB_ccwr/s iodelay  Command
05:40:22     1000      2779  100.00   11.00    0.00    0.00   17.58     2      0.00      0.00 25033200 24705032  75.00      0.00 142888.00      0.00       0  sort

# Time        UID       PID    %usr %system  %guest   %wait    %CPU   CPU  minflt/s  majflt/s     VSZ     RSS   %MEM   kB_rd/s   kB_wr/s kB_ccwr/s iodelay  Command
05:40:23     1000      2779  100.00   10.00    0.00    0.00   15.42     2      0.00      0.00 25033200 24705032  75.00      0.00 156768.00      0.00       0  sort

# Time        UID       PID    %usr %system  %guest   %wait    %CPU   CPU  minflt/s  majflt/s     VSZ     RSS   %MEM   kB_rd/s   kB_wr/s kB_ccwr/s iodelay  Command
05:40:24     1000      2779  100.00   15.00    0.00    0.00   13.54     2      0.00      0.00 25033200 24705032  75.00      0.00 157164.00      0.00       0  sort

# Time        UID       PID    %usr %system  %guest   %wait    %CPU   CPU  minflt/s  majflt/s     VSZ     RSS   %MEM   kB_rd/s   kB_wr/s kB_ccwr/s iodelay  Command
05:40:25     1000      2779  100.00   14.00    0.00    0.00   14.01     2      0.00      0.00 25033200 24705032  75.00      0.00 159500.00      0.00       0  sort

# Time        UID       PID    %usr %system  %guest   %wait    %CPU   CPU  minflt/s  majflt/s     VSZ     RSS   %MEM   kB_rd/s   kB_wr/s kB_ccwr/s iodelay  Command
05:40:26     1000      2779  100.00   13.00    0.00    0.00   12.57     2      0.00      0.00 25033200 24705032  75.00      0.00 144408.00      0.00       0  sort

# Time        UID       PID    %usr %system  %guest   %wait    %CPU   CPU  minflt/s  majflt/s     VSZ     RSS   %MEM   kB_rd/s   kB_wr/s kB_ccwr/s iodelay  Command
05:40:27     1000      2779  100.00    9.00    0.00    0.00   13.21     2      0.00      0.00 25033200 24705032  75.00      0.00 135100.00      0.00       0  sort

# Time        UID       PID    %usr %system  %guest   %wait    %CPU   CPU  minflt/s  majflt/s     VSZ     RSS   %MEM   kB_rd/s   kB_wr/s kB_ccwr/s iodelay  Command
05:40:28     1000      2779  100.00   12.00    0.00    0.00   12.88     2      0.00      0.00 25033200 24705032  75.00      0.00 128680.00      0.00       0  sort

# Time        UID       PID    %usr %system  %guest   %wait    %CPU   CPU  minflt/s  majflt/s     VSZ     RSS   %MEM   kB_rd/s   kB_wr/s kB_ccwr/s iodelay  Command
05:40:29     1000      2779  100.00   12.00    0.00    0.00   12.20     2      0.00      0.00 25033200 24705032  75.00      0.00 173432.00      0.00       0  sort

# Time        UID       PID    %usr %system  %guest   %wait    %CPU   CPU  minflt/s  majflt/s     VSZ     RSS   %MEM   kB_rd/s   kB_wr/s kB_ccwr/s iodelay  Command
05:40:30     1000      2779  100.00   12.00    0.00    0.00   10.97     2      0.00      0.00 25033200 24705032  75.00      0.00 139208.00      0.00       0  sort

# Time        UID       PID    %usr %system  %guest   %wait    %CPU   CPU  minflt/s  majflt/s     VSZ     RSS   %MEM   kB_rd/s   kB_wr/s kB_ccwr/s iodelay  Command
05:40:31     1000      2779  100.00   11.00    0.00    0.00   12.59     2      0.00      0.00 25033200 24705028  75.00      0.00 147236.00      0.00       0  sort

# Time        UID       PID    %usr %system  %guest   %wait    %CPU   CPU  minflt/s  majflt/s     VSZ     RSS   %MEM   kB_rd/s   kB_wr/s kB_ccwr/s iodelay  Command
05:40:32     1000      2779  100.00    8.00    0.00    0.00   10.83     2      0.00      0.00 25033200 24705008  75.00      0.00 145660.00      0.00       0  sort

# Time        UID       PID    %usr %system  %guest   %wait    %CPU   CPU  minflt/s  majflt/s     VSZ     RSS   %MEM   kB_rd/s   kB_wr/s kB_ccwr/s iodelay  Command
05:40:33     1000      2779  100.00   15.00    0.00    0.00    7.98     2      0.00      0.00 25033200 24705008  75.00      0.00 163536.00      0.00       0  sort

# Time        UID       PID    %usr %system  %guest   %wait    %CPU   CPU  minflt/s  majflt/s     VSZ     RSS   %MEM   kB_rd/s   kB_wr/s kB_ccwr/s iodelay  Command
05:40:34     1000      2779  100.00   12.00    0.00    0.00   10.71     2      0.00      0.00 25033200 24705008  75.00      0.00 150276.00      0.00       0  sort

# Time        UID       PID    %usr %system  %guest   %wait    %CPU   CPU  minflt/s  majflt/s     VSZ     RSS   %MEM   kB_rd/s   kB_wr/s kB_ccwr/s iodelay  Command
05:40:35     1000      2779  100.00   13.00    0.00    0.00    7.80     2      0.00      0.00 25033200 24705008  75.00      0.00 137408.00      0.00       0  sort

# Time        UID       PID    %usr %system  %guest   %wait    %CPU   CPU  minflt/s  majflt/s     VSZ     RSS   %MEM   kB_rd/s   kB_wr/s kB_ccwr/s iodelay  Command
05:40:36     1000      2779  100.00   14.00    0.00    0.00    8.06     2      0.00      0.00 25033200 24705000  75.00      0.00 180448.00      0.00       0  sort

# Time        UID       PID    %usr %system  %guest   %wait    %CPU   CPU  minflt/s  majflt/s     VSZ     RSS   %MEM   kB_rd/s   kB_wr/s kB_ccwr/s iodelay  Command
05:40:37     1000      2779  100.00   11.00    0.00    0.00   10.46     2      0.00      0.00 25033200 24704984  75.00      0.00 152180.00      0.00       0  sort

# Time        UID       PID    %usr %system  %guest   %wait    %CPU   CPU  minflt/s  majflt/s     VSZ     RSS   %MEM   kB_rd/s   kB_wr/s kB_ccwr/s iodelay  Command
05:40:38     1000      2779  100.00   18.00    0.00    0.00    8.15     2      0.00      0.00 25033200 24704972  75.00      0.00 192116.00      0.00       0  sort

# Time        UID       PID    %usr %system  %guest   %wait    %CPU   CPU  minflt/s  majflt/s     VSZ     RSS   %MEM   kB_rd/s   kB_wr/s kB_ccwr/s iodelay  Command
05:40:39     1000      2779  100.00   14.00    0.00    0.00    7.76     2      0.00      0.00 25033200 24704952  75.00      0.00 144492.00      0.00       0  sort

# Time        UID       PID    %usr %system  %guest   %wait    %CPU   CPU  minflt/s  majflt/s     VSZ     RSS   %MEM   kB_rd/s   kB_wr/s kB_ccwr/s iodelay  Command
05:40:40     1000      2779  100.00   13.00    0.00    0.00    7.77     2      0.00      0.00 25033200 24704932  75.00      0.00 176592.00      0.00       0  sort

# Time        UID       PID    %usr %system  %guest   %wait    %CPU   CPU  minflt/s  majflt/s     VSZ     RSS   %MEM   kB_rd/s   kB_wr/s kB_ccwr/s iodelay  Command
05:40:41     1000      2779   22.00   78.00    0.00    1.00    6.26     2      0.00      0.00 25008612 7219180  21.92      0.00  65680.00      0.00       0  sort

# Time        UID       PID    %usr %system  %guest   %wait    %CPU   CPU  minflt/s  majflt/s     VSZ     RSS   %MEM   kB_rd/s   kB_wr/s kB_ccwr/s iodelay  Command
05:40:42     1000      2779   35.00   56.00    0.00    0.00    5.69     2    133.00      0.00  305632    2000   0.01 197600.00 196684.00      0.00       9  sort

# Time        UID       PID    %usr %system  %guest   %wait    %CPU   CPU  minflt/s  majflt/s     VSZ     RSS   %MEM   kB_rd/s   kB_wr/s kB_ccwr/s iodelay  Command
05:40:43     1000      2779   53.00   47.00    0.00    0.00    6.27     2      0.00      0.00  305632    2000   0.01 323532.00 323520.00      0.00       0  sort

# Time        UID       PID    %usr %system  %guest   %wait    %CPU   CPU  minflt/s  majflt/s     VSZ     RSS   %MEM   kB_rd/s   kB_wr/s kB_ccwr/s iodelay  Command
05:40:44     1000      2779   60.00   40.00    0.00    0.00    6.25     2      0.00      0.00  305632    2000   0.01 337152.00 337180.00      0.00       0  sort

# Time        UID       PID    %usr %system  %guest   %wait    %CPU   CPU  minflt/s  majflt/s     VSZ     RSS   %MEM   kB_rd/s   kB_wr/s kB_ccwr/s iodelay  Command
05:40:45     1000      2779   56.00   44.00    0.00    0.00    6.26     2      0.00      0.00  305632    2000   0.01 345088.00 344956.00      0.00       0  sort

# Time        UID       PID    %usr %system  %guest   %wait    %CPU   CPU  minflt/s  majflt/s     VSZ     RSS   %MEM   kB_rd/s   kB_wr/s kB_ccwr/s iodelay  Command
05:40:46     1000      2779   58.00   42.00    0.00    0.00    6.27     2      0.00      0.00  305632    2000   0.01 341504.00 341536.00      0.00       0  sort

# Time        UID       PID    %usr %system  %guest   %wait    %CPU   CPU  minflt/s  majflt/s     VSZ     RSS   %MEM   kB_rd/s   kB_wr/s kB_ccwr/s iodelay  Command
05:40:47     1000      2779   52.00   48.00    0.00    0.00    6.27     2      0.00      0.00  305632    2000   0.01 317440.00 317512.00      0.00       0  sort

# Time        UID       PID    %usr %system  %guest   %wait    %CPU   CPU  minflt/s  majflt/s     VSZ     RSS   %MEM   kB_rd/s   kB_wr/s kB_ccwr/s iodelay  Command
05:40:48     1000      2779   56.00   43.00    0.00    0.00    6.20     2      0.00      0.00  305632    2000   0.01 328448.00 328704.00      0.00       0  sort

# Time        UID       PID    %usr %system  %guest   %wait    %CPU   CPU  minflt/s  majflt/s     VSZ     RSS   %MEM   kB_rd/s   kB_wr/s kB_ccwr/s iodelay  Command
05:40:49     1000      2779   63.00   37.00    0.00    0.00    6.27     2      0.00      0.00  305632    2000   0.01 369344.00 369264.00      0.00       0  sort

# Time        UID       PID    %usr %system  %guest   %wait    %CPU   CPU  minflt/s  majflt/s     VSZ     RSS   %MEM   kB_rd/s   kB_wr/s kB_ccwr/s iodelay  Command
05:40:50     1000      2779   61.00   40.00    0.00    0.00    6.36     2      0.00      0.00  305632    2000   0.01 339456.00 339232.00      0.00       0  sort

# Time        UID       PID    %usr %system  %guest   %wait    %CPU   CPU  minflt/s  majflt/s     VSZ     RSS   %MEM   kB_rd/s   kB_wr/s kB_ccwr/s iodelay  Command
05:40:51     1000      2779   55.00   44.00    0.00    0.00    6.26     2      0.00      0.00  305632    2000   0.01 302336.00 302456.00      0.00       0  sort

# Time        UID       PID    %usr %system  %guest   %wait    %CPU   CPU  minflt/s  majflt/s     VSZ     RSS   %MEM   kB_rd/s   kB_wr/s kB_ccwr/s iodelay  Command
05:40:52     1000      2779   51.00   44.00    0.00    0.00    5.99     2      0.00      0.00  305632    2000   0.01 279296.00 279484.00      0.00       4  sort

# Time        UID       PID    %usr %system  %guest   %wait    %CPU   CPU  minflt/s  majflt/s     VSZ     RSS   %MEM   kB_rd/s   kB_wr/s kB_ccwr/s iodelay  Command
05:40:53     1000      2779   38.00   32.00    0.00    0.00    4.39     2      0.00      0.00  305632    2000   0.01 216832.00 216608.00      0.00      30  sort

# Time        UID       PID    %usr %system  %guest   %wait    %CPU   CPU  minflt/s  majflt/s     VSZ     RSS   %MEM   kB_rd/s   kB_wr/s kB_ccwr/s iodelay  Command
05:40:54     1000      2779   60.00   40.00    0.00    0.00    6.26     2      0.00      0.00  305632    2000   0.01 322816.00 322860.00      0.00       0  sort

# Time        UID       PID    %usr %system  %guest   %wait    %CPU   CPU  minflt/s  majflt/s     VSZ     RSS   %MEM   kB_rd/s   kB_wr/s kB_ccwr/s iodelay  Command
05:40:55     1000      2779   54.46   44.55    0.00    0.00    6.27     2      0.00      0.00  305632    2000   0.01 312015.84 312297.03      0.00       0  sort

# Time        UID       PID    %usr %system  %guest   %wait    %CPU   CPU  minflt/s  majflt/s     VSZ     RSS   %MEM   kB_rd/s   kB_wr/s kB_ccwr/s iodelay  Command
05:40:56     1000      2779   53.00   47.00    0.00    1.00    6.27     2      0.00      0.00  305632    2000   0.01 310784.00 310516.00      0.00       0  sort

# Time        UID       PID    %usr %system  %guest   %wait    %CPU   CPU  minflt/s  majflt/s     VSZ     RSS   %MEM   kB_rd/s   kB_wr/s kB_ccwr/s iodelay  Command
05:40:57     1000      2779   14.00   13.00    0.00    0.00    1.69     2      0.00      0.00  305632    2000   0.01  70656.00  70604.00      0.00      71  sort

# Time        UID       PID    %usr %system  %guest   %wait    %CPU   CPU  minflt/s  majflt/s     VSZ     RSS   %MEM   kB_rd/s   kB_wr/s kB_ccwr/s iodelay  Command
05:40:58     1000      2779   21.00   19.00    0.00    0.00    2.50     2      0.00      0.00  305632    2000   0.01 104960.00 104900.00      0.00      63  sort

# Time        UID       PID    %usr %system  %guest   %wait    %CPU   CPU  minflt/s  majflt/s     VSZ     RSS   %MEM   kB_rd/s   kB_wr/s kB_ccwr/s iodelay  Command
05:40:59     1000      2779   49.00   45.00    0.00    0.00    5.90     2      0.00      0.00  305632    2000   0.01 297216.00 297240.00      0.00       5  sort

# Time        UID       PID    %usr %system  %guest   %wait    %CPU   CPU  minflt/s  majflt/s     VSZ     RSS   %MEM   kB_rd/s   kB_wr/s kB_ccwr/s iodelay  Command
05:41:00     1000      2779   58.00   42.00    0.00    0.00    6.26     2      0.00      0.00  305632    2000   0.01 337656.00 337764.00      0.00       0  sort

# Time        UID       PID    %usr %system  %guest   %wait    %CPU   CPU  minflt/s  majflt/s     VSZ     RSS   %MEM   kB_rd/s   kB_wr/s kB_ccwr/s iodelay  Command
05:41:01     1000      2779   55.00   44.00    0.00    0.00    6.24     2      0.00      0.00  305632    2000   0.01 320256.00 320188.00      0.00       0  sort

# Time        UID       PID    %usr %system  %guest   %wait    %CPU   CPU  minflt/s  majflt/s     VSZ     RSS   %MEM   kB_rd/s   kB_wr/s kB_ccwr/s iodelay  Command
05:41:02     1000      2779   53.00   46.00    0.00    0.00    6.24     2      0.00      0.00  305632    2000   0.01 294912.00 295092.00      0.00       1  sort

# Time        UID       PID    %usr %system  %guest   %wait    %CPU   CPU  minflt/s  majflt/s     VSZ     RSS   %MEM   kB_rd/s   kB_wr/s kB_ccwr/s iodelay  Command
05:41:03     1000      2779   56.00   43.00    0.00    0.00    6.24     2      0.00      0.00  305632    2000   0.01 306432.00 306160.00      0.00       0  sort

# Time        UID       PID    %usr %system  %guest   %wait    %CPU   CPU  minflt/s  majflt/s     VSZ     RSS   %MEM   kB_rd/s   kB_wr/s kB_ccwr/s iodelay  Command
05:41:04     1000      2779   60.00   40.00    0.00    0.00    6.25     2      0.00      0.00  305632    2000   0.01 323072.00 323084.00      0.00       0  sort

# Time        UID       PID    %usr %system  %guest   %wait    %CPU   CPU  minflt/s  majflt/s     VSZ     RSS   %MEM   kB_rd/s   kB_wr/s kB_ccwr/s iodelay  Command
05:41:05     1000      2779   58.00   42.00    0.00    0.00    6.27     2      0.00      0.00  305632    2000   0.01 337088.00 337044.00      0.00       0  sort

# Time        UID       PID    %usr %system  %guest   %wait    %CPU   CPU  minflt/s  majflt/s     VSZ     RSS   %MEM   kB_rd/s   kB_wr/s kB_ccwr/s iodelay  Command
05:41:06     1000      2779   46.00   37.00    0.00    0.00    5.20     2      0.00      0.00  305632    2000   0.01 282112.00 282392.00      0.00       0  sort

# Time        UID       PID    %usr %system  %guest   %wait    %CPU   CPU  minflt/s  majflt/s     VSZ     RSS   %MEM   kB_rd/s   kB_wr/s kB_ccwr/s iodelay  Command
05:41:07     1000      2779   20.00   16.00    0.00    0.00    2.25     2      0.00      0.00  305632    2000   0.01  95488.00  95264.00      0.00      81  sort

# Time        UID       PID    %usr %system  %guest   %wait    %CPU   CPU  minflt/s  majflt/s     VSZ     RSS   %MEM   kB_rd/s   kB_wr/s kB_ccwr/s iodelay  Command
05:41:08     1000      2779   52.00   49.00    0.00    0.00    6.32     2      0.00      0.00  305632    2000   0.01 319960.00 320152.00      0.00       0  sort

# Time        UID       PID    %usr %system  %guest   %wait    %CPU   CPU  minflt/s  majflt/s     VSZ     RSS   %MEM   kB_rd/s   kB_wr/s kB_ccwr/s iodelay  Command
05:41:09     1000      2779   44.00   44.00    0.00    1.00    5.53     2      0.00      0.00  305632    2000   0.01 232960.00 233004.00      0.00      10  sort

# Time        UID       PID    %usr %system  %guest   %wait    %CPU   CPU  minflt/s  majflt/s     VSZ     RSS   %MEM   kB_rd/s   kB_wr/s kB_ccwr/s iodelay  Command
05:41:10     1000      2779   49.00   52.00    0.00    0.00    6.38     2      0.00      0.00  305632    2000   0.01 275960.00 275876.00      0.00       0  sort

# Time        UID       PID    %usr %system  %guest   %wait    %CPU   CPU  minflt/s  majflt/s     VSZ     RSS   %MEM   kB_rd/s   kB_wr/s kB_ccwr/s iodelay  Command
05:41:11     1000      2779   58.00   42.00    0.00    0.00    6.30     2      0.00      0.00  305632    2000   0.01 286720.00 286740.00      0.00       0  sort

# Time        UID       PID    %usr %system  %guest   %wait    %CPU   CPU  minflt/s  majflt/s     VSZ     RSS   %MEM   kB_rd/s   kB_wr/s kB_ccwr/s iodelay  Command
05:41:12     1000      2779   52.00   48.00    0.00    0.00    6.26     2      0.00      0.00  305632    2000   0.01 330748.00 330824.00      0.00       0  sort

# Time        UID       PID    %usr %system  %guest   %wait    %CPU   CPU  minflt/s  majflt/s     VSZ     RSS   %MEM   kB_rd/s   kB_wr/s kB_ccwr/s iodelay  Command
05:41:13     1000      2779   54.00   45.00    0.00    0.00    6.18     2      0.00      0.00  305632    2000   0.01 311140.00 328952.00      0.00       0  sort

# Time        UID       PID    %usr %system  %guest   %wait    %CPU   CPU  minflt/s  majflt/s     VSZ     RSS   %MEM   kB_rd/s   kB_wr/s kB_ccwr/s iodelay  Command
05:41:14     1000      2779   54.00   46.00    0.00    0.00    6.27     2      0.00      0.00  305632    2000   0.01 230912.00 332680.00      0.00       0  sort

# Time        UID       PID    %usr %system  %guest   %wait    %CPU   CPU  minflt/s  majflt/s     VSZ     RSS   %MEM   kB_rd/s   kB_wr/s kB_ccwr/s iodelay  Command
05:41:15     1000      2779   36.00   28.00    0.00    0.00    4.01     2      0.00      0.00  305632    2000   0.01 131840.00 190464.00      0.00      36  sort

# Time        UID       PID    %usr %system  %guest   %wait    %CPU   CPU  minflt/s  majflt/s     VSZ     RSS   %MEM   kB_rd/s   kB_wr/s kB_ccwr/s iodelay  Command
05:41:16     1000      2779   55.00   46.00    0.00    0.00    6.32     2      0.00      0.00  305632    2000   0.01 236544.00 341216.00      0.00       0  sort

# Time        UID       PID    %usr %system  %guest   %wait    %CPU   CPU  minflt/s  majflt/s     VSZ     RSS   %MEM   kB_rd/s   kB_wr/s kB_ccwr/s iodelay  Command
05:41:17     1000      2779   52.00   48.00    0.00    0.00    6.25     2      0.00      0.00  305632    2000   0.01 222720.00 320888.00      0.00       0  sort

# Time        UID       PID    %usr %system  %guest   %wait    %CPU   CPU  minflt/s  majflt/s     VSZ     RSS   %MEM   kB_rd/s   kB_wr/s kB_ccwr/s iodelay  Command
05:41:18     1000      2779   53.00   47.00    0.00    0.00    6.29     2      0.00      0.00  305632    2000   0.01 204288.00 294748.00      0.00       0  sort

# Time        UID       PID    %usr %system  %guest   %wait    %CPU   CPU  minflt/s  majflt/s     VSZ     RSS   %MEM   kB_rd/s   kB_wr/s kB_ccwr/s iodelay  Command
05:41:19     1000      2779   49.00   48.00    0.00    0.00    6.10     2      0.00      0.00  305632    2000   0.01 205568.00 296488.00      0.00       0  sort

# Time        UID       PID    %usr %system  %guest   %wait    %CPU   CPU  minflt/s  majflt/s     VSZ     RSS   %MEM   kB_rd/s   kB_wr/s kB_ccwr/s iodelay  Command
05:41:20     1000      2779   49.00   47.00    0.00    0.00    6.02     2      0.00      0.00  305632    2000   0.01 220672.00 318392.00      0.00       4  sort

# Time        UID       PID    %usr %system  %guest   %wait    %CPU   CPU  minflt/s  majflt/s     VSZ     RSS   %MEM   kB_rd/s   kB_wr/s kB_ccwr/s iodelay  Command
05:41:21     1000      2779   63.00   37.00    0.00    0.00    6.25     2      0.00      0.00  305632    2000   0.01 251648.00 362572.00      0.00       0  sort

# Time        UID       PID    %usr %system  %guest   %wait    %CPU   CPU  minflt/s  majflt/s     VSZ     RSS   %MEM   kB_rd/s   kB_wr/s kB_ccwr/s iodelay  Command
05:41:22     1000      2779   58.00   42.00    0.00    0.00    6.30     2      0.00      0.00  305632    2000   0.01 212480.00 306536.00      0.00       0  sort

# Time        UID       PID    %usr %system  %guest   %wait    %CPU   CPU  minflt/s  majflt/s     VSZ     RSS   %MEM   kB_rd/s   kB_wr/s kB_ccwr/s iodelay  Command
05:41:23     1000      2779   61.00   38.00    0.00    0.00    6.20     2      0.00      0.00  305632    2000   0.01 259840.00 374492.00      0.00       0  sort

# Time        UID       PID    %usr %system  %guest   %wait    %CPU   CPU  minflt/s  majflt/s     VSZ     RSS   %MEM   kB_rd/s   kB_wr/s kB_ccwr/s iodelay  Command
05:41:24     1000      2779   61.00   39.00    0.00    0.00    6.25     2      0.00      0.00  305632    2000   0.01 261376.00 376788.00      0.00       0  sort

# Time        UID       PID    %usr %system  %guest   %wait    %CPU   CPU  minflt/s  majflt/s     VSZ     RSS   %MEM   kB_rd/s   kB_wr/s kB_ccwr/s iodelay  Command
05:41:25     1000      2779   63.00   37.00    0.00    0.00    6.27     2      0.00      0.00  305632    2000   0.01 253952.00 366488.00      0.00       0  sort

# Time        UID       PID    %usr %system  %guest   %wait    %CPU   CPU  minflt/s  majflt/s     VSZ     RSS   %MEM   kB_rd/s   kB_wr/s kB_ccwr/s iodelay  Command
05:41:26     1000      2779   55.00   36.00    0.00    0.00    5.70     2      0.00      0.00  305632    2000   0.01 230400.00 332444.00      0.00       9  sort

# Time        UID       PID    %usr %system  %guest   %wait    %CPU   CPU  minflt/s  majflt/s     VSZ     RSS   %MEM   kB_rd/s   kB_wr/s kB_ccwr/s iodelay  Command
05:41:27     1000      2779   60.00   40.00    0.00    0.00    6.32     2      0.00      0.00  305632    2000   0.01 272836.00 322336.00      0.00       0  sort

# Time        UID       PID    %usr %system  %guest   %wait    %CPU   CPU  minflt/s  majflt/s     VSZ     RSS   %MEM   kB_rd/s   kB_wr/s kB_ccwr/s iodelay  Command
05:41:28     1000      2779   48.00   52.00    0.00    1.00    6.30     2      0.00      0.00  305632    2000   0.01 277760.00 278144.00      0.00       0  sort

# Time        UID       PID    %usr %system  %guest   %wait    %CPU   CPU  minflt/s  majflt/s     VSZ     RSS   %MEM   kB_rd/s   kB_wr/s kB_ccwr/s iodelay  Command
05:41:29     1000      2779   48.00   48.00    0.00    0.00    6.04     2      0.00      0.00  305632    2000   0.01 272384.00 272204.00      0.00       4  sort

# Time        UID       PID    %usr %system  %guest   %wait    %CPU   CPU  minflt/s  majflt/s     VSZ     RSS   %MEM   kB_rd/s   kB_wr/s kB_ccwr/s iodelay  Command
05:41:30     1000      2779   55.00   44.00    0.00    0.00    6.19     2      0.00      0.00  305632    2000   0.01 318976.00 318904.00      0.00       0  sort

# Time        UID       PID    %usr %system  %guest   %wait    %CPU   CPU  minflt/s  majflt/s     VSZ     RSS   %MEM   kB_rd/s   kB_wr/s kB_ccwr/s iodelay  Command
05:41:31     1000      2779   42.00   40.00    0.00    0.00    5.13     2      0.00      0.00  305632    2000   0.01 251136.00 251372.00      0.00      14  sort

# Time        UID       PID    %usr %system  %guest   %wait    %CPU   CPU  minflt/s  majflt/s     VSZ     RSS   %MEM   kB_rd/s   kB_wr/s kB_ccwr/s iodelay  Command
05:41:32     1000      2779    6.00    6.00    0.00    0.00    0.75     2      0.00      0.00  305632    2000   0.01  14080.00  13820.00      0.00      89  sort

# Time        UID       PID    %usr %system  %guest   %wait    %CPU   CPU  minflt/s  majflt/s     VSZ     RSS   %MEM   kB_rd/s   kB_wr/s kB_ccwr/s iodelay  Command
05:41:33     1000      2779    9.00    6.00    0.00    0.00    0.94     2      0.00      0.00  305632    2000   0.01  16384.00  16420.00      0.00      86  sort

# Time        UID       PID    %usr %system  %guest   %wait    %CPU   CPU  minflt/s  majflt/s     VSZ     RSS   %MEM   kB_rd/s   kB_wr/s kB_ccwr/s iodelay  Command
05:41:34     1000      2779    6.00    4.00    0.00    0.00    0.63     2      0.00      0.00  305632    2000   0.01  11264.00  11484.00      0.00      84  sort

# Time        UID       PID    %usr %system  %guest   %wait    %CPU   CPU  minflt/s  majflt/s     VSZ     RSS   %MEM   kB_rd/s   kB_wr/s kB_ccwr/s iodelay  Command
05:41:35     1000      2779   13.00   10.00    0.00    0.00    1.44     2      0.00      0.00  305632    2000   0.01  38656.00  38600.00      0.00      84  sort

# Time        UID       PID    %usr %system  %guest   %wait    %CPU   CPU  minflt/s  majflt/s     VSZ     RSS   %MEM   kB_rd/s   kB_wr/s kB_ccwr/s iodelay  Command
05:41:36     1000      2779   47.00   42.00    0.00    0.00    5.62     2      0.00      0.00  305632    2000   0.01 248832.00 248764.00      0.00      11  sort

# Time        UID       PID    %usr %system  %guest   %wait    %CPU   CPU  minflt/s  majflt/s     VSZ     RSS   %MEM   kB_rd/s   kB_wr/s kB_ccwr/s iodelay  Command
05:41:37     1000      2779   53.00   46.00    0.00    0.00    6.24     2      0.00      0.00  305632    2000   0.01 309248.00 309160.00      0.00       0  sort

# Time        UID       PID    %usr %system  %guest   %wait    %CPU   CPU  minflt/s  majflt/s     VSZ     RSS   %MEM   kB_rd/s   kB_wr/s kB_ccwr/s iodelay  Command
05:41:38     1000      2779   25.00   74.00    0.00    1.00    6.19     8      1.00      0.00  305632    2000   0.01 137296.00 138380.00      0.00       0  sort

