Linux 4.15.0-96-generic (team25-hw6) 	04/26/20 	_x86_64_	(48 CPU)

# Time        UID       PID    %usr %system  %guest   %wait    %CPU   CPU  minflt/s  majflt/s     VSZ     RSS   %MEM   kB_rd/s   kB_wr/s kB_ccwr/s iodelay  Command
05:39:28    64055     27237    1.00   12.00  100.00    0.00    5.13    28   3058.00      0.00 13823776 8436292   4.29      0.00      0.00      0.00       0  qemu-system-x86

# Time        UID       PID    %usr %system  %guest   %wait    %CPU   CPU  minflt/s  majflt/s     VSZ     RSS   %MEM   kB_rd/s   kB_wr/s kB_ccwr/s iodelay  Command
05:39:29    64055     27237    1.00    6.00  100.00    0.00    4.82    28   6934.00      0.00 13823776 8436292   4.29      0.00    280.00      0.00       0  qemu-system-x86

# Time        UID       PID    %usr %system  %guest   %wait    %CPU   CPU  minflt/s  majflt/s     VSZ     RSS   %MEM   kB_rd/s   kB_wr/s kB_ccwr/s iodelay  Command
05:39:30    64055     27237    0.00   49.00  100.00    0.00    4.25    44  29539.00      0.00 13823776 8436372   4.29      0.00 136856.00      0.00       0  qemu-system-x86

# Time        UID       PID    %usr %system  %guest   %wait    %CPU   CPU  minflt/s  majflt/s     VSZ     RSS   %MEM   kB_rd/s   kB_wr/s kB_ccwr/s iodelay  Command
05:39:31    64055     27237    0.00  100.00   98.00    0.00    5.71    44  23912.00      0.00 13823776 8436372   4.29      0.00 299036.00      0.00       0  qemu-system-x86

# Time        UID       PID    %usr %system  %guest   %wait    %CPU   CPU  minflt/s  majflt/s     VSZ     RSS   %MEM   kB_rd/s   kB_wr/s kB_ccwr/s iodelay  Command
05:39:32    64055     27237    0.00   12.00   17.00    0.00    0.61    44    272.00      0.00 13823776 8436372   4.29      0.00      4.00      0.00       0  qemu-system-x86

# Time        UID       PID    %usr %system  %guest   %wait    %CPU   CPU  minflt/s  majflt/s     VSZ     RSS   %MEM   kB_rd/s   kB_wr/s kB_ccwr/s iodelay  Command
05:39:33    64055     27237    3.00   46.00  100.00    0.00    6.18    32   6888.00      0.00 13823776 8436372   4.29      0.00     64.00      0.00       0  qemu-system-x86

# Time        UID       PID    %usr %system  %guest   %wait    %CPU   CPU  minflt/s  majflt/s     VSZ     RSS   %MEM   kB_rd/s   kB_wr/s kB_ccwr/s iodelay  Command
05:39:34    64055     27237    0.00    5.00   78.00    0.00    1.71     4   6700.00      0.00 13823776 8436372   4.29      0.00    392.00      0.00       0  qemu-system-x86

# Time        UID       PID    %usr %system  %guest   %wait    %CPU   CPU  minflt/s  majflt/s     VSZ     RSS   %MEM   kB_rd/s   kB_wr/s kB_ccwr/s iodelay  Command
05:39:35    64055     27237    1.00   99.00  100.00    0.00    4.63     4  31362.00      0.00 13823776 8436372   4.29      0.00 171824.00      0.00       0  qemu-system-x86

# Time        UID       PID    %usr %system  %guest   %wait    %CPU   CPU  minflt/s  majflt/s     VSZ     RSS   %MEM   kB_rd/s   kB_wr/s kB_ccwr/s iodelay  Command
05:39:36    64055     27237    5.00   80.00  100.00    0.00    4.29    39   7708.00      0.00 13823776 8436372   4.29      0.00 183900.00      0.00       0  qemu-system-x86

# Time        UID       PID    %usr %system  %guest   %wait    %CPU   CPU  minflt/s  majflt/s     VSZ     RSS   %MEM   kB_rd/s   kB_wr/s kB_ccwr/s iodelay  Command
05:39:37    64055     27237    3.00   75.00  100.00    0.00    5.80    39   3658.00      0.00 13823776 8436372   4.29      0.00 116696.00      0.00       0  qemu-system-x86

# Time        UID       PID    %usr %system  %guest   %wait    %CPU   CPU  minflt/s  majflt/s     VSZ     RSS   %MEM   kB_rd/s   kB_wr/s kB_ccwr/s iodelay  Command
05:39:38    64055     27237    3.00    1.00  100.00    0.00    5.51    39   2015.00      0.00 13823776 8436372   4.29      0.00      0.00      0.00       0  qemu-system-x86

# Time        UID       PID    %usr %system  %guest   %wait    %CPU   CPU  minflt/s  majflt/s     VSZ     RSS   %MEM   kB_rd/s   kB_wr/s kB_ccwr/s iodelay  Command
05:39:39    64055     27237    0.00    8.00  100.00    0.00    4.93    39   3495.00      0.00 13823776 8436372   4.29      0.00    348.00      0.00       0  qemu-system-x86

# Time        UID       PID    %usr %system  %guest   %wait    %CPU   CPU  minflt/s  majflt/s     VSZ     RSS   %MEM   kB_rd/s   kB_wr/s kB_ccwr/s iodelay  Command
05:39:40    64055     27237    3.00   12.00  100.00    0.00    3.99    26    570.00      0.00 13823776 8436372   4.29      0.00      4.00      0.00       0  qemu-system-x86

# Time        UID       PID    %usr %system  %guest   %wait    %CPU   CPU  minflt/s  majflt/s     VSZ     RSS   %MEM   kB_rd/s   kB_wr/s kB_ccwr/s iodelay  Command
05:39:41    64055     27237    2.00    1.00  100.00    0.00    3.09    26   2400.00      0.00 13823776 8436372   4.29      0.00      0.00      0.00       0  qemu-system-x86

# Time        UID       PID    %usr %system  %guest   %wait    %CPU   CPU  minflt/s  majflt/s     VSZ     RSS   %MEM   kB_rd/s   kB_wr/s kB_ccwr/s iodelay  Command
05:39:42    64055     27237    2.00    5.00  100.00    0.00    5.63    26   2831.00      0.00 13823776 8436372   4.29      0.00      0.00      0.00       0  qemu-system-x86

# Time        UID       PID    %usr %system  %guest   %wait    %CPU   CPU  minflt/s  majflt/s     VSZ     RSS   %MEM   kB_rd/s   kB_wr/s kB_ccwr/s iodelay  Command
05:39:43    64055     27237    2.00    1.00  100.00    0.00    4.05    26   1485.00      0.00 13823776 8436372   4.29      0.00      0.00      0.00       0  qemu-system-x86

# Time        UID       PID    %usr %system  %guest   %wait    %CPU   CPU  minflt/s  majflt/s     VSZ     RSS   %MEM   kB_rd/s   kB_wr/s kB_ccwr/s iodelay  Command
05:39:44    64055     27237    2.00    4.00   19.00    0.00    0.52    26    175.00      0.00 13823776 8436372   4.29      0.00    132.00      0.00       0  qemu-system-x86

# Time        UID       PID    %usr %system  %guest   %wait    %CPU   CPU  minflt/s  majflt/s     VSZ     RSS   %MEM   kB_rd/s   kB_wr/s kB_ccwr/s iodelay  Command
05:39:45    64055     27237    2.00    2.00   10.00    0.00    0.29    26   1608.00      0.00 13823776 8436372   4.29      0.00      0.00      0.00       0  qemu-system-x86

# Time        UID       PID    %usr %system  %guest   %wait    %CPU   CPU  minflt/s  majflt/s     VSZ     RSS   %MEM   kB_rd/s   kB_wr/s kB_ccwr/s iodelay  Command
05:39:46    64055     27237    2.00    1.00    5.00    0.00    0.17    26     65.00      0.00 13823776 8436372   4.29      0.00      0.00      0.00       0  qemu-system-x86

# Time        UID       PID    %usr %system  %guest   %wait    %CPU   CPU  minflt/s  majflt/s     VSZ     RSS   %MEM   kB_rd/s   kB_wr/s kB_ccwr/s iodelay  Command
05:39:47    64055     27237    0.00    3.00    9.00    0.00    0.25    26    128.00      0.00 13725424 8436252   4.29      0.00      0.00      0.00       0  qemu-system-x86

# Time        UID       PID    %usr %system  %guest   %wait    %CPU   CPU  minflt/s  majflt/s     VSZ     RSS   %MEM   kB_rd/s   kB_wr/s kB_ccwr/s iodelay  Command
05:39:48    64055     27237    1.00    2.00    8.00    0.00    0.23    26   1616.00      0.00 13717228 8436240   4.29      0.00      0.00      0.00       0  qemu-system-x86

# Time        UID       PID    %usr %system  %guest   %wait    %CPU   CPU  minflt/s  majflt/s     VSZ     RSS   %MEM   kB_rd/s   kB_wr/s kB_ccwr/s iodelay  Command
05:39:49    64055     27237    2.00    2.00    8.00    0.00    0.25    26    216.00      0.00 13709032 8436228   4.29      0.00     12.00      0.00       0  qemu-system-x86

# Time        UID       PID    %usr %system  %guest   %wait    %CPU   CPU  minflt/s  majflt/s     VSZ     RSS   %MEM   kB_rd/s   kB_wr/s kB_ccwr/s iodelay  Command
05:39:50    64055     27237    1.00    2.00    8.00    0.00    0.23    26     39.00      0.00 13709032 8436228   4.29      0.00      0.00      0.00       0  qemu-system-x86

# Time        UID       PID    %usr %system  %guest   %wait    %CPU   CPU  minflt/s  majflt/s     VSZ     RSS   %MEM   kB_rd/s   kB_wr/s kB_ccwr/s iodelay  Command
05:39:51    64055     27237    0.00    3.00    7.00    0.00    0.21    26   1679.00      0.00 13709032 8436228   4.29      0.00      0.00      0.00       0  qemu-system-x86

# Time        UID       PID    %usr %system  %guest   %wait    %CPU   CPU  minflt/s  majflt/s     VSZ     RSS   %MEM   kB_rd/s   kB_wr/s kB_ccwr/s iodelay  Command
05:39:52    64055     27237    2.00    1.00    8.00    0.00    0.23    26    107.00      0.00 13709032 8436228   4.29      0.00      0.00      0.00       0  qemu-system-x86

# Time        UID       PID    %usr %system  %guest   %wait    %CPU   CPU  minflt/s  majflt/s     VSZ     RSS   %MEM   kB_rd/s   kB_wr/s kB_ccwr/s iodelay  Command
05:39:53    64055     27237    0.00    1.00   12.00    0.00    0.23    26     49.00      0.00 13709032 8436228   4.29      0.00      0.00      0.00       0  qemu-system-x86

# Time        UID       PID    %usr %system  %guest   %wait    %CPU   CPU  minflt/s  majflt/s     VSZ     RSS   %MEM   kB_rd/s   kB_wr/s kB_ccwr/s iodelay  Command
05:39:54    64055     27237    2.00    2.00    5.00    0.00    0.19    26   1759.00      0.00 13684444 8436200   4.29      0.00      0.00      0.00       0  qemu-system-x86

# Time        UID       PID    %usr %system  %guest   %wait    %CPU   CPU  minflt/s  majflt/s     VSZ     RSS   %MEM   kB_rd/s   kB_wr/s kB_ccwr/s iodelay  Command
05:39:55    64055     27237    0.00    3.00   10.00    0.00    0.25    26     78.00      0.00 13684444 8436200   4.29      0.00     12.00      0.00       0  qemu-system-x86

# Time        UID       PID    %usr %system  %guest   %wait    %CPU   CPU  minflt/s  majflt/s     VSZ     RSS   %MEM   kB_rd/s   kB_wr/s kB_ccwr/s iodelay  Command
05:39:56    64055     27237    0.00    1.00    8.00    0.00    0.19    26     50.00      0.00 13684444 8436200   4.29      0.00      0.00      0.00       0  qemu-system-x86

# Time        UID       PID    %usr %system  %guest   %wait    %CPU   CPU  minflt/s  majflt/s     VSZ     RSS   %MEM   kB_rd/s   kB_wr/s kB_ccwr/s iodelay  Command
05:39:57    64055     27237    2.00    2.00   34.00    0.00    0.79    26   1967.00      0.00 13684444 8436200   4.29      0.00      0.00      0.00       0  qemu-system-x86

# Time        UID       PID    %usr %system  %guest   %wait    %CPU   CPU  minflt/s  majflt/s     VSZ     RSS   %MEM   kB_rd/s   kB_wr/s kB_ccwr/s iodelay  Command
05:39:58    64055     27237    0.00    2.00   17.00    0.00    0.38    26    154.00      0.00 13684444 8436200   4.29      0.00      0.00      0.00       0  qemu-system-x86

# Time        UID       PID    %usr %system  %guest   %wait    %CPU   CPU  minflt/s  majflt/s     VSZ     RSS   %MEM   kB_rd/s   kB_wr/s kB_ccwr/s iodelay  Command
05:39:59    64055     27237    1.00    2.00    8.00    0.00    0.23    26     41.00      0.00 13684444 8436200   4.29      0.00      0.00      0.00       0  qemu-system-x86

# Time        UID       PID    %usr %system  %guest   %wait    %CPU   CPU  minflt/s  majflt/s     VSZ     RSS   %MEM   kB_rd/s   kB_wr/s kB_ccwr/s iodelay  Command
05:40:00    64055     27237    1.00    1.00    9.00    0.00    0.23    26   1742.00      0.00 13684444 8436200   4.29      0.00      0.00      0.00       0  qemu-system-x86

# Time        UID       PID    %usr %system  %guest   %wait    %CPU   CPU  minflt/s  majflt/s     VSZ     RSS   %MEM   kB_rd/s   kB_wr/s kB_ccwr/s iodelay  Command
05:40:01    64055     27237    0.00    1.00   12.00    0.00    0.25    26     86.00      0.00 13684444 8436200   4.29      0.00     12.00      0.00       0  qemu-system-x86

# Time        UID       PID    %usr %system  %guest   %wait    %CPU   CPU  minflt/s  majflt/s     VSZ     RSS   %MEM   kB_rd/s   kB_wr/s kB_ccwr/s iodelay  Command
05:40:02    64055     27237    2.00    1.00    7.00    0.00    0.21    26    115.00      0.00 13684444 8436200   4.29      0.00      0.00      0.00       0  qemu-system-x86

# Time        UID       PID    %usr %system  %guest   %wait    %CPU   CPU  minflt/s  majflt/s     VSZ     RSS   %MEM   kB_rd/s   kB_wr/s kB_ccwr/s iodelay  Command
05:40:03    64055     27237    1.00    3.00    7.00    0.00    0.23    26   1750.00      0.00 13684444 8436200   4.29      0.00      0.00      0.00       0  qemu-system-x86

# Time        UID       PID    %usr %system  %guest   %wait    %CPU   CPU  minflt/s  majflt/s     VSZ     RSS   %MEM   kB_rd/s   kB_wr/s kB_ccwr/s iodelay  Command
05:40:04    64055     27237    0.00    2.00    9.00    0.00    0.23    26     98.00      0.00 13684444 8436200   4.29      0.00      0.00      0.00       0  qemu-system-x86

# Time        UID       PID    %usr %system  %guest   %wait    %CPU   CPU  minflt/s  majflt/s     VSZ     RSS   %MEM   kB_rd/s   kB_wr/s kB_ccwr/s iodelay  Command
05:40:05    64055     27237    1.00    2.00    8.00    0.00    0.23    26     40.00      0.00 13684444 8436200   4.29      0.00      0.00      0.00       0  qemu-system-x86

# Time        UID       PID    %usr %system  %guest   %wait    %CPU   CPU  minflt/s  majflt/s     VSZ     RSS   %MEM   kB_rd/s   kB_wr/s kB_ccwr/s iodelay  Command
05:40:06    64055     27237    2.00    2.00    7.00    0.00    0.23    26   1923.00      0.00 13684444 8436200   4.29      0.00      0.00      0.00       0  qemu-system-x86

# Time        UID       PID    %usr %system  %guest   %wait    %CPU   CPU  minflt/s  majflt/s     VSZ     RSS   %MEM   kB_rd/s   kB_wr/s kB_ccwr/s iodelay  Command
05:40:07    64055     27237    0.00   81.00   22.00    0.00    2.11    26    173.00      0.00 13848364 8436208   4.29      0.00 130756.00      0.00       0  qemu-system-x86

# Time        UID       PID    %usr %system  %guest   %wait    %CPU   CPU  minflt/s  majflt/s     VSZ     RSS   %MEM   kB_rd/s   kB_wr/s kB_ccwr/s iodelay  Command
05:40:08    64055     27237    3.00   72.00   11.00    0.00    1.79    26    188.00      0.00 13848364 8436208   4.29      0.00  46896.00      0.00       0  qemu-system-x86

# Time        UID       PID    %usr %system  %guest   %wait    %CPU   CPU  minflt/s  majflt/s     VSZ     RSS   %MEM   kB_rd/s   kB_wr/s kB_ccwr/s iodelay  Command
05:40:09    64055     27237    1.00    5.00  100.00    0.00    2.73    26   3217.00      0.00 13848364 8436208   4.29      0.00      0.00      0.00       0  qemu-system-x86

# Time        UID       PID    %usr %system  %guest   %wait    %CPU   CPU  minflt/s  majflt/s     VSZ     RSS   %MEM   kB_rd/s   kB_wr/s kB_ccwr/s iodelay  Command
05:40:10    64055     27237    0.00    4.00  100.00    0.00    6.19    26   6814.00      0.00 13848364 8436208   4.29      0.00      0.00      0.00       0  qemu-system-x86

# Time        UID       PID    %usr %system  %guest   %wait    %CPU   CPU  minflt/s  majflt/s     VSZ     RSS   %MEM   kB_rd/s   kB_wr/s kB_ccwr/s iodelay  Command
05:40:11    64055     27237    5.00    6.00  100.00    0.00    5.20     5   7234.00      0.00 13848364 8436208   4.29      0.00      0.00      0.00       0  qemu-system-x86

# Time        UID       PID    %usr %system  %guest   %wait    %CPU   CPU  minflt/s  majflt/s     VSZ     RSS   %MEM   kB_rd/s   kB_wr/s kB_ccwr/s iodelay  Command
05:40:12    64055     27237    5.00   19.00  100.00    1.00    4.26    18  12475.00      0.00 13848364 8436280   4.29      0.00    176.00      0.00       0  qemu-system-x86

# Time        UID       PID    %usr %system  %guest   %wait    %CPU   CPU  minflt/s  majflt/s     VSZ     RSS   %MEM   kB_rd/s   kB_wr/s kB_ccwr/s iodelay  Command
05:40:13    64055     27237    4.00   24.00  100.00    0.00    3.48    31  16508.00      0.00 13848364 8436280   4.29      0.00    548.00      0.00       0  qemu-system-x86

# Time        UID       PID    %usr %system  %guest   %wait    %CPU   CPU  minflt/s  majflt/s     VSZ     RSS   %MEM   kB_rd/s   kB_wr/s kB_ccwr/s iodelay  Command
05:40:14    64055     27237    4.00   19.00  100.00    0.00    3.88    18  12061.00      0.00 13848364 8436280   4.29      0.00      0.00      0.00       0  qemu-system-x86

# Time        UID       PID    %usr %system  %guest   %wait    %CPU   CPU  minflt/s  majflt/s     VSZ     RSS   %MEM   kB_rd/s   kB_wr/s kB_ccwr/s iodelay  Command
05:40:15    64055     27237    8.00   28.00  100.00    1.00    3.80    33  20941.00      0.00 13848364 8436280   4.29      0.00      0.00      0.00       0  qemu-system-x86

# Time        UID       PID    %usr %system  %guest   %wait    %CPU   CPU  minflt/s  majflt/s     VSZ     RSS   %MEM   kB_rd/s   kB_wr/s kB_ccwr/s iodelay  Command
05:40:16    64055     27237    6.00   23.00  100.00    0.00    4.11    44   7276.00      0.00 13848364 8436280   4.29      0.00      0.00      0.00       0  qemu-system-x86

# Time        UID       PID    %usr %system  %guest   %wait    %CPU   CPU  minflt/s  majflt/s     VSZ     RSS   %MEM   kB_rd/s   kB_wr/s kB_ccwr/s iodelay  Command
05:40:17    64055     27237    7.00   19.00  100.00    1.00    3.62    12   3095.00      0.00 13848364 8436280   4.29      0.00     52.00      0.00       0  qemu-system-x86

# Time        UID       PID    %usr %system  %guest   %wait    %CPU   CPU  minflt/s  majflt/s     VSZ     RSS   %MEM   kB_rd/s   kB_wr/s kB_ccwr/s iodelay  Command
05:40:18    64055     27237    7.00   17.00  100.00    0.00    3.65    18   3650.00      0.00 13848364 8436280   4.29      0.00      0.00      0.00       0  qemu-system-x86

# Time        UID       PID    %usr %system  %guest   %wait    %CPU   CPU  minflt/s  majflt/s     VSZ     RSS   %MEM   kB_rd/s   kB_wr/s kB_ccwr/s iodelay  Command
05:40:19    64055     27237    5.00   21.00  100.00    0.00    4.09     6   2506.00      0.00 13848364 8436280   4.29      0.00      0.00      0.00       0  qemu-system-x86

# Time        UID       PID    %usr %system  %guest   %wait    %CPU   CPU  minflt/s  majflt/s     VSZ     RSS   %MEM   kB_rd/s   kB_wr/s kB_ccwr/s iodelay  Command
05:40:20    64055     27237    7.00   23.00  100.00    1.00    3.49     6  13121.00      0.00 13848364 8436280   4.29      0.00      0.00      0.00       0  qemu-system-x86

# Time        UID       PID    %usr %system  %guest   %wait    %CPU   CPU  minflt/s  majflt/s     VSZ     RSS   %MEM   kB_rd/s   kB_wr/s kB_ccwr/s iodelay  Command
05:40:21    64055     27237    3.00   17.00  100.00    0.00    3.67    30  12031.00      0.00 13848364 8436280   4.29      0.00      0.00      0.00       0  qemu-system-x86

# Time        UID       PID    %usr %system  %guest   %wait    %CPU   CPU  minflt/s  majflt/s     VSZ     RSS   %MEM   kB_rd/s   kB_wr/s kB_ccwr/s iodelay  Command
05:40:22    64055     27237    3.00   22.00  100.00    0.00    3.96    34   9840.00      0.00 13848364 8436280   4.29      0.00      0.00      0.00       0  qemu-system-x86

# Time        UID       PID    %usr %system  %guest   %wait    %CPU   CPU  minflt/s  majflt/s     VSZ     RSS   %MEM   kB_rd/s   kB_wr/s kB_ccwr/s iodelay  Command
05:40:23    64055     27237    7.00   20.00  100.00    0.00    3.93    22  10803.00      0.00 13848364 8436280   4.29      0.00     32.00      0.00       0  qemu-system-x86

# Time        UID       PID    %usr %system  %guest   %wait    %CPU   CPU  minflt/s  majflt/s     VSZ     RSS   %MEM   kB_rd/s   kB_wr/s kB_ccwr/s iodelay  Command
05:40:24    64055     27237    1.00   24.00  100.00    0.00    4.42     4  12181.00      0.00 13848364 8436280   4.29      0.00      0.00      0.00       0  qemu-system-x86

# Time        UID       PID    %usr %system  %guest   %wait    %CPU   CPU  minflt/s  majflt/s     VSZ     RSS   %MEM   kB_rd/s   kB_wr/s kB_ccwr/s iodelay  Command
05:40:25    64055     27237    9.00   20.00  100.00    1.00    3.57    22  18730.00      0.00 13848364 8436280   4.29      0.00      0.00      0.00       0  qemu-system-x86

# Time        UID       PID    %usr %system  %guest   %wait    %CPU   CPU  minflt/s  majflt/s     VSZ     RSS   %MEM   kB_rd/s   kB_wr/s kB_ccwr/s iodelay  Command
05:40:26    64055     27237    5.00   16.00  100.00    0.00    3.34    22   2356.00      0.00 13848364 8436280   4.29      0.00      0.00      0.00       0  qemu-system-x86

# Time        UID       PID    %usr %system  %guest   %wait    %CPU   CPU  minflt/s  majflt/s     VSZ     RSS   %MEM   kB_rd/s   kB_wr/s kB_ccwr/s iodelay  Command
05:40:27    64055     27237    0.00   19.00  100.00    0.00    3.73    26   4157.00      0.00 13848364 8436280   4.29      0.00      0.00      0.00       0  qemu-system-x86

# Time        UID       PID    %usr %system  %guest   %wait    %CPU   CPU  minflt/s  majflt/s     VSZ     RSS   %MEM   kB_rd/s   kB_wr/s kB_ccwr/s iodelay  Command
05:40:28    64055     27237   11.00   18.00  100.00    0.00    3.49    26   3624.00      0.00 13848364 8436280   4.29      0.00    688.00      0.00       0  qemu-system-x86

# Time        UID       PID    %usr %system  %guest   %wait    %CPU   CPU  minflt/s  majflt/s     VSZ     RSS   %MEM   kB_rd/s   kB_wr/s kB_ccwr/s iodelay  Command
05:40:29    64055     27237    0.00   22.00  100.00    0.00    3.46    26   5792.00      0.00 13848364 8436280   4.29      0.00      0.00      0.00       0  qemu-system-x86

# Time        UID       PID    %usr %system  %guest   %wait    %CPU   CPU  minflt/s  majflt/s     VSZ     RSS   %MEM   kB_rd/s   kB_wr/s kB_ccwr/s iodelay  Command
05:40:30    64055     27237    6.00   15.00  100.00    0.00    3.44    26   7091.00      0.00 13848364 8436280   4.29      0.00      0.00      0.00       0  qemu-system-x86

# Time        UID       PID    %usr %system  %guest   %wait    %CPU   CPU  minflt/s  majflt/s     VSZ     RSS   %MEM   kB_rd/s   kB_wr/s kB_ccwr/s iodelay  Command
05:40:31    64055     27237    7.00   19.00  100.00    0.00    3.65    26   2846.00      0.00 13848364 8436280   4.29      0.00      0.00      0.00       0  qemu-system-x86

# Time        UID       PID    %usr %system  %guest   %wait    %CPU   CPU  minflt/s  majflt/s     VSZ     RSS   %MEM   kB_rd/s   kB_wr/s kB_ccwr/s iodelay  Command
05:40:32    64055     27237    5.00   14.00  100.00    1.00    3.17    26    590.00      0.00 13848364 8436280   4.29      0.00      0.00      0.00       0  qemu-system-x86

# Time        UID       PID    %usr %system  %guest   %wait    %CPU   CPU  minflt/s  majflt/s     VSZ     RSS   %MEM   kB_rd/s   kB_wr/s kB_ccwr/s iodelay  Command
05:40:33    64055     27237    4.00   15.00  100.00    0.00    4.57    26   6037.00      0.00 13848364 8436280   4.29      0.00     72.00      0.00       0  qemu-system-x86

# Time        UID       PID    %usr %system  %guest   %wait    %CPU   CPU  minflt/s  majflt/s     VSZ     RSS   %MEM   kB_rd/s   kB_wr/s kB_ccwr/s iodelay  Command
05:40:34    64055     27237    9.00    9.00  100.00    0.00    3.45    26   4215.00      0.00 13848364 8436280   4.29      0.00      0.00      0.00       0  qemu-system-x86

# Time        UID       PID    %usr %system  %guest   %wait    %CPU   CPU  minflt/s  majflt/s     VSZ     RSS   %MEM   kB_rd/s   kB_wr/s kB_ccwr/s iodelay  Command
05:40:35    64055     27237    3.00    9.00  100.00    0.00    2.80    26    323.00      0.00 13848364 8436280   4.29      0.00      0.00      0.00       0  qemu-system-x86

# Time        UID       PID    %usr %system  %guest   %wait    %CPU   CPU  minflt/s  majflt/s     VSZ     RSS   %MEM   kB_rd/s   kB_wr/s kB_ccwr/s iodelay  Command
05:40:36    64055     27237    7.00    8.00  100.00    0.00    2.94    26   1843.00      0.00 13848364 8436280   4.29      0.00      0.00      0.00       0  qemu-system-x86

# Time        UID       PID    %usr %system  %guest   %wait    %CPU   CPU  minflt/s  majflt/s     VSZ     RSS   %MEM   kB_rd/s   kB_wr/s kB_ccwr/s iodelay  Command
05:40:37    64055     27237    4.00    6.00  100.00    0.00    2.81    26    425.00      0.00 13848364 8436280   4.29      0.00      0.00      0.00       0  qemu-system-x86

# Time        UID       PID    %usr %system  %guest   %wait    %CPU   CPU  minflt/s  majflt/s     VSZ     RSS   %MEM   kB_rd/s   kB_wr/s kB_ccwr/s iodelay  Command
05:40:38    64055     27237    6.00    9.00  100.00    0.00    2.86    26   2529.00      0.00 13848364 8436280   4.29      0.00    356.00      0.00       0  qemu-system-x86

# Time        UID       PID    %usr %system  %guest   %wait    %CPU   CPU  minflt/s  majflt/s     VSZ     RSS   %MEM   kB_rd/s   kB_wr/s kB_ccwr/s iodelay  Command
05:40:39    64055     27237    3.00   17.00  100.00    1.00    2.98    26   8774.00      0.00 13848364 8436280   4.29      0.00      0.00      0.00       0  qemu-system-x86

# Time        UID       PID    %usr %system  %guest   %wait    %CPU   CPU  minflt/s  majflt/s     VSZ     RSS   %MEM   kB_rd/s   kB_wr/s kB_ccwr/s iodelay  Command
05:40:40    64055     27237    6.00    9.00  100.00    0.00    2.92    26   5384.00      0.00 13848364 8436280   4.29      0.00      0.00      0.00       0  qemu-system-x86

# Time        UID       PID    %usr %system  %guest   %wait    %CPU   CPU  minflt/s  majflt/s     VSZ     RSS   %MEM   kB_rd/s   kB_wr/s kB_ccwr/s iodelay  Command
05:40:41    64055     27237    6.00   12.00  100.00    0.00    2.82    28  17462.00      0.00 13848364 8436280   4.29      0.00      0.00      0.00       0  qemu-system-x86

# Time        UID       PID    %usr %system  %guest   %wait    %CPU   CPU  minflt/s  majflt/s     VSZ     RSS   %MEM   kB_rd/s   kB_wr/s kB_ccwr/s iodelay  Command
05:40:42    64055     27237   10.00   22.00  100.00    0.00    3.44     0   5601.00      0.00 13848364 8436280   4.29      0.00 111940.00      0.00       0  qemu-system-x86

# Time        UID       PID    %usr %system  %guest   %wait    %CPU   CPU  minflt/s  majflt/s     VSZ     RSS   %MEM   kB_rd/s   kB_wr/s kB_ccwr/s iodelay  Command
05:40:43    64055     27237    4.00   13.00  100.00    1.00    3.02    30   3493.00      0.00 13848364 8436280   4.29      0.00    368.00      0.00       0  qemu-system-x86

# Time        UID       PID    %usr %system  %guest   %wait    %CPU   CPU  minflt/s  majflt/s     VSZ     RSS   %MEM   kB_rd/s   kB_wr/s kB_ccwr/s iodelay  Command
05:40:44    64055     27237    9.00   10.00  100.00    0.00    2.92    46   3403.00      0.00 13848364 8436280   4.29      0.00      0.00      0.00       0  qemu-system-x86

# Time        UID       PID    %usr %system  %guest   %wait    %CPU   CPU  minflt/s  majflt/s     VSZ     RSS   %MEM   kB_rd/s   kB_wr/s kB_ccwr/s iodelay  Command
05:40:45    64055     27237    2.00   86.00  100.00    0.00    4.61    22  11621.00      0.00 13848364 8436280   4.29      0.00 223460.00      0.00       0  qemu-system-x86

# Time        UID       PID    %usr %system  %guest   %wait    %CPU   CPU  minflt/s  majflt/s     VSZ     RSS   %MEM   kB_rd/s   kB_wr/s kB_ccwr/s iodelay  Command
05:40:46    64055     27237   10.00   11.00  100.00    0.00    2.82    22   7789.00      0.00 13848364 8436280   4.29      0.00      0.00      0.00       0  qemu-system-x86

# Time        UID       PID    %usr %system  %guest   %wait    %CPU   CPU  minflt/s  majflt/s     VSZ     RSS   %MEM   kB_rd/s   kB_wr/s kB_ccwr/s iodelay  Command
05:40:47    64055     27237    6.00   12.00  100.00    0.00    3.09    42   4442.00      0.00 13848364 8436280   4.29      0.00      0.00      0.00       0  qemu-system-x86

# Time        UID       PID    %usr %system  %guest   %wait    %CPU   CPU  minflt/s  majflt/s     VSZ     RSS   %MEM   kB_rd/s   kB_wr/s kB_ccwr/s iodelay  Command
05:40:48    64055     27237    3.00   17.00  100.00    1.00    2.80    17   2837.00      0.00 13848364 8436280   4.29      0.00    348.00      0.00       0  qemu-system-x86

# Time        UID       PID    %usr %system  %guest   %wait    %CPU   CPU  minflt/s  majflt/s     VSZ     RSS   %MEM   kB_rd/s   kB_wr/s kB_ccwr/s iodelay  Command
05:40:49    64055     27237    5.00    9.00  100.00    0.00    2.82     6    427.00      0.00 13848364 8436280   4.29      0.00      4.00      0.00       0  qemu-system-x86

# Time        UID       PID    %usr %system  %guest   %wait    %CPU   CPU  minflt/s  majflt/s     VSZ     RSS   %MEM   kB_rd/s   kB_wr/s kB_ccwr/s iodelay  Command
05:40:50    64055     27237    8.00   66.00  100.00    0.00    4.38    28   3995.00      0.00 13848364 8436280   4.29      0.00 186396.00      0.00       0  qemu-system-x86

# Time        UID       PID    %usr %system  %guest   %wait    %CPU   CPU  minflt/s  majflt/s     VSZ     RSS   %MEM   kB_rd/s   kB_wr/s kB_ccwr/s iodelay  Command
05:40:51    64055     27237    3.00    8.00  100.00    1.00    2.80    19   2267.00      0.00 13848364 8436280   4.29      0.00      0.00      0.00       0  qemu-system-x86

# Time        UID       PID    %usr %system  %guest   %wait    %CPU   CPU  minflt/s  majflt/s     VSZ     RSS   %MEM   kB_rd/s   kB_wr/s kB_ccwr/s iodelay  Command
05:40:52    64055     27237    9.00    8.00  100.00    0.00    2.90    26   2824.00      0.00 13848364 8436280   4.29      0.00      0.00      0.00       0  qemu-system-x86

# Time        UID       PID    %usr %system  %guest   %wait    %CPU   CPU  minflt/s  majflt/s     VSZ     RSS   %MEM   kB_rd/s   kB_wr/s kB_ccwr/s iodelay  Command
05:40:53    64055     27237    3.00   15.00  100.00    0.00    2.90    28   5958.00      0.00 13848364 8436280   4.29      0.00    372.00      0.00       0  qemu-system-x86

# Time        UID       PID    %usr %system  %guest   %wait    %CPU   CPU  minflt/s  majflt/s     VSZ     RSS   %MEM   kB_rd/s   kB_wr/s kB_ccwr/s iodelay  Command
05:40:54    64055     27237    6.00   72.00  100.00    0.00    4.38    32   8640.00      0.00 13848364 8436280   4.29      0.00 148964.00      0.00       0  qemu-system-x86

# Time        UID       PID    %usr %system  %guest   %wait    %CPU   CPU  minflt/s  majflt/s     VSZ     RSS   %MEM   kB_rd/s   kB_wr/s kB_ccwr/s iodelay  Command
05:40:55    64055     27237    6.00    8.00  100.00    1.00    2.78    32   3968.00      0.00 13848364 8436280   4.29      0.00      0.00      0.00       0  qemu-system-x86

# Time        UID       PID    %usr %system  %guest   %wait    %CPU   CPU  minflt/s  majflt/s     VSZ     RSS   %MEM   kB_rd/s   kB_wr/s kB_ccwr/s iodelay  Command
05:40:56    64055     27237    4.00    8.00  100.00    0.00    2.88     8   3734.00      0.00 13848364 8436280   4.29      0.00      0.00      0.00       0  qemu-system-x86

# Time        UID       PID    %usr %system  %guest   %wait    %CPU   CPU  minflt/s  majflt/s     VSZ     RSS   %MEM   kB_rd/s   kB_wr/s kB_ccwr/s iodelay  Command
05:40:57    64055     27237    5.00    9.00  100.00    0.00    3.03    46   7849.00      0.00 13848364 8436280   4.29      0.00      0.00      0.00       0  qemu-system-x86

# Time        UID       PID    %usr %system  %guest   %wait    %CPU   CPU  minflt/s  majflt/s     VSZ     RSS   %MEM   kB_rd/s   kB_wr/s kB_ccwr/s iodelay  Command
05:40:58    64055     27237    9.00   32.00  100.00    0.00    3.39    44   4042.00      0.00 13848364 8436280   4.29      0.00 112252.00      0.00       0  qemu-system-x86

# Time        UID       PID    %usr %system  %guest   %wait    %CPU   CPU  minflt/s  majflt/s     VSZ     RSS   %MEM   kB_rd/s   kB_wr/s kB_ccwr/s iodelay  Command
05:40:59    64055     27237    5.00   13.00  100.00    1.00    2.94     8    367.00      0.00 13848364 8436280   4.29      0.00      4.00      0.00       0  qemu-system-x86

# Time        UID       PID    %usr %system  %guest   %wait    %CPU   CPU  minflt/s  majflt/s     VSZ     RSS   %MEM   kB_rd/s   kB_wr/s kB_ccwr/s iodelay  Command
05:41:00    64055     27237    6.00   69.00  100.00    0.00    4.46    38   3537.00      0.00 13848364 8436280   4.29      0.00 186256.00      0.00       0  qemu-system-x86

# Time        UID       PID    %usr %system  %guest   %wait    %CPU   CPU  minflt/s  majflt/s     VSZ     RSS   %MEM   kB_rd/s   kB_wr/s kB_ccwr/s iodelay  Command
05:41:01    64055     27237    6.00    6.00  100.00    0.00    2.86    44    317.00      0.00 13848364 8436280   4.29      0.00      0.00      0.00       0  qemu-system-x86

# Time        UID       PID    %usr %system  %guest   %wait    %CPU   CPU  minflt/s  majflt/s     VSZ     RSS   %MEM   kB_rd/s   kB_wr/s kB_ccwr/s iodelay  Command
05:41:02    64055     27237    6.00    6.00  100.00    1.00    2.86    42    930.00      0.00 13848364 8436280   4.29      0.00      0.00      0.00       0  qemu-system-x86

# Time        UID       PID    %usr %system  %guest   %wait    %CPU   CPU  minflt/s  majflt/s     VSZ     RSS   %MEM   kB_rd/s   kB_wr/s kB_ccwr/s iodelay  Command
05:41:03    64055     27237    5.00   15.00  100.00    0.00    2.92     0   2172.00      0.00 13848364 8436280   4.29      0.00    372.00      0.00       0  qemu-system-x86

# Time        UID       PID    %usr %system  %guest   %wait    %CPU   CPU  minflt/s  majflt/s     VSZ     RSS   %MEM   kB_rd/s   kB_wr/s kB_ccwr/s iodelay  Command
05:41:04    64055     27237    6.00   11.00  100.00    0.00    2.98    18   2511.00      0.00 13848364 8436280   4.29      0.00      0.00      0.00       0  qemu-system-x86

# Time        UID       PID    %usr %system  %guest   %wait    %CPU   CPU  minflt/s  majflt/s     VSZ     RSS   %MEM   kB_rd/s   kB_wr/s kB_ccwr/s iodelay  Command
05:41:05    64055     27237    2.00   17.00  100.00    0.00    2.88    13   3133.00      0.00 13848364 8436280   4.29      0.00  37268.00      0.00       0  qemu-system-x86

# Time        UID       PID    %usr %system  %guest   %wait    %CPU   CPU  minflt/s  majflt/s     VSZ     RSS   %MEM   kB_rd/s   kB_wr/s kB_ccwr/s iodelay  Command
05:41:06    64055     27237   11.00   56.00  100.00    1.00    4.03    32   5724.00      0.00 13848364 8436280   4.29      0.00 149200.00      0.00       0  qemu-system-x86

# Time        UID       PID    %usr %system  %guest   %wait    %CPU   CPU  minflt/s  majflt/s     VSZ     RSS   %MEM   kB_rd/s   kB_wr/s kB_ccwr/s iodelay  Command
05:41:07    64055     27237    4.00   10.00  100.00    0.00    2.88    14   2121.00      0.00 13848364 8436280   4.29      0.00      0.00      0.00       0  qemu-system-x86

# Time        UID       PID    %usr %system  %guest   %wait    %CPU   CPU  minflt/s  majflt/s     VSZ     RSS   %MEM   kB_rd/s   kB_wr/s kB_ccwr/s iodelay  Command
05:41:08    64055     27237    6.00   14.00  100.00    0.00    3.22    32   2418.00      0.00 13848364 8436280   4.29      0.00    392.00      0.00       0  qemu-system-x86

# Time        UID       PID    %usr %system  %guest   %wait    %CPU   CPU  minflt/s  majflt/s     VSZ     RSS   %MEM   kB_rd/s   kB_wr/s kB_ccwr/s iodelay  Command
05:41:09    64055     27237    9.00   83.00  100.00    0.00    4.72    14   4904.00      0.00 13848364 8436280   4.29      0.00 186364.00      0.00       0  qemu-system-x86

# Time        UID       PID    %usr %system  %guest   %wait    %CPU   CPU  minflt/s  majflt/s     VSZ     RSS   %MEM   kB_rd/s   kB_wr/s kB_ccwr/s iodelay  Command
05:41:10    64055     27237    9.00    8.00  100.00    1.00    3.01    14   3550.00      0.00 13848364 8436280   4.29      0.00      0.00      0.00       0  qemu-system-x86

# Time        UID       PID    %usr %system  %guest   %wait    %CPU   CPU  minflt/s  majflt/s     VSZ     RSS   %MEM   kB_rd/s   kB_wr/s kB_ccwr/s iodelay  Command
05:41:11    64055     27237    4.00   10.00  100.00    0.00    3.11    14   2535.00      0.00 13848364 8436280   4.29      0.00      0.00      0.00       0  qemu-system-x86

# Time        UID       PID    %usr %system  %guest   %wait    %CPU   CPU  minflt/s  majflt/s     VSZ     RSS   %MEM   kB_rd/s   kB_wr/s kB_ccwr/s iodelay  Command
05:41:12    64055     27237    6.00    8.00  100.00    0.00    3.01    14   1769.00      0.00 13848364 8436280   4.29      0.00      0.00      0.00       0  qemu-system-x86

# Time        UID       PID    %usr %system  %guest   %wait    %CPU   CPU  minflt/s  majflt/s     VSZ     RSS   %MEM   kB_rd/s   kB_wr/s kB_ccwr/s iodelay  Command
05:41:13    64055     27237    7.00   24.00  100.00    0.00    3.51    14   4392.00      0.00 13848364 8436280   4.29      0.00    372.00      0.00       0  qemu-system-x86

# Time        UID       PID    %usr %system  %guest   %wait    %CPU   CPU  minflt/s  majflt/s     VSZ     RSS   %MEM   kB_rd/s   kB_wr/s kB_ccwr/s iodelay  Command
05:41:14    64055     27237    1.98   58.42  100.00    0.00    4.05    38   4135.64      0.00 13848364 8436280   4.29      0.00 147730.69      0.00       0  qemu-system-x86

# Time        UID       PID    %usr %system  %guest   %wait    %CPU   CPU  minflt/s  majflt/s     VSZ     RSS   %MEM   kB_rd/s   kB_wr/s kB_ccwr/s iodelay  Command
05:41:15    64055     27237    7.00    7.00  100.00    1.00    2.76    30   1160.00      0.00 13848364 8436280   4.29      0.00      0.00      0.00       0  qemu-system-x86

# Time        UID       PID    %usr %system  %guest   %wait    %CPU   CPU  minflt/s  majflt/s     VSZ     RSS   %MEM   kB_rd/s   kB_wr/s kB_ccwr/s iodelay  Command
05:41:16    64055     27237    8.00   10.00  100.00    0.00    2.94     0   3082.00      0.00 13848364 8436280   4.29      0.00      0.00      0.00       0  qemu-system-x86

# Time        UID       PID    %usr %system  %guest   %wait    %CPU   CPU  minflt/s  majflt/s     VSZ     RSS   %MEM   kB_rd/s   kB_wr/s kB_ccwr/s iodelay  Command
05:41:17    64055     27237    3.00   26.00  100.00    0.00    3.17    38   1416.00      0.00 13848364 8436280   4.29      0.00 111792.00      0.00       0  qemu-system-x86

# Time        UID       PID    %usr %system  %guest   %wait    %CPU   CPU  minflt/s  majflt/s     VSZ     RSS   %MEM   kB_rd/s   kB_wr/s kB_ccwr/s iodelay  Command
05:41:18    64055     27237    6.00   14.00  100.00    0.00    2.88    34   1431.00      0.00 13848364 8436280   4.29      0.00    400.00      0.00       0  qemu-system-x86

# Time        UID       PID    %usr %system  %guest   %wait    %CPU   CPU  minflt/s  majflt/s     VSZ     RSS   %MEM   kB_rd/s   kB_wr/s kB_ccwr/s iodelay  Command
05:41:19    64055     27237    9.00   12.00  100.00    0.00    2.95    34   2205.00      0.00 13848364 8436280   4.29      0.00      0.00      0.00       0  qemu-system-x86

# Time        UID       PID    %usr %system  %guest   %wait    %CPU   CPU  minflt/s  majflt/s     VSZ     RSS   %MEM   kB_rd/s   kB_wr/s kB_ccwr/s iodelay  Command
05:41:20    64055     27237    9.00   29.00  100.00    1.00    3.45    34   1524.00      0.00 13848364 8436280   4.29      0.00  74592.00      0.00       0  qemu-system-x86

# Time        UID       PID    %usr %system  %guest   %wait    %CPU   CPU  minflt/s  majflt/s     VSZ     RSS   %MEM   kB_rd/s   kB_wr/s kB_ccwr/s iodelay  Command
05:41:21    64055     27237    3.00   11.00  100.00    0.00    2.84    34   1423.00      0.00 13848364 8436280   4.29      0.00      0.00      0.00       0  qemu-system-x86

# Time        UID       PID    %usr %system  %guest   %wait    %CPU   CPU  minflt/s  majflt/s     VSZ     RSS   %MEM   kB_rd/s   kB_wr/s kB_ccwr/s iodelay  Command
05:41:22    64055     27237    1.00   30.00  100.00    0.00    3.25    38   3117.00      0.00 13848364 8436280   4.29      0.00 111940.00      0.00       0  qemu-system-x86

# Time        UID       PID    %usr %system  %guest   %wait    %CPU   CPU  minflt/s  majflt/s     VSZ     RSS   %MEM   kB_rd/s   kB_wr/s kB_ccwr/s iodelay  Command
05:41:23    64055     27237    7.00   23.00  100.00    0.00    3.01    38   2234.00      0.00 13848364 8436280   4.29      0.00    396.00      0.00       0  qemu-system-x86

# Time        UID       PID    %usr %system  %guest   %wait    %CPU   CPU  minflt/s  majflt/s     VSZ     RSS   %MEM   kB_rd/s   kB_wr/s kB_ccwr/s iodelay  Command
05:41:24    64055     27237    4.00   69.00  100.00    0.00    4.15     2   6376.00      0.00 13848364 8436280   4.29      0.00 149044.00      0.00       0  qemu-system-x86

# Time        UID       PID    %usr %system  %guest   %wait    %CPU   CPU  minflt/s  majflt/s     VSZ     RSS   %MEM   kB_rd/s   kB_wr/s kB_ccwr/s iodelay  Command
05:41:25    64055     27237   10.00    9.00  100.00    1.00    2.95     2   5271.00      0.00 13848364 8436280   4.29      0.00      0.00      0.00       0  qemu-system-x86

# Time        UID       PID    %usr %system  %guest   %wait    %CPU   CPU  minflt/s  majflt/s     VSZ     RSS   %MEM   kB_rd/s   kB_wr/s kB_ccwr/s iodelay  Command
05:41:26    64055     27237    5.00    7.00  100.00    0.00    3.01     2   5225.00      0.00 13848364 8436280   4.29      0.00      0.00      0.00       0  qemu-system-x86

# Time        UID       PID    %usr %system  %guest   %wait    %CPU   CPU  minflt/s  majflt/s     VSZ     RSS   %MEM   kB_rd/s   kB_wr/s kB_ccwr/s iodelay  Command
05:41:27    64055     27237    3.00   10.00  100.00    0.00    4.36     2   2957.00      0.00 13848364 8436280   4.29      0.00   1888.00      0.00       0  qemu-system-x86

# Time        UID       PID    %usr %system  %guest   %wait    %CPU   CPU  minflt/s  majflt/s     VSZ     RSS   %MEM   kB_rd/s   kB_wr/s kB_ccwr/s iodelay  Command
05:41:28    64055     27237    0.00    4.00  100.00    0.00    5.86     2   9033.00      0.00 13848364 8436280   4.29      0.00    404.00      0.00       0  qemu-system-x86

# Time        UID       PID    %usr %system  %guest   %wait    %CPU   CPU  minflt/s  majflt/s     VSZ     RSS   %MEM   kB_rd/s   kB_wr/s kB_ccwr/s iodelay  Command
05:41:29    64055     27237    0.00   10.00  100.00    0.00    3.63     2   4465.00      0.00 13848364 8436280   4.29      0.00      8.00      0.00       0  qemu-system-x86

# Time        UID       PID    %usr %system  %guest   %wait    %CPU   CPU  minflt/s  majflt/s     VSZ     RSS   %MEM   kB_rd/s   kB_wr/s kB_ccwr/s iodelay  Command
05:41:30    64055     27237    4.00   45.00  100.00    0.00    5.80     6   8438.00      0.00 13848364 8436280   4.29      0.00  74528.00      0.00       0  qemu-system-x86

# Time        UID       PID    %usr %system  %guest   %wait    %CPU   CPU  minflt/s  majflt/s     VSZ     RSS   %MEM   kB_rd/s   kB_wr/s kB_ccwr/s iodelay  Command
05:41:31    64055     27237    2.00    3.00  100.00    0.00    2.48     6   2504.00      0.00 13848364 8436280   4.29      0.00      0.00      0.00       0  qemu-system-x86

# Time        UID       PID    %usr %system  %guest   %wait    %CPU   CPU  minflt/s  majflt/s     VSZ     RSS   %MEM   kB_rd/s   kB_wr/s kB_ccwr/s iodelay  Command
05:41:32    64055     27237    2.00   13.00  100.00    0.00    3.23     6   3277.00      0.00 13848364 8436280   4.29      0.00      4.00      0.00       0  qemu-system-x86

# Time        UID       PID    %usr %system  %guest   %wait    %CPU   CPU  minflt/s  majflt/s     VSZ     RSS   %MEM   kB_rd/s   kB_wr/s kB_ccwr/s iodelay  Command
05:41:33    64055     27237    0.00  100.00  100.00    1.00    9.38     6   4121.00      0.00 13848364 8436384   4.29      0.00 274896.00      0.00       0  qemu-system-x86

# Time        UID       PID    %usr %system  %guest   %wait    %CPU   CPU  minflt/s  majflt/s     VSZ     RSS   %MEM   kB_rd/s   kB_wr/s kB_ccwr/s iodelay  Command
05:41:34    64055     27237    5.00   11.00   75.00    0.00    1.90     6   4503.00      0.00 13848364 8436384   4.29      0.00    124.00      0.00       0  qemu-system-x86

# Time        UID       PID    %usr %system  %guest   %wait    %CPU   CPU  minflt/s  majflt/s     VSZ     RSS   %MEM   kB_rd/s   kB_wr/s kB_ccwr/s iodelay  Command
05:41:35    64055     27237    0.00    5.00  100.00    0.00    2.73     6   2441.00      0.00 13848364 8436384   4.29      0.00      0.00      0.00       0  qemu-system-x86

# Time        UID       PID    %usr %system  %guest   %wait    %CPU   CPU  minflt/s  majflt/s     VSZ     RSS   %MEM   kB_rd/s   kB_wr/s kB_ccwr/s iodelay  Command
05:41:36    64055     27237    2.00   20.00  100.00    0.00    6.89     6  10145.00      0.00 13848364 8436384   4.29      0.00      0.00      0.00       0  qemu-system-x86

# Time        UID       PID    %usr %system  %guest   %wait    %CPU   CPU  minflt/s  majflt/s     VSZ     RSS   %MEM   kB_rd/s   kB_wr/s kB_ccwr/s iodelay  Command
05:41:37    64055     27237    4.00    8.00  100.00    0.00    3.07     6   2718.00      0.00 13848364 8436384   4.29      0.00      8.00      0.00       0  qemu-system-x86

# Time        UID       PID    %usr %system  %guest   %wait    %CPU   CPU  minflt/s  majflt/s     VSZ     RSS   %MEM   kB_rd/s   kB_wr/s kB_ccwr/s iodelay  Command
05:41:38    64055     27237    3.00   27.00  100.00    0.00    4.13     6   6149.00      0.00 13848364 8436384   4.29      0.00  66568.00      0.00       0  qemu-system-x86

# Time        UID       PID    %usr %system  %guest   %wait    %CPU   CPU  minflt/s  majflt/s     VSZ     RSS   %MEM   kB_rd/s   kB_wr/s kB_ccwr/s iodelay  Command
05:41:39    64055     27237    0.00    5.00  100.00    0.00    2.40     6    782.00      0.00 13848364 8436384   4.29      0.00     68.00      0.00       0  qemu-system-x86

# Time        UID       PID    %usr %system  %guest   %wait    %CPU   CPU  minflt/s  majflt/s     VSZ     RSS   %MEM   kB_rd/s   kB_wr/s kB_ccwr/s iodelay  Command
05:41:40    64055     27237    5.00   32.00  100.00    0.00    4.63    22   6250.00      0.00 13848364 8436384   4.29      0.00     12.00      0.00       0  qemu-system-x86

# Time        UID       PID    %usr %system  %guest   %wait    %CPU   CPU  minflt/s  majflt/s     VSZ     RSS   %MEM   kB_rd/s   kB_wr/s kB_ccwr/s iodelay  Command
05:41:41    64055     27237    0.00    4.00  100.00    0.00    2.92    22   1287.00      0.00 13848364 8436384   4.29      0.00      8.00      0.00       0  qemu-system-x86

# Time        UID       PID    %usr %system  %guest   %wait    %CPU   CPU  minflt/s  majflt/s     VSZ     RSS   %MEM   kB_rd/s   kB_wr/s kB_ccwr/s iodelay  Command
05:41:42    64055     27237    1.00   28.00  100.00    1.00    4.40    22   2225.00      0.00 13848364 8436384   4.29      0.00      0.00      0.00       0  qemu-system-x86

# Time        UID       PID    %usr %system  %guest   %wait    %CPU   CPU  minflt/s  majflt/s     VSZ     RSS   %MEM   kB_rd/s   kB_wr/s kB_ccwr/s iodelay  Command
05:41:43    64055     27237    1.00   10.00  100.00    0.00    3.40    22   2460.00      0.00 13848364 8436384   4.29      0.00      4.00      0.00       0  qemu-system-x86

# Time        UID       PID    %usr %system  %guest   %wait    %CPU   CPU  minflt/s  majflt/s     VSZ     RSS   %MEM   kB_rd/s   kB_wr/s kB_ccwr/s iodelay  Command
05:41:44    64055     27237    4.00   37.00  100.00    0.00    3.88    22   1288.00      0.00 13848364 8436384   4.29      0.00 131804.00      0.00       0  qemu-system-x86

# Time        UID       PID    %usr %system  %guest   %wait    %CPU   CPU  minflt/s  majflt/s     VSZ     RSS   %MEM   kB_rd/s   kB_wr/s kB_ccwr/s iodelay  Command
05:41:45    64055     27237    0.00   23.00  100.00    0.00    4.30    22    786.00      0.00 13848364 8436384   4.29      0.00     88.00      0.00       0  qemu-system-x86

# Time        UID       PID    %usr %system  %guest   %wait    %CPU   CPU  minflt/s  majflt/s     VSZ     RSS   %MEM   kB_rd/s   kB_wr/s kB_ccwr/s iodelay  Command
05:41:46    64055     27237    2.00    7.00  100.00    0.00    3.17    22   4839.00      0.00 13848364 8436384   4.29      0.00      0.00      0.00       0  qemu-system-x86

# Time        UID       PID    %usr %system  %guest   %wait    %CPU   CPU  minflt/s  majflt/s     VSZ     RSS   %MEM   kB_rd/s   kB_wr/s kB_ccwr/s iodelay  Command
05:41:47    64055     27237    3.00    5.00  100.00    0.00    3.48    26   2634.00      0.00 13848364 8436384   4.29      0.00      8.00      0.00       0  qemu-system-x86

# Time        UID       PID    %usr %system  %guest   %wait    %CPU   CPU  minflt/s  majflt/s     VSZ     RSS   %MEM   kB_rd/s   kB_wr/s kB_ccwr/s iodelay  Command
05:41:48    64055     27237    2.00   45.00  100.00    0.00    5.59    26   6156.00      0.00 13848364 8436384   4.29      0.00 132104.00      0.00       0  qemu-system-x86

# Time        UID       PID    %usr %system  %guest   %wait    %CPU   CPU  minflt/s  majflt/s     VSZ     RSS   %MEM   kB_rd/s   kB_wr/s kB_ccwr/s iodelay  Command
05:41:49    64055     27237    0.00   10.00  100.00    0.00    2.69    26   2355.00      0.00 13848364 8436384   4.29      0.00      4.00      0.00       0  qemu-system-x86

# Time        UID       PID    %usr %system  %guest   %wait    %CPU   CPU  minflt/s  majflt/s     VSZ     RSS   %MEM   kB_rd/s   kB_wr/s kB_ccwr/s iodelay  Command
05:41:50    64055     27237    2.00   12.00  100.00    0.00    4.97    26   3625.00      0.00 13848364 8436384   4.29      0.00     72.00      0.00       0  qemu-system-x86

# Time        UID       PID    %usr %system  %guest   %wait    %CPU   CPU  minflt/s  majflt/s     VSZ     RSS   %MEM   kB_rd/s   kB_wr/s kB_ccwr/s iodelay  Command
05:41:51    64055     27237    1.00    6.00  100.00    1.00    2.96    26   1721.00      0.00 13848364 8436384   4.29      0.00      0.00      0.00       0  qemu-system-x86

# Time        UID       PID    %usr %system  %guest   %wait    %CPU   CPU  minflt/s  majflt/s     VSZ     RSS   %MEM   kB_rd/s   kB_wr/s kB_ccwr/s iodelay  Command
05:41:52    64055     27237    0.00   24.00  100.00    0.00    5.25    26   8508.00      0.00 13848364 8436384   4.29      0.00      8.00      0.00       0  qemu-system-x86

# Time        UID       PID    %usr %system  %guest   %wait    %CPU   CPU  minflt/s  majflt/s     VSZ     RSS   %MEM   kB_rd/s   kB_wr/s kB_ccwr/s iodelay  Command
05:41:53    64055     27237    2.00   16.00  100.00    0.00    3.13    26   1095.00      0.00 13848364 8436384   4.29      0.00  66568.00      0.00       0  qemu-system-x86

# Time        UID       PID    %usr %system  %guest   %wait    %CPU   CPU  minflt/s  majflt/s     VSZ     RSS   %MEM   kB_rd/s   kB_wr/s kB_ccwr/s iodelay  Command
05:41:54    64055     27237    2.00    9.00  100.00    0.00    5.57    26    659.00      0.00 13848364 8436384   4.29      0.00      0.00      0.00       0  qemu-system-x86

# Time        UID       PID    %usr %system  %guest   %wait    %CPU   CPU  minflt/s  majflt/s     VSZ     RSS   %MEM   kB_rd/s   kB_wr/s kB_ccwr/s iodelay  Command
05:41:55    64055     27237    3.00   21.00  100.00    0.00    3.13    14   2476.00      0.00 13848364 8436384   4.29      0.00     72.00      0.00       0  qemu-system-x86

# Time        UID       PID    %usr %system  %guest   %wait    %CPU   CPU  minflt/s  majflt/s     VSZ     RSS   %MEM   kB_rd/s   kB_wr/s kB_ccwr/s iodelay  Command
05:41:56    64055     27237    0.00   23.00  100.00    0.00    3.61    14    635.00      0.00 13848364 8436384   4.29      0.00  82760.00      0.00       0  qemu-system-x86

# Time        UID       PID    %usr %system  %guest   %wait    %CPU   CPU  minflt/s  majflt/s     VSZ     RSS   %MEM   kB_rd/s   kB_wr/s kB_ccwr/s iodelay  Command
05:41:57    64055     27237    3.00   23.00  100.00    0.00    5.72    14   1151.00      0.00 13848364 8436384   4.29      0.00  49016.00      0.00       0  qemu-system-x86

# Time        UID       PID    %usr %system  %guest   %wait    %CPU   CPU  minflt/s  majflt/s     VSZ     RSS   %MEM   kB_rd/s   kB_wr/s kB_ccwr/s iodelay  Command
05:41:58    64055     27237    2.00   14.00  100.00    1.00    3.84    14   4885.00      0.00 13848364 8436384   4.29      0.00      0.00      0.00       0  qemu-system-x86

# Time        UID       PID    %usr %system  %guest   %wait    %CPU   CPU  minflt/s  majflt/s     VSZ     RSS   %MEM   kB_rd/s   kB_wr/s kB_ccwr/s iodelay  Command
05:41:59    64055     27237    0.00    7.00  100.00    0.00    3.40    14   2170.00      0.00 13848364 8436384   4.29      0.00      0.00      0.00       0  qemu-system-x86

# Time        UID       PID    %usr %system  %guest   %wait    %CPU   CPU  minflt/s  majflt/s     VSZ     RSS   %MEM   kB_rd/s   kB_wr/s kB_ccwr/s iodelay  Command
05:42:00    64055     27237    5.00   11.00  100.00    0.00    4.09    18   3971.00      0.00 13848364 8436384   4.29      0.00    104.00      0.00       0  qemu-system-x86

# Time        UID       PID    %usr %system  %guest   %wait    %CPU   CPU  minflt/s  majflt/s     VSZ     RSS   %MEM   kB_rd/s   kB_wr/s kB_ccwr/s iodelay  Command
05:42:01    64055     27237    0.00    1.00  100.00    0.00    2.38    36   2251.00      0.00 13848364 8436384   4.29      0.00    504.00      0.00       0  qemu-system-x86

# Time        UID       PID    %usr %system  %guest   %wait    %CPU   CPU  minflt/s  majflt/s     VSZ     RSS   %MEM   kB_rd/s   kB_wr/s kB_ccwr/s iodelay  Command
05:42:02    64055     27237    5.00   57.00  100.00    0.00    4.33    44  12376.00      0.00 13848364 8436384   4.29      0.00 198172.00      0.00       0  qemu-system-x86

# Time        UID       PID    %usr %system  %guest   %wait    %CPU   CPU  minflt/s  majflt/s     VSZ     RSS   %MEM   kB_rd/s   kB_wr/s kB_ccwr/s iodelay  Command
05:42:03    64055     27237    1.00    8.00  100.00    0.00    5.61    40  12734.00      0.00 13848364 8436384   4.29      0.00      0.00      0.00       0  qemu-system-x86

# Time        UID       PID    %usr %system  %guest   %wait    %CPU   CPU  minflt/s  majflt/s     VSZ     RSS   %MEM   kB_rd/s   kB_wr/s kB_ccwr/s iodelay  Command
05:42:04    64055     27237    2.00    6.00  100.00    0.00    3.15    40   5311.00      0.00 13848364 8436384   4.29      0.00      0.00      0.00       0  qemu-system-x86

# Time        UID       PID    %usr %system  %guest   %wait    %CPU   CPU  minflt/s  majflt/s     VSZ     RSS   %MEM   kB_rd/s   kB_wr/s kB_ccwr/s iodelay  Command
05:42:05    64055     27237    3.00   24.00  100.00    1.00    4.09    40   7584.00      0.00 13848364 8436384   4.29      0.00     84.00      0.00       0  qemu-system-x86

# Time        UID       PID    %usr %system  %guest   %wait    %CPU   CPU  minflt/s  majflt/s     VSZ     RSS   %MEM   kB_rd/s   kB_wr/s kB_ccwr/s iodelay  Command
05:42:06    64055     27237    2.00    7.00  100.00    0.00    3.38    40   5860.00      0.00 13848364 8436384   4.29      0.00      0.00      0.00       0  qemu-system-x86

# Time        UID       PID    %usr %system  %guest   %wait    %CPU   CPU  minflt/s  majflt/s     VSZ     RSS   %MEM   kB_rd/s   kB_wr/s kB_ccwr/s iodelay  Command
05:42:07    64055     27237    3.00   51.00  100.00    0.00    6.01    40  12660.00      0.00 13848364 8436384   4.29      0.00 131740.00      0.00       0  qemu-system-x86

# Time        UID       PID    %usr %system  %guest   %wait    %CPU   CPU  minflt/s  majflt/s     VSZ     RSS   %MEM   kB_rd/s   kB_wr/s kB_ccwr/s iodelay  Command
05:42:08    64055     27237    4.00    5.00  100.00    0.00    2.82    40   1811.00      0.00 13848364 8436384   4.29      0.00      0.00      0.00       0  qemu-system-x86

# Time        UID       PID    %usr %system  %guest   %wait    %CPU   CPU  minflt/s  majflt/s     VSZ     RSS   %MEM   kB_rd/s   kB_wr/s kB_ccwr/s iodelay  Command
05:42:09    64055     27237    1.00   31.00  100.00    0.00    3.49    40   2928.00      0.00 13848364 8436384   4.29      0.00      8.00      0.00       0  qemu-system-x86

# Time        UID       PID    %usr %system  %guest   %wait    %CPU   CPU  minflt/s  majflt/s     VSZ     RSS   %MEM   kB_rd/s   kB_wr/s kB_ccwr/s iodelay  Command
05:42:10    64055     27237    5.00   13.00  100.00    0.00    3.63    40   3207.00      0.00 13848364 8436384   4.29      0.00    104.00      0.00       0  qemu-system-x86

# Time        UID       PID    %usr %system  %guest   %wait    %CPU   CPU  minflt/s  majflt/s     VSZ     RSS   %MEM   kB_rd/s   kB_wr/s kB_ccwr/s iodelay  Command
05:42:11    64055     27237    2.00    7.00  100.00    0.00    4.01    40   2195.00      0.00 13848364 8436384   4.29      0.00      0.00      0.00       0  qemu-system-x86

# Time        UID       PID    %usr %system  %guest   %wait    %CPU   CPU  minflt/s  majflt/s     VSZ     RSS   %MEM   kB_rd/s   kB_wr/s kB_ccwr/s iodelay  Command
05:42:12    64055     27237    4.00   81.00  100.00    1.00    6.78    40   4823.00      0.00 13848364 8436384   4.29      0.00 198744.00      0.00       0  qemu-system-x86

# Time        UID       PID    %usr %system  %guest   %wait    %CPU   CPU  minflt/s  majflt/s     VSZ     RSS   %MEM   kB_rd/s   kB_wr/s kB_ccwr/s iodelay  Command
05:42:13    64055     27237    0.00    6.00  100.00    0.00    3.04    30   2856.00      0.00 13848364 8436384   4.29      0.00      0.00      0.00       0  qemu-system-x86

# Time        UID       PID    %usr %system  %guest   %wait    %CPU   CPU  minflt/s  majflt/s     VSZ     RSS   %MEM   kB_rd/s   kB_wr/s kB_ccwr/s iodelay  Command
05:42:14    64055     27237    2.00   11.00  100.00    0.00    2.80    30    921.00      0.00 13848364 8436384   4.29      0.00      8.00      0.00       0  qemu-system-x86

# Time        UID       PID    %usr %system  %guest   %wait    %CPU   CPU  minflt/s  majflt/s     VSZ     RSS   %MEM   kB_rd/s   kB_wr/s kB_ccwr/s iodelay  Command
05:42:15    64055     27237    7.00   21.00  100.00    0.00    3.65    30    793.00      0.00 13848364 8436384   4.29      0.00     72.00      0.00       0  qemu-system-x86

# Time        UID       PID    %usr %system  %guest   %wait    %CPU   CPU  minflt/s  majflt/s     VSZ     RSS   %MEM   kB_rd/s   kB_wr/s kB_ccwr/s iodelay  Command
05:42:16    64055     27237    0.00   37.00  100.00    0.00    4.50    30   2511.00      0.00 13848364 8436384   4.29      0.00      8.00      0.00       0  qemu-system-x86

# Time        UID       PID    %usr %system  %guest   %wait    %CPU   CPU  minflt/s  majflt/s     VSZ     RSS   %MEM   kB_rd/s   kB_wr/s kB_ccwr/s iodelay  Command
05:42:17    64055     27237    5.00    6.00  100.00    1.00    3.48    30    614.00      0.00 13848364 8436384   4.29      0.00      0.00      0.00       0  qemu-system-x86

# Time        UID       PID    %usr %system  %guest   %wait    %CPU   CPU  minflt/s  majflt/s     VSZ     RSS   %MEM   kB_rd/s   kB_wr/s kB_ccwr/s iodelay  Command
05:42:18    64055     27237    5.00   81.00  100.00    0.00    5.47    30    893.00      0.00 13848364 8436384   4.29      0.00 197796.00      0.00       0  qemu-system-x86

# Time        UID       PID    %usr %system  %guest   %wait    %CPU   CPU  minflt/s  majflt/s     VSZ     RSS   %MEM   kB_rd/s   kB_wr/s kB_ccwr/s iodelay  Command
05:42:19    64055     27237    4.00    6.00  100.00    0.00    2.88    30   2314.00      0.00 13848364 8436384   4.29      0.00      0.00      0.00       0  qemu-system-x86

# Time        UID       PID    %usr %system  %guest   %wait    %CPU   CPU  minflt/s  majflt/s     VSZ     RSS   %MEM   kB_rd/s   kB_wr/s kB_ccwr/s iodelay  Command
05:42:20    64055     27237    1.00    8.00  100.00    0.00    3.32    30    380.00      0.00 13848364 8436384   4.29      0.00      4.00      0.00       0  qemu-system-x86

# Time        UID       PID    %usr %system  %guest   %wait    %CPU   CPU  minflt/s  majflt/s     VSZ     RSS   %MEM   kB_rd/s   kB_wr/s kB_ccwr/s iodelay  Command
05:42:21    64055     27237    0.00   13.00  100.00    0.00    4.59    30    334.00      0.00 13848364 8436384   4.29      0.00     96.00      0.00       0  qemu-system-x86

# Time        UID       PID    %usr %system  %guest   %wait    %CPU   CPU  minflt/s  majflt/s     VSZ     RSS   %MEM   kB_rd/s   kB_wr/s kB_ccwr/s iodelay  Command
05:42:22    64055     27237    2.00   13.00  100.00    0.00    2.90    30   3275.00      0.00 13848364 8436384   4.29      0.00      0.00      0.00       0  qemu-system-x86

# Time        UID       PID    %usr %system  %guest   %wait    %CPU   CPU  minflt/s  majflt/s     VSZ     RSS   %MEM   kB_rd/s   kB_wr/s kB_ccwr/s iodelay  Command
05:42:23    64055     27237    2.00   36.00  100.00    0.00    4.63    30   5623.00      0.00 13848364 8436384   4.29      0.00  61836.00      0.00       0  qemu-system-x86

# Time        UID       PID    %usr %system  %guest   %wait    %CPU   CPU  minflt/s  majflt/s     VSZ     RSS   %MEM   kB_rd/s   kB_wr/s kB_ccwr/s iodelay  Command
05:42:24    64055     27237    5.00   23.00  100.00    1.00    3.34    30   2946.00      0.00 13848364 8436384   4.29      0.00  70836.00      0.00       0  qemu-system-x86

# Time        UID       PID    %usr %system  %guest   %wait    %CPU   CPU  minflt/s  majflt/s     VSZ     RSS   %MEM   kB_rd/s   kB_wr/s kB_ccwr/s iodelay  Command
05:42:25    64055     27237    0.00   22.00  100.00    0.00    3.61    30   6292.00      0.00 13848364 8436384   4.29      0.00      8.00      0.00       0  qemu-system-x86

# Time        UID       PID    %usr %system  %guest   %wait    %CPU   CPU  minflt/s  majflt/s     VSZ     RSS   %MEM   kB_rd/s   kB_wr/s kB_ccwr/s iodelay  Command
05:42:26    64055     27237    6.00   18.00  100.00    0.00    3.30    30   7680.00      0.00 13848364 8436384   4.29      0.00     76.00      0.00       0  qemu-system-x86

# Time        UID       PID    %usr %system  %guest   %wait    %CPU   CPU  minflt/s  majflt/s     VSZ     RSS   %MEM   kB_rd/s   kB_wr/s kB_ccwr/s iodelay  Command
05:42:27    64055     27237    3.00   15.00  100.00    0.00    4.15    30   6787.00      0.00 13848364 8436384   4.29      0.00      4.00      0.00       0  qemu-system-x86

# Time        UID       PID    %usr %system  %guest   %wait    %CPU   CPU  minflt/s  majflt/s     VSZ     RSS   %MEM   kB_rd/s   kB_wr/s kB_ccwr/s iodelay  Command
05:42:28    64055     27237    3.00   10.00  100.00    1.00    2.83    40   5645.00      0.00 13848364 8436384   4.29      0.00      0.00      0.00       0  qemu-system-x86

# Time        UID       PID    %usr %system  %guest   %wait    %CPU   CPU  minflt/s  majflt/s     VSZ     RSS   %MEM   kB_rd/s   kB_wr/s kB_ccwr/s iodelay  Command
05:42:29    64055     27237    0.00   24.00  100.00    0.00    3.79    40   5252.00      0.00 13848364 8436384   4.29      0.00      0.00      0.00       0  qemu-system-x86

# Time        UID       PID    %usr %system  %guest   %wait    %CPU   CPU  minflt/s  majflt/s     VSZ     RSS   %MEM   kB_rd/s   kB_wr/s kB_ccwr/s iodelay  Command
05:42:30    64055     27237    0.00   37.00  100.00    0.00    6.51    40   4133.00      0.00 13848364 8436384   4.29      0.00 131732.00      0.00       0  qemu-system-x86

# Time        UID       PID    %usr %system  %guest   %wait    %CPU   CPU  minflt/s  majflt/s     VSZ     RSS   %MEM   kB_rd/s   kB_wr/s kB_ccwr/s iodelay  Command
05:42:31    64055     27237    3.00   10.00  100.00    0.00    2.77    40   6172.00      0.00 13848364 8436384   4.29      0.00      0.00      0.00       0  qemu-system-x86

# Time        UID       PID    %usr %system  %guest   %wait    %CPU   CPU  minflt/s  majflt/s     VSZ     RSS   %MEM   kB_rd/s   kB_wr/s kB_ccwr/s iodelay  Command
05:42:32    64055     27237    1.00   32.00  100.00    0.00    3.71    40   3364.00      0.00 13848364 8436384   4.29      0.00     84.00      0.00       0  qemu-system-x86

# Time        UID       PID    %usr %system  %guest   %wait    %CPU   CPU  minflt/s  majflt/s     VSZ     RSS   %MEM   kB_rd/s   kB_wr/s kB_ccwr/s iodelay  Command
05:42:33    64055     27237    3.00   18.00  100.00    0.00    3.73    40   5488.00      0.00 13848364 8436384   4.29      0.00      8.00      0.00       0  qemu-system-x86

# Time        UID       PID    %usr %system  %guest   %wait    %CPU   CPU  minflt/s  majflt/s     VSZ     RSS   %MEM   kB_rd/s   kB_wr/s kB_ccwr/s iodelay  Command
05:42:34    64055     27237    2.00   63.00  100.00    0.00    5.22    40   1722.00      0.00 13848364 8436384   4.29      0.00 198708.00      0.00       0  qemu-system-x86

# Time        UID       PID    %usr %system  %guest   %wait    %CPU   CPU  minflt/s  majflt/s     VSZ     RSS   %MEM   kB_rd/s   kB_wr/s kB_ccwr/s iodelay  Command
05:42:35    64055     27237    5.00    4.00  100.00    1.00    2.75     2    155.00      0.00 13848364 8436384   4.29      0.00      0.00      0.00       0  qemu-system-x86

# Time        UID       PID    %usr %system  %guest   %wait    %CPU   CPU  minflt/s  majflt/s     VSZ     RSS   %MEM   kB_rd/s   kB_wr/s kB_ccwr/s iodelay  Command
05:42:36    64055     27237    1.00   10.00  100.00    0.00    5.15     2   6037.00      0.00 13848364 8436384   4.29      0.00      0.00      0.00       0  qemu-system-x86

# Time        UID       PID    %usr %system  %guest   %wait    %CPU   CPU  minflt/s  majflt/s     VSZ     RSS   %MEM   kB_rd/s   kB_wr/s kB_ccwr/s iodelay  Command
05:42:37    64055     27237    2.00   22.00   92.00    0.00    2.42     2   3197.00      0.00 13848364 8436384   4.29      0.00     84.00      0.00       0  qemu-system-x86

# Time        UID       PID    %usr %system  %guest   %wait    %CPU   CPU  minflt/s  majflt/s     VSZ     RSS   %MEM   kB_rd/s   kB_wr/s kB_ccwr/s iodelay  Command
05:42:38    64055     27237    4.00    3.00  100.00    0.00    2.69     2   1162.00      0.00 13848364 8436384   4.29      0.00      0.00      0.00       0  qemu-system-x86

# Time        UID       PID    %usr %system  %guest   %wait    %CPU   CPU  minflt/s  majflt/s     VSZ     RSS   %MEM   kB_rd/s   kB_wr/s kB_ccwr/s iodelay  Command
05:42:39    64055     27237    0.00   22.00  100.00    0.00    4.59     2    860.00      0.00 13848364 8436384   4.29      0.00      8.00      0.00       0  qemu-system-x86

# Time        UID       PID    %usr %system  %guest   %wait    %CPU   CPU  minflt/s  majflt/s     VSZ     RSS   %MEM   kB_rd/s   kB_wr/s kB_ccwr/s iodelay  Command
05:42:40    64055     27237    3.00    7.00  100.00    1.00    2.96    18   2612.00      0.00 13848364 8436384   4.29      0.00      0.00      0.00       0  qemu-system-x86

# Time        UID       PID    %usr %system  %guest   %wait    %CPU   CPU  minflt/s  majflt/s     VSZ     RSS   %MEM   kB_rd/s   kB_wr/s kB_ccwr/s iodelay  Command
05:42:41    64055     27237    5.00   46.00  100.00    0.00    4.89    20   4514.00      0.00 13848364 8436384   4.29      0.00 131740.00      0.00       0  qemu-system-x86

# Time        UID       PID    %usr %system  %guest   %wait    %CPU   CPU  minflt/s  majflt/s     VSZ     RSS   %MEM   kB_rd/s   kB_wr/s kB_ccwr/s iodelay  Command
05:42:42    64055     27237    4.00    3.00  100.00    0.00    5.36    20   3681.00      0.00 13848364 8436384   4.29      0.00      0.00      0.00       0  qemu-system-x86

# Time        UID       PID    %usr %system  %guest   %wait    %CPU   CPU  minflt/s  majflt/s     VSZ     RSS   %MEM   kB_rd/s   kB_wr/s kB_ccwr/s iodelay  Command
05:42:43    64055     27237    0.00   10.00  100.00    0.00    2.90    20   1829.00      0.00 13848364 8436384   4.29      0.00     88.00      0.00       0  qemu-system-x86

# Time        UID       PID    %usr %system  %guest   %wait    %CPU   CPU  minflt/s  majflt/s     VSZ     RSS   %MEM   kB_rd/s   kB_wr/s kB_ccwr/s iodelay  Command
05:42:44    64055     27237    5.00   12.00  100.00    0.00    3.65    24   2600.00      0.00 13848364 8436384   4.29      0.00      4.00      0.00       0  qemu-system-x86

# Time        UID       PID    %usr %system  %guest   %wait    %CPU   CPU  minflt/s  majflt/s     VSZ     RSS   %MEM   kB_rd/s   kB_wr/s kB_ccwr/s iodelay  Command
05:42:45    64055     27237    2.00    7.00  100.00    0.00    3.23    24   1536.00      0.00 13848364 8436384   4.29      0.00      0.00      0.00       0  qemu-system-x86

# Time        UID       PID    %usr %system  %guest   %wait    %CPU   CPU  minflt/s  majflt/s     VSZ     RSS   %MEM   kB_rd/s   kB_wr/s kB_ccwr/s iodelay  Command
05:42:46    64055     27237    4.00   98.00  100.00    1.00    5.93    20   3428.00      0.00 13848364 8436384   4.29      0.00 198708.00      0.00       0  qemu-system-x86

# Time        UID       PID    %usr %system  %guest   %wait    %CPU   CPU  minflt/s  majflt/s     VSZ     RSS   %MEM   kB_rd/s   kB_wr/s kB_ccwr/s iodelay  Command
05:42:47    64055     27237    0.00    2.00  100.00    0.00    2.23    20   1140.00      0.00 13848364 8436384   4.29      0.00      0.00      0.00       0  qemu-system-x86

# Time        UID       PID    %usr %system  %guest   %wait    %CPU   CPU  minflt/s  majflt/s     VSZ     RSS   %MEM   kB_rd/s   kB_wr/s kB_ccwr/s iodelay  Command
05:42:48    64055     27237    0.00   18.00  100.00    0.00    2.80    20   1737.00      0.00 13848364 8436384   4.29      0.00     96.00      0.00       0  qemu-system-x86

# Time        UID       PID    %usr %system  %guest   %wait    %CPU   CPU  minflt/s  majflt/s     VSZ     RSS   %MEM   kB_rd/s   kB_wr/s kB_ccwr/s iodelay  Command
05:42:49    64055     27237    6.00    8.00  100.00    0.00    3.36    20   4788.00      0.00 13848364 8436384   4.29      0.00      0.00      0.00       0  qemu-system-x86

# Time        UID       PID    %usr %system  %guest   %wait    %CPU   CPU  minflt/s  majflt/s     VSZ     RSS   %MEM   kB_rd/s   kB_wr/s kB_ccwr/s iodelay  Command
05:42:50    64055     27237    0.00    7.00  100.00    0.00    4.11    20   3975.00      0.00 13848364 8436384   4.29      0.00      0.00      0.00       0  qemu-system-x86

# Time        UID       PID    %usr %system  %guest   %wait    %CPU   CPU  minflt/s  majflt/s     VSZ     RSS   %MEM   kB_rd/s   kB_wr/s kB_ccwr/s iodelay  Command
05:42:51    64055     27237    1.00   15.00  100.00    1.00    3.30    20   5777.00      0.00 13848364 8436384   4.29      0.00      8.00      0.00       0  qemu-system-x86

# Time        UID       PID    %usr %system  %guest   %wait    %CPU   CPU  minflt/s  majflt/s     VSZ     RSS   %MEM   kB_rd/s   kB_wr/s kB_ccwr/s iodelay  Command
05:42:52    64055     27237    2.00   11.00  100.00    0.00    3.90    20   4942.00      0.00 13848364 8436384   4.29      0.00      0.00      0.00       0  qemu-system-x86

# Time        UID       PID    %usr %system  %guest   %wait    %CPU   CPU  minflt/s  majflt/s     VSZ     RSS   %MEM   kB_rd/s   kB_wr/s kB_ccwr/s iodelay  Command
05:42:53    64055     27237    5.00    6.00  100.00    0.00    2.94    20   1324.00      0.00 13848364 8436384   4.29      0.00      4.00      0.00       0  qemu-system-x86

# Time        UID       PID    %usr %system  %guest   %wait    %CPU   CPU  minflt/s  majflt/s     VSZ     RSS   %MEM   kB_rd/s   kB_wr/s kB_ccwr/s iodelay  Command
05:42:54    64055     27237    0.00   69.00  100.00    0.00    4.56    20   5576.00      0.00 13848364 8436384   4.29      0.00 131772.00      0.00       0  qemu-system-x86

# Time        UID       PID    %usr %system  %guest   %wait    %CPU   CPU  minflt/s  majflt/s     VSZ     RSS   %MEM   kB_rd/s   kB_wr/s kB_ccwr/s iodelay  Command
05:42:55    64055     27237    2.00   24.00  100.00    1.00    3.03    46   9417.00      0.00 13848364 8436384   4.29      0.00      8.00      0.00       0  qemu-system-x86

# Time        UID       PID    %usr %system  %guest   %wait    %CPU   CPU  minflt/s  majflt/s     VSZ     RSS   %MEM   kB_rd/s   kB_wr/s kB_ccwr/s iodelay  Command
05:42:56    64055     27237    1.00    7.00  100.00    0.00    2.82    46   3317.00      0.00 13848364 8436384   4.29      0.00      0.00      0.00       0  qemu-system-x86

# Time        UID       PID    %usr %system  %guest   %wait    %CPU   CPU  minflt/s  majflt/s     VSZ     RSS   %MEM   kB_rd/s   kB_wr/s kB_ccwr/s iodelay  Command
05:42:57    64055     27237    3.00   61.00  100.00    0.00    5.21    38  10962.00      0.00 13848364 8436384   4.29      0.00 198688.00      0.00       0  qemu-system-x86

# Time        UID       PID    %usr %system  %guest   %wait    %CPU   CPU  minflt/s  majflt/s     VSZ     RSS   %MEM   kB_rd/s   kB_wr/s kB_ccwr/s iodelay  Command
05:42:58    64055     27237    2.00   12.00  100.00    0.00    3.22    38   3452.00      0.00 13848364 8436384   4.29      0.00      0.00      0.00       0  qemu-system-x86

# Time        UID       PID    %usr %system  %guest   %wait    %CPU   CPU  minflt/s  majflt/s     VSZ     RSS   %MEM   kB_rd/s   kB_wr/s kB_ccwr/s iodelay  Command
05:42:59    64055     27237    2.00   25.00  100.00    1.00    3.94    38   5984.00      0.00 13848364 8436384   4.29      0.00      8.00      0.00       0  qemu-system-x86

# Time        UID       PID    %usr %system  %guest   %wait    %CPU   CPU  minflt/s  majflt/s     VSZ     RSS   %MEM   kB_rd/s   kB_wr/s kB_ccwr/s iodelay  Command
05:43:00    64055     27237    3.00   13.00  100.00    0.00    3.38    38   4138.00      0.00 13848364 8436384   4.29      0.00    100.00      0.00       0  qemu-system-x86

# Time        UID       PID    %usr %system  %guest   %wait    %CPU   CPU  minflt/s  majflt/s     VSZ     RSS   %MEM   kB_rd/s   kB_wr/s kB_ccwr/s iodelay  Command
05:43:01    64055     27237    6.00   22.00  100.00    0.00    4.47    38   6197.00      0.00 13848364 8436384   4.29      0.00      8.00      0.00       0  qemu-system-x86

# Time        UID       PID    %usr %system  %guest   %wait    %CPU   CPU  minflt/s  majflt/s     VSZ     RSS   %MEM   kB_rd/s   kB_wr/s kB_ccwr/s iodelay  Command
05:43:02    64055     27237    0.00    4.00  100.00    0.00    2.46    38   1201.00      0.00 13848364 8436384   4.29      0.00      0.00      0.00       0  qemu-system-x86

# Time        UID       PID    %usr %system  %guest   %wait    %CPU   CPU  minflt/s  majflt/s     VSZ     RSS   %MEM   kB_rd/s   kB_wr/s kB_ccwr/s iodelay  Command
05:43:03    64055     27237    0.00   25.00  100.00    0.00    6.47    38   4065.00      0.00 13848364 8436384   4.29      0.00      8.00      0.00       0  qemu-system-x86

# Time        UID       PID    %usr %system  %guest   %wait    %CPU   CPU  minflt/s  majflt/s     VSZ     RSS   %MEM   kB_rd/s   kB_wr/s kB_ccwr/s iodelay  Command
05:43:04    64055     27237    5.00   29.00  100.00    0.00    3.17    38   3470.00      0.00 13848364 8436384   4.29      0.00 131720.00      0.00       0  qemu-system-x86

# Time        UID       PID    %usr %system  %guest   %wait    %CPU   CPU  minflt/s  majflt/s     VSZ     RSS   %MEM   kB_rd/s   kB_wr/s kB_ccwr/s iodelay  Command
05:43:05    64055     27237    0.00   29.00  100.00    0.00    4.40    38   5458.00      0.00 13848364 8436384   4.29      0.00     92.00      0.00       0  qemu-system-x86

# Time        UID       PID    %usr %system  %guest   %wait    %CPU   CPU  minflt/s  majflt/s     VSZ     RSS   %MEM   kB_rd/s   kB_wr/s kB_ccwr/s iodelay  Command
05:43:06    64055     27237    6.00    7.00  100.00    0.00    2.65    38   1387.00      0.00 13848364 8436384   4.29      0.00      4.00      0.00       0  qemu-system-x86

# Time        UID       PID    %usr %system  %guest   %wait    %CPU   CPU  minflt/s  majflt/s     VSZ     RSS   %MEM   kB_rd/s   kB_wr/s kB_ccwr/s iodelay  Command
05:43:07    64055     27237    0.00   16.00  100.00    0.00    3.77    38   1547.00      0.00 13848364 8436384   4.29      0.00      0.00      0.00       0  qemu-system-x86

# Time        UID       PID    %usr %system  %guest   %wait    %CPU   CPU  minflt/s  majflt/s     VSZ     RSS   %MEM   kB_rd/s   kB_wr/s kB_ccwr/s iodelay  Command
05:43:08    64055     27237    8.00   10.00  100.00    1.00    3.73    44   3278.00      0.00 13848364 8436384   4.29      0.00      4.00      0.00       0  qemu-system-x86

# Time        UID       PID    %usr %system  %guest   %wait    %CPU   CPU  minflt/s  majflt/s     VSZ     RSS   %MEM   kB_rd/s   kB_wr/s kB_ccwr/s iodelay  Command
05:43:09    64055     27237    6.00   45.00  100.00    0.00    3.57    44   1122.00      0.00 13848364 8436384   4.29      0.00 198720.00      0.00       0  qemu-system-x86

# Time        UID       PID    %usr %system  %guest   %wait    %CPU   CPU  minflt/s  majflt/s     VSZ     RSS   %MEM   kB_rd/s   kB_wr/s kB_ccwr/s iodelay  Command
05:43:10    64055     27237    2.00   22.00  100.00    0.00    3.32    44   6213.00      0.00 13848364 8436384   4.29      0.00     84.00      0.00       0  qemu-system-x86

# Time        UID       PID    %usr %system  %guest   %wait    %CPU   CPU  minflt/s  majflt/s     VSZ     RSS   %MEM   kB_rd/s   kB_wr/s kB_ccwr/s iodelay  Command
05:43:11    64055     27237    3.00    7.00  100.00    0.00    5.67    44   1457.00      0.00 13848364 8436384   4.29      0.00      0.00      0.00       0  qemu-system-x86

# Time        UID       PID    %usr %system  %guest   %wait    %CPU   CPU  minflt/s  majflt/s     VSZ     RSS   %MEM   kB_rd/s   kB_wr/s kB_ccwr/s iodelay  Command
05:43:12    64055     27237    3.00    4.00  100.00    0.00    2.67    44   2168.00      0.00 13848364 8436384   4.29      0.00      0.00      0.00       0  qemu-system-x86

# Time        UID       PID    %usr %system  %guest   %wait    %CPU   CPU  minflt/s  majflt/s     VSZ     RSS   %MEM   kB_rd/s   kB_wr/s kB_ccwr/s iodelay  Command
05:43:13    64055     27237    5.00   32.00  100.00    1.00    4.26     6   5574.00      0.00 13848364 8436384   4.29      0.00      8.00      0.00       0  qemu-system-x86

# Time        UID       PID    %usr %system  %guest   %wait    %CPU   CPU  minflt/s  majflt/s     VSZ     RSS   %MEM   kB_rd/s   kB_wr/s kB_ccwr/s iodelay  Command
05:43:14    64055     27237    3.00    5.00  100.00    0.00    2.50     6   3965.00      0.00 13848364 8436384   4.29      0.00      0.00      0.00       0  qemu-system-x86

# Time        UID       PID    %usr %system  %guest   %wait    %CPU   CPU  minflt/s  majflt/s     VSZ     RSS   %MEM   kB_rd/s   kB_wr/s kB_ccwr/s iodelay  Command
05:43:15    64055     27237    2.00   48.00  100.00    0.00    4.86    38   6638.00      0.00 13848364 8436384   4.29      0.00  65684.00      0.00       0  qemu-system-x86

# Time        UID       PID    %usr %system  %guest   %wait    %CPU   CPU  minflt/s  majflt/s     VSZ     RSS   %MEM   kB_rd/s   kB_wr/s kB_ccwr/s iodelay  Command
05:43:16    64055     27237    3.00    5.00  100.00    0.00    2.35    38   1114.00      0.00 13848364 8436384   4.29      0.00     80.00      0.00       0  qemu-system-x86

# Time        UID       PID    %usr %system  %guest   %wait    %CPU   CPU  minflt/s  majflt/s     VSZ     RSS   %MEM   kB_rd/s   kB_wr/s kB_ccwr/s iodelay  Command
05:43:17    64055     27237    0.00  100.00  100.00    1.00    6.49    38  10468.00      0.00 13848364 8436384   4.29      0.00 198192.00      0.00       0  qemu-system-x86

# Time        UID       PID    %usr %system  %guest   %wait    %CPU   CPU  minflt/s  majflt/s     VSZ     RSS   %MEM   kB_rd/s   kB_wr/s kB_ccwr/s iodelay  Command
05:43:18    64055     27237    3.00   11.00  100.00    0.00    2.84    38   2456.00      0.00 13848364 8436384   4.29      0.00      0.00      0.00       0  qemu-system-x86

# Time        UID       PID    %usr %system  %guest   %wait    %CPU   CPU  minflt/s  majflt/s     VSZ     RSS   %MEM   kB_rd/s   kB_wr/s kB_ccwr/s iodelay  Command
05:43:19    64055     27237    2.00    5.00  100.00    0.00    5.40    38  14166.00      0.00 13848364 8436384   4.29      0.00      0.00      0.00       0  qemu-system-x86

# Time        UID       PID    %usr %system  %guest   %wait    %CPU   CPU  minflt/s  majflt/s     VSZ     RSS   %MEM   kB_rd/s   kB_wr/s kB_ccwr/s iodelay  Command
05:43:20    64055     27237    0.00   34.00  100.00    0.00    3.36    38   9188.00      0.00 13848364 8436384   4.29      0.00      4.00      0.00       0  qemu-system-x86

# Time        UID       PID    %usr %system  %guest   %wait    %CPU   CPU  minflt/s  majflt/s     VSZ     RSS   %MEM   kB_rd/s   kB_wr/s kB_ccwr/s iodelay  Command
05:43:21    64055     27237    3.00    5.00  100.00    0.00    3.00    38   1409.00      0.00 13848364 8436384   4.29      0.00     88.00      0.00       0  qemu-system-x86

# Time        UID       PID    %usr %system  %guest   %wait    %CPU   CPU  minflt/s  majflt/s     VSZ     RSS   %MEM   kB_rd/s   kB_wr/s kB_ccwr/s iodelay  Command
05:43:22    64055     27237    4.00   13.00  100.00    1.00    4.27    36   3237.00      0.00 13848364 8436384   4.29      0.00    520.00      0.00       0  qemu-system-x86

# Time        UID       PID    %usr %system  %guest   %wait    %CPU   CPU  minflt/s  majflt/s     VSZ     RSS   %MEM   kB_rd/s   kB_wr/s kB_ccwr/s iodelay  Command
05:43:23    64055     27237    0.00    9.00  100.00    0.00    3.19    36  10268.00      0.00 13848364 8436384   4.29      0.00      0.00      0.00       0  qemu-system-x86

# Time        UID       PID    %usr %system  %guest   %wait    %CPU   CPU  minflt/s  majflt/s     VSZ     RSS   %MEM   kB_rd/s   kB_wr/s kB_ccwr/s iodelay  Command
05:43:24    64055     27237    2.00   60.00  100.00    0.00    4.30    10   4216.00      0.00 13848364 8436384   4.29      0.00 131752.00      0.00       0  qemu-system-x86

# Time        UID       PID    %usr %system  %guest   %wait    %CPU   CPU  minflt/s  majflt/s     VSZ     RSS   %MEM   kB_rd/s   kB_wr/s kB_ccwr/s iodelay  Command
05:43:25    64055     27237    2.00    6.00  100.00    0.00    2.94    10   2143.00      0.00 13848364 8436384   4.29      0.00      0.00      0.00       0  qemu-system-x86

# Time        UID       PID    %usr %system  %guest   %wait    %CPU   CPU  minflt/s  majflt/s     VSZ     RSS   %MEM   kB_rd/s   kB_wr/s kB_ccwr/s iodelay  Command
05:43:26    64055     27237    4.00   24.00  100.00    1.00    4.51    10   5645.00      0.00 13848364 8436384   4.29      0.00     96.00      0.00       0  qemu-system-x86

# Time        UID       PID    %usr %system  %guest   %wait    %CPU   CPU  minflt/s  majflt/s     VSZ     RSS   %MEM   kB_rd/s   kB_wr/s kB_ccwr/s iodelay  Command
05:43:27    64055     27237    0.00   22.00  100.00    0.00    3.65    10   8247.00      0.00 13848364 8436384   4.29      0.00      0.00      0.00       0  qemu-system-x86

# Time        UID       PID    %usr %system  %guest   %wait    %CPU   CPU  minflt/s  majflt/s     VSZ     RSS   %MEM   kB_rd/s   kB_wr/s kB_ccwr/s iodelay  Command
05:43:28    64055     27237    0.00   38.00  100.00    0.00    4.94    10   9489.00      0.00 13848364 8436384   4.29      0.00 132676.00      0.00       0  qemu-system-x86

# Time        UID       PID    %usr %system  %guest   %wait    %CPU   CPU  minflt/s  majflt/s     VSZ     RSS   %MEM   kB_rd/s   kB_wr/s kB_ccwr/s iodelay  Command
05:43:29    64055     27237    1.00    9.00  100.00    0.00    2.36    10   1301.00      0.00 13848364 8436384   4.29      0.00      8.00      0.00       0  qemu-system-x86

# Time        UID       PID    %usr %system  %guest   %wait    %CPU   CPU  minflt/s  majflt/s     VSZ     RSS   %MEM   kB_rd/s   kB_wr/s kB_ccwr/s iodelay  Command
05:43:30    64055     27237    2.00   16.00  100.00    0.00    4.13    10   4214.00      0.00 13848364 8436384   4.29      0.00      0.00      0.00       0  qemu-system-x86

# Time        UID       PID    %usr %system  %guest   %wait    %CPU   CPU  minflt/s  majflt/s     VSZ     RSS   %MEM   kB_rd/s   kB_wr/s kB_ccwr/s iodelay  Command
05:43:31    64055     27237    0.99   10.89  100.00    0.00    2.42    10   4257.43      0.00 13848364 8436384   4.29      0.00     71.29      0.00       0  qemu-system-x86

# Time        UID       PID    %usr %system  %guest   %wait    %CPU   CPU  minflt/s  majflt/s     VSZ     RSS   %MEM   kB_rd/s   kB_wr/s kB_ccwr/s iodelay  Command
05:43:32    64055     27237    1.00   56.00  100.00    0.00    5.46    10  15599.00      0.00 13848364 8436384   4.29      0.00 131736.00      0.00       0  qemu-system-x86

# Time        UID       PID    %usr %system  %guest   %wait    %CPU   CPU  minflt/s  majflt/s     VSZ     RSS   %MEM   kB_rd/s   kB_wr/s kB_ccwr/s iodelay  Command
05:43:33    64055     27237    3.00    2.00  100.00    1.00    2.48    10   1056.00      0.00 13848364 8436384   4.29      0.00      0.00      0.00       0  qemu-system-x86

# Time        UID       PID    %usr %system  %guest   %wait    %CPU   CPU  minflt/s  majflt/s     VSZ     RSS   %MEM   kB_rd/s   kB_wr/s kB_ccwr/s iodelay  Command
05:43:34    64055     27237    0.00   26.00  100.00    0.00    3.71    10   4289.00      0.00 13848364 8436384   4.29      0.00      8.00      0.00       0  qemu-system-x86

# Time        UID       PID    %usr %system  %guest   %wait    %CPU   CPU  minflt/s  majflt/s     VSZ     RSS   %MEM   kB_rd/s   kB_wr/s kB_ccwr/s iodelay  Command
05:43:35    64055     27237    3.00    6.00  100.00    0.00    2.71    26   2804.00      0.00 13848364 8436384   4.29      0.00      0.00      0.00       0  qemu-system-x86

# Time        UID       PID    %usr %system  %guest   %wait    %CPU   CPU  minflt/s  majflt/s     VSZ     RSS   %MEM   kB_rd/s   kB_wr/s kB_ccwr/s iodelay  Command
05:43:36    64055     27237    1.00    7.00  100.00    0.00    5.30    26   3725.00      0.00 13848364 8436384   4.29      0.00      8.00      0.00       0  qemu-system-x86

# Time        UID       PID    %usr %system  %guest   %wait    %CPU   CPU  minflt/s  majflt/s     VSZ     RSS   %MEM   kB_rd/s   kB_wr/s kB_ccwr/s iodelay  Command
05:43:37    64055     27237    0.00   55.00  100.00    0.00    4.61    16   5143.00      0.00 13848364 8436384   4.29      0.00 132768.00      0.00       0  qemu-system-x86

# Time        UID       PID    %usr %system  %guest   %wait    %CPU   CPU  minflt/s  majflt/s     VSZ     RSS   %MEM   kB_rd/s   kB_wr/s kB_ccwr/s iodelay  Command
05:43:38    64055     27237    2.00    7.00   88.00    0.00    2.02    16   2124.00      0.00 13848364 8436384   4.29      0.00      8.00      0.00       0  qemu-system-x86

# Time        UID       PID    %usr %system  %guest   %wait    %CPU   CPU  minflt/s  majflt/s     VSZ     RSS   %MEM   kB_rd/s   kB_wr/s kB_ccwr/s iodelay  Command
05:43:39    64055     27237    7.00   27.00  100.00    1.00    4.32    16   8667.00      0.00 13848364 8436384   4.29      0.00      0.00      0.00       0  qemu-system-x86

# Time        UID       PID    %usr %system  %guest   %wait    %CPU   CPU  minflt/s  majflt/s     VSZ     RSS   %MEM   kB_rd/s   kB_wr/s kB_ccwr/s iodelay  Command
05:43:40    64055     27237    1.00    5.00  100.00    0.00    2.77    16   2115.00      0.00 13848364 8436384   4.29      0.00      0.00      0.00       0  qemu-system-x86

# Time        UID       PID    %usr %system  %guest   %wait    %CPU   CPU  minflt/s  majflt/s     VSZ     RSS   %MEM   kB_rd/s   kB_wr/s kB_ccwr/s iodelay  Command
05:43:41    64055     27237    5.00   29.00  100.00    0.00    4.66    16   4597.00      0.00 13848364 8436384   4.29      0.00      8.00      0.00       0  qemu-system-x86

# Time        UID       PID    %usr %system  %guest   %wait    %CPU   CPU  minflt/s  majflt/s     VSZ     RSS   %MEM   kB_rd/s   kB_wr/s kB_ccwr/s iodelay  Command
05:43:42    64055     27237    2.00    3.00  100.00    0.00    2.29    34    617.00      0.00 13848364 8436384   4.29      0.00     88.00      0.00       0  qemu-system-x86

# Time        UID       PID    %usr %system  %guest   %wait    %CPU   CPU  minflt/s  majflt/s     VSZ     RSS   %MEM   kB_rd/s   kB_wr/s kB_ccwr/s iodelay  Command
05:43:43    64055     27237    3.00   79.00  100.00    1.00    5.31    38  11494.00      0.00 13848364 8436384   4.29      0.00 131728.00      0.00       0  qemu-system-x86

# Time        UID       PID    %usr %system  %guest   %wait    %CPU   CPU  minflt/s  majflt/s     VSZ     RSS   %MEM   kB_rd/s   kB_wr/s kB_ccwr/s iodelay  Command
05:43:44    64055     27237    4.00   34.00  100.00    0.00    4.11     7  37486.00      0.00 13848364 8436384   4.29      0.00     28.00      0.00       0  qemu-system-x86
