Linux 4.15.0-96-generic (team25-hw6) 	04/26/20 	_x86_64_	(48 CPU)

# Time        UID       PID    %usr %system  %guest   %wait    %CPU   CPU  minflt/s  majflt/s     VSZ     RSS   %MEM   kB_rd/s   kB_wr/s kB_ccwr/s iodelay  Command
06:11:19    64055     27237    1.00    3.00  100.00    0.00    2.98    16   1002.00      0.00 13717196 8436140   4.29      0.00     32.00      0.00       0  qemu-system-x86

# Time        UID       PID    %usr %system  %guest   %wait    %CPU   CPU  minflt/s  majflt/s     VSZ     RSS   %MEM   kB_rd/s   kB_wr/s kB_ccwr/s iodelay  Command
06:11:20    64055     27237    1.00    4.00  100.00    0.00    4.75    16   2269.00      0.00 13733588 8436140   4.29      0.00    424.00      0.00       0  qemu-system-x86

# Time        UID       PID    %usr %system  %guest   %wait    %CPU   CPU  minflt/s  majflt/s     VSZ     RSS   %MEM   kB_rd/s   kB_wr/s kB_ccwr/s iodelay  Command
06:11:21    64055     27237    0.00    8.00  100.00    0.00    3.11    16   1211.00      0.00 13733588 8436140   4.29      0.00     32.00      0.00       0  qemu-system-x86

# Time        UID       PID    %usr %system  %guest   %wait    %CPU   CPU  minflt/s  majflt/s     VSZ     RSS   %MEM   kB_rd/s   kB_wr/s kB_ccwr/s iodelay  Command
06:11:22    64055     27237    2.00    2.00  100.00    0.00    3.48    16   1701.00      0.00 13733588 8436140   4.29      0.00      0.00      0.00       0  qemu-system-x86

# Time        UID       PID    %usr %system  %guest   %wait    %CPU   CPU  minflt/s  majflt/s     VSZ     RSS   %MEM   kB_rd/s   kB_wr/s kB_ccwr/s iodelay  Command
06:11:23    64055     27237    4.00   10.00  100.00    0.00    4.35    16   1929.00      0.00 13733588 8436140   4.29      0.00    124.00      0.00       0  qemu-system-x86

# Time        UID       PID    %usr %system  %guest   %wait    %CPU   CPU  minflt/s  majflt/s     VSZ     RSS   %MEM   kB_rd/s   kB_wr/s kB_ccwr/s iodelay  Command
06:11:24    64055     27237    1.00    1.00  100.00    0.00    2.19    16   1492.00      0.00 13733588 8436140   4.29      0.00     32.00      0.00       0  qemu-system-x86

# Time        UID       PID    %usr %system  %guest   %wait    %CPU   CPU  minflt/s  majflt/s     VSZ     RSS   %MEM   kB_rd/s   kB_wr/s kB_ccwr/s iodelay  Command
06:11:25    64055     27237    2.00   12.00  100.00    0.00    4.91    20   2666.00      0.00 13733588 8436140   4.29      0.00    360.00      0.00       0  qemu-system-x86

# Time        UID       PID    %usr %system  %guest   %wait    %CPU   CPU  minflt/s  majflt/s     VSZ     RSS   %MEM   kB_rd/s   kB_wr/s kB_ccwr/s iodelay  Command
06:11:26    64055     27237    3.00   15.00  100.00    0.00    3.23    20   1652.00      0.00 13733588 8436140   4.29      0.00 159112.00      0.00       0  qemu-system-x86

# Time        UID       PID    %usr %system  %guest   %wait    %CPU   CPU  minflt/s  majflt/s     VSZ     RSS   %MEM   kB_rd/s   kB_wr/s kB_ccwr/s iodelay  Command
06:11:27    64055     27237   12.00   79.00  100.00    0.00    5.89    20   2231.00      0.00 13733588 8436140   4.29      0.00 687768.00      0.00       0  qemu-system-x86

# Time        UID       PID    %usr %system  %guest   %wait    %CPU   CPU  minflt/s  majflt/s     VSZ     RSS   %MEM   kB_rd/s   kB_wr/s kB_ccwr/s iodelay  Command
06:11:28    64055     27237    8.00   75.00  100.00    0.00    4.93    20    477.00      0.00 13733588 8436140   4.29      0.00 545360.00      0.00       0  qemu-system-x86

# Time        UID       PID    %usr %system  %guest   %wait    %CPU   CPU  minflt/s  majflt/s     VSZ     RSS   %MEM   kB_rd/s   kB_wr/s kB_ccwr/s iodelay  Command
06:11:29    64055     27237   13.00   96.00  100.00    0.00    6.15     3    299.00      0.00 13733588 8436140   4.29      0.00 627988.00      0.00       0  qemu-system-x86

# Time        UID       PID    %usr %system  %guest   %wait    %CPU   CPU  minflt/s  majflt/s     VSZ     RSS   %MEM   kB_rd/s   kB_wr/s kB_ccwr/s iodelay  Command
06:11:30    64055     27237   17.00   87.00  100.00    0.00    5.55     3    234.00      0.00 13733588 8436140   4.29      0.00 645056.00      0.00       0  qemu-system-x86

# Time        UID       PID    %usr %system  %guest   %wait    %CPU   CPU  minflt/s  majflt/s     VSZ     RSS   %MEM   kB_rd/s   kB_wr/s kB_ccwr/s iodelay  Command
06:11:31    64055     27237   15.00   87.00  100.00    0.00    5.96     3    362.00      0.00 13733588 8436140   4.29      0.00 713532.00      0.00       0  qemu-system-x86

# Time        UID       PID    %usr %system  %guest   %wait    %CPU   CPU  minflt/s  majflt/s     VSZ     RSS   %MEM   kB_rd/s   kB_wr/s kB_ccwr/s iodelay  Command
06:11:32    64055     27237   11.00   72.00  100.00    0.00    5.14     3    651.00      0.00 13733588 8436140   4.29      0.00 527560.00      0.00       0  qemu-system-x86

# Time        UID       PID    %usr %system  %guest   %wait    %CPU   CPU  minflt/s  majflt/s     VSZ     RSS   %MEM   kB_rd/s   kB_wr/s kB_ccwr/s iodelay  Command
06:11:33    64055     27237    2.00   16.00  100.00    0.00    5.43     3   2402.00      0.00 13733588 8436140   4.29      0.00    152.00      0.00       0  qemu-system-x86

# Time        UID       PID    %usr %system  %guest   %wait    %CPU   CPU  minflt/s  majflt/s     VSZ     RSS   %MEM   kB_rd/s   kB_wr/s kB_ccwr/s iodelay  Command
06:11:34    64055     27237    1.00   16.00   41.00    0.00    1.21     3   2811.00      0.00 13733588 8436140   4.29      0.00      4.00      0.00       0  qemu-system-x86

# Time        UID       PID    %usr %system  %guest   %wait    %CPU   CPU  minflt/s  majflt/s     VSZ     RSS   %MEM   kB_rd/s   kB_wr/s kB_ccwr/s iodelay  Command
06:11:35    64055     27237    0.00   14.00    4.00    0.00    0.38     3     96.00      0.00 13733588 8436140   4.29      0.00      0.00      0.00       0  qemu-system-x86

# Time        UID       PID    %usr %system  %guest   %wait    %CPU   CPU  minflt/s  majflt/s     VSZ     RSS   %MEM   kB_rd/s   kB_wr/s kB_ccwr/s iodelay  Command
06:11:36    64055     27237    0.00   12.00   31.00    0.00    0.90    28   2059.00      0.00 13733588 8436140   4.29      0.00     12.00      0.00       0  qemu-system-x86

# Time        UID       PID    %usr %system  %guest   %wait    %CPU   CPU  minflt/s  majflt/s     VSZ     RSS   %MEM   kB_rd/s   kB_wr/s kB_ccwr/s iodelay  Command
06:11:37    64055     27237    7.00  100.00  100.00    0.00    7.96    34 109817.00      0.00 13733588 8436164   4.29      0.00     32.00      0.00       0  qemu-system-x86

# Time        UID       PID    %usr %system  %guest   %wait    %CPU   CPU  minflt/s  majflt/s     VSZ     RSS   %MEM   kB_rd/s   kB_wr/s kB_ccwr/s iodelay  Command
06:11:38    64055     27237    2.00  100.00  100.00    0.00    6.73    34  83693.00      0.00 13815548 8436224   4.29      0.00 132412.00      0.00       0  qemu-system-x86

# Time        UID       PID    %usr %system  %guest   %wait    %CPU   CPU  minflt/s  majflt/s     VSZ     RSS   %MEM   kB_rd/s   kB_wr/s kB_ccwr/s iodelay  Command
06:11:39    64055     27237   14.00  100.00  100.00    0.00    7.17    34  66051.00      0.00 13840136 8436224   4.29      0.00 231036.00      0.00       0  qemu-system-x86

# Time        UID       PID    %usr %system  %guest   %wait    %CPU   CPU  minflt/s  majflt/s     VSZ     RSS   %MEM   kB_rd/s   kB_wr/s kB_ccwr/s iodelay  Command
06:11:40    64055     27237   11.00  100.00  100.00    0.00    7.30    43  73540.00      0.00 13840136 8436224   4.29      0.00 208492.00      0.00       0  qemu-system-x86

# Time        UID       PID    %usr %system  %guest   %wait    %CPU   CPU  minflt/s  majflt/s     VSZ     RSS   %MEM   kB_rd/s   kB_wr/s kB_ccwr/s iodelay  Command
06:11:41    64055     27237    0.00  100.00  100.00    0.00    6.48    43   7861.00      0.00 13913900 8436224   4.29      0.00 353340.00      0.00       0  qemu-system-x86

# Time        UID       PID    %usr %system  %guest   %wait    %CPU   CPU  minflt/s  majflt/s     VSZ     RSS   %MEM   kB_rd/s   kB_wr/s kB_ccwr/s iodelay  Command
06:11:42    64055     27237   13.00  100.00  100.00    0.00    6.17    14   2372.00      0.00 13913900 8436224   4.29      0.00 131696.00      0.00       0  qemu-system-x86

# Time        UID       PID    %usr %system  %guest   %wait    %CPU   CPU  minflt/s  majflt/s     VSZ     RSS   %MEM   kB_rd/s   kB_wr/s kB_ccwr/s iodelay  Command
06:11:43    64055     27237   18.00  100.00  100.00    0.00    6.99    34   5286.00      0.00 13913900 8436224   4.29      0.00 264752.00      0.00       0  qemu-system-x86

# Time        UID       PID    %usr %system  %guest   %wait    %CPU   CPU  minflt/s  majflt/s     VSZ     RSS   %MEM   kB_rd/s   kB_wr/s kB_ccwr/s iodelay  Command
06:11:44    64055     27237   10.00  100.00  100.00    0.00    7.27    40  32914.00      0.00 13913900 8436224   4.29      0.00 263932.00      0.00       0  qemu-system-x86

# Time        UID       PID    %usr %system  %guest   %wait    %CPU   CPU  minflt/s  majflt/s     VSZ     RSS   %MEM   kB_rd/s   kB_wr/s kB_ccwr/s iodelay  Command
06:11:45    64055     27237    7.00  100.00  100.00    0.00    5.65     2  46384.00      0.00 13913900 8436224   4.29      0.00 165472.00      0.00       0  qemu-system-x86

# Time        UID       PID    %usr %system  %guest   %wait    %CPU   CPU  minflt/s  majflt/s     VSZ     RSS   %MEM   kB_rd/s   kB_wr/s kB_ccwr/s iodelay  Command
06:11:46    64055     27237   10.00  100.00  100.00    0.00    7.24    23  19757.00      0.00 13913900 8436224   4.29      0.00 231048.00      0.00       0  qemu-system-x86

# Time        UID       PID    %usr %system  %guest   %wait    %CPU   CPU  minflt/s  majflt/s     VSZ     RSS   %MEM   kB_rd/s   kB_wr/s kB_ccwr/s iodelay  Command
06:11:47    64055     27237    8.00  100.00   87.00    1.00    4.47    22   7489.00      0.00 13913900 8436224   4.29      0.00 198176.00      0.00       0  qemu-system-x86

# Time        UID       PID    %usr %system  %guest   %wait    %CPU   CPU  minflt/s  majflt/s     VSZ     RSS   %MEM   kB_rd/s   kB_wr/s kB_ccwr/s iodelay  Command
06:11:48    64055     27237   13.00  100.00  100.00    0.00    8.51    26  28708.00      0.00 13913900 8436224   4.29      0.00 275776.00      0.00       0  qemu-system-x86

# Time        UID       PID    %usr %system  %guest   %wait    %CPU   CPU  minflt/s  majflt/s     VSZ     RSS   %MEM   kB_rd/s   kB_wr/s kB_ccwr/s iodelay  Command
06:11:49    64055     27237   15.00  100.00  100.00    0.00    6.13    37   7152.00      0.00 13913900 8436224   4.29      0.00 252888.00      0.00       0  qemu-system-x86

# Time        UID       PID    %usr %system  %guest   %wait    %CPU   CPU  minflt/s  majflt/s     VSZ     RSS   %MEM   kB_rd/s   kB_wr/s kB_ccwr/s iodelay  Command
06:11:50    64055     27237    6.00  100.00  100.00    0.00    6.32    46   2800.00      0.00 13913900 8436224   4.29      0.00 198312.00      0.00       0  qemu-system-x86

# Time        UID       PID    %usr %system  %guest   %wait    %CPU   CPU  minflt/s  majflt/s     VSZ     RSS   %MEM   kB_rd/s   kB_wr/s kB_ccwr/s iodelay  Command
06:11:51    64055     27237    4.00  100.00   93.00    0.00    4.53    45    964.00      0.00 13913900 8436224   4.29      0.00 198164.00      0.00       0  qemu-system-x86

# Time        UID       PID    %usr %system  %guest   %wait    %CPU   CPU  minflt/s  majflt/s     VSZ     RSS   %MEM   kB_rd/s   kB_wr/s kB_ccwr/s iodelay  Command
06:11:52    64055     27237   12.00  100.00  100.00    0.00    8.64    37   7745.00      0.00 13913900 8436224   4.29      0.00 264324.00      0.00       0  qemu-system-x86

# Time        UID       PID    %usr %system  %guest   %wait    %CPU   CPU  minflt/s  majflt/s     VSZ     RSS   %MEM   kB_rd/s   kB_wr/s kB_ccwr/s iodelay  Command
06:11:53    64055     27237    7.00  100.00  100.00    0.00    4.99    36   3215.00      0.00 13913900 8436224   4.29      0.00 132116.00      0.00       0  qemu-system-x86

# Time        UID       PID    %usr %system  %guest   %wait    %CPU   CPU  minflt/s  majflt/s     VSZ     RSS   %MEM   kB_rd/s   kB_wr/s kB_ccwr/s iodelay  Command
06:11:54    64055     27237    4.00  100.00   46.00    0.00    3.84     6   4583.00      0.00 13913900 8436224   4.29      0.00 198292.00      0.00       0  qemu-system-x86

# Time        UID       PID    %usr %system  %guest   %wait    %CPU   CPU  minflt/s  majflt/s     VSZ     RSS   %MEM   kB_rd/s   kB_wr/s kB_ccwr/s iodelay  Command
06:11:55    64055     27237    2.00    6.00  100.00    0.00    4.48    46   4381.00      0.00 13913900 8436224   4.29      0.00      0.00      0.00       0  qemu-system-x86

# Time        UID       PID    %usr %system  %guest   %wait    %CPU   CPU  minflt/s  majflt/s     VSZ     RSS   %MEM   kB_rd/s   kB_wr/s kB_ccwr/s iodelay  Command
06:11:56    64055     27237    2.00   12.00  100.00    0.00    5.30    41   5029.00      0.00 13913900 8436224   4.29      0.00     88.00      0.00       0  qemu-system-x86

# Time        UID       PID    %usr %system  %guest   %wait    %CPU   CPU  minflt/s  majflt/s     VSZ     RSS   %MEM   kB_rd/s   kB_wr/s kB_ccwr/s iodelay  Command
06:11:57    64055     27237    2.00    6.00  100.00    0.00    4.40    46   4509.00      0.00 13913900 8436224   4.29      0.00     24.00      0.00       0  qemu-system-x86

# Time        UID       PID    %usr %system  %guest   %wait    %CPU   CPU  minflt/s  majflt/s     VSZ     RSS   %MEM   kB_rd/s   kB_wr/s kB_ccwr/s iodelay  Command
06:11:58    64055     27237    1.00    7.00  100.00    0.00    2.88    41   7490.00      0.00 13913900 8436224   4.29      0.00     76.00      0.00       0  qemu-system-x86

# Time        UID       PID    %usr %system  %guest   %wait    %CPU   CPU  minflt/s  majflt/s     VSZ     RSS   %MEM   kB_rd/s   kB_wr/s kB_ccwr/s iodelay  Command
06:11:59    64055     27237    0.00   13.00  100.00    0.00    2.80    21  18716.00      0.00 13913900 8436224   4.29      0.00    864.00      0.00       0  qemu-system-x86

# Time        UID       PID    %usr %system  %guest   %wait    %CPU   CPU  minflt/s  majflt/s     VSZ     RSS   %MEM   kB_rd/s   kB_wr/s kB_ccwr/s iodelay  Command
06:12:00    64055     27237    0.00    4.00  100.00    0.00    5.15    21   3750.00      0.00 13913900 8436224   4.29      0.00      0.00      0.00       0  qemu-system-x86

# Time        UID       PID    %usr %system  %guest   %wait    %CPU   CPU  minflt/s  majflt/s     VSZ     RSS   %MEM   kB_rd/s   kB_wr/s kB_ccwr/s iodelay  Command
06:12:01    64055     27237    0.00    5.00  100.00    0.00    5.05    30   6300.00      0.00 13913900 8436224   4.29      0.00      0.00      0.00       0  qemu-system-x86

# Time        UID       PID    %usr %system  %guest   %wait    %CPU   CPU  minflt/s  majflt/s     VSZ     RSS   %MEM   kB_rd/s   kB_wr/s kB_ccwr/s iodelay  Command
06:12:02    64055     27237    0.00    6.00  100.00    0.00    5.80    30   2914.00      0.00 13913900 8436224   4.29      0.00      8.00      0.00       0  qemu-system-x86

# Time        UID       PID    %usr %system  %guest   %wait    %CPU   CPU  minflt/s  majflt/s     VSZ     RSS   %MEM   kB_rd/s   kB_wr/s kB_ccwr/s iodelay  Command
06:12:03    64055     27237    2.00    4.00   95.00    0.00    2.11    47   1274.00      0.00 13913900 8436224   4.29      0.00     12.00      0.00       0  qemu-system-x86

# Time        UID       PID    %usr %system  %guest   %wait    %CPU   CPU  minflt/s  majflt/s     VSZ     RSS   %MEM   kB_rd/s   kB_wr/s kB_ccwr/s iodelay  Command
06:12:04    64055     27237    0.00    1.00   23.00    0.00    0.48    47   1442.00      0.00 13913900 8436224   4.29      0.00    204.00      0.00       0  qemu-system-x86

# Time        UID       PID    %usr %system  %guest   %wait    %CPU   CPU  minflt/s  majflt/s     VSZ     RSS   %MEM   kB_rd/s   kB_wr/s kB_ccwr/s iodelay  Command
06:12:05    64055     27237    0.00   11.00  100.00    0.00    7.55    47  22210.00      0.00 13913900 8436224   4.29      0.00      0.00      0.00       0  qemu-system-x86

# Time        UID       PID    %usr %system  %guest   %wait    %CPU   CPU  minflt/s  majflt/s     VSZ     RSS   %MEM   kB_rd/s   kB_wr/s kB_ccwr/s iodelay  Command
06:12:06    64055     27237    0.00    1.00  100.00    0.00    8.34    47   2190.00      0.00 13913900 8436224   4.29      0.00      0.00      0.00       0  qemu-system-x86

# Time        UID       PID    %usr %system  %guest   %wait    %CPU   CPU  minflt/s  majflt/s     VSZ     RSS   %MEM   kB_rd/s   kB_wr/s kB_ccwr/s iodelay  Command
06:12:07    64055     27237    1.00    5.00  100.00    0.00    8.35    47   8943.00      0.00 13913900 8436224   4.29      0.00      0.00      0.00       0  qemu-system-x86

# Time        UID       PID    %usr %system  %guest   %wait    %CPU   CPU  minflt/s  majflt/s     VSZ     RSS   %MEM   kB_rd/s   kB_wr/s kB_ccwr/s iodelay  Command
06:12:08    64055     27237    1.00    1.00  100.00    0.00    8.35    47   3089.00      0.00 13913900 8436224   4.29      0.00      0.00      0.00       0  qemu-system-x86

# Time        UID       PID    %usr %system  %guest   %wait    %CPU   CPU  minflt/s  majflt/s     VSZ     RSS   %MEM   kB_rd/s   kB_wr/s kB_ccwr/s iodelay  Command
06:12:09    64055     27237    0.00    5.00  100.00    0.00    8.34     4   9078.00      0.00 13913900 8436368   4.29      0.00    260.00      0.00       0  qemu-system-x86

# Time        UID       PID    %usr %system  %guest   %wait    %CPU   CPU  minflt/s  majflt/s     VSZ     RSS   %MEM   kB_rd/s   kB_wr/s kB_ccwr/s iodelay  Command
06:12:10    64055     27237    5.00   20.00  100.00    0.00    8.78    27  10742.00      0.00 13913900 8436368   4.29      0.00      0.00      0.00       0  qemu-system-x86

# Time        UID       PID    %usr %system  %guest   %wait    %CPU   CPU  minflt/s  majflt/s     VSZ     RSS   %MEM   kB_rd/s   kB_wr/s kB_ccwr/s iodelay  Command
06:12:11    64055     27237    3.96   13.86  100.00    0.00    8.64    22   9434.65      0.00 13913900 8436368   4.29      0.00      0.00      0.00       0  qemu-system-x86

# Time        UID       PID    %usr %system  %guest   %wait    %CPU   CPU  minflt/s  majflt/s     VSZ     RSS   %MEM   kB_rd/s   kB_wr/s kB_ccwr/s iodelay  Command
06:12:12    64055     27237    1.00    0.00  100.00    0.00    8.35    22     68.00      0.00 13913900 8436368   4.29      0.00      0.00      0.00       0  qemu-system-x86

# Time        UID       PID    %usr %system  %guest   %wait    %CPU   CPU  minflt/s  majflt/s     VSZ     RSS   %MEM   kB_rd/s   kB_wr/s kB_ccwr/s iodelay  Command
06:12:13    64055     27237    1.00    2.00  100.00    0.00    8.34    22   6414.00      0.00 13913900 8436368   4.29      0.00      0.00      0.00       0  qemu-system-x86

# Time        UID       PID    %usr %system  %guest   %wait    %CPU   CPU  minflt/s  majflt/s     VSZ     RSS   %MEM   kB_rd/s   kB_wr/s kB_ccwr/s iodelay  Command
06:12:14    64055     27237    0.00   32.00  100.00    0.00    8.97    22   2116.00      0.00 13913900 8436368   4.29      0.00 131780.00      0.00       0  qemu-system-x86

# Time        UID       PID    %usr %system  %guest   %wait    %CPU   CPU  minflt/s  majflt/s     VSZ     RSS   %MEM   kB_rd/s   kB_wr/s kB_ccwr/s iodelay  Command
06:12:15    64055     27237    0.00  100.00  100.00    2.00   11.51    28   5877.00      0.00 13913900 8436368   4.29      0.00 284356.00      0.00       0  qemu-system-x86

# Time        UID       PID    %usr %system  %guest   %wait    %CPU   CPU  minflt/s  majflt/s     VSZ     RSS   %MEM   kB_rd/s   kB_wr/s kB_ccwr/s iodelay  Command
06:12:16    64055     27237    3.00    7.00   97.00    0.00    2.23    28   4669.00      0.00 13913900 8436368   4.29      0.00      8.00      0.00       0  qemu-system-x86

# Time        UID       PID    %usr %system  %guest   %wait    %CPU   CPU  minflt/s  majflt/s     VSZ     RSS   %MEM   kB_rd/s   kB_wr/s kB_ccwr/s iodelay  Command
06:12:17    64055     27237    1.00    4.00  100.00    0.00    6.91    28   6851.00      0.00 13913900 8436368   4.29      0.00      0.00      0.00       0  qemu-system-x86

# Time        UID       PID    %usr %system  %guest   %wait    %CPU   CPU  minflt/s  majflt/s     VSZ     RSS   %MEM   kB_rd/s   kB_wr/s kB_ccwr/s iodelay  Command
06:12:18    64055     27237    0.00    1.00  100.00    0.00    8.32    28    177.00      0.00 13913900 8436368   4.29      0.00      0.00      0.00       0  qemu-system-x86

# Time        UID       PID    %usr %system  %guest   %wait    %CPU   CPU  minflt/s  majflt/s     VSZ     RSS   %MEM   kB_rd/s   kB_wr/s kB_ccwr/s iodelay  Command
06:12:19    64055     27237    1.00    1.00  100.00    0.00    8.33    28   3832.00      0.00 13913900 8436368   4.29      0.00    396.00      0.00       0  qemu-system-x86

# Time        UID       PID    %usr %system  %guest   %wait    %CPU   CPU  minflt/s  majflt/s     VSZ     RSS   %MEM   kB_rd/s   kB_wr/s kB_ccwr/s iodelay  Command
06:12:20    64055     27237    0.00    2.00  100.00    0.00    8.32    28    893.00      0.00 13913900 8436368   4.29      0.00      0.00      0.00       0  qemu-system-x86

# Time        UID       PID    %usr %system  %guest   %wait    %CPU   CPU  minflt/s  majflt/s     VSZ     RSS   %MEM   kB_rd/s   kB_wr/s kB_ccwr/s iodelay  Command
06:12:21    64055     27237    2.00    5.00  100.00    0.00    8.37    28  10107.00      0.00 13913900 8436368   4.29      0.00      0.00      0.00       0  qemu-system-x86

# Time        UID       PID    %usr %system  %guest   %wait    %CPU   CPU  minflt/s  majflt/s     VSZ     RSS   %MEM   kB_rd/s   kB_wr/s kB_ccwr/s iodelay  Command
06:12:22    64055     27237    9.00   23.00  100.00    0.00    8.85    28  23371.00      0.00 13913900 8436368   4.29      0.00      0.00      0.00       0  qemu-system-x86

# Time        UID       PID    %usr %system  %guest   %wait    %CPU   CPU  minflt/s  majflt/s     VSZ     RSS   %MEM   kB_rd/s   kB_wr/s kB_ccwr/s iodelay  Command
06:12:23    64055     27237    1.00   11.00  100.00    0.00    8.55    12  11872.00      0.00 13913900 8436368   4.29      0.00      0.00      0.00       0  qemu-system-x86

# Time        UID       PID    %usr %system  %guest   %wait    %CPU   CPU  minflt/s  majflt/s     VSZ     RSS   %MEM   kB_rd/s   kB_wr/s kB_ccwr/s iodelay  Command
06:12:24    64055     27237    0.00    0.00  100.00    0.00    8.35    12     49.00      0.00 13913900 8436368   4.29      0.00      0.00      0.00       0  qemu-system-x86

# Time        UID       PID    %usr %system  %guest   %wait    %CPU   CPU  minflt/s  majflt/s     VSZ     RSS   %MEM   kB_rd/s   kB_wr/s kB_ccwr/s iodelay  Command
06:12:25    64055     27237    0.00   85.00  100.00    0.00   10.09     5   2456.00      0.00 13913900 8436368   4.29      0.00 241172.00      0.00       0  qemu-system-x86

# Time        UID       PID    %usr %system  %guest   %wait    %CPU   CPU  minflt/s  majflt/s     VSZ     RSS   %MEM   kB_rd/s   kB_wr/s kB_ccwr/s iodelay  Command
06:12:26    64055     27237    1.00   11.00  100.00    0.00    8.35     5  10814.00      0.00 13913900 8436368   4.29      0.00      0.00      0.00       0  qemu-system-x86

# Time        UID       PID    %usr %system  %guest   %wait    %CPU   CPU  minflt/s  majflt/s     VSZ     RSS   %MEM   kB_rd/s   kB_wr/s kB_ccwr/s iodelay  Command
06:12:27    64055     27237    0.00   76.00  100.00    0.00    9.23    46   2195.00      0.00 13913900 8436368   4.29      0.00 289216.00      0.00       0  qemu-system-x86

# Time        UID       PID    %usr %system  %guest   %wait    %CPU   CPU  minflt/s  majflt/s     VSZ     RSS   %MEM   kB_rd/s   kB_wr/s kB_ccwr/s iodelay  Command
06:12:28    64055     27237    1.00    3.00  100.00    0.00    7.34    46   2542.00      0.00 13913900 8436368   4.29      0.00      0.00      0.00       0  qemu-system-x86

# Time        UID       PID    %usr %system  %guest   %wait    %CPU   CPU  minflt/s  majflt/s     VSZ     RSS   %MEM   kB_rd/s   kB_wr/s kB_ccwr/s iodelay  Command
06:12:29    64055     27237    1.00    4.00  100.00    0.00    8.28     2   4702.00      0.00 13913900 8436368   4.29      0.00      0.00      0.00       0  qemu-system-x86

# Time        UID       PID    %usr %system  %guest   %wait    %CPU   CPU  minflt/s  majflt/s     VSZ     RSS   %MEM   kB_rd/s   kB_wr/s kB_ccwr/s iodelay  Command
06:12:30    64055     27237    2.00   18.00  100.00    0.00    8.69    24   1189.00      0.00 13913900 8436368   4.29      0.00    388.00      0.00       0  qemu-system-x86

# Time        UID       PID    %usr %system  %guest   %wait    %CPU   CPU  minflt/s  majflt/s     VSZ     RSS   %MEM   kB_rd/s   kB_wr/s kB_ccwr/s iodelay  Command
06:12:31    64055     27237    0.00    6.00  100.00    0.00    8.39    24    725.00      0.00 13913900 8436368   4.29      0.00      4.00      0.00       0  qemu-system-x86

# Time        UID       PID    %usr %system  %guest   %wait    %CPU   CPU  minflt/s  majflt/s     VSZ     RSS   %MEM   kB_rd/s   kB_wr/s kB_ccwr/s iodelay  Command
06:12:32    64055     27237    3.00   11.00  100.00    0.00    8.45    24  12245.00      0.00 13913900 8436368   4.29      0.00      0.00      0.00       0  qemu-system-x86

# Time        UID       PID    %usr %system  %guest   %wait    %CPU   CPU  minflt/s  majflt/s     VSZ     RSS   %MEM   kB_rd/s   kB_wr/s kB_ccwr/s iodelay  Command
06:12:33    64055     27237    2.00   16.00  100.00    0.00    8.54    38  15346.00      0.00 13913900 8436368   4.29      0.00      0.00      0.00       0  qemu-system-x86

# Time        UID       PID    %usr %system  %guest   %wait    %CPU   CPU  minflt/s  majflt/s     VSZ     RSS   %MEM   kB_rd/s   kB_wr/s kB_ccwr/s iodelay  Command
06:12:34    64055     27237    7.00   16.00  100.00    0.00    8.70    38  22252.00      0.00 13913900 8436368   4.29      0.00      0.00      0.00       0  qemu-system-x86

# Time        UID       PID    %usr %system  %guest   %wait    %CPU   CPU  minflt/s  majflt/s     VSZ     RSS   %MEM   kB_rd/s   kB_wr/s kB_ccwr/s iodelay  Command
06:12:35    64055     27237    1.00    2.00  100.00    0.00    8.37    38   5286.00      0.00 13913900 8436368   4.29      0.00    128.00      0.00       0  qemu-system-x86

# Time        UID       PID    %usr %system  %guest   %wait    %CPU   CPU  minflt/s  majflt/s     VSZ     RSS   %MEM   kB_rd/s   kB_wr/s kB_ccwr/s iodelay  Command
06:12:36    64055     27237    6.00   34.00  100.00    1.00    9.09    28  12014.00      0.00 13913900 8436368   4.29      0.00 151552.00      0.00       0  qemu-system-x86

# Time        UID       PID    %usr %system  %guest   %wait    %CPU   CPU  minflt/s  majflt/s     VSZ     RSS   %MEM   kB_rd/s   kB_wr/s kB_ccwr/s iodelay  Command
06:12:37    64055     27237    1.00    2.00  100.00    0.00    8.37    28   3390.00      0.00 13913900 8436368   4.29      0.00      0.00      0.00       0  qemu-system-x86

# Time        UID       PID    %usr %system  %guest   %wait    %CPU   CPU  minflt/s  majflt/s     VSZ     RSS   %MEM   kB_rd/s   kB_wr/s kB_ccwr/s iodelay  Command
06:12:38    64055     27237    0.00   46.00  100.00    0.00    8.29    28   8177.00      0.00 13913900 8436368   4.29      0.00 152188.00      0.00       0  qemu-system-x86

# Time        UID       PID    %usr %system  %guest   %wait    %CPU   CPU  minflt/s  majflt/s     VSZ     RSS   %MEM   kB_rd/s   kB_wr/s kB_ccwr/s iodelay  Command
06:12:39    64055     27237    0.00    4.00  100.00    0.00    7.60    28   3785.00      0.00 13913900 8436368   4.29      0.00      0.00      0.00       0  qemu-system-x86

# Time        UID       PID    %usr %system  %guest   %wait    %CPU   CPU  minflt/s  majflt/s     VSZ     RSS   %MEM   kB_rd/s   kB_wr/s kB_ccwr/s iodelay  Command
06:12:40    64055     27237    0.00    8.00  100.00    0.00    8.37    28   3426.00      0.00 13913900 8436368   4.29      0.00    404.00      0.00       0  qemu-system-x86

# Time        UID       PID    %usr %system  %guest   %wait    %CPU   CPU  minflt/s  majflt/s     VSZ     RSS   %MEM   kB_rd/s   kB_wr/s kB_ccwr/s iodelay  Command
06:12:41    64055     27237    1.00   11.00  100.00    0.00    8.45    28   3951.00      0.00 13913900 8436368   4.29      0.00      4.00      0.00       0  qemu-system-x86

# Time        UID       PID    %usr %system  %guest   %wait    %CPU   CPU  minflt/s  majflt/s     VSZ     RSS   %MEM   kB_rd/s   kB_wr/s kB_ccwr/s iodelay  Command
06:12:42    64055     27237    0.00   13.00  100.00    0.00    8.35    28  13172.00      0.00 13913900 8436368   4.29      0.00      0.00      0.00       0  qemu-system-x86

# Time        UID       PID    %usr %system  %guest   %wait    %CPU   CPU  minflt/s  majflt/s     VSZ     RSS   %MEM   kB_rd/s   kB_wr/s kB_ccwr/s iodelay  Command
06:12:43    64055     27237    3.00   33.00  100.00    0.00    8.93    14  13972.00      0.00 13913900 8436368   4.29      0.00 133708.00      0.00       0  qemu-system-x86

# Time        UID       PID    %usr %system  %guest   %wait    %CPU   CPU  minflt/s  majflt/s     VSZ     RSS   %MEM   kB_rd/s   kB_wr/s kB_ccwr/s iodelay  Command
06:12:44    64055     27237    4.00   29.00  100.00    0.00    8.85    14  13859.00      0.00 13913900 8436368   4.29      0.00  66988.00      0.00       0  qemu-system-x86

# Time        UID       PID    %usr %system  %guest   %wait    %CPU   CPU  minflt/s  majflt/s     VSZ     RSS   %MEM   kB_rd/s   kB_wr/s kB_ccwr/s iodelay  Command
06:12:45    64055     27237    2.00   68.00  100.00    0.00    9.59     0  27907.00      0.00 13913900 8436368   4.29      0.00 125536.00      0.00       0  qemu-system-x86

# Time        UID       PID    %usr %system  %guest   %wait    %CPU   CPU  minflt/s  majflt/s     VSZ     RSS   %MEM   kB_rd/s   kB_wr/s kB_ccwr/s iodelay  Command
06:12:46    64055     27237    1.00   81.00  100.00    1.00    9.89    24   4600.00      0.00 13913900 8436368   4.29      0.00 123288.00      0.00       0  qemu-system-x86

# Time        UID       PID    %usr %system  %guest   %wait    %CPU   CPU  minflt/s  majflt/s     VSZ     RSS   %MEM   kB_rd/s   kB_wr/s kB_ccwr/s iodelay  Command
06:12:47    64055     27237    6.00   11.00  100.00    0.00    8.66    18   3273.00      0.00 13913900 8436368   4.29      0.00      0.00      0.00       0  qemu-system-x86

# Time        UID       PID    %usr %system  %guest   %wait    %CPU   CPU  minflt/s  majflt/s     VSZ     RSS   %MEM   kB_rd/s   kB_wr/s kB_ccwr/s iodelay  Command
06:12:48    64055     27237    1.00   77.00  100.00    0.00    9.93    18   8568.00      0.00 13913900 8436368   4.29      0.00 295072.00      0.00       0  qemu-system-x86

# Time        UID       PID    %usr %system  %guest   %wait    %CPU   CPU  minflt/s  majflt/s     VSZ     RSS   %MEM   kB_rd/s   kB_wr/s kB_ccwr/s iodelay  Command
06:12:49    64055     27237    2.00  100.00  100.00    1.00   11.00    24   3786.00      0.00 13913900 8436368   4.29      0.00 204672.00      0.00       0  qemu-system-x86

# Time        UID       PID    %usr %system  %guest   %wait    %CPU   CPU  minflt/s  majflt/s     VSZ     RSS   %MEM   kB_rd/s   kB_wr/s kB_ccwr/s iodelay  Command
06:12:50    64055     27237    0.00   99.00  100.00    0.00    9.32    24   7246.00      0.00 13913900 8436368   4.29      0.00 200676.00      0.00       0  qemu-system-x86

# Time        UID       PID    %usr %system  %guest   %wait    %CPU   CPU  minflt/s  majflt/s     VSZ     RSS   %MEM   kB_rd/s   kB_wr/s kB_ccwr/s iodelay  Command
06:12:51    64055     27237    9.00   27.00  100.00    0.00    8.85     6  10890.00      0.00 13913900 8436368   4.29      0.00      0.00      0.00       0  qemu-system-x86

# Time        UID       PID    %usr %system  %guest   %wait    %CPU   CPU  minflt/s  majflt/s     VSZ     RSS   %MEM   kB_rd/s   kB_wr/s kB_ccwr/s iodelay  Command
06:12:52    64055     27237    0.00   28.00  100.00    0.00    8.90     6    977.00      0.00 13913900 8436368   4.29      0.00  66940.00      0.00       0  qemu-system-x86

# Time        UID       PID    %usr %system  %guest   %wait    %CPU   CPU  minflt/s  majflt/s     VSZ     RSS   %MEM   kB_rd/s   kB_wr/s kB_ccwr/s iodelay  Command
06:12:53    64055     27237    3.00  100.00  100.00    0.00   11.06    12   2634.00      0.00 13913900 8436368   4.29      0.00 246392.00      0.00       0  qemu-system-x86

# Time        UID       PID    %usr %system  %guest   %wait    %CPU   CPU  minflt/s  majflt/s     VSZ     RSS   %MEM   kB_rd/s   kB_wr/s kB_ccwr/s iodelay  Command
06:12:54    64055     27237    2.00   15.00  100.00    0.00    8.47    12  16882.00      0.00 13913900 8436368   4.29      0.00      0.00      0.00       0  qemu-system-x86

# Time        UID       PID    %usr %system  %guest   %wait    %CPU   CPU  minflt/s  majflt/s     VSZ     RSS   %MEM   kB_rd/s   kB_wr/s kB_ccwr/s iodelay  Command
06:12:55    64055     27237    8.00   60.00  100.00    0.00    9.53    32  25371.00      0.00 13913900 8436368   4.29      0.00 258036.00      0.00       0  qemu-system-x86

# Time        UID       PID    %usr %system  %guest   %wait    %CPU   CPU  minflt/s  majflt/s     VSZ     RSS   %MEM   kB_rd/s   kB_wr/s kB_ccwr/s iodelay  Command
06:12:56    64055     27237    3.00   14.00  100.00    0.00    8.67    36   8256.00      0.00 13913900 8436368   4.29      0.00      0.00      0.00       0  qemu-system-x86

# Time        UID       PID    %usr %system  %guest   %wait    %CPU   CPU  minflt/s  majflt/s     VSZ     RSS   %MEM   kB_rd/s   kB_wr/s kB_ccwr/s iodelay  Command
06:12:57    64055     27237    3.00    2.00  100.00    0.00    8.43    36   1707.00      0.00 13913900 8436368   4.29      0.00      4.00      0.00       0  qemu-system-x86

# Time        UID       PID    %usr %system  %guest   %wait    %CPU   CPU  minflt/s  majflt/s     VSZ     RSS   %MEM   kB_rd/s   kB_wr/s kB_ccwr/s iodelay  Command
06:12:58    64055     27237    1.00    1.00  100.00    0.00    8.35    36   7254.00      0.00 13913900 8436368   4.29      0.00      0.00      0.00       0  qemu-system-x86

# Time        UID       PID    %usr %system  %guest   %wait    %CPU   CPU  minflt/s  majflt/s     VSZ     RSS   %MEM   kB_rd/s   kB_wr/s kB_ccwr/s iodelay  Command
06:12:59    64055     27237    0.00   37.00  100.00    0.00    8.61    36   7839.00      0.00 13913900 8436368   4.29      0.00 134448.00      0.00       0  qemu-system-x86

# Time        UID       PID    %usr %system  %guest   %wait    %CPU   CPU  minflt/s  majflt/s     VSZ     RSS   %MEM   kB_rd/s   kB_wr/s kB_ccwr/s iodelay  Command
06:13:00    64055     27237    0.00   39.00  100.00    0.00    8.53    36  11772.00      0.00 13938488 8436372   4.29      0.00  99100.00      0.00       0  qemu-system-x86

# Time        UID       PID    %usr %system  %guest   %wait    %CPU   CPU  minflt/s  majflt/s     VSZ     RSS   %MEM   kB_rd/s   kB_wr/s kB_ccwr/s iodelay  Command
06:13:01    64055     27237    2.00   64.00  100.00    0.00    9.66    36   5714.00      0.00 13938488 8436372   4.29      0.00 124260.00      0.00       0  qemu-system-x86

# Time        UID       PID    %usr %system  %guest   %wait    %CPU   CPU  minflt/s  majflt/s     VSZ     RSS   %MEM   kB_rd/s   kB_wr/s kB_ccwr/s iodelay  Command
06:13:02    64055     27237    0.00   45.00  100.00    0.00    9.05    36   3049.00      0.00 13938488 8436372   4.29      0.00 123712.00      0.00       0  qemu-system-x86

# Time        UID       PID    %usr %system  %guest   %wait    %CPU   CPU  minflt/s  majflt/s     VSZ     RSS   %MEM   kB_rd/s   kB_wr/s kB_ccwr/s iodelay  Command
06:13:03    64055     27237    1.00    4.00  100.00    0.00    8.39    36   9589.00      0.00 13938488 8436372   4.29      0.00      0.00      0.00       0  qemu-system-x86

# Time        UID       PID    %usr %system  %guest   %wait    %CPU   CPU  minflt/s  majflt/s     VSZ     RSS   %MEM   kB_rd/s   kB_wr/s kB_ccwr/s iodelay  Command
06:13:04    64055     27237    2.00   10.00  100.00    0.00    8.47    24   7702.00      0.00 13938488 8436372   4.29      0.00      0.00      0.00       0  qemu-system-x86

# Time        UID       PID    %usr %system  %guest   %wait    %CPU   CPU  minflt/s  majflt/s     VSZ     RSS   %MEM   kB_rd/s   kB_wr/s kB_ccwr/s iodelay  Command
06:13:05    64055     27237    3.00   37.00  100.00    1.00    9.03    40  14842.00      0.00 13938488 8436372   4.29      0.00 122880.00      0.00       0  qemu-system-x86

# Time        UID       PID    %usr %system  %guest   %wait    %CPU   CPU  minflt/s  majflt/s     VSZ     RSS   %MEM   kB_rd/s   kB_wr/s kB_ccwr/s iodelay  Command
06:13:06    64055     27237    2.00   15.00  100.00    0.00    8.65     0   3030.00      0.00 13938488 8436372   4.29      0.00    320.00      0.00       0  qemu-system-x86

# Time        UID       PID    %usr %system  %guest   %wait    %CPU   CPU  minflt/s  majflt/s     VSZ     RSS   %MEM   kB_rd/s   kB_wr/s kB_ccwr/s iodelay  Command
06:13:07    64055     27237    2.00    7.00  100.00    0.00    8.49     2   6713.00      0.00 13938488 8436372   4.29      0.00      4.00      0.00       0  qemu-system-x86

# Time        UID       PID    %usr %system  %guest   %wait    %CPU   CPU  minflt/s  majflt/s     VSZ     RSS   %MEM   kB_rd/s   kB_wr/s kB_ccwr/s iodelay  Command
06:13:08    64055     27237    0.00  100.00  100.00    0.00   10.37    14   2857.00      0.00 13938488 8436372   4.29      0.00 198956.00      0.00       0  qemu-system-x86

# Time        UID       PID    %usr %system  %guest   %wait    %CPU   CPU  minflt/s  majflt/s     VSZ     RSS   %MEM   kB_rd/s   kB_wr/s kB_ccwr/s iodelay  Command
06:13:09    64055     27237    0.00  100.00  100.00    0.00    9.62    46   4001.00      0.00 13938488 8436372   4.29      0.00 219820.00      0.00       0  qemu-system-x86

# Time        UID       PID    %usr %system  %guest   %wait    %CPU   CPU  minflt/s  majflt/s     VSZ     RSS   %MEM   kB_rd/s   kB_wr/s kB_ccwr/s iodelay  Command
06:13:10    64055     27237    1.00    5.00  100.00    0.00    7.16    46   4860.00      0.00 13938488 8436372   4.29      0.00   5664.00      0.00       0  qemu-system-x86

# Time        UID       PID    %usr %system  %guest   %wait    %CPU   CPU  minflt/s  majflt/s     VSZ     RSS   %MEM   kB_rd/s   kB_wr/s kB_ccwr/s iodelay  Command
06:13:11    64055     27237    0.00    8.00  100.00    0.00    8.48    46    657.00      0.00 13938488 8436372   4.29      0.00    400.00      0.00       0  qemu-system-x86

# Time        UID       PID    %usr %system  %guest   %wait    %CPU   CPU  minflt/s  majflt/s     VSZ     RSS   %MEM   kB_rd/s   kB_wr/s kB_ccwr/s iodelay  Command
06:13:12    64055     27237    1.00   93.00  100.00    0.00   10.11    46   6989.00      0.00 13938488 8436372   4.29      0.00 189976.00      0.00       0  qemu-system-x86

# Time        UID       PID    %usr %system  %guest   %wait    %CPU   CPU  minflt/s  majflt/s     VSZ     RSS   %MEM   kB_rd/s   kB_wr/s kB_ccwr/s iodelay  Command
06:13:13    64055     27237    1.00    4.00  100.00    0.00    8.34    46   9434.00      0.00 13938488 8436372   4.29      0.00      0.00      0.00       0  qemu-system-x86

# Time        UID       PID    %usr %system  %guest   %wait    %CPU   CPU  minflt/s  majflt/s     VSZ     RSS   %MEM   kB_rd/s   kB_wr/s kB_ccwr/s iodelay  Command
06:13:14    64055     27237    1.00    6.00  100.00    0.00    8.41    46   5740.00      0.00 13938488 8436372   4.29      0.00      0.00      0.00       0  qemu-system-x86

# Time        UID       PID    %usr %system  %guest   %wait    %CPU   CPU  minflt/s  majflt/s     VSZ     RSS   %MEM   kB_rd/s   kB_wr/s kB_ccwr/s iodelay  Command
06:13:15    64055     27237    8.00   71.00  100.00    0.00    9.83    36  12759.00      0.00 13938488 8436372   4.29      0.00 278928.00      0.00       0  qemu-system-x86

# Time        UID       PID    %usr %system  %guest   %wait    %CPU   CPU  minflt/s  majflt/s     VSZ     RSS   %MEM   kB_rd/s   kB_wr/s kB_ccwr/s iodelay  Command
06:13:16    64055     27237    3.00   17.00  100.00    0.00    8.63    36   8449.00      0.00 13938488 8436372   4.29      0.00    312.00      0.00       0  qemu-system-x86

# Time        UID       PID    %usr %system  %guest   %wait    %CPU   CPU  minflt/s  majflt/s     VSZ     RSS   %MEM   kB_rd/s   kB_wr/s kB_ccwr/s iodelay  Command
06:13:17    64055     27237    4.00   10.00  100.00    0.00    8.49    36   4717.00      0.00 13938488 8436372   4.29      0.00      4.00      0.00       0  qemu-system-x86

# Time        UID       PID    %usr %system  %guest   %wait    %CPU   CPU  minflt/s  majflt/s     VSZ     RSS   %MEM   kB_rd/s   kB_wr/s kB_ccwr/s iodelay  Command
06:13:18    64055     27237    0.00    1.00  100.00    0.00    8.34    36   6758.00      0.00 13938488 8436372   4.29      0.00      0.00      0.00       0  qemu-system-x86

# Time        UID       PID    %usr %system  %guest   %wait    %CPU   CPU  minflt/s  majflt/s     VSZ     RSS   %MEM   kB_rd/s   kB_wr/s kB_ccwr/s iodelay  Command
06:13:19    64055     27237    0.00   32.00  100.00    0.00    6.82    36  17411.00      0.00 13938488 8436372   4.29      0.00 132160.00      0.00       0  qemu-system-x86

# Time        UID       PID    %usr %system  %guest   %wait    %CPU   CPU  minflt/s  majflt/s     VSZ     RSS   %MEM   kB_rd/s   kB_wr/s kB_ccwr/s iodelay  Command
06:13:20    64055     27237    0.00   66.00  100.00    0.00    7.78    36  16305.00      0.00 13938488 8436372   4.29      0.00 136672.00      0.00       0  qemu-system-x86

# Time        UID       PID    %usr %system  %guest   %wait    %CPU   CPU  minflt/s  majflt/s     VSZ     RSS   %MEM   kB_rd/s   kB_wr/s kB_ccwr/s iodelay  Command
06:13:21    64055     27237    1.00   43.00  100.00    0.00    8.98    36  17973.00      0.00 13938488 8436372   4.29      0.00  67256.00      0.00       0  qemu-system-x86

# Time        UID       PID    %usr %system  %guest   %wait    %CPU   CPU  minflt/s  majflt/s     VSZ     RSS   %MEM   kB_rd/s   kB_wr/s kB_ccwr/s iodelay  Command
06:13:22    64055     27237    0.00    3.00  100.00    0.00    8.32    36   3364.00      0.00 13938488 8436372   4.29      0.00      0.00      0.00       0  qemu-system-x86

# Time        UID       PID    %usr %system  %guest   %wait    %CPU   CPU  minflt/s  majflt/s     VSZ     RSS   %MEM   kB_rd/s   kB_wr/s kB_ccwr/s iodelay  Command
06:13:23    64055     27237    1.00   22.00  100.00    0.00    8.81    36   6112.00      0.00 13938488 8436372   4.29      0.00 123360.00      0.00       0  qemu-system-x86

# Time        UID       PID    %usr %system  %guest   %wait    %CPU   CPU  minflt/s  majflt/s     VSZ     RSS   %MEM   kB_rd/s   kB_wr/s kB_ccwr/s iodelay  Command
06:13:24    64055     27237    0.00   48.00  100.00    0.00    9.23    40   1514.00      0.00 13938488 8436372   4.29      0.00 124668.00      0.00       0  qemu-system-x86

# Time        UID       PID    %usr %system  %guest   %wait    %CPU   CPU  minflt/s  majflt/s     VSZ     RSS   %MEM   kB_rd/s   kB_wr/s kB_ccwr/s iodelay  Command
06:13:25    64055     27237    6.00   20.00  100.00    0.00    8.79    26   7851.00      0.00 13938488 8436372   4.29      0.00      0.00      0.00       0  qemu-system-x86

# Time        UID       PID    %usr %system  %guest   %wait    %CPU   CPU  minflt/s  majflt/s     VSZ     RSS   %MEM   kB_rd/s   kB_wr/s kB_ccwr/s iodelay  Command
06:13:26    64055     27237    4.00   18.00  100.00    0.00    8.66    26   9530.00      0.00 13938488 8436372   4.29      0.00    324.00      0.00       0  qemu-system-x86

# Time        UID       PID    %usr %system  %guest   %wait    %CPU   CPU  minflt/s  majflt/s     VSZ     RSS   %MEM   kB_rd/s   kB_wr/s kB_ccwr/s iodelay  Command
06:13:27    64055     27237    0.00    0.00  100.00    0.00    8.35    26    835.00      0.00 13938488 8436372   4.29      0.00      0.00      0.00       0  qemu-system-x86

# Time        UID       PID    %usr %system  %guest   %wait    %CPU   CPU  minflt/s  majflt/s     VSZ     RSS   %MEM   kB_rd/s   kB_wr/s kB_ccwr/s iodelay  Command
06:13:28    64055     27237    1.00   32.00  100.00    0.00    9.00    26   7118.00      0.00 13938488 8436372   4.29      0.00 155324.00      0.00       0  qemu-system-x86

# Time        UID       PID    %usr %system  %guest   %wait    %CPU   CPU  minflt/s  majflt/s     VSZ     RSS   %MEM   kB_rd/s   kB_wr/s kB_ccwr/s iodelay  Command
06:13:29    64055     27237    2.00   89.00  100.00    0.00    8.51    26  15962.00      0.00 13938488 8436372   4.29      0.00 159904.00      0.00       0  qemu-system-x86

# Time        UID       PID    %usr %system  %guest   %wait    %CPU   CPU  minflt/s  majflt/s     VSZ     RSS   %MEM   kB_rd/s   kB_wr/s kB_ccwr/s iodelay  Command
06:13:30    64055     27237    0.00   75.00  100.00    0.00    6.84    26  16975.00      0.00 13938488 8436372   4.29      0.00 174624.00      0.00       0  qemu-system-x86

# Time        UID       PID    %usr %system  %guest   %wait    %CPU   CPU  minflt/s  majflt/s     VSZ     RSS   %MEM   kB_rd/s   kB_wr/s kB_ccwr/s iodelay  Command
06:13:31    64055     27237    1.00    9.00  100.00    0.00    8.48    26   1597.00      0.00 13938488 8436372   4.29      0.00    372.00      0.00       0  qemu-system-x86

# Time        UID       PID    %usr %system  %guest   %wait    %CPU   CPU  minflt/s  majflt/s     VSZ     RSS   %MEM   kB_rd/s   kB_wr/s kB_ccwr/s iodelay  Command
06:13:32    64055     27237    1.00   11.00  100.00    0.00    8.41    26   4292.00      0.00 13938488 8436372   4.29      0.00      4.00      0.00       0  qemu-system-x86

# Time        UID       PID    %usr %system  %guest   %wait    %CPU   CPU  minflt/s  majflt/s     VSZ     RSS   %MEM   kB_rd/s   kB_wr/s kB_ccwr/s iodelay  Command
06:13:33    64055     27237    3.00   57.00  100.00    0.00    9.39    26  12502.00      0.00 13938488 8436372   4.29      0.00 123752.00      0.00       0  qemu-system-x86

# Time        UID       PID    %usr %system  %guest   %wait    %CPU   CPU  minflt/s  majflt/s     VSZ     RSS   %MEM   kB_rd/s   kB_wr/s kB_ccwr/s iodelay  Command
06:13:34    64055     27237    0.00   92.00  100.00    0.00   10.22    26   6642.00      0.00 13938488 8436372   4.29      0.00 279152.00      0.00       0  qemu-system-x86

# Time        UID       PID    %usr %system  %guest   %wait    %CPU   CPU  minflt/s  majflt/s     VSZ     RSS   %MEM   kB_rd/s   kB_wr/s kB_ccwr/s iodelay  Command
06:13:35    64055     27237    4.00   11.00  100.00    0.00    8.62    26   1136.00      0.00 13938488 8436372   4.29      0.00      0.00      0.00       0  qemu-system-x86

# Time        UID       PID    %usr %system  %guest   %wait    %CPU   CPU  minflt/s  majflt/s     VSZ     RSS   %MEM   kB_rd/s   kB_wr/s kB_ccwr/s iodelay  Command
06:13:36    64055     27237    3.00   17.00  100.00    0.00    8.73    32   4697.00      0.00 13938488 8436372   4.29      0.00    328.00      0.00       0  qemu-system-x86

# Time        UID       PID    %usr %system  %guest   %wait    %CPU   CPU  minflt/s  majflt/s     VSZ     RSS   %MEM   kB_rd/s   kB_wr/s kB_ccwr/s iodelay  Command
06:13:37    64055     27237    2.00    8.00  100.00    0.00    8.46     0   2819.00      0.00 13938488 8436372   4.29      0.00      4.00      0.00       0  qemu-system-x86

# Time        UID       PID    %usr %system  %guest   %wait    %CPU   CPU  minflt/s  majflt/s     VSZ     RSS   %MEM   kB_rd/s   kB_wr/s kB_ccwr/s iodelay  Command
06:13:38    64055     27237    1.00    1.00  100.00    0.00    8.35     0   7245.00      0.00 13938488 8436372   4.29      0.00      0.00      0.00       0  qemu-system-x86

# Time        UID       PID    %usr %system  %guest   %wait    %CPU   CPU  minflt/s  majflt/s     VSZ     RSS   %MEM   kB_rd/s   kB_wr/s kB_ccwr/s iodelay  Command
06:13:39    64055     27237    2.00   53.00  100.00    0.00    8.18     0  21208.00      0.00 13938488 8436372   4.29      0.00 201292.00      0.00       0  qemu-system-x86

# Time        UID       PID    %usr %system  %guest   %wait    %CPU   CPU  minflt/s  majflt/s     VSZ     RSS   %MEM   kB_rd/s   kB_wr/s kB_ccwr/s iodelay  Command
06:13:40    64055     27237    3.00   44.00  100.00    0.00    8.46     0   9893.00      0.00 13938488 8436372   4.29      0.00 133696.00      0.00       0  qemu-system-x86

# Time        UID       PID    %usr %system  %guest   %wait    %CPU   CPU  minflt/s  majflt/s     VSZ     RSS   %MEM   kB_rd/s   kB_wr/s kB_ccwr/s iodelay  Command
06:13:41    64055     27237    0.00    7.00  100.00    0.00    8.37     0  13094.00      0.00 13938488 8436372   4.29      0.00    368.00      0.00       0  qemu-system-x86

# Time        UID       PID    %usr %system  %guest   %wait    %CPU   CPU  minflt/s  majflt/s     VSZ     RSS   %MEM   kB_rd/s   kB_wr/s kB_ccwr/s iodelay  Command
06:13:42    64055     27237    0.00   66.00  100.00    1.00    9.59    40   6853.00      0.00 13938488 8436392   4.29      0.00 124220.00      0.00       0  qemu-system-x86

# Time        UID       PID    %usr %system  %guest   %wait    %CPU   CPU  minflt/s  majflt/s     VSZ     RSS   %MEM   kB_rd/s   kB_wr/s kB_ccwr/s iodelay  Command
06:13:43    64055     27237    0.00   48.00  100.00    0.00    9.10    40   8568.00      0.00 13938488 8436392   4.29      0.00 116000.00      0.00       0  qemu-system-x86

# Time        UID       PID    %usr %system  %guest   %wait    %CPU   CPU  minflt/s  majflt/s     VSZ     RSS   %MEM   kB_rd/s   kB_wr/s kB_ccwr/s iodelay  Command
06:13:44    64055     27237    2.00    3.00  100.00    0.00    8.44    40   1358.00      0.00 13938488 8436392   4.29      0.00   6880.00      0.00       0  qemu-system-x86

# Time        UID       PID    %usr %system  %guest   %wait    %CPU   CPU  minflt/s  majflt/s     VSZ     RSS   %MEM   kB_rd/s   kB_wr/s kB_ccwr/s iodelay  Command
06:13:45    64055     27237    3.00   13.00  100.00    0.00    8.56    40   7897.00      0.00 13938488 8436392   4.29      0.00      0.00      0.00       0  qemu-system-x86

# Time        UID       PID    %usr %system  %guest   %wait    %CPU   CPU  minflt/s  majflt/s     VSZ     RSS   %MEM   kB_rd/s   kB_wr/s kB_ccwr/s iodelay  Command
06:13:46    64055     27237    2.00   18.00  100.00    0.00    8.68    40   4554.00      0.00 13938488 8436392   4.29      0.00    300.00      0.00       0  qemu-system-x86

# Time        UID       PID    %usr %system  %guest   %wait    %CPU   CPU  minflt/s  majflt/s     VSZ     RSS   %MEM   kB_rd/s   kB_wr/s kB_ccwr/s iodelay  Command
06:13:47    64055     27237    0.00   95.00  100.00    0.00   10.18    40   5733.00      0.00 13938488 8436392   4.29      0.00 178712.00      0.00       0  qemu-system-x86

# Time        UID       PID    %usr %system  %guest   %wait    %CPU   CPU  minflt/s  majflt/s     VSZ     RSS   %MEM   kB_rd/s   kB_wr/s kB_ccwr/s iodelay  Command
06:13:48    64055     27237    0.00    6.00  100.00    0.00    8.27    40  12112.00      0.00 13938488 8436392   4.29      0.00  11808.00      0.00       0  qemu-system-x86

# Time        UID       PID    %usr %system  %guest   %wait    %CPU   CPU  minflt/s  majflt/s     VSZ     RSS   %MEM   kB_rd/s   kB_wr/s kB_ccwr/s iodelay  Command
06:13:49    64055     27237    0.00   49.00  100.00    0.00    9.03    40   6366.00      0.00 13938488 8436392   4.29      0.00 133696.00      0.00       0  qemu-system-x86

# Time        UID       PID    %usr %system  %guest   %wait    %CPU   CPU  minflt/s  majflt/s     VSZ     RSS   %MEM   kB_rd/s   kB_wr/s kB_ccwr/s iodelay  Command
06:13:50    64055     27237    0.00   60.00  100.00    0.00    9.43    40  10816.00      0.00 13938488 8436392   4.29      0.00 133696.00      0.00       0  qemu-system-x86

# Time        UID       PID    %usr %system  %guest   %wait    %CPU   CPU  minflt/s  majflt/s     VSZ     RSS   %MEM   kB_rd/s   kB_wr/s kB_ccwr/s iodelay  Command
06:13:51    64055     27237    1.00   14.00  100.00    0.00    8.43    40  14944.00      0.00 13938488 8436392   4.29      0.00    380.00      0.00       0  qemu-system-x86

# Time        UID       PID    %usr %system  %guest   %wait    %CPU   CPU  minflt/s  majflt/s     VSZ     RSS   %MEM   kB_rd/s   kB_wr/s kB_ccwr/s iodelay  Command
06:13:52    64055     27237    1.00   21.00  100.00    0.00    8.68    40   1374.00      0.00 13938488 8436392   4.29      0.00  32732.00      0.00       0  qemu-system-x86

# Time        UID       PID    %usr %system  %guest   %wait    %CPU   CPU  minflt/s  majflt/s     VSZ     RSS   %MEM   kB_rd/s   kB_wr/s kB_ccwr/s iodelay  Command
06:13:53    64055     27237    0.00    9.00  100.00    0.00    8.51    40    701.00      0.00 13938488 8436392   4.29      0.00      0.00      0.00       0  qemu-system-x86

# Time        UID       PID    %usr %system  %guest   %wait    %CPU   CPU  minflt/s  majflt/s     VSZ     RSS   %MEM   kB_rd/s   kB_wr/s kB_ccwr/s iodelay  Command
06:13:54    64055     27237    3.00    3.00  100.00    0.00    8.41    40   6208.00      0.00 13938488 8436392   4.29      0.00      0.00      0.00       0  qemu-system-x86

# Time        UID       PID    %usr %system  %guest   %wait    %CPU   CPU  minflt/s  majflt/s     VSZ     RSS   %MEM   kB_rd/s   kB_wr/s kB_ccwr/s iodelay  Command
06:13:55    64055     27237    4.00    6.00  100.00    0.00    8.47    40   9993.00      0.00 13938488 8436392   4.29      0.00      0.00      0.00       0  qemu-system-x86

# Time        UID       PID    %usr %system  %guest   %wait    %CPU   CPU  minflt/s  majflt/s     VSZ     RSS   %MEM   kB_rd/s   kB_wr/s kB_ccwr/s iodelay  Command
06:13:56    64055     27237    2.00    6.00  100.00    0.00    8.47    40   5038.00      0.00 13938488 8436392   4.29      0.00    188.00      0.00       0  qemu-system-x86

# Time        UID       PID    %usr %system  %guest   %wait    %CPU   CPU  minflt/s  majflt/s     VSZ     RSS   %MEM   kB_rd/s   kB_wr/s kB_ccwr/s iodelay  Command
06:13:57    64055     27237    0.00   33.00  100.00    0.00    8.86    40   8754.00      0.00 13938488 8436392   4.29      0.00  66880.00      0.00       0  qemu-system-x86

# Time        UID       PID    %usr %system  %guest   %wait    %CPU   CPU  minflt/s  majflt/s     VSZ     RSS   %MEM   kB_rd/s   kB_wr/s kB_ccwr/s iodelay  Command
06:13:58    64055     27237    3.00   76.00  100.00    1.00    9.75    46   7683.00      0.00 13938488 8436392   4.29      0.00 177468.00      0.00       0  qemu-system-x86

# Time        UID       PID    %usr %system  %guest   %wait    %CPU   CPU  minflt/s  majflt/s     VSZ     RSS   %MEM   kB_rd/s   kB_wr/s kB_ccwr/s iodelay  Command
06:13:59    64055     27237    3.00   70.00  100.00    1.00    9.68    46   4728.00      0.00 13938488 8436392   4.29      0.00 160788.00      0.00       0  qemu-system-x86

# Time        UID       PID    %usr %system  %guest   %wait    %CPU   CPU  minflt/s  majflt/s     VSZ     RSS   %MEM   kB_rd/s   kB_wr/s kB_ccwr/s iodelay  Command
06:14:00    64055     27237    1.00  100.00  100.00    0.00    9.80    44   4012.00      0.00 13938488 8436392   4.29      0.00 176896.00      0.00       0  qemu-system-x86

# Time        UID       PID    %usr %system  %guest   %wait    %CPU   CPU  minflt/s  majflt/s     VSZ     RSS   %MEM   kB_rd/s   kB_wr/s kB_ccwr/s iodelay  Command
06:14:01    64055     27237    0.00   14.00  100.00    0.00    6.15    44   3031.00      0.00 13938488 8436392   4.29      0.00    356.00      0.00       0  qemu-system-x86

# Time        UID       PID    %usr %system  %guest   %wait    %CPU   CPU  minflt/s  majflt/s     VSZ     RSS   %MEM   kB_rd/s   kB_wr/s kB_ccwr/s iodelay  Command
06:14:02    64055     27237    0.00   12.00  100.00    0.00    5.14    44    514.00      0.00 13938488 8436392   4.29      0.00      0.00      0.00       0  qemu-system-x86

# Time        UID       PID    %usr %system  %guest   %wait    %CPU   CPU  minflt/s  majflt/s     VSZ     RSS   %MEM   kB_rd/s   kB_wr/s kB_ccwr/s iodelay  Command
06:14:03    64055     27237    0.00   13.00  100.00    0.00    3.92    44   6541.00      0.00 13938488 8436392   4.29      0.00  40456.00      0.00       0  qemu-system-x86

# Time        UID       PID    %usr %system  %guest   %wait    %CPU   CPU  minflt/s  majflt/s     VSZ     RSS   %MEM   kB_rd/s   kB_wr/s kB_ccwr/s iodelay  Command
06:14:04    64055     27237    1.00   21.00   99.00    0.00    2.52    44    952.00      0.00 13938488 8436392   4.29      0.00  66848.00      0.00       0  qemu-system-x86

# Time        UID       PID    %usr %system  %guest   %wait    %CPU   CPU  minflt/s  majflt/s     VSZ     RSS   %MEM   kB_rd/s   kB_wr/s kB_ccwr/s iodelay  Command
06:14:05    64055     27237    0.00   64.00  100.00    0.00    3.60    44   1252.00      0.00 13938488 8436392   4.29      0.00 155424.00      0.00       0  qemu-system-x86

# Time        UID       PID    %usr %system  %guest   %wait    %CPU   CPU  minflt/s  majflt/s     VSZ     RSS   %MEM   kB_rd/s   kB_wr/s kB_ccwr/s iodelay  Command
06:14:06    64055     27237    3.00   71.00   70.00    0.00    3.00    44   1241.00      0.00 13938488 8436392   4.29      0.00 123492.00      0.00       0  qemu-system-x86

# Time        UID       PID    %usr %system  %guest   %wait    %CPU   CPU  minflt/s  majflt/s     VSZ     RSS   %MEM   kB_rd/s   kB_wr/s kB_ccwr/s iodelay  Command
06:14:07    64055     27237    3.00   22.00  100.00    0.00    4.26    44   2281.00      0.00 13938488 8436392   4.29      0.00     16.00      0.00       0  qemu-system-x86

# Time        UID       PID    %usr %system  %guest   %wait    %CPU   CPU  minflt/s  majflt/s     VSZ     RSS   %MEM   kB_rd/s   kB_wr/s kB_ccwr/s iodelay  Command
06:14:08    64055     27237    6.00  100.00  100.00    0.00    6.29    42   1272.00      0.00 13938488 8436392   4.29      0.00 228684.00      0.00       0  qemu-system-x86

# Time        UID       PID    %usr %system  %guest   %wait    %CPU   CPU  minflt/s  majflt/s     VSZ     RSS   %MEM   kB_rd/s   kB_wr/s kB_ccwr/s iodelay  Command
06:14:09    64055     27237    2.00   26.00  100.00    0.00    4.86    42   3324.00      0.00 13938488 8436392   4.29      0.00     16.00      0.00       0  qemu-system-x86

# Time        UID       PID    %usr %system  %guest   %wait    %CPU   CPU  minflt/s  majflt/s     VSZ     RSS   %MEM   kB_rd/s   kB_wr/s kB_ccwr/s iodelay  Command
06:14:10    64055     27237    3.00   58.00  100.00    0.00    5.74    42   1491.00      0.00 13938488 8436392   4.29      0.00 128904.00      0.00       0  qemu-system-x86

# Time        UID       PID    %usr %system  %guest   %wait    %CPU   CPU  minflt/s  majflt/s     VSZ     RSS   %MEM   kB_rd/s   kB_wr/s kB_ccwr/s iodelay  Command
06:14:11    64055     27237    7.00   24.00  100.00    0.00    4.79    42    799.00      0.00 13938488 8436392   4.29      0.00     16.00      0.00       0  qemu-system-x86

# Time        UID       PID    %usr %system  %guest   %wait    %CPU   CPU  minflt/s  majflt/s     VSZ     RSS   %MEM   kB_rd/s   kB_wr/s kB_ccwr/s iodelay  Command
06:14:12    64055     27237    1.00   96.00  100.00    0.00    5.45    42   2861.00      0.00 13938488 8436392   4.29      0.00 158548.00      0.00       0  qemu-system-x86

# Time        UID       PID    %usr %system  %guest   %wait    %CPU   CPU  minflt/s  majflt/s     VSZ     RSS   %MEM   kB_rd/s   kB_wr/s kB_ccwr/s iodelay  Command
06:14:13    64055     27237    4.00   23.00  100.00    0.00    5.61    42   2740.00      0.00 13938488 8436392   4.29      0.00      8.00      0.00       0  qemu-system-x86

# Time        UID       PID    %usr %system  %guest   %wait    %CPU   CPU  minflt/s  majflt/s     VSZ     RSS   %MEM   kB_rd/s   kB_wr/s kB_ccwr/s iodelay  Command
06:14:14    64055     27237    5.00   72.00  100.00    0.00    5.24    42   6287.00      0.00 13938488 8436392   4.29      0.00 132120.00      0.00       0  qemu-system-x86

# Time        UID       PID    %usr %system  %guest   %wait    %CPU   CPU  minflt/s  majflt/s     VSZ     RSS   %MEM   kB_rd/s   kB_wr/s kB_ccwr/s iodelay  Command
06:14:15    64055     27237    1.00   53.00  100.00    1.00    4.59    42   1377.00      0.00 13938488 8436392   4.29      0.00  66600.00      0.00       0  qemu-system-x86

# Time        UID       PID    %usr %system  %guest   %wait    %CPU   CPU  minflt/s  majflt/s     VSZ     RSS   %MEM   kB_rd/s   kB_wr/s kB_ccwr/s iodelay  Command
06:14:16    64055     27237    0.00   82.00  100.00    0.00    5.15    42   1004.00      0.00 13938488 8436392   4.29      0.00 131716.00      0.00       0  qemu-system-x86

# Time        UID       PID    %usr %system  %guest   %wait    %CPU   CPU  minflt/s  majflt/s     VSZ     RSS   %MEM   kB_rd/s   kB_wr/s kB_ccwr/s iodelay  Command
06:14:17    64055     27237    3.00   88.00  100.00    0.00    5.84    42   2238.00      0.00 13938488 8436392   4.29      0.00 132748.00      0.00       0  qemu-system-x86

# Time        UID       PID    %usr %system  %guest   %wait    %CPU   CPU  minflt/s  majflt/s     VSZ     RSS   %MEM   kB_rd/s   kB_wr/s kB_ccwr/s iodelay  Command
06:14:18    64055     27237    4.00   19.00  100.00    0.00    3.65    42   1109.00      0.00 13938488 8436392   4.29      0.00      8.00      0.00       0  qemu-system-x86

# Time        UID       PID    %usr %system  %guest   %wait    %CPU   CPU  minflt/s  majflt/s     VSZ     RSS   %MEM   kB_rd/s   kB_wr/s kB_ccwr/s iodelay  Command
06:14:19    64055     27237    5.00   68.00  100.00    0.00    4.97    42    570.00      0.00 13938488 8436392   4.29      0.00  66056.00      0.00       0  qemu-system-x86

# Time        UID       PID    %usr %system  %guest   %wait    %CPU   CPU  minflt/s  majflt/s     VSZ     RSS   %MEM   kB_rd/s   kB_wr/s kB_ccwr/s iodelay  Command
06:14:20    64055     27237    8.00   92.00  100.00    0.00    6.13    42    930.00      0.00 13938488 8436392   4.29      0.00 131748.00      0.00       0  qemu-system-x86

# Time        UID       PID    %usr %system  %guest   %wait    %CPU   CPU  minflt/s  majflt/s     VSZ     RSS   %MEM   kB_rd/s   kB_wr/s kB_ccwr/s iodelay  Command
06:14:21    64055     27237    5.00   99.00  100.00    0.00    5.50    42   1585.00      0.00 13938488 8436392   4.29      0.00 198684.00      0.00       0  qemu-system-x86

# Time        UID       PID    %usr %system  %guest   %wait    %CPU   CPU  minflt/s  majflt/s     VSZ     RSS   %MEM   kB_rd/s   kB_wr/s kB_ccwr/s iodelay  Command
06:14:22    64055     27237    4.00   24.00  100.00    0.00    4.59    42    668.00      0.00 13938488 8436392   4.29      0.00    112.00      0.00       0  qemu-system-x86

# Time        UID       PID    %usr %system  %guest   %wait    %CPU   CPU  minflt/s  majflt/s     VSZ     RSS   %MEM   kB_rd/s   kB_wr/s kB_ccwr/s iodelay  Command
06:14:23    64055     27237    7.00   54.00  100.00    0.00    5.08    42   1846.00      0.00 13938488 8436392   4.29      0.00 101092.00      0.00       0  qemu-system-x86

# Time        UID       PID    %usr %system  %guest   %wait    %CPU   CPU  minflt/s  majflt/s     VSZ     RSS   %MEM   kB_rd/s   kB_wr/s kB_ccwr/s iodelay  Command
06:14:24    64055     27237    8.00   43.00  100.00    0.00    4.87    42   3307.00      0.00 13938488 8436392   4.29      0.00  30676.00      0.00       0  qemu-system-x86

# Time        UID       PID    %usr %system  %guest   %wait    %CPU   CPU  minflt/s  majflt/s     VSZ     RSS   %MEM   kB_rd/s   kB_wr/s kB_ccwr/s iodelay  Command
06:14:25    64055     27237    8.00   79.00  100.00    0.00    5.35    42   1237.00      0.00 13938488 8436392   4.29      0.00 132128.00      0.00       0  qemu-system-x86

# Time        UID       PID    %usr %system  %guest   %wait    %CPU   CPU  minflt/s  majflt/s     VSZ     RSS   %MEM   kB_rd/s   kB_wr/s kB_ccwr/s iodelay  Command
06:14:26    64055     27237    6.00   49.00  100.00    1.00    4.60    42    561.00      0.00 13938488 8436392   4.29      0.00  66588.00      0.00       0  qemu-system-x86

# Time        UID       PID    %usr %system  %guest   %wait    %CPU   CPU  minflt/s  majflt/s     VSZ     RSS   %MEM   kB_rd/s   kB_wr/s kB_ccwr/s iodelay  Command
06:14:27    64055     27237    2.00   73.00  100.00    0.00    4.85    42   2621.00      0.00 13938488 8436392   4.29      0.00 131832.00      0.00       0  qemu-system-x86

# Time        UID       PID    %usr %system  %guest   %wait    %CPU   CPU  minflt/s  majflt/s     VSZ     RSS   %MEM   kB_rd/s   kB_wr/s kB_ccwr/s iodelay  Command
06:14:28    64055     27237    1.00   57.00  100.00    0.00    5.07    10   3652.00      0.00 13938488 8436392   4.29      0.00  87312.00      0.00       0  qemu-system-x86

# Time        UID       PID    %usr %system  %guest   %wait    %CPU   CPU  minflt/s  majflt/s     VSZ     RSS   %MEM   kB_rd/s   kB_wr/s kB_ccwr/s iodelay  Command
06:14:29    64055     27237    7.00   44.00  100.00    0.00    3.82    10   1768.00      0.00 13938488 8436392   4.29      0.00  44808.00      0.00       0  qemu-system-x86

# Time        UID       PID    %usr %system  %guest   %wait    %CPU   CPU  minflt/s  majflt/s     VSZ     RSS   %MEM   kB_rd/s   kB_wr/s kB_ccwr/s iodelay  Command
06:14:30    64055     27237    1.00   60.00  100.00    0.00    4.38    10   9328.00      0.00 13938488 8436392   4.29      0.00  66604.00      0.00       0  qemu-system-x86

# Time        UID       PID    %usr %system  %guest   %wait    %CPU   CPU  minflt/s  majflt/s     VSZ     RSS   %MEM   kB_rd/s   kB_wr/s kB_ccwr/s iodelay  Command
06:14:31    64055     27237    5.00   74.00  100.00    0.00    4.95    28   2558.00      0.00 13938488 8436392   4.29      0.00 131724.00      0.00       0  qemu-system-x86

# Time        UID       PID    %usr %system  %guest   %wait    %CPU   CPU  minflt/s  majflt/s     VSZ     RSS   %MEM   kB_rd/s   kB_wr/s kB_ccwr/s iodelay  Command
06:14:32    64055     27237   10.00   43.00  100.00    0.00    4.68    28   1013.00      0.00 13938488 8436392   4.29      0.00  69212.00      0.00       0  qemu-system-x86

# Time        UID       PID    %usr %system  %guest   %wait    %CPU   CPU  minflt/s  majflt/s     VSZ     RSS   %MEM   kB_rd/s   kB_wr/s kB_ccwr/s iodelay  Command
06:14:33    64055     27237    4.00  100.00  100.00    1.00    5.43    34   3529.00      0.00 13938488 8436392   4.29      0.00 129592.00      0.00       0  qemu-system-x86

# Time        UID       PID    %usr %system  %guest   %wait    %CPU   CPU  minflt/s  majflt/s     VSZ     RSS   %MEM   kB_rd/s   kB_wr/s kB_ccwr/s iodelay  Command
06:14:34    64055     27237    8.00   20.00  100.00    0.00    4.29    34  10221.00      0.00 13938488 8436392   4.29      0.00      4.00      0.00       0  qemu-system-x86

# Time        UID       PID    %usr %system  %guest   %wait    %CPU   CPU  minflt/s  majflt/s     VSZ     RSS   %MEM   kB_rd/s   kB_wr/s kB_ccwr/s iodelay  Command
06:14:35    64055     27237    4.00   92.00  100.00    0.00    4.93    34   2768.00      0.00 13938488 8436392   4.29      0.00 197800.00      0.00       0  qemu-system-x86

# Time        UID       PID    %usr %system  %guest   %wait    %CPU   CPU  minflt/s  majflt/s     VSZ     RSS   %MEM   kB_rd/s   kB_wr/s kB_ccwr/s iodelay  Command
06:14:36    64055     27237    3.00   24.00  100.00    0.00    4.51    34   8124.00      0.00 13938488 8436392   4.29      0.00      8.00      0.00       0  qemu-system-x86

# Time        UID       PID    %usr %system  %guest   %wait    %CPU   CPU  minflt/s  majflt/s     VSZ     RSS   %MEM   kB_rd/s   kB_wr/s kB_ccwr/s iodelay  Command
06:14:37    64055     27237    1.00   85.00  100.00    0.00    5.50    34   7650.00      0.00 13938488 8436392   4.29      0.00 132744.00      0.00       0  qemu-system-x86

# Time        UID       PID    %usr %system  %guest   %wait    %CPU   CPU  minflt/s  majflt/s     VSZ     RSS   %MEM   kB_rd/s   kB_wr/s kB_ccwr/s iodelay  Command
06:14:38    64055     27237    3.96   13.86  100.00    0.00    3.74    34   9943.56      0.00 13938488 8436392   4.29      0.00     11.88      0.00       0  qemu-system-x86

# Time        UID       PID    %usr %system  %guest   %wait    %CPU   CPU  minflt/s  majflt/s     VSZ     RSS   %MEM   kB_rd/s   kB_wr/s kB_ccwr/s iodelay  Command
06:14:39    64055     27237    0.00   66.00  100.00    0.00    4.54    34  11237.00      0.00 13938488 8436392   4.29      0.00 131712.00      0.00       0  qemu-system-x86

# Time        UID       PID    %usr %system  %guest   %wait    %CPU   CPU  minflt/s  majflt/s     VSZ     RSS   %MEM   kB_rd/s   kB_wr/s kB_ccwr/s iodelay  Command
06:14:40    64055     27237    1.00   48.00  100.00    1.00    5.03    46   7883.00      0.00 13938488 8436392   4.29      0.00  60460.00      0.00       0  qemu-system-x86

# Time        UID       PID    %usr %system  %guest   %wait    %CPU   CPU  minflt/s  majflt/s     VSZ     RSS   %MEM   kB_rd/s   kB_wr/s kB_ccwr/s iodelay  Command
06:14:41    64055     27237    7.00   54.00  100.00    0.00    4.45    26   3530.00      0.00 13938488 8436392   4.29      0.00  71700.00      0.00       0  qemu-system-x86

# Time        UID       PID    %usr %system  %guest   %wait    %CPU   CPU  minflt/s  majflt/s     VSZ     RSS   %MEM   kB_rd/s   kB_wr/s kB_ccwr/s iodelay  Command
06:14:42    64055     27237    0.00   48.00  100.00    0.00    4.75    30   2083.00      0.00 13938488 8436392   4.29      0.00  66676.00      0.00       0  qemu-system-x86

# Time        UID       PID    %usr %system  %guest   %wait    %CPU   CPU  minflt/s  majflt/s     VSZ     RSS   %MEM   kB_rd/s   kB_wr/s kB_ccwr/s iodelay  Command
06:14:43    64055     27237    6.00   74.00  100.00    0.00    4.81     8   3256.00      0.00 13938488 8436392   4.29      0.00 131728.00      0.00       0  qemu-system-x86

# Time        UID       PID    %usr %system  %guest   %wait    %CPU   CPU  minflt/s  majflt/s     VSZ     RSS   %MEM   kB_rd/s   kB_wr/s kB_ccwr/s iodelay  Command
06:14:44    64055     27237    2.00   52.00  100.00    0.00    4.70    44   3297.00      0.00 13938488 8436392   4.29      0.00  90664.00      0.00       0  qemu-system-x86

# Time        UID       PID    %usr %system  %guest   %wait    %CPU   CPU  minflt/s  majflt/s     VSZ     RSS   %MEM   kB_rd/s   kB_wr/s kB_ccwr/s iodelay  Command
06:14:45    64055     27237    8.00   83.00  100.00    0.00    4.77    44   1060.00      0.00 13938488 8436392   4.29      0.00 108052.00      0.00       0  qemu-system-x86

# Time        UID       PID    %usr %system  %guest   %wait    %CPU   CPU  minflt/s  majflt/s     VSZ     RSS   %MEM   kB_rd/s   kB_wr/s kB_ccwr/s iodelay  Command
06:14:46    64055     27237    4.00   29.00  100.00    0.00    4.47    44   6199.00      0.00 13938488 8436392   4.29      0.00      4.00      0.00       0  qemu-system-x86

# Time        UID       PID    %usr %system  %guest   %wait    %CPU   CPU  minflt/s  majflt/s     VSZ     RSS   %MEM   kB_rd/s   kB_wr/s kB_ccwr/s iodelay  Command
06:14:47    64055     27237    0.00  100.00  100.00    1.00    5.20    46   7672.00      0.00 13938488 8436392   4.29      0.00 197900.00      0.00       0  qemu-system-x86

# Time        UID       PID    %usr %system  %guest   %wait    %CPU   CPU  minflt/s  majflt/s     VSZ     RSS   %MEM   kB_rd/s   kB_wr/s kB_ccwr/s iodelay  Command
06:14:48    64055     27237    5.00   23.00  100.00    0.00    4.47    46   5644.00      0.00 13938488 8436392   4.29      0.00      8.00      0.00       0  qemu-system-x86

# Time        UID       PID    %usr %system  %guest   %wait    %CPU   CPU  minflt/s  majflt/s     VSZ     RSS   %MEM   kB_rd/s   kB_wr/s kB_ccwr/s iodelay  Command
06:14:49    64055     27237    4.00   78.00  100.00    0.00    5.20    46   3726.00      0.00 13938488 8436392   4.29      0.00 132112.00      0.00       0  qemu-system-x86

# Time        UID       PID    %usr %system  %guest   %wait    %CPU   CPU  minflt/s  majflt/s     VSZ     RSS   %MEM   kB_rd/s   kB_wr/s kB_ccwr/s iodelay  Command
06:14:50    64055     27237    7.00   24.00  100.00    0.00    4.43    46   2138.00      0.00 13938488 8436392   4.29      0.00      4.00      0.00       0  qemu-system-x86

# Time        UID       PID    %usr %system  %guest   %wait    %CPU   CPU  minflt/s  majflt/s     VSZ     RSS   %MEM   kB_rd/s   kB_wr/s kB_ccwr/s iodelay  Command
06:14:51    64055     27237    3.00   71.00  100.00    0.00    4.61    14   9956.00      0.00 13938488 8436392   4.29      0.00 132280.00      0.00       0  qemu-system-x86

# Time        UID       PID    %usr %system  %guest   %wait    %CPU   CPU  minflt/s  majflt/s     VSZ     RSS   %MEM   kB_rd/s   kB_wr/s kB_ccwr/s iodelay  Command
06:14:52    64055     27237    4.00  100.00  100.00    0.00    5.99    14  10884.00      0.00 13938488 8436392   4.29      0.00 181856.00      0.00       0  qemu-system-x86

# Time        UID       PID    %usr %system  %guest   %wait    %CPU   CPU  minflt/s  majflt/s     VSZ     RSS   %MEM   kB_rd/s   kB_wr/s kB_ccwr/s iodelay  Command
06:14:53    64055     27237    4.00   29.00  100.00    0.00    2.90    14   8577.00      0.00 13938488 8436392   4.29      0.00  16476.00      0.00       0  qemu-system-x86

# Time        UID       PID    %usr %system  %guest   %wait    %CPU   CPU  minflt/s  majflt/s     VSZ     RSS   %MEM   kB_rd/s   kB_wr/s kB_ccwr/s iodelay  Command
06:14:54    64055     27237    1.00   10.00   66.00    0.00    1.60    14  10298.00      0.00 13938488 8436392   4.29      0.00     76.00      0.00       0  qemu-system-x86

# Time        UID       PID    %usr %system  %guest   %wait    %CPU   CPU  minflt/s  majflt/s     VSZ     RSS   %MEM   kB_rd/s   kB_wr/s kB_ccwr/s iodelay  Command
06:14:55    64055     27237    0.00    7.00   23.00    0.00    0.63    14   6377.00      0.00 13938488 8436392   4.29      0.00      4.00      0.00       0  qemu-system-x86

# Time        UID       PID    %usr %system  %guest   %wait    %CPU   CPU  minflt/s  majflt/s     VSZ     RSS   %MEM   kB_rd/s   kB_wr/s kB_ccwr/s iodelay  Command
06:14:56    64055     27237    4.00   30.00   72.00    0.00    2.21    14  14533.00      0.00 13938488 8436392   4.29      0.00      0.00      0.00       0  qemu-system-x86

# Time        UID       PID    %usr %system  %guest   %wait    %CPU   CPU  minflt/s  majflt/s     VSZ     RSS   %MEM   kB_rd/s   kB_wr/s kB_ccwr/s iodelay  Command
06:14:57    64055     27237    4.00   21.00  100.00    0.00    4.83    14  14579.00      0.00 13938488 8436392   4.29      0.00    464.00      0.00       0  qemu-system-x86

# Time        UID       PID    %usr %system  %guest   %wait    %CPU   CPU  minflt/s  majflt/s     VSZ     RSS   %MEM   kB_rd/s   kB_wr/s kB_ccwr/s iodelay  Command
06:14:58    64055     27237    2.00    6.00  100.00    0.00    2.71    14   6020.00      0.00 13938488 8436392   4.29      0.00    552.00      0.00       0  qemu-system-x86

# Time        UID       PID    %usr %system  %guest   %wait    %CPU   CPU  minflt/s  majflt/s     VSZ     RSS   %MEM   kB_rd/s   kB_wr/s kB_ccwr/s iodelay  Command
06:14:59    64055     27237    1.00    7.00  100.00    0.00    4.90    14   2437.00      0.00 13938488 8436392   4.29      0.00      0.00      0.00       0  qemu-system-x86

# Time        UID       PID    %usr %system  %guest   %wait    %CPU   CPU  minflt/s  majflt/s     VSZ     RSS   %MEM   kB_rd/s   kB_wr/s kB_ccwr/s iodelay  Command
06:15:00    64055     27237    2.00    5.00  100.00    0.00    2.34    14   6358.00      0.00 13938488 8436392   4.29      0.00     36.00      0.00       0  qemu-system-x86

# Time        UID       PID    %usr %system  %guest   %wait    %CPU   CPU  minflt/s  majflt/s     VSZ     RSS   %MEM   kB_rd/s   kB_wr/s kB_ccwr/s iodelay  Command
06:15:01    64055     27237    2.00    3.00    9.00    0.00    0.29    14    391.00      0.00 13938488 8436392   4.29      0.00      0.00      0.00       0  qemu-system-x86

# Time        UID       PID    %usr %system  %guest   %wait    %CPU   CPU  minflt/s  majflt/s     VSZ     RSS   %MEM   kB_rd/s   kB_wr/s kB_ccwr/s iodelay  Command
06:15:02    64055     27237    0.00    1.00   31.00    0.00    0.65    14    892.00      0.00 13938488 8436392   4.29      0.00      0.00      0.00       0  qemu-system-x86

# Time        UID       PID    %usr %system  %guest   %wait    %CPU   CPU  minflt/s  majflt/s     VSZ     RSS   %MEM   kB_rd/s   kB_wr/s kB_ccwr/s iodelay  Command
06:15:03    64055     27237    2.00    4.00    9.00    1.00    0.31    14    919.00      0.00 13938488 8436392   4.29      0.00    820.00      0.00       0  qemu-system-x86

# Time        UID       PID    %usr %system  %guest   %wait    %CPU   CPU  minflt/s  majflt/s     VSZ     RSS   %MEM   kB_rd/s   kB_wr/s kB_ccwr/s iodelay  Command
06:15:04    64055     27237    1.00    2.00    5.00    0.00    0.17    14     96.00      0.00 13938488 8436392   4.29      0.00      0.00      0.00       0  qemu-system-x86

# Time        UID       PID    %usr %system  %guest   %wait    %CPU   CPU  minflt/s  majflt/s     VSZ     RSS   %MEM   kB_rd/s   kB_wr/s kB_ccwr/s iodelay  Command
06:15:05    64055     27237    0.00    2.00    6.00    0.00    0.12    14      8.00      0.00 13938488 8436392   4.29      0.00      0.00      0.00       0  qemu-system-x86

# Time        UID       PID    %usr %system  %guest   %wait    %CPU   CPU  minflt/s  majflt/s     VSZ     RSS   %MEM   kB_rd/s   kB_wr/s kB_ccwr/s iodelay  Command
06:15:06    64055     27237    0.00    1.00    7.00    0.00    0.17    14      7.00      0.00 13938488 8436392   4.29      0.00      0.00      0.00       0  qemu-system-x86

# Time        UID       PID    %usr %system  %guest   %wait    %CPU   CPU  minflt/s  majflt/s     VSZ     RSS   %MEM   kB_rd/s   kB_wr/s kB_ccwr/s iodelay  Command
06:15:07    64055     27237    0.00    1.00    7.00    0.00    0.17    14     83.00      0.00 13938488 8436392   4.29      0.00      0.00      0.00       0  qemu-system-x86

# Time        UID       PID    %usr %system  %guest   %wait    %CPU   CPU  minflt/s  majflt/s     VSZ     RSS   %MEM   kB_rd/s   kB_wr/s kB_ccwr/s iodelay  Command
06:15:08    64055     27237    0.00    1.00    4.00    0.00    0.10    14     38.00      0.00 13938488 8436392   4.29      0.00     32.00      0.00       0  qemu-system-x86

# Time        UID       PID    %usr %system  %guest   %wait    %CPU   CPU  minflt/s  majflt/s     VSZ     RSS   %MEM   kB_rd/s   kB_wr/s kB_ccwr/s iodelay  Command
06:15:09    64055     27237    0.00    1.00    8.00    0.00    0.17    14     22.00      0.00 13938488 8436392   4.29      0.00      0.00      0.00       0  qemu-system-x86

# Time        UID       PID    %usr %system  %guest   %wait    %CPU   CPU  minflt/s  majflt/s     VSZ     RSS   %MEM   kB_rd/s   kB_wr/s kB_ccwr/s iodelay  Command
06:15:10    64055     27237    1.00    3.00    8.00    0.00    0.25    14   2009.00      0.00 13938488 8436392   4.29      0.00      0.00      0.00       0  qemu-system-x86

# Time        UID       PID    %usr %system  %guest   %wait    %CPU   CPU  minflt/s  majflt/s     VSZ     RSS   %MEM   kB_rd/s   kB_wr/s kB_ccwr/s iodelay  Command
06:15:11    64055     27237    1.00    1.00    2.00    0.00    0.08    14     50.00      0.00 13938488 8436392   4.29      0.00      0.00      0.00       0  qemu-system-x86

# Time        UID       PID    %usr %system  %guest   %wait    %CPU   CPU  minflt/s  majflt/s     VSZ     RSS   %MEM   kB_rd/s   kB_wr/s kB_ccwr/s iodelay  Command
06:15:12    64055     27237    1.00    0.00    8.00    0.00    0.19    14     15.00      0.00 13938488 8436392   4.29      0.00      0.00      0.00       0  qemu-system-x86

# Time        UID       PID    %usr %system  %guest   %wait    %CPU   CPU  minflt/s  majflt/s     VSZ     RSS   %MEM   kB_rd/s   kB_wr/s kB_ccwr/s iodelay  Command
06:15:13    64055     27237    0.00    1.00    8.00    0.00    0.17    14    153.00      0.00 13758176 8436200   4.29      0.00      0.00      0.00       0  qemu-system-x86

# Time        UID       PID    %usr %system  %guest   %wait    %CPU   CPU  minflt/s  majflt/s     VSZ     RSS   %MEM   kB_rd/s   kB_wr/s kB_ccwr/s iodelay  Command
06:15:14    64055     27237    0.00    1.00    6.00    0.00    0.10    14     13.00      0.00 13758176 8436200   4.29      0.00      0.00      0.00       0  qemu-system-x86

# Time        UID       PID    %usr %system  %guest   %wait    %CPU   CPU  minflt/s  majflt/s     VSZ     RSS   %MEM   kB_rd/s   kB_wr/s kB_ccwr/s iodelay  Command
06:15:15    64055     27237    1.00    1.00    7.00    0.00    0.19    14      7.00      0.00 13758176 8436200   4.29      0.00      0.00      0.00       0  qemu-system-x86

# Time        UID       PID    %usr %system  %guest   %wait    %CPU   CPU  minflt/s  majflt/s     VSZ     RSS   %MEM   kB_rd/s   kB_wr/s kB_ccwr/s iodelay  Command
06:15:16    64055     27237    0.00    2.00    5.00    0.00    0.15    14      6.00      0.00 13758176 8436200   4.29      0.00     12.00      0.00       0  qemu-system-x86

# Time        UID       PID    %usr %system  %guest   %wait    %CPU   CPU  minflt/s  majflt/s     VSZ     RSS   %MEM   kB_rd/s   kB_wr/s kB_ccwr/s iodelay  Command
06:15:17    64055     27237    0.00    1.00    6.00    0.00    0.13    14      8.00      0.00 13758176 8436200   4.29      0.00      0.00      0.00       0  qemu-system-x86

# Time        UID       PID    %usr %system  %guest   %wait    %CPU   CPU  minflt/s  majflt/s     VSZ     RSS   %MEM   kB_rd/s   kB_wr/s kB_ccwr/s iodelay  Command
06:15:18    64055     27237    0.00    1.00    7.00    0.00    0.17    14      7.00      0.00 13758176 8436200   4.29      0.00      0.00      0.00       0  qemu-system-x86

# Time        UID       PID    %usr %system  %guest   %wait    %CPU   CPU  minflt/s  majflt/s     VSZ     RSS   %MEM   kB_rd/s   kB_wr/s kB_ccwr/s iodelay  Command
06:15:19    64055     27237    2.00    2.00    1.00    0.00    0.10    14     12.00      0.00 13758176 8436200   4.29      0.00      0.00      0.00       0  qemu-system-x86

# Time        UID       PID    %usr %system  %guest   %wait    %CPU   CPU  minflt/s  majflt/s     VSZ     RSS   %MEM   kB_rd/s   kB_wr/s kB_ccwr/s iodelay  Command
06:15:20    64055     27237    0.00    1.00    9.00    0.00    0.19    14     20.00      0.00 13749980 8436192   4.29      0.00      0.00      0.00       0  qemu-system-x86

# Time        UID       PID    %usr %system  %guest   %wait    %CPU   CPU  minflt/s  majflt/s     VSZ     RSS   %MEM   kB_rd/s   kB_wr/s kB_ccwr/s iodelay  Command
06:15:21    64055     27237    2.00    0.00    5.00    0.00    0.15    14     14.00      0.00 13749980 8436192   4.29      0.00      0.00      0.00       0  qemu-system-x86

# Time        UID       PID    %usr %system  %guest   %wait    %CPU   CPU  minflt/s  majflt/s     VSZ     RSS   %MEM   kB_rd/s   kB_wr/s kB_ccwr/s iodelay  Command
06:15:22    64055     27237    0.00    1.00    4.00    0.00    0.10    14     10.00      0.00 13749980 8436192   4.29      0.00      0.00      0.00       0  qemu-system-x86

# Time        UID       PID    %usr %system  %guest   %wait    %CPU   CPU  minflt/s  majflt/s     VSZ     RSS   %MEM   kB_rd/s   kB_wr/s kB_ccwr/s iodelay  Command
06:15:23    64055     27237    2.00    2.00    6.00    0.00    0.21    14     58.00      0.00 13790960 8436192   4.29      0.00   1080.00      0.00       0  qemu-system-x86

# Time        UID       PID    %usr %system  %guest   %wait    %CPU   CPU  minflt/s  majflt/s     VSZ     RSS   %MEM   kB_rd/s   kB_wr/s kB_ccwr/s iodelay  Command
06:15:24    64055     27237    0.00    1.00    8.00    0.00    0.17    14      6.00      0.00 13790960 8436192   4.29      0.00      0.00      0.00       0  qemu-system-x86

# Time        UID       PID    %usr %system  %guest   %wait    %CPU   CPU  minflt/s  majflt/s     VSZ     RSS   %MEM   kB_rd/s   kB_wr/s kB_ccwr/s iodelay  Command
06:15:25    64055     27237    0.00    1.00    5.00    0.00    0.10    14      3.00      0.00 13790960 8436192   4.29      0.00      0.00      0.00       0  qemu-system-x86

# Time        UID       PID    %usr %system  %guest   %wait    %CPU   CPU  minflt/s  majflt/s     VSZ     RSS   %MEM   kB_rd/s   kB_wr/s kB_ccwr/s iodelay  Command
06:15:26    64055     27237    0.00    1.00    7.00    0.00    0.17    16      9.00      0.00 13790960 8436192   4.29      0.00      0.00      0.00       0  qemu-system-x86

# Time        UID       PID    %usr %system  %guest   %wait    %CPU   CPU  minflt/s  majflt/s     VSZ     RSS   %MEM   kB_rd/s   kB_wr/s kB_ccwr/s iodelay  Command
06:15:27    64055     27237    0.00    0.00    8.00    0.00    0.17    16     11.00      0.00 13790960 8436192   4.29      0.00      0.00      0.00       0  qemu-system-x86

# Time        UID       PID    %usr %system  %guest   %wait    %CPU   CPU  minflt/s  majflt/s     VSZ     RSS   %MEM   kB_rd/s   kB_wr/s kB_ccwr/s iodelay  Command
06:15:28    64055     27237    0.00    1.00    5.00    0.00    0.13    16      8.00      0.00 13790960 8436192   4.29      0.00      0.00      0.00       0  qemu-system-x86

# Time        UID       PID    %usr %system  %guest   %wait    %CPU   CPU  minflt/s  majflt/s     VSZ     RSS   %MEM   kB_rd/s   kB_wr/s kB_ccwr/s iodelay  Command
06:15:29    64055     27237    0.00    1.00    7.00    0.00    0.17     7     46.00      0.00 13790960 8436192   4.29      0.00    536.00      0.00       0  qemu-system-x86

# Time        UID       PID    %usr %system  %guest   %wait    %CPU   CPU  minflt/s  majflt/s     VSZ     RSS   %MEM   kB_rd/s   kB_wr/s kB_ccwr/s iodelay  Command
06:15:30    64055     27237    2.00    1.00    5.00    0.00    0.17     7      5.00      0.00 13790960 8436192   4.29      0.00      0.00      0.00       0  qemu-system-x86

# Time        UID       PID    %usr %system  %guest   %wait    %CPU   CPU  minflt/s  majflt/s     VSZ     RSS   %MEM   kB_rd/s   kB_wr/s kB_ccwr/s iodelay  Command
06:15:31    64055     27237    0.00    2.00    3.00    0.00    0.10     7     28.00      0.00 13790960 8436192   4.29      0.00      0.00      0.00       0  qemu-system-x86

# Time        UID       PID    %usr %system  %guest   %wait    %CPU   CPU  minflt/s  majflt/s     VSZ     RSS   %MEM   kB_rd/s   kB_wr/s kB_ccwr/s iodelay  Command
06:15:32    64055     27237    1.00    2.00    6.00    0.00    0.19     7     14.00      0.00 13790960 8436192   4.29      0.00      0.00      0.00       0  qemu-system-x86

# Time        UID       PID    %usr %system  %guest   %wait    %CPU   CPU  minflt/s  majflt/s     VSZ     RSS   %MEM   kB_rd/s   kB_wr/s kB_ccwr/s iodelay  Command
06:15:33    64055     27237    0.00    2.00    8.00    0.00    0.15     7      2.00      0.00 13790960 8436208   4.29      0.00      0.00      0.00       0  qemu-system-x86

# Time        UID       PID    %usr %system  %guest   %wait    %CPU   CPU  minflt/s  majflt/s     VSZ     RSS   %MEM   kB_rd/s   kB_wr/s kB_ccwr/s iodelay  Command
06:15:34    64055     27237    1.00    3.00    3.00    0.00    0.15    11      6.00      0.00 13790960 8436208   4.29      0.00    192.00      0.00       0  qemu-system-x86

# Time        UID       PID    %usr %system  %guest   %wait    %CPU   CPU  minflt/s  majflt/s     VSZ     RSS   %MEM   kB_rd/s   kB_wr/s kB_ccwr/s iodelay  Command
06:15:35    64055     27237    1.00    1.00    7.00    0.00    0.19    11     16.00      0.00 13790960 8436208   4.29      0.00      0.00      0.00       0  qemu-system-x86

# Time        UID       PID    %usr %system  %guest   %wait    %CPU   CPU  minflt/s  majflt/s     VSZ     RSS   %MEM   kB_rd/s   kB_wr/s kB_ccwr/s iodelay  Command
06:15:36    64055     27237    1.00    2.00    6.00    0.00    0.19    11     19.00      0.00 13790960 8436208   4.29      0.00      0.00      0.00       0  qemu-system-x86

