Linux 4.15.0-96-generic (team25-hw6) 	04/26/20 	_x86_64_	(48 CPU)

# Time        UID       PID    %usr %system  %guest   %wait    %CPU   CPU  minflt/s  majflt/s     VSZ     RSS   %MEM   kB_rd/s   kB_wr/s kB_ccwr/s iodelay  Command
06:09:40    64055     27237    6.00    3.00   97.00    0.00    2.21    28   4156.00      0.00 13717196 8436112   4.29      0.00     32.00      0.00       0  qemu-system-x86

# Time        UID       PID    %usr %system  %guest   %wait    %CPU   CPU  minflt/s  majflt/s     VSZ     RSS   %MEM   kB_rd/s   kB_wr/s kB_ccwr/s iodelay  Command
06:09:41    64055     27237    2.00    5.00  100.00    0.00    5.36    28   3949.00      0.00 13717196 8436112   4.29      0.00      0.00      0.00       0  qemu-system-x86

# Time        UID       PID    %usr %system  %guest   %wait    %CPU   CPU  minflt/s  majflt/s     VSZ     RSS   %MEM   kB_rd/s   kB_wr/s kB_ccwr/s iodelay  Command
06:09:42    64055     27237    3.00    9.00  100.00    0.00    2.67    28   2489.00      0.00 13717196 8436112   4.29      0.00     32.00      0.00       0  qemu-system-x86

# Time        UID       PID    %usr %system  %guest   %wait    %CPU   CPU  minflt/s  majflt/s     VSZ     RSS   %MEM   kB_rd/s   kB_wr/s kB_ccwr/s iodelay  Command
06:09:43    64055     27237    3.00    4.00  100.00    0.00    4.28    28   2452.00      0.00 13717196 8436112   4.29      0.00      0.00      0.00       0  qemu-system-x86

# Time        UID       PID    %usr %system  %guest   %wait    %CPU   CPU  minflt/s  majflt/s     VSZ     RSS   %MEM   kB_rd/s   kB_wr/s kB_ccwr/s iodelay  Command
06:09:44    64055     27237    2.00    8.00  100.00    0.00    3.86    28   3503.00      0.00 13717196 8436112   4.29      0.00     92.00      0.00       0  qemu-system-x86

# Time        UID       PID    %usr %system  %guest   %wait    %CPU   CPU  minflt/s  majflt/s     VSZ     RSS   %MEM   kB_rd/s   kB_wr/s kB_ccwr/s iodelay  Command
06:09:45    64055     27237    0.00    4.00  100.00    0.00    2.84    28   2499.00      0.00 13774568 8436112   4.29      0.00     96.00      0.00       0  qemu-system-x86

# Time        UID       PID    %usr %system  %guest   %wait    %CPU   CPU  minflt/s  majflt/s     VSZ     RSS   %MEM   kB_rd/s   kB_wr/s kB_ccwr/s iodelay  Command
06:09:46    64055     27237    0.00    5.00  100.00    0.00    4.80    28   1543.00      0.00 13774568 8436168   4.29      0.00      0.00      0.00       0  qemu-system-x86

# Time        UID       PID    %usr %system  %guest   %wait    %CPU   CPU  minflt/s  majflt/s     VSZ     RSS   %MEM   kB_rd/s   kB_wr/s kB_ccwr/s iodelay  Command
06:09:47    64055     27237    7.00   12.00  100.00    0.00    3.17    34    611.00      0.00 13774568 8436168   4.29      0.00 144416.00      0.00       0  qemu-system-x86

# Time        UID       PID    %usr %system  %guest   %wait    %CPU   CPU  minflt/s  majflt/s     VSZ     RSS   %MEM   kB_rd/s   kB_wr/s kB_ccwr/s iodelay  Command
06:09:48    64055     27237   19.00   66.00  100.00    0.00    5.77    34     65.00      0.00 13774568 8436168   4.29      0.00 605156.00      0.00       0  qemu-system-x86

# Time        UID       PID    %usr %system  %guest   %wait    %CPU   CPU  minflt/s  majflt/s     VSZ     RSS   %MEM   kB_rd/s   kB_wr/s kB_ccwr/s iodelay  Command
06:09:49    64055     27237   10.00   40.00  100.00    0.00    5.11    34    187.00      0.00 13774568 8436168   4.29      0.00 227104.00      0.00       0  qemu-system-x86

# Time        UID       PID    %usr %system  %guest   %wait    %CPU   CPU  minflt/s  majflt/s     VSZ     RSS   %MEM   kB_rd/s   kB_wr/s kB_ccwr/s iodelay  Command
06:09:50    64055     27237    0.00   17.00  100.00    0.00    3.09    17   1504.00      0.00 13774568 8436168   4.29      0.00      4.00      0.00       0  qemu-system-x86

# Time        UID       PID    %usr %system  %guest   %wait    %CPU   CPU  minflt/s  majflt/s     VSZ     RSS   %MEM   kB_rd/s   kB_wr/s kB_ccwr/s iodelay  Command
06:09:51    64055     27237    4.00   38.00  100.00    0.00    3.09    26  29820.00      0.00 13774568 8436248   4.29      0.00     16.00      0.00       0  qemu-system-x86

# Time        UID       PID    %usr %system  %guest   %wait    %CPU   CPU  minflt/s  majflt/s     VSZ     RSS   %MEM   kB_rd/s   kB_wr/s kB_ccwr/s iodelay  Command
06:09:52    64055     27237    8.00  100.00  100.00    0.00    7.73    26 168633.00      0.00 13774568 8436248   4.29      0.00     28.00      0.00       0  qemu-system-x86

# Time        UID       PID    %usr %system  %guest   %wait    %CPU   CPU  minflt/s  majflt/s     VSZ     RSS   %MEM   kB_rd/s   kB_wr/s kB_ccwr/s iodelay  Command
06:09:53    64055     27237   13.00  100.00  100.00    0.00    6.81    26 104199.00      0.00 13790960 8436260   4.29      0.00 186812.00      0.00       0  qemu-system-x86

# Time        UID       PID    %usr %system  %guest   %wait    %CPU   CPU  minflt/s  majflt/s     VSZ     RSS   %MEM   kB_rd/s   kB_wr/s kB_ccwr/s iodelay  Command
06:09:54    64055     27237    8.00  100.00  100.00    0.00    7.09    26  79734.00      0.00 13864724 8436336   4.29      0.00 209316.00      0.00       0  qemu-system-x86

# Time        UID       PID    %usr %system  %guest   %wait    %CPU   CPU  minflt/s  majflt/s     VSZ     RSS   %MEM   kB_rd/s   kB_wr/s kB_ccwr/s iodelay  Command
06:09:55    64055     27237    8.00  100.00  100.00    0.00    6.17    22  78140.00      0.00 13864724 8436336   4.29      0.00 202872.00      0.00       0  qemu-system-x86

# Time        UID       PID    %usr %system  %guest   %wait    %CPU   CPU  minflt/s  majflt/s     VSZ     RSS   %MEM   kB_rd/s   kB_wr/s kB_ccwr/s iodelay  Command
06:09:56    64055     27237    3.00   83.00   58.00    0.00    3.00    15   4691.00      0.00 13872920 8436336   4.29      0.00  61452.00      0.00       0  qemu-system-x86

# Time        UID       PID    %usr %system  %guest   %wait    %CPU   CPU  minflt/s  majflt/s     VSZ     RSS   %MEM   kB_rd/s   kB_wr/s kB_ccwr/s iodelay  Command
06:09:57    64055     27237    4.00    7.00  100.00    0.00    5.45    15    199.00      0.00 13872920 8436336   4.29      0.00     88.00      0.00       0  qemu-system-x86

# Time        UID       PID    %usr %system  %guest   %wait    %CPU   CPU  minflt/s  majflt/s     VSZ     RSS   %MEM   kB_rd/s   kB_wr/s kB_ccwr/s iodelay  Command
06:09:58    64055     27237    2.00    2.00  100.00    0.00    4.89    15     81.00      0.00 13872920 8436336   4.29      0.00      0.00      0.00       0  qemu-system-x86

# Time        UID       PID    %usr %system  %guest   %wait    %CPU   CPU  minflt/s  majflt/s     VSZ     RSS   %MEM   kB_rd/s   kB_wr/s kB_ccwr/s iodelay  Command
06:09:59    64055     27237    0.00    9.00  100.00    0.00    4.44    19   3636.00      0.00 13872920 8436336   4.29      0.00    296.00      0.00       0  qemu-system-x86

# Time        UID       PID    %usr %system  %guest   %wait    %CPU   CPU  minflt/s  majflt/s     VSZ     RSS   %MEM   kB_rd/s   kB_wr/s kB_ccwr/s iodelay  Command
06:10:00    64055     27237    0.00    6.00  100.00    0.00    2.30    47   8177.00      0.00 13872920 8436336   4.29      0.00     24.00      0.00       0  qemu-system-x86

# Time        UID       PID    %usr %system  %guest   %wait    %CPU   CPU  minflt/s  majflt/s     VSZ     RSS   %MEM   kB_rd/s   kB_wr/s kB_ccwr/s iodelay  Command
06:10:01    64055     27237    2.00  100.00  100.00    0.00    8.07    19  16635.00      0.00 13881116 8436352   4.29      0.00 264864.00      0.00       0  qemu-system-x86

# Time        UID       PID    %usr %system  %guest   %wait    %CPU   CPU  minflt/s  majflt/s     VSZ     RSS   %MEM   kB_rd/s   kB_wr/s kB_ccwr/s iodelay  Command
06:10:02    64055     27237    0.00    7.00  100.00    0.00    4.69    19   2703.00      0.00 13881116 8436352   4.29      0.00      0.00      0.00       0  qemu-system-x86

# Time        UID       PID    %usr %system  %guest   %wait    %CPU   CPU  minflt/s  majflt/s     VSZ     RSS   %MEM   kB_rd/s   kB_wr/s kB_ccwr/s iodelay  Command
06:10:03    64055     27237    4.00   11.00  100.00    0.00    5.73    29    702.00      0.00 13881116 8436352   4.29      0.00    224.00      0.00       0  qemu-system-x86

# Time        UID       PID    %usr %system  %guest   %wait    %CPU   CPU  minflt/s  majflt/s     VSZ     RSS   %MEM   kB_rd/s   kB_wr/s kB_ccwr/s iodelay  Command
06:10:04    64055     27237    2.00    5.00  100.00    1.00    5.68    29   2273.00      0.00 13881116 8436352   4.29      0.00     24.00      0.00       0  qemu-system-x86

# Time        UID       PID    %usr %system  %guest   %wait    %CPU   CPU  minflt/s  majflt/s     VSZ     RSS   %MEM   kB_rd/s   kB_wr/s kB_ccwr/s iodelay  Command
06:10:05    64055     27237    0.00    4.00   39.00    0.00    0.85    29    875.00      0.00 13881116 8436352   4.29      0.00      0.00      0.00       0  qemu-system-x86

# Time        UID       PID    %usr %system  %guest   %wait    %CPU   CPU  minflt/s  majflt/s     VSZ     RSS   %MEM   kB_rd/s   kB_wr/s kB_ccwr/s iodelay  Command
06:10:06    64055     27237    1.00    3.00   94.00    0.00    2.04    29    580.00      0.00 13881116 8436352   4.29      0.00      0.00      0.00       0  qemu-system-x86

# Time        UID       PID    %usr %system  %guest   %wait    %CPU   CPU  minflt/s  majflt/s     VSZ     RSS   %MEM   kB_rd/s   kB_wr/s kB_ccwr/s iodelay  Command
06:10:07    64055     27237    0.00    4.00  100.00    0.00    8.09    29   8240.00      0.00 13881116 8436352   4.29      0.00      0.00      0.00       0  qemu-system-x86

# Time        UID       PID    %usr %system  %guest   %wait    %CPU   CPU  minflt/s  majflt/s     VSZ     RSS   %MEM   kB_rd/s   kB_wr/s kB_ccwr/s iodelay  Command
06:10:08    64055     27237    0.00    2.00  100.00    0.00    8.33    18   4031.00      0.00 13881116 8436352   4.29      0.00    312.00      0.00       0  qemu-system-x86

# Time        UID       PID    %usr %system  %guest   %wait    %CPU   CPU  minflt/s  majflt/s     VSZ     RSS   %MEM   kB_rd/s   kB_wr/s kB_ccwr/s iodelay  Command
06:10:09    64055     27237    1.00    0.00  100.00    0.00    8.35    18    124.00      0.00 13881116 8436352   4.29      0.00      0.00      0.00       0  qemu-system-x86

# Time        UID       PID    %usr %system  %guest   %wait    %CPU   CPU  minflt/s  majflt/s     VSZ     RSS   %MEM   kB_rd/s   kB_wr/s kB_ccwr/s iodelay  Command
06:10:10    64055     27237    1.00    2.00  100.00    0.00    8.39    18   2239.00      0.00 13881116 8436352   4.29      0.00      0.00      0.00       0  qemu-system-x86

# Time        UID       PID    %usr %system  %guest   %wait    %CPU   CPU  minflt/s  majflt/s     VSZ     RSS   %MEM   kB_rd/s   kB_wr/s kB_ccwr/s iodelay  Command
06:10:11    64055     27237    0.00   22.00  100.00    0.00    8.31    18  42374.00      0.00 13881116 8436352   4.29      0.00      0.00      0.00       0  qemu-system-x86

# Time        UID       PID    %usr %system  %guest   %wait    %CPU   CPU  minflt/s  majflt/s     VSZ     RSS   %MEM   kB_rd/s   kB_wr/s kB_ccwr/s iodelay  Command
06:10:12    64055     27237    0.00   23.00  100.00    0.00    8.35    18  44590.00      0.00 13881116 8436352   4.29      0.00      0.00      0.00       0  qemu-system-x86

# Time        UID       PID    %usr %system  %guest   %wait    %CPU   CPU  minflt/s  majflt/s     VSZ     RSS   %MEM   kB_rd/s   kB_wr/s kB_ccwr/s iodelay  Command
06:10:13    64055     27237    1.00    3.00  100.00    0.00    8.36    18  11610.00      0.00 13881116 8436352   4.29      0.00      0.00      0.00       0  qemu-system-x86

# Time        UID       PID    %usr %system  %guest   %wait    %CPU   CPU  minflt/s  majflt/s     VSZ     RSS   %MEM   kB_rd/s   kB_wr/s kB_ccwr/s iodelay  Command
06:10:14    64055     27237    1.00    0.00  100.00    0.00    8.33    47   4392.00      0.00 13823744 8436284   4.29      0.00    124.00      0.00       0  qemu-system-x86

# Time        UID       PID    %usr %system  %guest   %wait    %CPU   CPU  minflt/s  majflt/s     VSZ     RSS   %MEM   kB_rd/s   kB_wr/s kB_ccwr/s iodelay  Command
06:10:15    64055     27237    0.00    0.00  100.00    0.00    8.32    47   1116.00      0.00 13823744 8436284   4.29      0.00      0.00      0.00       0  qemu-system-x86

# Time        UID       PID    %usr %system  %guest   %wait    %CPU   CPU  minflt/s  majflt/s     VSZ     RSS   %MEM   kB_rd/s   kB_wr/s kB_ccwr/s iodelay  Command
06:10:16    64055     27237    4.00   57.00  100.00    0.00    9.42     0  25561.00      0.00 13823744 8436284   4.29      0.00 193584.00      0.00       0  qemu-system-x86

# Time        UID       PID    %usr %system  %guest   %wait    %CPU   CPU  minflt/s  majflt/s     VSZ     RSS   %MEM   kB_rd/s   kB_wr/s kB_ccwr/s iodelay  Command
06:10:17    64055     27237    2.00    8.00  100.00    0.00    7.05     0  15497.00      0.00 13823744 8436284   4.29      0.00      8.00      0.00       0  qemu-system-x86

# Time        UID       PID    %usr %system  %guest   %wait    %CPU   CPU  minflt/s  majflt/s     VSZ     RSS   %MEM   kB_rd/s   kB_wr/s kB_ccwr/s iodelay  Command
06:10:18    64055     27237    0.00    4.00  100.00    0.00    7.66     4   5027.00      0.00 13823744 8436284   4.29      0.00      0.00      0.00       0  qemu-system-x86

# Time        UID       PID    %usr %system  %guest   %wait    %CPU   CPU  minflt/s  majflt/s     VSZ     RSS   %MEM   kB_rd/s   kB_wr/s kB_ccwr/s iodelay  Command
06:10:19    64055     27237    0.00    6.00  100.00    0.00    8.29     4  16823.00      0.00 13823744 8436284   4.29      0.00    404.00      0.00       0  qemu-system-x86

# Time        UID       PID    %usr %system  %guest   %wait    %CPU   CPU  minflt/s  majflt/s     VSZ     RSS   %MEM   kB_rd/s   kB_wr/s kB_ccwr/s iodelay  Command
06:10:20    64055     27237    0.00    5.00  100.00    0.00    8.33     4  10264.00      0.00 13823744 8436284   4.29      0.00      0.00      0.00       0  qemu-system-x86

# Time        UID       PID    %usr %system  %guest   %wait    %CPU   CPU  minflt/s  majflt/s     VSZ     RSS   %MEM   kB_rd/s   kB_wr/s kB_ccwr/s iodelay  Command
06:10:21    64055     27237    1.00    5.00  100.00    0.00    8.35     4   8299.00      0.00 13823744 8436284   4.29      0.00      0.00      0.00       0  qemu-system-x86

# Time        UID       PID    %usr %system  %guest   %wait    %CPU   CPU  minflt/s  majflt/s     VSZ     RSS   %MEM   kB_rd/s   kB_wr/s kB_ccwr/s iodelay  Command
06:10:22    64055     27237    0.00   75.00  100.00    0.00    9.67     4  11460.00      0.00 13823744 8436284   4.29      0.00 267392.00      0.00       0  qemu-system-x86

# Time        UID       PID    %usr %system  %guest   %wait    %CPU   CPU  minflt/s  majflt/s     VSZ     RSS   %MEM   kB_rd/s   kB_wr/s kB_ccwr/s iodelay  Command
06:10:23    64055     27237    1.00    3.00  100.00    0.00    8.35     4  10580.00      0.00 13823744 8436284   4.29      0.00      0.00      0.00       0  qemu-system-x86

# Time        UID       PID    %usr %system  %guest   %wait    %CPU   CPU  minflt/s  majflt/s     VSZ     RSS   %MEM   kB_rd/s   kB_wr/s kB_ccwr/s iodelay  Command
06:10:24    64055     27237    0.00   12.00  100.00    0.00    8.35     4  14043.00      0.00 13823744 8436284   4.29      0.00    156.00      0.00       0  qemu-system-x86

# Time        UID       PID    %usr %system  %guest   %wait    %CPU   CPU  minflt/s  majflt/s     VSZ     RSS   %MEM   kB_rd/s   kB_wr/s kB_ccwr/s iodelay  Command
06:10:25    64055     27237    1.00    8.00  100.00    0.00    8.47     4   1242.00      0.00 13823744 8436284   4.29      0.00      4.00      0.00       0  qemu-system-x86

# Time        UID       PID    %usr %system  %guest   %wait    %CPU   CPU  minflt/s  majflt/s     VSZ     RSS   %MEM   kB_rd/s   kB_wr/s kB_ccwr/s iodelay  Command
06:10:26    64055     27237    0.00    9.00  100.00    0.00    8.34     4  12272.00      0.00 13823744 8436284   4.29      0.00      0.00      0.00       0  qemu-system-x86

# Time        UID       PID    %usr %system  %guest   %wait    %CPU   CPU  minflt/s  majflt/s     VSZ     RSS   %MEM   kB_rd/s   kB_wr/s kB_ccwr/s iodelay  Command
06:10:27    64055     27237    1.00    7.00  100.00    0.00    8.32     4  17210.00      0.00 13823744 8436284   4.29      0.00     32.00      0.00       0  qemu-system-x86

# Time        UID       PID    %usr %system  %guest   %wait    %CPU   CPU  minflt/s  majflt/s     VSZ     RSS   %MEM   kB_rd/s   kB_wr/s kB_ccwr/s iodelay  Command
06:10:28    64055     27237    0.00  100.00  100.00    0.00   10.89     4   6354.00      0.00 13897508 8436284   4.29      0.00 205732.00      0.00       0  qemu-system-x86

# Time        UID       PID    %usr %system  %guest   %wait    %CPU   CPU  minflt/s  majflt/s     VSZ     RSS   %MEM   kB_rd/s   kB_wr/s kB_ccwr/s iodelay  Command
06:10:29    64055     27237    1.00    9.00  100.00    0.00    7.87     4   3912.00      0.00 13897508 8436284   4.29      0.00    308.00      0.00       0  qemu-system-x86

# Time        UID       PID    %usr %system  %guest   %wait    %CPU   CPU  minflt/s  majflt/s     VSZ     RSS   %MEM   kB_rd/s   kB_wr/s kB_ccwr/s iodelay  Command
06:10:30    64055     27237    0.00   23.00  100.00    0.00    8.19    12  17091.00      0.00 13897508 8436284   4.29      0.00      4.00      0.00       0  qemu-system-x86

# Time        UID       PID    %usr %system  %guest   %wait    %CPU   CPU  minflt/s  majflt/s     VSZ     RSS   %MEM   kB_rd/s   kB_wr/s kB_ccwr/s iodelay  Command
06:10:31    64055     27237    0.00   13.00  100.00    0.00    8.29    12  26507.00      0.00 13897508 8436284   4.29      0.00      0.00      0.00       0  qemu-system-x86

# Time        UID       PID    %usr %system  %guest   %wait    %CPU   CPU  minflt/s  majflt/s     VSZ     RSS   %MEM   kB_rd/s   kB_wr/s kB_ccwr/s iodelay  Command
06:10:32    64055     27237    0.00   55.00  100.00    0.00    9.31    36  16668.00      0.00 13897508 8436296   4.29      0.00 200668.00      0.00       0  qemu-system-x86

# Time        UID       PID    %usr %system  %guest   %wait    %CPU   CPU  minflt/s  majflt/s     VSZ     RSS   %MEM   kB_rd/s   kB_wr/s kB_ccwr/s iodelay  Command
06:10:33    64055     27237    0.00   27.00  100.00    0.00    8.75    10  13520.00      0.00 13897508 8436296   4.29      0.00 124312.00      0.00       0  qemu-system-x86

# Time        UID       PID    %usr %system  %guest   %wait    %CPU   CPU  minflt/s  majflt/s     VSZ     RSS   %MEM   kB_rd/s   kB_wr/s kB_ccwr/s iodelay  Command
06:10:34    64055     27237    0.00   77.00  100.00    0.00    9.74    12   7881.00      0.00 13897508 8436296   4.29      0.00 123340.00      0.00       0  qemu-system-x86

# Time        UID       PID    %usr %system  %guest   %wait    %CPU   CPU  minflt/s  majflt/s     VSZ     RSS   %MEM   kB_rd/s   kB_wr/s kB_ccwr/s iodelay  Command
06:10:35    64055     27237    0.00   32.00  100.00    0.00    8.89    26   9504.00      0.00 13897508 8436352   4.29      0.00  51200.00      0.00       0  qemu-system-x86

# Time        UID       PID    %usr %system  %guest   %wait    %CPU   CPU  minflt/s  majflt/s     VSZ     RSS   %MEM   kB_rd/s   kB_wr/s kB_ccwr/s iodelay  Command
06:10:36    64055     27237    4.00  100.00  100.00    0.00    8.98    12   7473.00      0.00 13897508 8436356   4.29      0.00 328520.00      0.00       0  qemu-system-x86

# Time        UID       PID    %usr %system  %guest   %wait    %CPU   CPU  minflt/s  majflt/s     VSZ     RSS   %MEM   kB_rd/s   kB_wr/s kB_ccwr/s iodelay  Command
06:10:37    64055     27237    0.00  100.00  100.00    0.00    7.11    44   1850.00      0.00 13897508 8436372   4.29      0.00 370888.00      0.00       0  qemu-system-x86

# Time        UID       PID    %usr %system  %guest   %wait    %CPU   CPU  minflt/s  majflt/s     VSZ     RSS   %MEM   kB_rd/s   kB_wr/s kB_ccwr/s iodelay  Command
06:10:38    64055     27237    1.00    4.00   84.00    0.00    1.86    44    252.00      0.00 13897508 8436372   4.29      0.00      4.00      0.00       0  qemu-system-x86

# Time        UID       PID    %usr %system  %guest   %wait    %CPU   CPU  minflt/s  majflt/s     VSZ     RSS   %MEM   kB_rd/s   kB_wr/s kB_ccwr/s iodelay  Command
06:10:39    64055     27237    0.00   19.00   12.00    0.00    0.63    44   1567.00      0.00 13897508 8436372   4.29      0.00      0.00      0.00       0  qemu-system-x86

# Time        UID       PID    %usr %system  %guest   %wait    %CPU   CPU  minflt/s  majflt/s     VSZ     RSS   %MEM   kB_rd/s   kB_wr/s kB_ccwr/s iodelay  Command
06:10:40    64055     27237    0.00   14.00  100.00    0.00    4.09    44    897.00      0.00 13897508 8436372   4.29      0.00    236.00      0.00       0  qemu-system-x86

# Time        UID       PID    %usr %system  %guest   %wait    %CPU   CPU  minflt/s  majflt/s     VSZ     RSS   %MEM   kB_rd/s   kB_wr/s kB_ccwr/s iodelay  Command
06:10:41    64055     27237    0.00   33.00  100.00    0.00    5.82    44   5798.00      0.00 13897508 8436372   4.29      0.00      8.00      0.00       0  qemu-system-x86

# Time        UID       PID    %usr %system  %guest   %wait    %CPU   CPU  minflt/s  majflt/s     VSZ     RSS   %MEM   kB_rd/s   kB_wr/s kB_ccwr/s iodelay  Command
06:10:42    64055     27237    0.00  100.00  100.00    0.00    5.65    22   4647.00      0.00 13897508 8436372   4.29      0.00 188860.00      0.00       0  qemu-system-x86

# Time        UID       PID    %usr %system  %guest   %wait    %CPU   CPU  minflt/s  majflt/s     VSZ     RSS   %MEM   kB_rd/s   kB_wr/s kB_ccwr/s iodelay  Command
06:10:43    64055     27237    0.00  100.00  100.00    1.00    8.32    44   4815.00      0.00 13897508 8436372   4.29      0.00 203688.00      0.00       0  qemu-system-x86

# Time        UID       PID    %usr %system  %guest   %wait    %CPU   CPU  minflt/s  majflt/s     VSZ     RSS   %MEM   kB_rd/s   kB_wr/s kB_ccwr/s iodelay  Command
06:10:44    64055     27237    1.00   29.00  100.00    0.00    3.24    44   4412.00      0.00 13897508 8436372   4.29      0.00     20.00      0.00       0  qemu-system-x86

# Time        UID       PID    %usr %system  %guest   %wait    %CPU   CPU  minflt/s  majflt/s     VSZ     RSS   %MEM   kB_rd/s   kB_wr/s kB_ccwr/s iodelay  Command
06:10:45    64055     27237    0.00  100.00  100.00    0.00    7.01    44   8458.00      0.00 13897508 8436372   4.29      0.00 197904.00      0.00       0  qemu-system-x86

# Time        UID       PID    %usr %system  %guest   %wait    %CPU   CPU  minflt/s  majflt/s     VSZ     RSS   %MEM   kB_rd/s   kB_wr/s kB_ccwr/s iodelay  Command
06:10:46    64055     27237    0.00   37.00  100.00    0.00    3.55    44   4009.00      0.00 13897508 8436372   4.29      0.00      8.00      0.00       0  qemu-system-x86

# Time        UID       PID    %usr %system  %guest   %wait    %CPU   CPU  minflt/s  majflt/s     VSZ     RSS   %MEM   kB_rd/s   kB_wr/s kB_ccwr/s iodelay  Command
06:10:47    64055     27237    1.00  100.00  100.00    0.00    6.47    18   7115.00      0.00 13913900 8436372   4.29      0.00 198728.00      0.00       0  qemu-system-x86

# Time        UID       PID    %usr %system  %guest   %wait    %CPU   CPU  minflt/s  majflt/s     VSZ     RSS   %MEM   kB_rd/s   kB_wr/s kB_ccwr/s iodelay  Command
06:10:48    64055     27237    4.00   25.00  100.00    0.00    4.41    18   8112.00      0.00 13913900 8436372   4.29      0.00      4.00      0.00       0  qemu-system-x86

# Time        UID       PID    %usr %system  %guest   %wait    %CPU   CPU  minflt/s  majflt/s     VSZ     RSS   %MEM   kB_rd/s   kB_wr/s kB_ccwr/s iodelay  Command
06:10:49    64055     27237    0.00  100.00  100.00    0.00    5.48    14   6629.00      0.00 13913900 8436372   4.29      0.00 197776.00      0.00       0  qemu-system-x86

# Time        UID       PID    %usr %system  %guest   %wait    %CPU   CPU  minflt/s  majflt/s     VSZ     RSS   %MEM   kB_rd/s   kB_wr/s kB_ccwr/s iodelay  Command
06:10:50    64055     27237    0.00   14.00   76.00    0.00    1.86    14   2822.00      0.00 13913900 8436372   4.29      0.00    332.00      0.00       0  qemu-system-x86

# Time        UID       PID    %usr %system  %guest   %wait    %CPU   CPU  minflt/s  majflt/s     VSZ     RSS   %MEM   kB_rd/s   kB_wr/s kB_ccwr/s iodelay  Command
06:10:51    64055     27237    0.00    3.00   16.00    0.00    0.40    14   1757.00      0.00 13913900 8436372   4.29      0.00      4.00      0.00       0  qemu-system-x86

# Time        UID       PID    %usr %system  %guest   %wait    %CPU   CPU  minflt/s  majflt/s     VSZ     RSS   %MEM   kB_rd/s   kB_wr/s kB_ccwr/s iodelay  Command
06:10:52    64055     27237    0.00    8.00  100.00    0.00    2.67    14   4192.00      0.00 13913900 8436372   4.29      0.00      8.00      0.00       0  qemu-system-x86

# Time        UID       PID    %usr %system  %guest   %wait    %CPU   CPU  minflt/s  majflt/s     VSZ     RSS   %MEM   kB_rd/s   kB_wr/s kB_ccwr/s iodelay  Command
06:10:53    64055     27237    3.00    3.00  100.00    0.00    4.65    14   2694.00      0.00 13913900 8436372   4.29      0.00      4.00      0.00       0  qemu-system-x86

# Time        UID       PID    %usr %system  %guest   %wait    %CPU   CPU  minflt/s  majflt/s     VSZ     RSS   %MEM   kB_rd/s   kB_wr/s kB_ccwr/s iodelay  Command
06:10:54    64055     27237    0.00  100.00  100.00    0.00    4.96    14   2416.00      0.00 13913900 8436372   4.29      0.00 192188.00      0.00       0  qemu-system-x86

# Time        UID       PID    %usr %system  %guest   %wait    %CPU   CPU  minflt/s  majflt/s     VSZ     RSS   %MEM   kB_rd/s   kB_wr/s kB_ccwr/s iodelay  Command
06:10:55    64055     27237    2.00    8.00  100.00    0.00    4.17    14   2880.00      0.00 13913900 8436372   4.29      0.00      4.00      0.00       0  qemu-system-x86

# Time        UID       PID    %usr %system  %guest   %wait    %CPU   CPU  minflt/s  majflt/s     VSZ     RSS   %MEM   kB_rd/s   kB_wr/s kB_ccwr/s iodelay  Command
06:10:56    64055     27237    3.00    6.00   34.00    1.00    0.90    14   2506.00      0.00 13913900 8436372   4.29      0.00    240.00      0.00       0  qemu-system-x86

# Time        UID       PID    %usr %system  %guest   %wait    %CPU   CPU  minflt/s  majflt/s     VSZ     RSS   %MEM   kB_rd/s   kB_wr/s kB_ccwr/s iodelay  Command
06:10:57    64055     27237    0.00    4.00   12.00    0.00    0.29    14    361.00      0.00 13913900 8436372   4.29      0.00      0.00      0.00       0  qemu-system-x86

# Time        UID       PID    %usr %system  %guest   %wait    %CPU   CPU  minflt/s  majflt/s     VSZ     RSS   %MEM   kB_rd/s   kB_wr/s kB_ccwr/s iodelay  Command
06:10:58    64055     27237    0.00    1.00   20.00    0.00    0.42    14    247.00      0.00 13913900 8436372   4.29      0.00      0.00      0.00       0  qemu-system-x86

# Time        UID       PID    %usr %system  %guest   %wait    %CPU   CPU  minflt/s  majflt/s     VSZ     RSS   %MEM   kB_rd/s   kB_wr/s kB_ccwr/s iodelay  Command
06:10:59    64055     27237    1.00    1.00    7.00    0.00    0.19    14     26.00      0.00 13913900 8436372   4.29      0.00      0.00      0.00       0  qemu-system-x86

# Time        UID       PID    %usr %system  %guest   %wait    %CPU   CPU  minflt/s  majflt/s     VSZ     RSS   %MEM   kB_rd/s   kB_wr/s kB_ccwr/s iodelay  Command
06:11:00    64055     27237    0.00    2.00    7.00    0.00    0.19    14     51.00      0.00 13913900 8436372   4.29      0.00      0.00      0.00       0  qemu-system-x86

# Time        UID       PID    %usr %system  %guest   %wait    %CPU   CPU  minflt/s  majflt/s     VSZ     RSS   %MEM   kB_rd/s   kB_wr/s kB_ccwr/s iodelay  Command
06:11:01    64055     27237    0.00    1.00    4.00    0.00    0.10    14     10.00      0.00 13913900 8436372   4.29      0.00      0.00      0.00       0  qemu-system-x86

# Time        UID       PID    %usr %system  %guest   %wait    %CPU   CPU  minflt/s  majflt/s     VSZ     RSS   %MEM   kB_rd/s   kB_wr/s kB_ccwr/s iodelay  Command
06:11:02    64055     27237    0.00    1.00    8.00    0.00    0.19    14     19.00      0.00 13913900 8436372   4.29      0.00    248.00      0.00       0  qemu-system-x86

# Time        UID       PID    %usr %system  %guest   %wait    %CPU   CPU  minflt/s  majflt/s     VSZ     RSS   %MEM   kB_rd/s   kB_wr/s kB_ccwr/s iodelay  Command
06:11:03    64055     27237    0.00    1.00    8.00    0.00    0.19    14     45.00      0.00 13913900 8436372   4.29      0.00      0.00      0.00       0  qemu-system-x86

# Time        UID       PID    %usr %system  %guest   %wait    %CPU   CPU  minflt/s  majflt/s     VSZ     RSS   %MEM   kB_rd/s   kB_wr/s kB_ccwr/s iodelay  Command
06:11:04    64055     27237    0.00    0.00    8.00    0.00    0.10    14     14.00      0.00 13807352 8436252   4.29      0.00      0.00      0.00       0  qemu-system-x86

# Time        UID       PID    %usr %system  %guest   %wait    %CPU   CPU  minflt/s  majflt/s     VSZ     RSS   %MEM   kB_rd/s   kB_wr/s kB_ccwr/s iodelay  Command
06:11:05    64055     27237    2.00    1.00    5.00    0.00    0.17    14      8.00      0.00 13799156 8436240   4.29      0.00      0.00      0.00       0  qemu-system-x86

